TN:
SF:controllers/admin.controller.js
FN:11,getAllUsers
FN:76,getUserById
FN:115,updateUser
FN:179,toggleUserActive
FN:234,changeUserRole
FN:303,getDashboardStats
FN:317,(anonymous_6)
FN:337,(anonymous_7)
FN:402,getSystemLogs
FN:424,getSystemSettings
FN:474,deleteUser
FN:530,getAllRequests
FN:594,getRequestById
FN:635,updateRequestStatus
FN:709,assignManufacturer
FN:781,getActivityLogs
FN:839,updateSystemSettings
FN:863,getAllFiles
FNF:18
FNH:0
FNDA:0,getAllUsers
FNDA:0,getUserById
FNDA:0,updateUser
FNDA:0,toggleUserActive
FNDA:0,changeUserRole
FNDA:0,getDashboardStats
FNDA:0,(anonymous_6)
FNDA:0,(anonymous_7)
FNDA:0,getSystemLogs
FNDA:0,getSystemSettings
FNDA:0,deleteUser
FNDA:0,getAllRequests
FNDA:0,getRequestById
FNDA:0,updateRequestStatus
FNDA:0,assignManufacturer
FNDA:0,getActivityLogs
FNDA:0,updateSystemSettings
FNDA:0,getAllFiles
DA:12,0
DA:14,0
DA:15,0
DA:16,0
DA:19,0
DA:20,0
DA:21,0
DA:22,0
DA:23,0
DA:24,0
DA:32,0
DA:33,0
DA:34,0
DA:35,0
DA:36,0
DA:38,0
DA:42,0
DA:49,0
DA:51,0
DA:64,0
DA:77,0
DA:78,0
DA:81,0
DA:82,0
DA:89,0
DA:91,0
DA:92,0
DA:98,0
DA:103,0
DA:116,0
DA:117,0
DA:118,0
DA:121,0
DA:122,0
DA:129,0
DA:130,0
DA:131,0
DA:132,0
DA:135,0
DA:141,0
DA:148,0
DA:154,0
DA:155,0
DA:161,0
DA:167,0
DA:180,0
DA:181,0
DA:184,0
DA:185,0
DA:192,0
DA:194,0
DA:195,0
DA:202,0
DA:203,0
DA:210,0
DA:211,0
DA:213,0
DA:222,0
DA:235,0
DA:236,0
DA:237,0
DA:240,0
DA:241,0
DA:248,0
DA:249,0
DA:250,0
DA:257,0
DA:259,0
DA:260,0
DA:267,0
DA:272,0
DA:279,0
DA:280,0
DA:282,0
DA:291,0
DA:304,0
DA:306,0
DA:316,0
DA:317,0
DA:318,0
DA:322,0
DA:323,0
DA:326,0
DA:336,0
DA:337,0
DA:338,0
DA:342,0
DA:345,0
DA:352,0
DA:353,0
DA:363,0
DA:381,0
DA:390,0
DA:403,0
DA:406,0
DA:412,0
DA:425,0
DA:428,0
DA:457,0
DA:462,0
DA:475,0
DA:476,0
DA:477,0
DA:480,0
DA:481,0
DA:488,0
DA:489,0
DA:496,0
DA:502,0
DA:503,0
DA:510,0
DA:512,0
DA:518,0
DA:531,0
DA:533,0
DA:534,0
DA:535,0
DA:538,0
DA:539,0
DA:540,0
DA:541,0
DA:549,0
DA:550,0
DA:551,0
DA:552,0
DA:553,0
DA:555,0
DA:559,0
DA:567,0
DA:569,0
DA:582,0
DA:595,0
DA:596,0
DA:599,0
DA:600,0
DA:607,0
DA:611,0
DA:612,0
DA:618,0
DA:623,0
DA:636,0
DA:637,0
DA:638,0
DA:641,0
DA:642,0
DA:649,0
DA:650,0
DA:651,0
DA:658,0
DA:660,0
DA:661,0
DA:668,0
DA:676,0
DA:688,0
DA:689,0
DA:691,0
DA:697,0
DA:710,0
DA:711,0
DA:712,0
DA:715,0
DA:719,0
DA:726,0
DA:727,0
DA:728,0
DA:735,0
DA:736,0
DA:737,0
DA:744,0
DA:756,0
DA:757,0
DA:760,0
DA:769,0
DA:782,0
DA:784,0
DA:785,0
DA:786,0
DA:789,0
DA:790,0
DA:791,0
DA:792,0
DA:796,0
DA:798,0
DA:799,0
DA:800,0
DA:807,0
DA:811,0
DA:813,0
DA:826,0
DA:840,0
DA:843,0
DA:845,0
DA:851,0
DA:864,0
DA:865,0
DA:866,0
DA:871,0
DA:872,0
DA:873,0
DA:874,0
DA:875,0
DA:876,0
DA:877,0
DA:878,0
DA:879,0
DA:880,0
DA:881,0
DA:882,0
DA:884,0
DA:886,0
DA:891,0
DA:892,0
DA:905,0
LF:213
LH:0
BRDA:14,0,0,0
BRDA:14,0,1,0
BRDA:15,1,0,0
BRDA:15,1,1,0
BRDA:20,2,0,0
BRDA:20,2,1,0
BRDA:21,3,0,0
BRDA:21,3,1,0
BRDA:22,4,0,0
BRDA:22,4,1,0
BRDA:23,5,0,0
BRDA:23,5,1,0
BRDA:33,6,0,0
BRDA:33,6,1,0
BRDA:35,7,0,0
BRDA:35,7,1,0
BRDA:81,8,0,0
BRDA:81,8,1,0
BRDA:91,9,0,0
BRDA:91,9,1,0
BRDA:121,10,0,0
BRDA:121,10,1,0
BRDA:135,11,0,0
BRDA:135,11,1,0
BRDA:136,12,0,0
BRDA:136,12,1,0
BRDA:136,12,2,0
BRDA:136,12,3,0
BRDA:154,13,0,0
BRDA:154,13,1,0
BRDA:184,14,0,0
BRDA:184,14,1,0
BRDA:194,15,0,0
BRDA:194,15,1,0
BRDA:202,16,0,0
BRDA:202,16,1,0
BRDA:215,17,0,0
BRDA:215,17,1,0
BRDA:240,18,0,0
BRDA:240,18,1,0
BRDA:249,19,0,0
BRDA:249,19,1,0
BRDA:259,20,0,0
BRDA:259,20,1,0
BRDA:267,21,0,0
BRDA:267,21,1,0
BRDA:268,22,0,0
BRDA:268,22,1,0
BRDA:268,22,2,0
BRDA:377,23,0,0
BRDA:377,23,1,0
BRDA:480,24,0,0
BRDA:480,24,1,0
BRDA:488,25,0,0
BRDA:488,25,1,0
BRDA:502,26,0,0
BRDA:502,26,1,0
BRDA:533,27,0,0
BRDA:533,27,1,0
BRDA:534,28,0,0
BRDA:534,28,1,0
BRDA:539,29,0,0
BRDA:539,29,1,0
BRDA:540,30,0,0
BRDA:540,30,1,0
BRDA:550,31,0,0
BRDA:550,31,1,0
BRDA:552,32,0,0
BRDA:552,32,1,0
BRDA:599,33,0,0
BRDA:599,33,1,0
BRDA:611,34,0,0
BRDA:611,34,1,0
BRDA:641,35,0,0
BRDA:641,35,1,0
BRDA:650,36,0,0
BRDA:650,36,1,0
BRDA:660,37,0,0
BRDA:660,37,1,0
BRDA:670,38,0,0
BRDA:670,38,1,0
BRDA:689,39,0,0
BRDA:689,39,1,0
BRDA:715,40,0,0
BRDA:715,40,1,0
BRDA:716,41,0,0
BRDA:716,41,1,0
BRDA:727,42,0,0
BRDA:727,42,1,0
BRDA:727,43,0,0
BRDA:727,43,1,0
BRDA:736,44,0,0
BRDA:736,44,1,0
BRDA:757,45,0,0
BRDA:757,45,1,0
BRDA:765,46,0,0
BRDA:765,46,1,0
BRDA:784,47,0,0
BRDA:784,47,1,0
BRDA:785,48,0,0
BRDA:785,48,1,0
BRDA:790,49,0,0
BRDA:790,49,1,0
BRDA:791,50,0,0
BRDA:791,50,1,0
BRDA:798,51,0,0
BRDA:798,51,1,0
BRDA:799,52,0,0
BRDA:799,52,1,0
BRDA:799,53,0,0
BRDA:799,53,1,0
BRDA:865,54,0,0
BRDA:865,54,1,0
BRDA:865,55,0,0
BRDA:865,55,1,0
BRDA:871,56,0,0
BRDA:871,56,1,0
BRDA:872,57,0,0
BRDA:872,57,1,0
BRDA:875,58,0,0
BRDA:875,58,1,0
BRDA:876,59,0,0
BRDA:876,59,1,0
BRDA:877,60,0,0
BRDA:877,60,1,0
BRDA:879,61,0,0
BRDA:879,61,1,0
BRDA:881,62,0,0
BRDA:881,62,1,0
BRF:129
BRH:0
end_of_record
TN:
SF:controllers/auth.controller.js
FN:201,register
FN:265,login
FN:350,refreshToken
FN:399,getCurrentUser
FN:420,changePassword
FN:460,forgotPassword
FN:506,resetPassword
FN:558,logout
FNF:8
FNH:0
FNDA:0,register
FNDA:0,login
FNDA:0,refreshToken
FNDA:0,getCurrentUser
FNDA:0,changePassword
FNDA:0,forgotPassword
FNDA:0,resetPassword
FNDA:0,logout
DA:202,0
DA:203,0
DA:206,0
DA:207,0
DA:215,0
DA:216,0
DA:217,0
DA:224,0
DA:233,0
DA:236,0
DA:237,0
DA:240,0
DA:241,0
DA:243,0
DA:253,0
DA:266,0
DA:267,0
DA:270,0
DA:271,0
DA:272,0
DA:279,0
DA:280,0
DA:283,0
DA:284,0
DA:285,0
DA:291,0
DA:292,0
DA:294,0
DA:295,0
DA:301,0
DA:302,0
DA:309,0
DA:310,0
DA:317,0
DA:318,0
DA:321,0
DA:322,0
DA:325,0
DA:326,0
DA:328,0
DA:338,0
DA:351,0
DA:352,0
DA:354,0
DA:355,0
DA:362,0
DA:368,0
DA:369,0
DA:370,0
DA:377,0
DA:379,0
DA:387,0
DA:400,0
DA:401,0
DA:403,0
DA:408,0
DA:421,0
DA:422,0
DA:423,0
DA:426,0
DA:429,0
DA:430,0
DA:431,0
DA:438,0
DA:439,0
DA:440,0
DA:441,0
DA:443,0
DA:448,0
DA:461,0
DA:462,0
DA:465,0
DA:466,0
DA:467,0
DA:474,0
DA:477,0
DA:479,0
DA:480,0
DA:481,0
DA:486,0
DA:494,0
DA:507,0
DA:508,0
DA:511,0
DA:516,0
DA:517,0
DA:524,0
DA:525,0
DA:526,0
DA:533,0
DA:534,0
DA:535,0
DA:536,0
DA:537,0
DA:538,0
DA:540,0
DA:545,0
DA:559,0
LF:98
LH:0
BRDA:206,0,0,0
BRDA:206,0,1,0
BRDA:206,1,0,0
BRDA:206,1,1,0
BRDA:206,1,2,0
BRDA:216,2,0,0
BRDA:216,2,1,0
BRDA:228,3,0,0
BRDA:228,3,1,0
BRDA:271,4,0,0
BRDA:271,4,1,0
BRDA:283,5,0,0
BRDA:283,5,1,0
BRDA:294,6,0,0
BRDA:294,6,1,0
BRDA:309,7,0,0
BRDA:309,7,1,0
BRDA:354,8,0,0
BRDA:354,8,1,0
BRDA:364,9,0,0
BRDA:364,9,1,0
BRDA:369,10,0,0
BRDA:369,10,1,0
BRDA:369,11,0,0
BRDA:369,11,1,0
BRDA:430,12,0,0
BRDA:430,12,1,0
BRDA:466,13,0,0
BRDA:466,13,1,0
BRDA:491,14,0,0
BRDA:491,14,1,0
BRDA:516,15,0,0
BRDA:516,15,1,0
BRDA:525,16,0,0
BRDA:525,16,1,0
BRF:35
BRH:0
end_of_record
TN:
SF:controllers/file.controller.js
FN:9,(anonymous_0)
FN:17,(anonymous_1)
FN:67,(anonymous_2)
FN:120,(anonymous_3)
FN:148,(anonymous_4)
FNF:5
FNH:0
FNDA:0,(anonymous_0)
FNDA:0,(anonymous_1)
FNDA:0,(anonymous_2)
FNDA:0,(anonymous_3)
FNDA:0,(anonymous_4)
DA:9,0
DA:10,0
DA:11,0
DA:12,0
DA:13,0
DA:14,0
DA:17,0
DA:23,0
DA:24,0
DA:26,0
DA:27,0
DA:30,0
DA:31,0
DA:34,0
DA:35,0
DA:38,0
DA:39,0
DA:40,0
DA:43,0
DA:45,0
DA:46,0
DA:49,0
DA:62,0
DA:67,0
DA:75,0
DA:77,0
DA:80,0
DA:81,0
DA:84,0
DA:85,0
DA:86,0
DA:88,0
DA:91,0
DA:92,0
DA:95,0
DA:103,0
DA:105,0
DA:115,0
DA:120,0
DA:121,0
DA:122,0
DA:123,0
DA:126,0
DA:131,0
DA:132,0
DA:136,0
DA:140,0
DA:143,0
DA:148,0
DA:149,0
DA:150,0
DA:151,0
DA:154,0
DA:156,0
DA:158,0
DA:160,0
DA:162,0
DA:164,0
DA:170,0
DA:174,0
DA:175,0
LF:61
LH:0
BRDA:11,0,0,0
BRDA:11,0,1,0
BRDA:12,1,0,0
BRDA:12,1,1,0
BRDA:13,2,0,0
BRDA:13,2,1,0
BRDA:20,3,0,0
BRDA:22,4,0,0
BRDA:26,5,0,0
BRDA:26,5,1,0
BRDA:30,6,0,0
BRDA:30,6,1,0
BRDA:34,7,0,0
BRDA:34,7,1,0
BRDA:39,8,0,0
BRDA:39,8,1,0
BRDA:45,9,0,0
BRDA:45,9,1,0
BRDA:45,10,0,0
BRDA:45,10,1,0
BRDA:45,10,2,0
BRDA:58,11,0,0
BRDA:58,11,1,0
BRDA:69,12,0,0
BRDA:70,13,0,0
BRDA:71,14,0,0
BRDA:72,15,0,0
BRDA:80,16,0,0
BRDA:80,16,1,0
BRDA:84,17,0,0
BRDA:84,17,1,0
BRDA:85,18,0,0
BRDA:85,18,1,0
BRDA:91,19,0,0
BRDA:91,19,1,0
BRDA:98,20,0,0
BRDA:98,20,1,0
BRDA:122,21,0,0
BRDA:122,21,1,0
BRDA:131,22,0,0
BRDA:131,22,1,0
BRDA:136,23,0,0
BRDA:136,23,1,0
BRDA:137,24,0,0
BRDA:137,24,1,0
BRDA:150,25,0,0
BRDA:150,25,1,0
BRDA:156,26,0,0
BRDA:156,26,1,0
BRDA:160,27,0,0
BRDA:160,27,1,0
BRDA:164,28,0,0
BRDA:164,28,1,0
BRDA:165,29,0,0
BRDA:165,29,1,0
BRDA:165,29,2,0
BRDA:165,29,3,0
BRF:57
BRH:0
end_of_record
TN:
SF:controllers/request.controller.js
FN:9,createRequest
FN:28,(anonymous_1)
FN:49,getAllRequests
FN:107,getMyRequests
FN:165,getAssignedRequests
FN:222,getRequestById
FN:276,updateRequest
FN:319,(anonymous_7)
FN:351,updateRequestStatus
FN:437,addMessage
FN:510,deleteRequest
FN:563,assignManufacturer
FNF:12
FNH:0
FNDA:0,createRequest
FNDA:0,(anonymous_1)
FNDA:0,getAllRequests
FNDA:0,getMyRequests
FNDA:0,getAssignedRequests
FNDA:0,getRequestById
FNDA:0,updateRequest
FNDA:0,(anonymous_7)
FNDA:0,updateRequestStatus
FNDA:0,addMessage
FNDA:0,deleteRequest
FNDA:0,assignManufacturer
DA:10,0
DA:11,0
DA:12,0
DA:13,0
DA:18,0
DA:20,0
DA:26,0
DA:28,0
DA:29,0
DA:35,0
DA:36,0
DA:50,0
DA:52,0
DA:53,0
DA:54,0
DA:57,0
DA:58,0
DA:59,0
DA:62,0
DA:63,0
DA:64,0
DA:65,0
DA:66,0
DA:68,0
DA:72,0
DA:80,0
DA:82,0
DA:95,0
DA:108,0
DA:110,0
DA:111,0
DA:112,0
DA:115,0
DA:116,0
DA:117,0
DA:120,0
DA:121,0
DA:122,0
DA:123,0
DA:124,0
DA:126,0
DA:130,0
DA:138,0
DA:140,0
DA:153,0
DA:166,0
DA:168,0
DA:169,0
DA:170,0
DA:173,0
DA:174,0
DA:175,0
DA:178,0
DA:179,0
DA:180,0
DA:181,0
DA:182,0
DA:184,0
DA:188,0
DA:195,0
DA:197,0
DA:210,0
DA:223,0
DA:224,0
DA:227,0
DA:228,0
DA:235,0
DA:239,0
DA:240,0
DA:247,0
DA:249,0
DA:250,0
DA:252,0
DA:253,0
DA:259,0
DA:264,0
DA:277,0
DA:278,0
DA:279,0
DA:282,0
DA:283,0
DA:290,0
DA:292,0
DA:293,0
DA:300,0
DA:301,0
DA:303,0
DA:304,0
DA:311,0
DA:312,0
DA:313,0
DA:314,0
DA:317,0
DA:318,0
DA:319,0
DA:320,0
DA:321,0
DA:327,0
DA:333,0
DA:339,0
DA:352,0
DA:353,0
DA:354,0
DA:357,0
DA:358,0
DA:359,0
DA:366,0
DA:367,0
DA:374,0
DA:376,0
DA:377,0
DA:384,0
DA:386,0
DA:387,0
DA:389,0
DA:390,0
DA:397,0
DA:398,0
DA:404,0
DA:409,0
DA:416,0
DA:417,0
DA:419,0
DA:425,0
DA:438,0
DA:439,0
DA:440,0
DA:443,0
DA:444,0
DA:451,0
DA:452,0
DA:459,0
DA:461,0
DA:462,0
DA:469,0
DA:471,0
DA:472,0
DA:474,0
DA:475,0
DA:482,0
DA:489,0
DA:490,0
DA:492,0
DA:498,0
DA:511,0
DA:512,0
DA:515,0
DA:516,0
DA:523,0
DA:525,0
DA:526,0
DA:533,0
DA:537,0
DA:544,0
DA:546,0
DA:551,0
DA:564,0
DA:565,0
DA:566,0
DA:569,0
DA:573,0
DA:580,0
DA:582,0
DA:583,0
DA:590,0
DA:591,0
DA:598,0
DA:600,0
DA:601,0
DA:607,0
DA:608,0
DA:615,0
DA:616,0
DA:618,0
DA:624,0
LF:175
LH:0
BRDA:26,0,0,0
BRDA:26,0,1,0
BRDA:52,1,0,0
BRDA:52,1,1,0
BRDA:53,2,0,0
BRDA:53,2,1,0
BRDA:58,3,0,0
BRDA:58,3,1,0
BRDA:59,4,0,0
BRDA:59,4,1,0
BRDA:63,5,0,0
BRDA:63,5,1,0
BRDA:65,6,0,0
BRDA:65,6,1,0
BRDA:110,7,0,0
BRDA:110,7,1,0
BRDA:111,8,0,0
BRDA:111,8,1,0
BRDA:116,9,0,0
BRDA:116,9,1,0
BRDA:117,10,0,0
BRDA:117,10,1,0
BRDA:121,11,0,0
BRDA:121,11,1,0
BRDA:123,12,0,0
BRDA:123,12,1,0
BRDA:168,13,0,0
BRDA:168,13,1,0
BRDA:169,14,0,0
BRDA:169,14,1,0
BRDA:174,15,0,0
BRDA:174,15,1,0
BRDA:175,16,0,0
BRDA:175,16,1,0
BRDA:179,17,0,0
BRDA:179,17,1,0
BRDA:181,18,0,0
BRDA:181,18,1,0
BRDA:227,19,0,0
BRDA:227,19,1,0
BRDA:239,20,0,0
BRDA:239,20,1,0
BRDA:249,21,0,0
BRDA:249,21,1,0
BRDA:252,22,0,0
BRDA:252,22,1,0
BRDA:252,23,0,0
BRDA:252,23,1,0
BRDA:252,23,2,0
BRDA:282,24,0,0
BRDA:282,24,1,0
BRDA:292,25,0,0
BRDA:292,25,1,0
BRDA:303,26,0,0
BRDA:303,26,1,0
BRDA:303,27,0,0
BRDA:303,27,1,0
BRDA:317,28,0,0
BRDA:317,28,1,0
BRDA:317,29,0,0
BRDA:317,29,1,0
BRDA:320,30,0,0
BRDA:320,30,1,0
BRDA:358,31,0,0
BRDA:358,31,1,0
BRDA:366,32,0,0
BRDA:366,32,1,0
BRDA:376,33,0,0
BRDA:376,33,1,0
BRDA:386,34,0,0
BRDA:386,34,1,0
BRDA:389,35,0,0
BRDA:389,35,1,0
BRDA:389,36,0,0
BRDA:389,36,1,0
BRDA:389,36,2,0
BRDA:397,37,0,0
BRDA:397,37,1,0
BRDA:397,38,0,0
BRDA:397,38,1,0
BRDA:397,38,2,0
BRDA:404,39,0,0
BRDA:404,39,1,0
BRDA:405,40,0,0
BRDA:405,40,1,0
BRDA:405,40,2,0
BRDA:405,40,3,0
BRDA:405,40,4,0
BRDA:443,41,0,0
BRDA:443,41,1,0
BRDA:451,42,0,0
BRDA:451,42,1,0
BRDA:461,43,0,0
BRDA:461,43,1,0
BRDA:471,44,0,0
BRDA:471,44,1,0
BRDA:474,45,0,0
BRDA:474,45,1,0
BRDA:474,46,0,0
BRDA:474,46,1,0
BRDA:474,46,2,0
BRDA:515,47,0,0
BRDA:515,47,1,0
BRDA:525,48,0,0
BRDA:525,48,1,0
BRDA:533,49,0,0
BRDA:533,49,1,0
BRDA:534,50,0,0
BRDA:534,50,1,0
BRDA:569,51,0,0
BRDA:569,51,1,0
BRDA:570,52,0,0
BRDA:570,52,1,0
BRDA:582,53,0,0
BRDA:582,53,1,0
BRDA:590,54,0,0
BRDA:590,54,1,0
BRDA:600,55,0,0
BRDA:600,55,1,0
BRDA:607,56,0,0
BRDA:607,56,1,0
BRF:121
BRH:0
end_of_record
TN:
SF:controllers/user.controller.js
FN:11,getProfile
FN:34,updateProfile
FN:75,getManufacturers
FN:100,getRequestors
FN:125,getNotificationSettings
FN:151,updateNotificationSettings
FN:182,(anonymous_6)
FN:184,(anonymous_7)
FN:209,getUserStats
FN:252,getActivityLogs
FNF:10
FNH:0
FNDA:0,getProfile
FNDA:0,updateProfile
FNDA:0,getManufacturers
FNDA:0,getRequestors
FNDA:0,getNotificationSettings
FNDA:0,updateNotificationSettings
FNDA:0,(anonymous_6)
FNDA:0,(anonymous_7)
FNDA:0,getUserStats
FNDA:0,getActivityLogs
DA:12,0
DA:13,0
DA:14,0
DA:15,0
DA:20,0
DA:22,0
DA:35,0
DA:36,0
DA:37,0
DA:38,0
DA:39,0
DA:40,0
DA:41,0
DA:42,0
DA:44,0
DA:50,0
DA:51,0
DA:57,0
DA:63,0
DA:76,0
DA:77,0
DA:80,0
DA:88,0
DA:101,0
DA:102,0
DA:105,0
DA:113,0
DA:126,0
DA:127,0
DA:128,0
DA:129,0
DA:134,0
DA:139,0
DA:152,0
DA:153,0
DA:155,0
DA:159,0
DA:164,0
DA:174,0
DA:175,0
DA:181,0
DA:182,0
DA:183,0
DA:184,0
DA:185,0
DA:187,0
DA:189,0
DA:198,0
DA:210,0
DA:211,0
DA:212,0
DA:214,0
DA:215,0
DA:216,0
DA:217,0
DA:218,0
DA:220,0
DA:221,0
DA:222,0
DA:223,0
DA:224,0
DA:226,0
DA:227,0
DA:228,0
DA:229,0
DA:230,0
DA:233,0
DA:234,0
DA:235,0
DA:236,0
DA:237,0
DA:240,0
DA:253,0
DA:254,0
DA:255,0
DA:260,0
DA:262,0
DA:275,0
DA:283,0
LF:79
LH:0
BRDA:14,0,0,0
BRDA:14,0,1,0
BRDA:50,1,0,0
BRDA:50,1,1,0
BRDA:128,2,0,0
BRDA:128,2,1,0
BRDA:155,3,0,0
BRDA:155,3,1,0
BRDA:156,4,0,0
BRDA:156,4,1,0
BRDA:156,4,2,0
BRDA:156,4,3,0
BRDA:156,4,4,0
BRDA:156,4,5,0
BRDA:174,5,0,0
BRDA:174,5,1,0
BRDA:185,6,0,0
BRDA:185,6,1,0
BRDA:193,7,0,0
BRDA:193,7,1,0
BRDA:194,8,0,0
BRDA:194,8,1,0
BRDA:214,9,0,0
BRDA:214,9,1,0
BRDA:220,10,0,0
BRDA:220,10,1,0
BRDA:226,11,0,0
BRDA:226,11,1,0
BRDA:234,12,0,0
BRDA:234,12,1,0
BRDA:235,13,0,0
BRDA:235,13,1,0
BRDA:236,14,0,0
BRDA:236,14,1,0
BRDA:254,15,0,0
BRDA:254,16,0,0
BRF:36
BRH:0
end_of_record
TN:
SF:middlewares/auth.middleware.js
FN:8,(anonymous_0)
FN:60,(anonymous_1)
FN:61,(anonymous_2)
FNF:3
FNH:0
FNDA:0,(anonymous_0)
FNDA:0,(anonymous_1)
FNDA:0,(anonymous_2)
DA:8,0
DA:9,0
DA:11,0
DA:13,0
DA:14,0
DA:21,0
DA:24,0
DA:27,0
DA:29,0
DA:30,0
DA:37,0
DA:38,0
DA:45,0
DA:46,0
DA:48,0
DA:60,0
DA:61,0
DA:62,0
DA:63,0
DA:69,0
DA:70,0
DA:76,0
DA:80,0
LF:23
LH:0
BRDA:13,0,0,0
BRDA:13,0,1,0
BRDA:13,1,0,0
BRDA:13,1,1,0
BRDA:29,2,0,0
BRDA:29,2,1,0
BRDA:37,3,0,0
BRDA:37,3,1,0
BRDA:60,4,0,0
BRDA:62,5,0,0
BRDA:62,5,1,0
BRDA:69,6,0,0
BRDA:69,6,1,0
BRDA:69,7,0,0
BRDA:69,7,1,0
BRF:15
BRH:0
end_of_record
TN:
SF:middlewares/upload.middleware.js
FN:13,(anonymous_0)
FN:16,(anonymous_1)
FN:24,(anonymous_2)
FNF:3
FNH:0
FNDA:0,(anonymous_0)
FNDA:0,(anonymous_1)
FNDA:0,(anonymous_2)
DA:6,0
DA:7,0
DA:8,0
DA:12,0
DA:14,0
DA:17,0
DA:18,0
DA:19,0
DA:24,0
DA:25,0
DA:36,0
DA:37,0
DA:39,0
DA:44,0
DA:49,0
DA:52,0
LF:16
LH:0
BRDA:7,0,0,0
BRDA:7,0,1,0
BRDA:36,1,0,0
BRDA:36,1,1,0
BRF:4
BRH:0
end_of_record
TN:
SF:models/activityLog.model.js
FNF:0
FNH:0
DA:3,0
DA:40,0
LF:2
LH:0
BRF:0
BRH:0
end_of_record
TN:
SF:models/file.model.js
FNF:0
FNH:0
DA:3,0
DA:52,0
DA:54,0
LF:3
LH:0
BRF:0
BRH:0
end_of_record
TN:
SF:models/request.model.js
FN:159,(anonymous_0)
FNF:1
FNH:0
FNDA:0,(anonymous_0)
DA:3,0
DA:159,0
DA:160,0
DA:161,0
DA:162,0
DA:163,0
DA:164,0
DA:165,0
DA:167,0
DA:170,0
DA:175,0
DA:177,0
LF:12
LH:0
BRDA:160,0,0,0
BRDA:160,0,1,0
BRF:2
BRH:0
end_of_record
TN:
SF:models/user.model.js
FN:94,(anonymous_0)
FN:109,(anonymous_1)
FNF:2
FNH:0
FNDA:0,(anonymous_0)
FNDA:0,(anonymous_1)
DA:4,0
DA:94,0
DA:96,0
DA:98,0
DA:100,0
DA:101,0
DA:102,0
DA:104,0
DA:109,0
DA:110,0
DA:111,0
DA:112,0
DA:113,0
DA:116,0
DA:117,0
DA:118,0
DA:121,0
DA:123,0
DA:124,0
DA:129,0
LF:20
LH:0
BRDA:96,0,0,0
BRDA:96,0,1,0
BRDA:111,1,0,0
BRDA:111,1,1,0
BRDA:116,2,0,0
BRDA:116,2,1,0
BRF:6
BRH:0
end_of_record
TN:
SF:routes/admin.routes.js
FNF:0
FNH:0
DA:2,0
DA:7,0
DA:8,0
DA:11,0
DA:12,0
DA:13,0
DA:14,0
DA:15,0
DA:16,0
DA:19,0
DA:20,0
DA:21,0
DA:22,0
DA:25,0
DA:28,0
DA:31,0
DA:34,0
DA:35,0
LF:18
LH:0
BRF:0
BRH:0
end_of_record
TN:
SF:routes/auth.routes.js
FNF:0
FNH:0
DA:2,0
DA:7,0
DA:10,0
DA:13,0
DA:16,0
DA:19,0
DA:22,0
DA:25,0
DA:28,0
LF:9
LH:0
BRF:0
BRH:0
end_of_record
TN:
SF:routes/file.routes.js
FNF:0
FNH:0
DA:6,0
DA:9,0
DA:17,0
DA:20,0
DA:23,0
DA:26,0
DA:33,0
DA:36,0
LF:8
LH:0
BRF:0
BRH:0
end_of_record
TN:
SF:routes/request.routes.js
FN:17,(anonymous_0)
FNF:1
FNH:0
FNDA:0,(anonymous_0)
DA:2,0
DA:7,0
DA:10,0
DA:17,0
DA:18,0
DA:19,0
DA:20,0
DA:21,0
DA:22,0
DA:24,0
DA:29,0
DA:32,0
DA:39,0
DA:46,0
DA:49,0
DA:52,0
DA:55,0
DA:58,0
DA:61,0
LF:19
LH:0
BRDA:19,0,0,0
BRDA:19,0,1,0
BRDA:21,1,0,0
BRDA:21,1,1,0
BRF:4
BRH:0
end_of_record
TN:
SF:routes/user.routes.js
FNF:0
FNH:0
DA:2,0
DA:7,0
DA:10,0
DA:13,0
DA:16,0
DA:23,0
DA:26,0
DA:29,0
DA:32,0
DA:35,0
LF:10
LH:0
BRF:0
BRH:0
end_of_record
TN:
SF:utils/ApiError.js
FN:2,(anonymous_0)
FNF:1
FNH:0
FNDA:0,(anonymous_0)
DA:8,0
DA:9,0
DA:10,0
DA:11,0
DA:12,0
DA:13,0
DA:15,0
DA:16,0
DA:18,0
LF:9
LH:0
BRDA:4,0,0,0
BRDA:5,1,0,0
BRDA:6,2,0,0
BRDA:15,3,0,0
BRDA:15,3,1,0
BRF:5
BRH:0
end_of_record
TN:
SF:utils/ApiResponse.js
FN:2,(anonymous_0)
FNF:1
FNH:0
FNDA:0,(anonymous_0)
DA:3,0
DA:4,0
DA:5,0
DA:6,0
LF:4
LH:0
BRDA:2,0,0,0
BRDA:6,1,0,0
BRDA:6,1,1,0
BRF:3
BRH:0
end_of_record
TN:
SF:utils/asyncHandler.js
FN:1,(anonymous_0)
FN:2,(anonymous_1)
FN:3,(anonymous_2)
FNF:3
FNH:0
FNDA:0,(anonymous_0)
FNDA:0,(anonymous_1)
FNDA:0,(anonymous_2)
DA:1,0
DA:2,0
DA:3,0
LF:3
LH:0
BRF:0
BRH:0
end_of_record
TN:
SF:utils/auth.util.js
FN:8,hashPassword
FN:19,comparePassword
FNF:2
FNH:0
FNDA:0,hashPassword
FNDA:0,comparePassword
DA:9,0
DA:10,0
DA:20,0
LF:3
LH:0
BRF:0
BRH:0
end_of_record
TN:
SF:utils/jwt.util.js
FN:9,generateToken
FN:34,verifyToken
FN:43,generateRefreshToken
FNF:3
FNH:0
FNDA:0,generateToken
FNDA:0,verifyToken
FNDA:0,generateRefreshToken
DA:13,0
DA:15,0
DA:21,0
DA:24,0
DA:35,0
DA:44,0
LF:6
LH:0
BRDA:9,0,0,0
BRDA:13,1,0,0
BRDA:13,1,1,0
BRDA:13,2,0,0
BRDA:13,2,1,0
BRDA:17,3,0,0
BRDA:17,3,1,0
BRDA:24,4,0,0
BRDA:24,4,1,0
BRDA:35,5,0,0
BRDA:35,5,1,0
BRDA:46,6,0,0
BRDA:46,6,1,0
BRF:13
BRH:0
end_of_record
TN:
SF:utils/jwt.utils.js
FN:9,(anonymous_0)
FN:20,(anonymous_1)
FN:33,(anonymous_2)
FNF:3
FNH:0
FNDA:0,(anonymous_0)
FNDA:0,(anonymous_1)
FNDA:0,(anonymous_2)
DA:9,0
DA:10,0
DA:20,0
DA:21,0
DA:22,0
DA:24,0
DA:33,0
DA:34,0
DA:43,0
LF:9
LH:0
BRDA:9,0,0,0
BRDA:10,1,0,0
BRDA:10,1,1,0
BRDA:22,2,0,0
BRDA:22,2,1,0
BRDA:36,3,0,0
BRDA:36,3,1,0
BRF:7
BRH:0
end_of_record
TN:
SF:utils/s3.utils.js
FN:15,(anonymous_0)
FN:30,(anonymous_1)
FN:50,(anonymous_2)
FN:81,(anonymous_3)
FN:94,(anonymous_4)
FNF:5
FNH:0
FNDA:0,(anonymous_0)
FNDA:0,(anonymous_1)
FNDA:0,(anonymous_2)
FNDA:0,(anonymous_3)
FNDA:0,(anonymous_4)
DA:7,0
DA:15,0
DA:16,0
DA:22,0
DA:23,0
DA:24,0
DA:26,0
DA:30,0
DA:31,0
DA:32,0
DA:33,0
DA:36,0
DA:37,0
DA:38,0
DA:39,0
DA:40,0
DA:43,0
DA:50,0
DA:51,0
DA:52,0
DA:59,0
DA:60,0
DA:61,0
DA:62,0
DA:65,0
DA:66,0
DA:67,0
DA:68,0
DA:70,0
DA:71,0
DA:72,0
DA:74,0
DA:77,0
DA:81,0
DA:82,0
DA:83,0
DA:87,0
DA:89,0
DA:90,0
DA:94,0
DA:95,0
DA:99,0
DA:100,0
LF:43
LH:0
BRDA:8,0,0,0
BRDA:8,0,1,0
BRDA:23,1,0,0
BRDA:23,1,1,0
BRDA:37,2,0,0
BRDA:37,2,1,0
BRDA:38,3,0,0
BRDA:38,3,1,0
BRDA:39,4,0,0
BRDA:39,4,1,0
BRDA:51,5,0,0
BRDA:51,5,1,0
BRDA:65,6,0,0
BRDA:65,6,1,0
BRDA:84,7,0,0
BRDA:84,7,1,0
BRDA:94,8,0,0
BRDA:96,9,0,0
BRDA:96,9,1,0
BRF:19
BRH:0
end_of_record
