TN:
SF:controllers/admin.controller.js
FN:15,formatEtaLabelFromNow
FN:24,getDeliveryEtaLeadDays
FN:41,getDateRangeFromQuery
FN:64,getPricingStats
FN:115,(anonymous_4)
FN:147,getPricingStatsByUser
FN:195,(anonymous_6)
FN:199,(anonymous_7)
FN:200,(anonymous_8)
FN:204,(anonymous_9)
FN:206,(anonymous_10)
FN:254,getAllUsers
FN:319,getUserById
FN:358,updateUser
FN:422,toggleUserActive
FN:482,changeUserRole
FN:548,computeAdminDiameterStats
FN:585,(anonymous_17)
FN:607,(anonymous_18)
FN:621,getDashboardStats
FN:635,(anonymous_20)
FN:655,(anonymous_21)
FN:736,getSystemLogs
FN:758,getSystemSettings
FN:809,deleteUser
FN:865,getAllRequests
FN:929,getRequestById
FN:970,updateRequestStatus
FN:1052,assignManufacturer
FN:1124,getActivityLogs
FN:1182,updateSystemSettings
FN:1216,(anonymous_31)
FN:1264,getAllFiles
FNF:33
FNH:0
FNDA:0,formatEtaLabelFromNow
FNDA:0,getDeliveryEtaLeadDays
FNDA:0,getDateRangeFromQuery
FNDA:0,getPricingStats
FNDA:0,(anonymous_4)
FNDA:0,getPricingStatsByUser
FNDA:0,(anonymous_6)
FNDA:0,(anonymous_7)
FNDA:0,(anonymous_8)
FNDA:0,(anonymous_9)
FNDA:0,(anonymous_10)
FNDA:0,getAllUsers
FNDA:0,getUserById
FNDA:0,updateUser
FNDA:0,toggleUserActive
FNDA:0,changeUserRole
FNDA:0,computeAdminDiameterStats
FNDA:0,(anonymous_17)
FNDA:0,(anonymous_18)
FNDA:0,getDashboardStats
FNDA:0,(anonymous_20)
FNDA:0,(anonymous_21)
FNDA:0,getSystemLogs
FNDA:0,getSystemSettings
FNDA:0,deleteUser
FNDA:0,getAllRequests
FNDA:0,getRequestById
FNDA:0,updateRequestStatus
FNDA:0,assignManufacturer
FNDA:0,getActivityLogs
FNDA:0,updateSystemSettings
FNDA:0,(anonymous_31)
FNDA:0,getAllFiles
DA:8,5
DA:16,0
DA:17,0
DA:18,0
DA:19,0
DA:20,0
DA:21,0
DA:25,0
DA:26,0
DA:32,0
DA:37,0
DA:42,0
DA:43,0
DA:44,0
DA:46,0
DA:47,0
DA:48,0
DA:49,0
DA:50,0
DA:55,0
DA:56,0
DA:57,0
DA:65,0
DA:66,0
DA:67,0
DA:72,0
DA:87,0
DA:88,0
DA:89,0
DA:90,0
DA:91,0
DA:94,0
DA:114,0
DA:115,0
DA:119,0
DA:135,0
DA:148,0
DA:149,0
DA:150,0
DA:155,0
DA:157,0
DA:175,0
DA:194,0
DA:195,0
DA:198,0
DA:199,0
DA:200,0
DA:201,0
DA:204,0
DA:206,0
DA:207,0
DA:208,0
DA:209,0
DA:210,0
DA:211,0
DA:212,0
DA:234,0
DA:242,0
DA:255,0
DA:257,0
DA:258,0
DA:259,0
DA:262,0
DA:263,0
DA:264,0
DA:265,0
DA:266,0
DA:267,0
DA:275,0
DA:276,0
DA:277,0
DA:278,0
DA:279,0
DA:281,0
DA:285,0
DA:292,0
DA:294,0
DA:307,0
DA:320,0
DA:321,0
DA:324,0
DA:325,0
DA:332,0
DA:334,0
DA:335,0
DA:341,0
DA:346,0
DA:359,0
DA:360,0
DA:361,0
DA:364,0
DA:365,0
DA:372,0
DA:373,0
DA:374,0
DA:375,0
DA:378,0
DA:384,0
DA:391,0
DA:397,0
DA:398,0
DA:404,0
DA:410,0
DA:423,0
DA:424,0
DA:427,0
DA:428,0
DA:435,0
DA:437,0
DA:438,0
DA:445,0
DA:446,0
DA:453,0
DA:456,0
DA:457,0
DA:459,0
DA:461,0
DA:470,0
DA:483,0
DA:484,0
DA:485,0
DA:488,0
DA:489,0
DA:496,0
DA:497,0
DA:498,0
DA:505,0
DA:507,0
DA:508,0
DA:515,0
DA:520,0
DA:527,0
DA:528,0
DA:530,0
DA:539,0
DA:549,0
DA:554,0
DA:577,0
DA:584,0
DA:585,0
DA:586,0
DA:588,0
DA:589,0
DA:591,0
DA:592,0
DA:593,0
DA:594,0
DA:598,0
DA:599,0
DA:607,0
DA:614,0
DA:622,0
DA:624,0
DA:634,0
DA:635,0
DA:636,0
DA:640,0
DA:641,0
DA:644,0
DA:654,0
DA:655,0
DA:656,0
DA:660,0
DA:663,0
DA:670,0
DA:671,0
DA:681,0
DA:682,0
DA:689,0
DA:695,0
DA:714,0
DA:724,0
DA:737,0
DA:740,0
DA:746,0
DA:759,0
DA:760,0
DA:762,0
DA:792,0
DA:797,0
DA:810,0
DA:811,0
DA:812,0
DA:815,0
DA:816,0
DA:823,0
DA:824,0
DA:831,0
DA:837,0
DA:838,0
DA:845,0
DA:847,0
DA:853,0
DA:866,0
DA:868,0
DA:869,0
DA:870,0
DA:873,0
DA:874,0
DA:875,0
DA:876,0
DA:884,0
DA:885,0
DA:886,0
DA:887,0
DA:888,0
DA:890,0
DA:894,0
DA:902,0
DA:904,0
DA:917,0
DA:930,0
DA:931,0
DA:934,0
DA:935,0
DA:942,0
DA:946,0
DA:947,0
DA:953,0
DA:958,0
DA:971,0
DA:972,0
DA:973,0
DA:976,0
DA:977,0
DA:984,0
DA:993,0
DA:994,0
DA:1001,0
DA:1003,0
DA:1004,0
DA:1011,0
DA:1019,0
DA:1031,0
DA:1032,0
DA:1034,0
DA:1040,0
DA:1053,0
DA:1054,0
DA:1055,0
DA:1058,0
DA:1062,0
DA:1069,0
DA:1070,0
DA:1071,0
DA:1078,0
DA:1079,0
DA:1080,0
DA:1087,0
DA:1099,0
DA:1100,0
DA:1103,0
DA:1112,0
DA:1125,0
DA:1127,0
DA:1128,0
DA:1129,0
DA:1132,0
DA:1133,0
DA:1134,0
DA:1135,0
DA:1139,0
DA:1141,0
DA:1142,0
DA:1143,0
DA:1150,0
DA:1154,0
DA:1156,0
DA:1169,0
DA:1183,0
DA:1184,0
DA:1187,0
DA:1191,0
DA:1212,0
DA:1216,0
DA:1217,0
DA:1218,0
DA:1222,0
DA:1223,0
DA:1228,0
DA:1239,0
DA:1246,0
DA:1252,0
DA:1265,0
DA:1266,0
DA:1267,0
DA:1272,0
DA:1273,0
DA:1274,0
DA:1275,0
DA:1276,0
DA:1277,0
DA:1278,0
DA:1279,0
DA:1280,0
DA:1281,0
DA:1282,0
DA:1283,0
DA:1285,0
DA:1287,0
DA:1292,0
DA:1293,0
DA:1306,0
LF:303
LH:1
BRDA:16,0,0,0
BRDA:16,0,1,0
BRDA:16,1,0,0
BRDA:16,1,1,0
BRDA:34,2,0,0
BRDA:34,2,1,0
BRDA:46,3,0,0
BRDA:46,3,1,0
BRDA:46,4,0,0
BRDA:46,4,1,0
BRDA:49,5,0,0
BRDA:49,5,1,0
BRDA:49,6,0,0
BRDA:49,6,1,0
BRDA:87,7,0,0
BRDA:87,7,1,0
BRDA:87,8,0,0
BRDA:87,8,1,0
BRDA:88,9,0,0
BRDA:88,9,1,0
BRDA:89,10,0,0
BRDA:89,10,1,0
BRDA:90,11,0,0
BRDA:90,11,1,0
BRDA:91,12,0,0
BRDA:91,12,1,0
BRDA:115,13,0,0
BRDA:115,13,1,0
BRDA:128,14,0,0
BRDA:128,14,1,0
BRDA:129,15,0,0
BRDA:129,15,1,0
BRDA:155,16,0,0
BRDA:155,16,1,0
BRDA:195,17,0,0
BRDA:195,17,1,0
BRDA:207,18,0,0
BRDA:207,18,1,0
BRDA:208,19,0,0
BRDA:208,19,1,0
BRDA:209,20,0,0
BRDA:209,20,1,0
BRDA:210,21,0,0
BRDA:210,21,1,0
BRDA:211,22,0,0
BRDA:211,22,1,0
BRDA:213,23,0,0
BRDA:213,23,1,0
BRDA:227,24,0,0
BRDA:227,24,1,0
BRDA:229,25,0,0
BRDA:229,25,1,0
BRDA:230,26,0,0
BRDA:230,26,1,0
BRDA:257,27,0,0
BRDA:257,27,1,0
BRDA:258,28,0,0
BRDA:258,28,1,0
BRDA:263,29,0,0
BRDA:263,29,1,0
BRDA:264,30,0,0
BRDA:264,30,1,0
BRDA:265,31,0,0
BRDA:265,31,1,0
BRDA:266,32,0,0
BRDA:266,32,1,0
BRDA:276,33,0,0
BRDA:276,33,1,0
BRDA:278,34,0,0
BRDA:278,34,1,0
BRDA:324,35,0,0
BRDA:324,35,1,0
BRDA:334,36,0,0
BRDA:334,36,1,0
BRDA:364,37,0,0
BRDA:364,37,1,0
BRDA:378,38,0,0
BRDA:378,38,1,0
BRDA:379,39,0,0
BRDA:379,39,1,0
BRDA:379,39,2,0
BRDA:379,39,3,0
BRDA:397,40,0,0
BRDA:397,40,1,0
BRDA:427,41,0,0
BRDA:427,41,1,0
BRDA:437,42,0,0
BRDA:437,42,1,0
BRDA:445,43,0,0
BRDA:445,43,1,0
BRDA:456,44,0,0
BRDA:456,44,1,0
BRDA:456,45,0,0
BRDA:456,45,1,0
BRDA:463,46,0,0
BRDA:463,46,1,0
BRDA:488,47,0,0
BRDA:488,47,1,0
BRDA:497,48,0,0
BRDA:497,48,1,0
BRDA:507,49,0,0
BRDA:507,49,1,0
BRDA:515,50,0,0
BRDA:515,50,1,0
BRDA:516,51,0,0
BRDA:516,51,1,0
BRDA:516,51,2,0
BRDA:551,52,0,0
BRDA:551,52,1,0
BRDA:584,53,0,0
BRDA:584,53,1,0
BRDA:588,54,0,0
BRDA:588,54,1,0
BRDA:588,55,0,0
BRDA:588,55,1,0
BRDA:589,56,0,0
BRDA:589,56,1,0
BRDA:589,57,0,0
BRDA:589,57,1,0
BRDA:591,58,0,0
BRDA:591,58,1,0
BRDA:592,59,0,0
BRDA:592,59,1,0
BRDA:593,60,0,0
BRDA:593,60,1,0
BRDA:610,61,0,0
BRDA:610,61,1,0
BRDA:611,62,0,0
BRDA:611,62,1,0
BRDA:611,63,0,0
BRDA:611,63,1,0
BRDA:709,64,0,0
BRDA:709,64,1,0
BRDA:815,65,0,0
BRDA:815,65,1,0
BRDA:823,66,0,0
BRDA:823,66,1,0
BRDA:837,67,0,0
BRDA:837,67,1,0
BRDA:868,68,0,0
BRDA:868,68,1,0
BRDA:869,69,0,0
BRDA:869,69,1,0
BRDA:874,70,0,0
BRDA:874,70,1,0
BRDA:875,71,0,0
BRDA:875,71,1,0
BRDA:885,72,0,0
BRDA:885,72,1,0
BRDA:887,73,0,0
BRDA:887,73,1,0
BRDA:934,74,0,0
BRDA:934,74,1,0
BRDA:946,75,0,0
BRDA:946,75,1,0
BRDA:976,76,0,0
BRDA:976,76,1,0
BRDA:993,77,0,0
BRDA:993,77,1,0
BRDA:1003,78,0,0
BRDA:1003,78,1,0
BRDA:1013,79,0,0
BRDA:1013,79,1,0
BRDA:1032,80,0,0
BRDA:1032,80,1,0
BRDA:1058,81,0,0
BRDA:1058,81,1,0
BRDA:1059,82,0,0
BRDA:1059,82,1,0
BRDA:1070,83,0,0
BRDA:1070,83,1,0
BRDA:1070,84,0,0
BRDA:1070,84,1,0
BRDA:1079,85,0,0
BRDA:1079,85,1,0
BRDA:1100,86,0,0
BRDA:1100,86,1,0
BRDA:1108,87,0,0
BRDA:1108,87,1,0
BRDA:1127,88,0,0
BRDA:1127,88,1,0
BRDA:1128,89,0,0
BRDA:1128,89,1,0
BRDA:1133,90,0,0
BRDA:1133,90,1,0
BRDA:1134,91,0,0
BRDA:1134,91,1,0
BRDA:1141,92,0,0
BRDA:1141,92,1,0
BRDA:1142,93,0,0
BRDA:1142,93,1,0
BRDA:1142,94,0,0
BRDA:1142,94,1,0
BRDA:1184,95,0,0
BRDA:1184,95,1,0
BRDA:1184,96,0,0
BRDA:1184,96,1,0
BRDA:1187,97,0,0
BRDA:1187,97,1,0
BRDA:1187,98,0,0
BRDA:1187,98,1,0
BRDA:1191,99,0,0
BRDA:1191,99,1,0
BRDA:1194,100,0,0
BRDA:1194,100,1,0
BRDA:1198,101,0,0
BRDA:1198,101,1,0
BRDA:1202,102,0,0
BRDA:1202,102,1,0
BRDA:1206,103,0,0
BRDA:1206,103,1,0
BRDA:1213,104,0,0
BRDA:1213,104,1,0
BRDA:1217,105,0,0
BRDA:1217,105,1,0
BRDA:1217,106,0,0
BRDA:1217,106,1,0
BRDA:1232,107,0,0
BRDA:1232,107,1,0
BRDA:1242,108,0,0
BRDA:1242,108,1,0
BRDA:1266,109,0,0
BRDA:1266,109,1,0
BRDA:1266,110,0,0
BRDA:1266,110,1,0
BRDA:1272,111,0,0
BRDA:1272,111,1,0
BRDA:1273,112,0,0
BRDA:1273,112,1,0
BRDA:1276,113,0,0
BRDA:1276,113,1,0
BRDA:1277,114,0,0
BRDA:1277,114,1,0
BRDA:1278,115,0,0
BRDA:1278,115,1,0
BRDA:1280,116,0,0
BRDA:1280,116,1,0
BRDA:1282,117,0,0
BRDA:1282,117,1,0
BRF:239
BRH:0
end_of_record
TN:
SF:controllers/ai.controller.js
FN:24,(anonymous_0)
FN:25,(anonymous_1)
FN:37,(anonymous_2)
FN:42,(anonymous_3)
FN:57,(anonymous_4)
FN:62,parseFilenames
FNF:6
FNH:0
FNDA:0,(anonymous_0)
FNDA:0,(anonymous_1)
FNDA:0,(anonymous_2)
FNDA:0,(anonymous_3)
FNDA:0,(anonymous_4)
FNDA:0,parseFilenames
DA:4,5
DA:6,5
DA:7,0
DA:12,5
DA:13,5
DA:14,5
DA:15,5
DA:17,0
DA:24,5
DA:25,0
DA:34,5
DA:35,5
DA:37,5
DA:38,0
DA:39,0
DA:42,5
DA:43,0
DA:44,0
DA:45,0
DA:47,0
DA:48,0
DA:49,0
DA:50,0
DA:53,0
DA:54,0
DA:57,5
DA:58,0
DA:59,0
DA:63,0
DA:64,0
DA:66,0
DA:67,0
DA:74,0
DA:75,0
DA:76,0
DA:85,0
DA:89,0
DA:90,0
DA:91,0
DA:92,0
DA:96,0
DA:103,0
DA:105,0
DA:106,0
DA:109,0
DA:110,0
DA:112,0
DA:115,0
DA:118,0
DA:125,0
DA:148,0
DA:149,0
DA:150,0
DA:152,0
DA:153,0
DA:157,0
DA:158,0
DA:159,0
DA:160,0
DA:161,0
DA:166,0
DA:169,0
DA:172,0
DA:173,0
DA:174,0
DA:176,0
DA:177,0
DA:178,0
DA:185,0
DA:186,0
DA:187,0
DA:188,0
DA:195,0
DA:198,0
DA:200,0
DA:202,0
DA:207,0
DA:209,0
DA:210,0
DA:212,0
DA:225,0
DA:232,0
DA:233,0
LF:83
LH:12
BRDA:6,0,0,0
BRDA:6,0,1,5
BRDA:13,1,0,5
BRDA:13,1,1,0
BRDA:19,2,0,0
BRDA:19,2,1,0
BRDA:45,3,0,0
BRDA:45,3,1,0
BRDA:48,4,0,0
BRDA:48,4,1,0
BRDA:64,5,0,0
BRDA:64,5,1,0
BRDA:66,6,0,0
BRDA:66,6,1,0
BRDA:66,7,0,0
BRDA:66,7,1,0
BRDA:75,8,0,0
BRDA:75,8,1,0
BRDA:85,9,0,0
BRDA:85,9,1,0
BRDA:85,9,2,0
BRDA:85,9,3,0
BRDA:85,9,4,0
BRDA:91,10,0,0
BRDA:91,10,1,0
BRDA:103,11,0,0
BRDA:103,11,1,0
BRDA:158,12,0,0
BRDA:158,12,1,0
BRDA:161,13,0,0
BRDA:161,13,1,0
BRDA:162,14,0,0
BRDA:162,14,1,0
BRDA:162,14,2,0
BRDA:185,15,0,0
BRDA:185,15,1,0
BRDA:209,16,0,0
BRDA:209,16,1,0
BRDA:209,17,0,0
BRDA:209,17,1,0
BRDA:209,17,2,0
BRF:41
BRH:2
end_of_record
TN:
SF:controllers/auth.controller.js
FN:7,(anonymous_0)
FN:11,(anonymous_1)
FN:216,register
FN:352,login
FN:440,refreshToken
FN:489,getCurrentUser
FN:510,changePassword
FN:550,forgotPassword
FN:596,resetPassword
FN:648,logout
FNF:10
FNH:7
FNDA:6,(anonymous_0)
FNDA:6,(anonymous_1)
FNDA:3,register
FNDA:8,login
FNDA:0,refreshToken
FNDA:1,getCurrentUser
FNDA:2,changePassword
FNDA:0,forgotPassword
FNDA:0,resetPassword
FNDA:1,logout
DA:7,5
DA:8,6
DA:11,5
DA:12,6
DA:13,6
DA:14,6
DA:15,6
DA:17,0
DA:217,3
DA:227,3
DA:230,3
DA:231,1
DA:239,2
DA:240,2
DA:241,1
DA:247,1
DA:248,1
DA:249,0
DA:250,0
DA:256,0
DA:260,0
DA:261,0
DA:267,0
DA:268,0
DA:274,0
DA:275,1
DA:276,0
DA:277,0
DA:278,0
DA:284,0
DA:288,0
DA:289,0
DA:295,0
DA:296,0
DA:302,0
DA:305,1
DA:308,1
DA:320,1
DA:323,1
DA:324,1
DA:327,1
DA:328,1
DA:330,1
DA:340,0
DA:353,8
DA:354,8
DA:357,8
DA:358,8
DA:359,1
DA:366,7
DA:367,7
DA:370,7
DA:371,0
DA:372,0
DA:378,7
DA:379,7
DA:381,7
DA:382,1
DA:388,0
DA:389,0
DA:396,6
DA:397,0
DA:404,6
DA:405,6
DA:406,5
DA:408,6
DA:411,6
DA:412,6
DA:415,6
DA:416,6
DA:418,6
DA:428,0
DA:441,0
DA:442,0
DA:444,0
DA:445,0
DA:452,0
DA:458,0
DA:459,0
DA:460,0
DA:467,0
DA:469,0
DA:477,0
DA:490,1
DA:491,1
DA:493,1
DA:498,0
DA:511,2
DA:512,2
DA:513,2
DA:516,2
DA:519,2
DA:520,2
DA:521,1
DA:528,1
DA:529,1
DA:530,1
DA:531,1
DA:533,1
DA:538,0
DA:551,0
DA:552,0
DA:555,0
DA:556,0
DA:557,0
DA:564,0
DA:567,0
DA:569,0
DA:570,0
DA:571,0
DA:576,0
DA:584,0
DA:597,0
DA:598,0
DA:601,0
DA:606,0
DA:607,0
DA:614,0
DA:615,0
DA:616,0
DA:623,0
DA:624,0
DA:625,0
DA:626,0
DA:627,0
DA:628,0
DA:630,0
DA:635,0
DA:649,1
LF:129
LH:63
BRDA:15,0,0,6
BRDA:15,0,1,0
BRDA:230,1,0,1
BRDA:230,1,1,2
BRDA:230,2,0,3
BRDA:230,2,1,3
BRDA:230,2,2,2
BRDA:240,3,0,1
BRDA:240,3,1,1
BRDA:248,4,0,0
BRDA:248,4,1,1
BRDA:249,5,0,0
BRDA:249,5,1,0
BRDA:260,6,0,0
BRDA:260,6,1,0
BRDA:260,7,0,0
BRDA:260,7,1,0
BRDA:267,8,0,0
BRDA:267,8,1,0
BRDA:275,9,0,0
BRDA:275,9,1,1
BRDA:277,10,0,0
BRDA:277,10,1,0
BRDA:288,11,0,0
BRDA:288,11,1,0
BRDA:288,12,0,0
BRDA:288,12,1,0
BRDA:295,13,0,0
BRDA:295,13,1,0
BRDA:312,14,0,1
BRDA:312,14,1,0
BRDA:358,15,0,1
BRDA:358,15,1,7
BRDA:370,16,0,0
BRDA:370,16,1,7
BRDA:381,17,0,1
BRDA:381,17,1,6
BRDA:396,18,0,0
BRDA:396,18,1,6
BRDA:405,19,0,5
BRDA:405,19,1,1
BRDA:444,20,0,0
BRDA:444,20,1,0
BRDA:454,21,0,0
BRDA:454,21,1,0
BRDA:459,22,0,0
BRDA:459,22,1,0
BRDA:459,23,0,0
BRDA:459,23,1,0
BRDA:520,24,0,1
BRDA:520,24,1,1
BRDA:556,25,0,0
BRDA:556,25,1,0
BRDA:581,26,0,0
BRDA:581,26,1,0
BRDA:606,27,0,0
BRDA:606,27,1,0
BRDA:615,28,0,0
BRDA:615,28,1,0
BRF:59
BRH:21
end_of_record
TN:
SF:controllers/clinic.controller.js
FN:5,getClinics
FN:25,createClinic
FN:68,updateClinic
FN:119,deleteClinic
FN:158,getImplantPresets
FN:190,createImplantPreset
FN:262,updateImplantPreset
FN:328,deleteImplantPreset
FNF:8
FNH:0
FNDA:0,getClinics
FNDA:0,createClinic
FNDA:0,updateClinic
FNDA:0,deleteClinic
FNDA:0,getImplantPresets
FNDA:0,createImplantPreset
FNDA:0,updateImplantPreset
FNDA:0,deleteImplantPreset
DA:6,0
DA:7,0
DA:14,0
DA:16,0
DA:26,0
DA:27,0
DA:29,0
DA:30,0
DA:36,0
DA:38,0
DA:43,0
DA:44,0
DA:51,0
DA:57,0
DA:59,0
DA:69,0
DA:70,0
DA:71,0
DA:73,0
DA:78,0
DA:79,0
DA:85,0
DA:86,0
DA:87,0
DA:93,0
DA:94,0
DA:99,0
DA:102,0
DA:103,0
DA:106,0
DA:108,0
DA:110,0
DA:120,0
DA:121,0
DA:123,0
DA:128,0
DA:129,0
DA:135,0
DA:136,0
DA:139,0
DA:144,0
DA:149,0
DA:159,0
DA:160,0
DA:162,0
DA:168,0
DA:169,0
DA:175,0
DA:179,0
DA:181,0
DA:191,0
DA:192,0
DA:193,0
DA:195,0
DA:201,0
DA:202,0
DA:208,0
DA:209,0
DA:215,0
DA:216,0
DA:222,0
DA:224,0
DA:228,0
DA:229,0
DA:235,0
DA:236,0
DA:242,0
DA:251,0
DA:253,0
DA:263,0
DA:264,0
DA:265,0
DA:267,0
DA:272,0
DA:273,0
DA:279,0
DA:280,0
DA:281,0
DA:286,0
DA:287,0
DA:292,0
DA:295,0
DA:296,0
DA:298,0
DA:299,0
DA:301,0
DA:302,0
DA:305,0
DA:306,0
DA:307,0
DA:312,0
DA:315,0
DA:317,0
DA:319,0
DA:329,0
DA:330,0
DA:332,0
DA:337,0
DA:338,0
DA:344,0
DA:346,0
DA:348,0
LF:102
LH:0
BRDA:27,0,0,0
BRDA:27,0,1,0
BRDA:29,1,0,0
BRDA:29,1,1,0
BRDA:29,2,0,0
BRDA:29,2,1,0
BRDA:43,3,0,0
BRDA:43,3,1,0
BRDA:54,4,0,0
BRDA:54,4,1,0
BRDA:71,5,0,0
BRDA:71,5,1,0
BRDA:78,6,0,0
BRDA:78,6,1,0
BRDA:78,7,0,0
BRDA:78,7,1,0
BRDA:85,8,0,0
BRDA:85,8,1,0
BRDA:85,9,0,0
BRDA:85,9,1,0
BRDA:93,10,0,0
BRDA:93,10,1,0
BRDA:102,11,0,0
BRDA:102,11,1,0
BRDA:128,12,0,0
BRDA:128,12,1,0
BRDA:128,13,0,0
BRDA:128,13,1,0
BRDA:168,14,0,0
BRDA:168,14,1,0
BRDA:193,15,0,0
BRDA:193,15,1,0
BRDA:201,16,0,0
BRDA:201,16,1,0
BRDA:208,17,0,0
BRDA:208,17,1,0
BRDA:208,18,0,0
BRDA:208,18,1,0
BRDA:215,19,0,0
BRDA:215,19,1,0
BRDA:215,20,0,0
BRDA:215,20,1,0
BRDA:215,20,2,0
BRDA:228,21,0,0
BRDA:228,21,1,0
BRDA:235,22,0,0
BRDA:235,22,1,0
BRDA:265,23,0,0
BRDA:265,23,1,0
BRDA:272,24,0,0
BRDA:272,24,1,0
BRDA:272,25,0,0
BRDA:272,25,1,0
BRDA:279,26,0,0
BRDA:279,26,1,0
BRDA:279,27,0,0
BRDA:279,27,1,0
BRDA:286,28,0,0
BRDA:286,28,1,0
BRDA:295,29,0,0
BRDA:295,29,1,0
BRDA:295,30,0,0
BRDA:295,30,1,0
BRDA:298,31,0,0
BRDA:298,31,1,0
BRDA:298,32,0,0
BRDA:298,32,1,0
BRDA:301,33,0,0
BRDA:301,33,1,0
BRDA:301,34,0,0
BRDA:301,34,1,0
BRDA:305,35,0,0
BRDA:305,35,1,0
BRDA:306,36,0,0
BRDA:306,36,1,0
BRDA:337,37,0,0
BRDA:337,37,1,0
BRDA:337,38,0,0
BRDA:337,38,1,0
BRF:79
BRH:0
end_of_record
TN:
SF:controllers/connection.controller.js
FN:6,getConnections
FN:21,(anonymous_1)
FN:24,(anonymous_2)
FN:28,(anonymous_3)
FN:37,(anonymous_4)
FN:58,findConnectionByDiameter
FNF:6
FNH:0
FNDA:0,getConnections
FNDA:0,(anonymous_1)
FNDA:0,(anonymous_2)
FNDA:0,(anonymous_3)
FNDA:0,(anonymous_4)
FNDA:0,findConnectionByDiameter
DA:7,0
DA:9,0
DA:11,0
DA:14,0
DA:21,0
DA:23,0
DA:24,0
DA:29,0
DA:30,0
DA:31,0
DA:32,0
DA:33,0
DA:37,0
DA:38,0
DA:39,0
DA:42,0
DA:48,0
DA:59,0
DA:60,0
DA:61,0
DA:62,0
DA:67,0
DA:70,0
DA:72,0
DA:73,0
DA:79,0
DA:80,0
DA:82,0
DA:83,0
DA:84,0
DA:85,0
DA:86,0
DA:87,0
DA:91,0
DA:92,0
DA:94,0
DA:99,0
LF:37
LH:0
BRDA:14,0,0,0
BRDA:14,0,1,0
BRDA:26,1,0,0
BRDA:26,1,1,0
BRDA:29,2,0,0
BRDA:29,2,1,0
BRDA:30,3,0,0
BRDA:30,3,1,0
BRDA:32,4,0,0
BRDA:32,4,1,0
BRDA:38,5,0,0
BRDA:38,5,1,0
BRDA:39,6,0,0
BRDA:39,6,1,0
BRDA:45,7,0,0
BRDA:45,7,1,0
BRDA:61,8,0,0
BRDA:61,8,1,0
BRDA:72,9,0,0
BRDA:72,9,1,0
BRDA:83,10,0,0
BRDA:83,10,1,0
BRDA:85,11,0,0
BRDA:85,11,1,0
BRDA:91,12,0,0
BRDA:91,12,1,0
BRF:26
BRH:0
end_of_record
TN:
SF:controllers/draftRequest.controller.js
FN:8,normalizeCaseInfosImplantFields
FN:58,(anonymous_1)
FN:68,(anonymous_2)
FN:84,(anonymous_3)
FN:107,(anonymous_4)
FN:157,(anonymous_5)
FN:169,(anonymous_6)
FN:196,(anonymous_7)
FN:206,(anonymous_8)
FN:289,(anonymous_9)
FN:310,(anonymous_10)
FN:325,(anonymous_11)
FNF:12
FNH:0
FNDA:0,normalizeCaseInfosImplantFields
FNDA:0,(anonymous_1)
FNDA:0,(anonymous_2)
FNDA:0,(anonymous_3)
FNDA:0,(anonymous_4)
FNDA:0,(anonymous_5)
FNDA:0,(anonymous_6)
FNDA:0,(anonymous_7)
FNDA:0,(anonymous_8)
FNDA:0,(anonymous_9)
FNDA:0,(anonymous_10)
FNDA:0,(anonymous_11)
DA:9,0
DA:11,0
DA:12,0
DA:13,0
DA:14,0
DA:15,0
DA:17,0
DA:18,0
DA:26,0
DA:27,0
DA:29,0
DA:30,0
DA:38,0
DA:39,0
DA:49,0
DA:58,5
DA:59,0
DA:61,0
DA:65,0
DA:69,0
DA:70,0
DA:78,0
DA:84,5
DA:85,0
DA:87,0
DA:88,0
DA:91,0
DA:93,0
DA:94,0
DA:97,0
DA:98,0
DA:101,0
DA:107,5
DA:108,0
DA:110,0
DA:111,0
DA:115,0
DA:117,0
DA:118,0
DA:121,0
DA:122,0
DA:125,0
DA:127,0
DA:129,0
DA:136,0
DA:137,0
DA:139,0
DA:140,0
DA:141,0
DA:144,0
DA:145,0
DA:146,0
DA:149,0
DA:157,0
DA:158,0
DA:159,0
DA:161,0
DA:168,0
DA:170,0
DA:171,0
DA:179,0
DA:185,0
DA:186,0
DA:189,0
DA:191,0
DA:192,0
DA:193,0
DA:196,0
DA:200,0
DA:206,5
DA:207,0
DA:225,0
DA:227,0
DA:228,0
DA:231,0
DA:232,0
DA:236,0
DA:237,0
DA:240,0
DA:242,0
DA:243,0
DA:246,0
DA:247,0
DA:250,0
DA:258,0
DA:260,0
DA:277,0
DA:279,0
DA:281,0
DA:289,5
DA:290,0
DA:292,0
DA:293,0
DA:296,0
DA:298,0
DA:299,0
DA:302,0
DA:303,0
DA:306,0
DA:308,0
DA:309,0
DA:310,0
DA:313,0
DA:314,0
DA:317,0
DA:319,0
DA:325,5
DA:326,0
DA:328,0
DA:329,0
DA:332,0
DA:334,0
DA:335,0
DA:338,0
DA:339,0
DA:342,0
DA:344,0
LF:117
LH:6
BRDA:9,0,0,0
BRDA:9,0,1,0
BRDA:9,1,0,0
BRDA:9,1,1,0
BRDA:11,2,0,0
BRDA:11,2,1,0
BRDA:12,3,0,0
BRDA:12,3,1,0
BRDA:13,4,0,0
BRDA:13,4,1,0
BRDA:14,5,0,0
BRDA:14,5,1,0
BRDA:17,6,0,0
BRDA:17,6,1,0
BRDA:17,7,0,0
BRDA:17,7,1,0
BRDA:17,7,2,0
BRDA:27,8,0,0
BRDA:27,8,1,0
BRDA:29,9,0,0
BRDA:29,9,1,0
BRDA:29,10,0,0
BRDA:29,10,1,0
BRDA:29,10,2,0
BRDA:38,11,0,0
BRDA:38,11,1,0
BRDA:59,12,0,0
BRDA:59,13,0,0
BRDA:59,13,1,0
BRDA:61,14,0,0
BRDA:61,14,1,0
BRDA:72,15,0,0
BRDA:72,15,1,0
BRDA:72,15,2,0
BRDA:87,16,0,0
BRDA:87,16,1,0
BRDA:93,17,0,0
BRDA:93,17,1,0
BRDA:97,18,0,0
BRDA:97,18,1,0
BRDA:110,19,0,0
BRDA:110,19,1,0
BRDA:117,20,0,0
BRDA:117,20,1,0
BRDA:121,21,0,0
BRDA:121,21,1,0
BRDA:125,22,0,0
BRDA:125,22,1,0
BRDA:127,23,0,0
BRDA:127,23,1,0
BRDA:141,24,0,0
BRDA:141,24,1,0
BRDA:145,25,0,0
BRDA:145,25,1,0
BRDA:149,26,0,0
BRDA:149,26,1,0
BRDA:158,27,0,0
BRDA:158,27,1,0
BRDA:159,28,0,0
BRDA:159,28,1,0
BRDA:163,29,0,0
BRDA:163,29,1,0
BRDA:163,29,2,0
BRDA:164,30,0,0
BRDA:164,30,1,0
BRDA:164,30,2,0
BRDA:185,31,0,0
BRDA:185,31,1,0
BRDA:192,32,0,0
BRDA:192,32,1,0
BRDA:225,33,0,0
BRDA:225,33,1,0
BRDA:227,34,0,0
BRDA:227,34,1,0
BRDA:231,35,0,0
BRDA:231,35,1,0
BRDA:231,36,0,0
BRDA:231,36,1,0
BRDA:231,36,2,0
BRDA:236,37,0,0
BRDA:236,37,1,0
BRDA:236,38,0,0
BRDA:236,38,1,0
BRDA:242,39,0,0
BRDA:242,39,1,0
BRDA:246,40,0,0
BRDA:246,40,1,0
BRDA:251,41,0,0
BRDA:251,41,1,0
BRDA:251,42,0,0
BRDA:251,42,1,0
BRDA:258,43,0,0
BRDA:258,43,1,0
BRDA:273,44,0,0
BRDA:273,44,1,0
BRDA:292,45,0,0
BRDA:292,45,1,0
BRDA:298,46,0,0
BRDA:298,46,1,0
BRDA:302,47,0,0
BRDA:302,47,1,0
BRDA:306,48,0,0
BRDA:306,48,1,0
BRDA:313,49,0,0
BRDA:313,49,1,0
BRDA:328,50,0,0
BRDA:328,50,1,0
BRDA:334,51,0,0
BRDA:334,51,1,0
BRDA:338,52,0,0
BRDA:338,52,1,0
BRF:111
BRH:0
end_of_record
TN:
SF:controllers/file.controller.js
FN:9,(anonymous_0)
FN:18,(anonymous_1)
FN:28,(anonymous_2)
FN:116,(anonymous_3)
FN:166,(anonymous_4)
FN:220,(anonymous_5)
FN:262,(anonymous_6)
FN:308,(anonymous_7)
FN:336,(anonymous_8)
FN:375,(anonymous_9)
FNF:10
FNH:0
FNDA:0,(anonymous_0)
FNDA:0,(anonymous_1)
FNDA:0,(anonymous_2)
FNDA:0,(anonymous_3)
FNDA:0,(anonymous_4)
FNDA:0,(anonymous_5)
FNDA:0,(anonymous_6)
FNDA:0,(anonymous_7)
FNDA:0,(anonymous_8)
FNDA:0,(anonymous_9)
DA:9,5
DA:10,0
DA:11,0
DA:12,0
DA:13,0
DA:14,0
DA:18,5
DA:19,0
DA:20,0
DA:21,0
DA:23,0
DA:28,5
DA:29,0
DA:31,0
DA:32,0
DA:35,0
DA:37,0
DA:39,0
DA:40,0
DA:43,0
DA:45,0
DA:46,0
DA:47,0
DA:48,0
DA:50,0
DA:53,0
DA:56,0
DA:62,0
DA:65,0
DA:74,0
DA:75,0
DA:78,0
DA:81,0
DA:85,0
DA:87,0
DA:88,0
DA:92,0
DA:94,0
DA:108,0
DA:111,0
DA:116,5
DA:122,0
DA:123,0
DA:125,0
DA:126,0
DA:129,0
DA:130,0
DA:133,0
DA:134,0
DA:137,0
DA:138,0
DA:139,0
DA:142,0
DA:144,0
DA:145,0
DA:148,0
DA:161,0
DA:166,5
DA:174,0
DA:176,0
DA:179,0
DA:180,0
DA:183,0
DA:184,0
DA:185,0
DA:187,0
DA:190,0
DA:191,0
DA:194,0
DA:202,0
DA:204,0
DA:214,0
DA:220,5
DA:228,0
DA:230,0
DA:232,0
DA:233,0
DA:236,0
DA:244,0
DA:246,0
DA:256,0
DA:262,5
DA:263,0
DA:265,0
DA:266,0
DA:275,0
DA:277,0
DA:279,0
DA:280,0
DA:283,0
DA:291,0
DA:293,0
DA:303,0
DA:308,5
DA:309,0
DA:310,0
DA:311,0
DA:314,0
DA:319,0
DA:320,0
DA:324,0
DA:328,0
DA:331,0
DA:336,5
DA:337,0
DA:338,0
DA:339,0
DA:342,0
DA:344,0
DA:345,0
DA:349,0
DA:353,0
DA:356,0
DA:358,0
DA:364,0
DA:367,0
DA:369,0
DA:375,5
DA:376,0
DA:377,0
DA:378,0
DA:381,0
DA:383,0
DA:384,0
DA:387,0
DA:388,0
LF:126
LH:10
BRDA:11,0,0,0
BRDA:11,0,1,0
BRDA:12,1,0,0
BRDA:12,1,1,0
BRDA:13,2,0,0
BRDA:13,2,1,0
BRDA:19,3,0,0
BRDA:19,3,1,0
BRDA:19,4,0,0
BRDA:19,4,1,0
BRDA:29,5,0,0
BRDA:29,5,1,0
BRDA:31,6,0,0
BRDA:31,6,1,0
BRDA:45,7,0,0
BRDA:45,7,1,0
BRDA:47,8,0,0
BRDA:47,8,1,0
BRDA:62,9,0,0
BRDA:62,9,1,0
BRDA:78,10,0,0
BRDA:78,10,1,0
BRDA:87,11,0,0
BRDA:87,11,1,0
BRDA:87,12,0,0
BRDA:87,12,1,0
BRDA:92,13,0,0
BRDA:92,13,1,0
BRDA:99,14,0,0
BRDA:99,14,1,0
BRDA:100,15,0,0
BRDA:100,15,1,0
BRDA:119,16,0,0
BRDA:121,17,0,0
BRDA:125,18,0,0
BRDA:125,18,1,0
BRDA:129,19,0,0
BRDA:129,19,1,0
BRDA:133,20,0,0
BRDA:133,20,1,0
BRDA:138,21,0,0
BRDA:138,21,1,0
BRDA:144,22,0,0
BRDA:144,22,1,0
BRDA:144,23,0,0
BRDA:144,23,1,0
BRDA:144,23,2,0
BRDA:157,24,0,0
BRDA:157,24,1,0
BRDA:168,25,0,0
BRDA:169,26,0,0
BRDA:170,27,0,0
BRDA:171,28,0,0
BRDA:179,29,0,0
BRDA:179,29,1,0
BRDA:183,30,0,0
BRDA:183,30,1,0
BRDA:184,31,0,0
BRDA:184,31,1,0
BRDA:190,32,0,0
BRDA:190,32,1,0
BRDA:197,33,0,0
BRDA:197,33,1,0
BRDA:223,34,0,0
BRDA:224,35,0,0
BRDA:225,36,0,0
BRDA:226,37,0,0
BRDA:232,38,0,0
BRDA:232,38,1,0
BRDA:239,39,0,0
BRDA:239,39,1,0
BRDA:265,40,0,0
BRDA:265,40,1,0
BRDA:270,41,0,0
BRDA:271,42,0,0
BRDA:272,43,0,0
BRDA:273,44,0,0
BRDA:279,45,0,0
BRDA:279,45,1,0
BRDA:286,46,0,0
BRDA:286,46,1,0
BRDA:310,47,0,0
BRDA:310,47,1,0
BRDA:319,48,0,0
BRDA:319,48,1,0
BRDA:324,49,0,0
BRDA:324,49,1,0
BRDA:325,50,0,0
BRDA:325,50,1,0
BRDA:338,51,0,0
BRDA:338,51,1,0
BRDA:344,52,0,0
BRDA:344,52,1,0
BRDA:349,53,0,0
BRDA:349,53,1,0
BRDA:349,53,2,0
BRDA:353,54,0,0
BRDA:353,54,1,0
BRDA:353,54,2,0
BRDA:358,55,0,0
BRDA:358,55,1,0
BRDA:359,56,0,0
BRDA:359,56,1,0
BRDA:359,56,2,0
BRDA:359,56,3,0
BRDA:377,57,0,0
BRDA:377,57,1,0
BRDA:383,58,0,0
BRDA:383,58,1,0
BRF:109
BRH:0
end_of_record
TN:
SF:controllers/filenameRule.controller.js
FN:12,(anonymous_0)
FN:19,(anonymous_1)
FN:41,(anonymous_2)
FN:74,(anonymous_3)
FN:126,(anonymous_4)
FN:162,(anonymous_5)
FN:195,(anonymous_6)
FN:226,(anonymous_7)
FN:264,(anonymous_8)
FN:301,(anonymous_9)
FNF:10
FNH:0
FNDA:0,(anonymous_0)
FNDA:0,(anonymous_1)
FNDA:0,(anonymous_2)
FNDA:0,(anonymous_3)
FNDA:0,(anonymous_4)
FNDA:0,(anonymous_5)
FNDA:0,(anonymous_6)
FNDA:0,(anonymous_7)
FNDA:0,(anonymous_8)
FNDA:0,(anonymous_9)
DA:12,5
DA:13,0
DA:14,0
DA:19,0
DA:24,0
DA:29,0
DA:30,0
DA:41,5
DA:42,0
DA:43,0
DA:45,0
DA:46,0
DA:47,0
DA:49,0
DA:50,0
DA:53,0
DA:57,0
DA:62,0
DA:63,0
DA:74,5
DA:75,0
DA:85,0
DA:88,0
DA:89,0
DA:90,0
DA:96,0
DA:107,0
DA:109,0
DA:114,0
DA:115,0
DA:126,5
DA:127,0
DA:128,0
DA:129,0
DA:132,0
DA:134,0
DA:138,0
DA:139,0
DA:145,0
DA:150,0
DA:151,0
DA:162,5
DA:163,0
DA:164,0
DA:166,0
DA:167,0
DA:168,0
DA:174,0
DA:175,0
DA:176,0
DA:178,0
DA:183,0
DA:184,0
DA:195,5
DA:196,0
DA:197,0
DA:199,0
DA:201,0
DA:202,0
DA:208,0
DA:214,0
DA:215,0
DA:226,5
DA:227,0
DA:228,0
DA:242,0
DA:252,0
DA:253,0
DA:264,5
DA:265,0
DA:266,0
DA:268,0
DA:269,0
DA:270,0
DA:278,0
DA:280,0
DA:281,0
DA:282,0
DA:284,0
DA:289,0
DA:290,0
DA:301,5
DA:302,0
DA:303,0
DA:305,0
DA:306,0
DA:312,0
DA:314,0
DA:315,0
DA:316,0
DA:318,0
DA:324,0
DA:327,0
DA:333,0
DA:334,0
LF:95
LH:9
BRDA:21,0,0,0
BRDA:21,0,1,0
BRDA:46,1,0,0
BRDA:46,1,1,0
BRDA:49,2,0,0
BRDA:49,2,1,0
BRDA:89,3,0,0
BRDA:89,3,1,0
BRDA:138,4,0,0
BRDA:138,4,1,0
BRDA:167,5,0,0
BRDA:167,5,1,0
BRDA:201,6,0,0
BRDA:201,6,1,0
BRDA:244,7,0,0
BRDA:244,7,1,0
BRDA:269,8,0,0
BRDA:269,8,1,0
BRDA:278,9,0,0
BRDA:278,9,1,0
BRDA:305,10,0,0
BRDA:305,10,1,0
BRF:22
BRH:0
end_of_record
TN:
SF:controllers/implantPreset.controller.js
FN:4,findPreset
FNF:1
FNH:0
FNDA:0,findPreset
DA:5,0
DA:6,0
DA:7,0
DA:10,0
DA:11,0
DA:18,0
DA:24,0
DA:25,0
DA:27,0
DA:30,0
DA:32,0
DA:33,0
DA:35,0
DA:40,0
LF:14
LH:0
BRDA:10,0,0,0
BRDA:10,0,1,0
BRDA:10,1,0,0
BRDA:10,1,1,0
BRDA:24,2,0,0
BRDA:24,2,1,0
BRDA:24,3,0,0
BRDA:24,3,1,0
BRDA:32,4,0,0
BRDA:32,4,1,0
BRF:10
BRH:0
end_of_record
TN:
SF:controllers/machine.controller.js
FN:16,withBridgeHeaders
FN:25,getMachines
FN:45,syncBridgeMachines
FN:71,(anonymous_3)
FN:96,getMachineStatusProxy
FN:103,(anonymous_5)
FN:114,sendControl
FN:144,(anonymous_7)
FN:155,resetMachineProxy
FN:160,startMachineProxy
FN:165,callRawProxy
FN:223,(anonymous_11)
FN:235,upsertMachine
FN:279,(anonymous_13)
FN:327,deleteMachine
FNF:15
FNH:0
FNDA:0,withBridgeHeaders
FNDA:0,getMachines
FNDA:0,syncBridgeMachines
FNDA:0,(anonymous_3)
FNDA:0,getMachineStatusProxy
FNDA:0,(anonymous_5)
FNDA:0,sendControl
FNDA:0,(anonymous_7)
FNDA:0,resetMachineProxy
FNDA:0,startMachineProxy
FNDA:0,callRawProxy
FNDA:0,(anonymous_11)
FNDA:0,upsertMachine
FNDA:0,(anonymous_13)
FNDA:0,deleteMachine
DA:2,5
DA:5,5
DA:6,5
DA:7,5
DA:8,5
DA:9,5
DA:10,5
DA:12,5
DA:17,0
DA:18,0
DA:19,0
DA:21,0
DA:26,0
DA:27,0
DA:29,0
DA:30,0
DA:32,0
DA:33,0
DA:35,0
DA:36,0
DA:46,0
DA:47,0
DA:51,0
DA:52,0
DA:60,0
DA:61,0
DA:63,0
DA:64,0
DA:65,0
DA:66,0
DA:71,0
DA:72,0
DA:73,0
DA:75,0
DA:76,0
DA:79,0
DA:80,0
DA:84,0
DA:86,0
DA:87,0
DA:97,0
DA:98,0
DA:99,0
DA:103,0
DA:104,0
DA:106,0
DA:107,0
DA:115,0
DA:117,0
DA:118,0
DA:119,0
DA:125,0
DA:128,0
DA:129,0
DA:130,0
DA:131,0
DA:132,0
DA:137,0
DA:139,0
DA:140,0
DA:144,0
DA:145,0
DA:147,0
DA:148,0
DA:156,0
DA:161,0
DA:166,0
DA:167,0
DA:168,0
DA:169,0
DA:179,0
DA:180,0
DA:181,0
DA:182,0
DA:183,0
DA:185,0
DA:186,0
DA:189,0
DA:198,0
DA:206,0
DA:211,0
DA:214,0
DA:218,0
DA:223,0
DA:224,0
DA:226,0
DA:227,0
DA:236,0
DA:238,0
DA:239,0
DA:240,0
DA:242,0
DA:243,0
DA:249,0
DA:264,0
DA:271,0
DA:272,0
DA:273,0
DA:274,0
DA:279,0
DA:280,0
DA:284,0
DA:285,0
DA:288,0
DA:289,0
DA:297,0
DA:298,0
DA:309,0
DA:313,0
DA:317,0
DA:318,0
DA:328,0
DA:329,0
DA:330,0
DA:332,0
DA:336,0
DA:337,0
DA:338,0
DA:344,0
DA:345,0
DA:350,0
DA:353,0
DA:355,0
DA:356,0
LF:124
LH:8
BRDA:5,0,0,5
BRDA:5,0,1,5
BRDA:6,1,0,5
BRDA:6,1,1,5
BRDA:16,2,0,0
BRDA:18,3,0,0
BRDA:18,3,1,0
BRDA:29,4,0,0
BRDA:29,4,1,0
BRDA:29,5,0,0
BRDA:29,5,1,0
BRDA:51,6,0,0
BRDA:51,6,1,0
BRDA:51,7,0,0
BRDA:51,7,1,0
BRDA:64,8,0,0
BRDA:64,8,1,0
BRDA:64,9,0,0
BRDA:64,9,1,0
BRDA:64,9,2,0
BRDA:72,10,0,0
BRDA:72,10,1,0
BRDA:72,11,0,0
BRDA:72,11,1,0
BRDA:72,11,2,0
BRDA:118,12,0,0
BRDA:118,12,1,0
BRDA:118,13,0,0
BRDA:118,13,1,0
BRDA:118,13,2,0
BRDA:130,14,0,0
BRDA:130,14,1,0
BRDA:131,15,0,0
BRDA:131,15,1,0
BRDA:179,16,0,0
BRDA:179,16,1,0
BRDA:179,17,0,0
BRDA:179,17,1,0
BRDA:180,18,0,0
BRDA:180,18,1,0
BRDA:182,19,0,0
BRDA:182,19,1,0
BRDA:183,20,0,0
BRDA:183,20,1,0
BRDA:186,21,0,0
BRDA:186,21,1,0
BRDA:192,22,0,0
BRDA:192,22,1,0
BRDA:200,23,0,0
BRDA:200,23,1,0
BRDA:215,24,0,0
BRDA:215,24,1,0
BRDA:216,25,0,0
BRDA:216,25,1,0
BRDA:240,26,0,0
BRDA:240,26,1,0
BRDA:242,27,0,0
BRDA:242,27,1,0
BRDA:257,28,0,0
BRDA:257,28,1,0
BRDA:258,29,0,0
BRDA:258,29,1,0
BRDA:260,30,0,0
BRDA:260,30,1,0
BRDA:272,31,0,0
BRDA:272,31,1,0
BRDA:272,32,0,0
BRDA:272,32,1,0
BRDA:282,33,0,0
BRDA:282,33,1,0
BRDA:284,34,0,0
BRDA:284,34,1,0
BRDA:284,35,0,0
BRDA:284,35,1,0
BRDA:284,35,2,0
BRDA:292,36,0,0
BRDA:292,36,1,0
BRDA:332,37,0,0
BRDA:332,37,1,0
BRDA:332,38,0,0
BRDA:332,38,1,0
BRDA:337,39,0,0
BRDA:337,39,1,0
BRF:83
BRH:4
end_of_record
TN:
SF:controllers/parseLog.controller.js
FN:13,(anonymous_0)
FN:81,(anonymous_1)
FN:132,(anonymous_2)
FN:195,(anonymous_3)
FN:270,(anonymous_4)
FN:311,(anonymous_5)
FN:346,(anonymous_6)
FN:361,(anonymous_7)
FN:362,(anonymous_8)
FNF:9
FNH:0
FNDA:0,(anonymous_0)
FNDA:0,(anonymous_1)
FNDA:0,(anonymous_2)
FNDA:0,(anonymous_3)
FNDA:0,(anonymous_4)
FNDA:0,(anonymous_5)
FNDA:0,(anonymous_6)
FNDA:0,(anonymous_7)
FNDA:0,(anonymous_8)
DA:13,5
DA:14,0
DA:15,0
DA:17,0
DA:21,0
DA:26,0
DA:27,0
DA:28,0
DA:30,0
DA:31,0
DA:33,0
DA:34,0
DA:37,0
DA:48,0
DA:51,0
DA:52,0
DA:63,0
DA:68,0
DA:69,0
DA:81,5
DA:82,0
DA:83,0
DA:85,0
DA:87,0
DA:88,0
DA:91,0
DA:92,0
DA:93,0
DA:94,0
DA:96,0
DA:97,0
DA:101,0
DA:107,0
DA:109,0
DA:120,0
DA:121,0
DA:132,5
DA:133,0
DA:134,0
DA:136,0
DA:138,0
DA:139,0
DA:140,0
DA:141,0
DA:143,0
DA:144,0
DA:149,0
DA:162,0
DA:175,0
DA:183,0
DA:184,0
DA:195,5
DA:196,0
DA:197,0
DA:199,0
DA:201,0
DA:202,0
DA:205,0
DA:206,0
DA:207,0
DA:208,0
DA:210,0
DA:211,0
DA:215,0
DA:248,0
DA:258,0
DA:259,0
DA:270,5
DA:271,0
DA:272,0
DA:274,0
DA:276,0
DA:277,0
DA:280,0
DA:281,0
DA:282,0
DA:283,0
DA:285,0
DA:286,0
DA:290,0
DA:292,0
DA:293,0
DA:297,0
DA:299,0
DA:300,0
DA:311,5
DA:312,0
DA:313,0
DA:315,0
DA:317,0
DA:318,0
DA:321,0
DA:322,0
DA:323,0
DA:324,0
DA:326,0
DA:327,0
DA:331,0
DA:333,0
DA:346,0
DA:359,0
DA:362,0
DA:366,0
DA:367,0
DA:371,0
DA:373,0
DA:374,0
LF:107
LH:6
BRDA:21,0,0,0
BRDA:21,0,1,0
BRDA:21,0,2,0
BRDA:21,1,0,0
BRDA:21,1,1,0
BRDA:21,2,0,0
BRDA:21,2,1,0
BRDA:22,3,0,0
BRDA:22,3,1,0
BRDA:22,4,0,0
BRDA:22,4,1,0
BRDA:23,5,0,0
BRDA:23,5,1,0
BRDA:23,6,0,0
BRDA:23,6,1,0
BRDA:27,7,0,0
BRDA:27,7,1,0
BRDA:27,8,0,0
BRDA:27,8,1,0
BRDA:27,9,0,0
BRDA:27,9,1,0
BRDA:30,10,0,0
BRDA:30,10,1,0
BRDA:30,11,0,0
BRDA:30,11,1,0
BRDA:30,12,0,0
BRDA:30,12,1,0
BRDA:33,13,0,0
BRDA:33,13,1,0
BRDA:33,14,0,0
BRDA:33,14,1,0
BRDA:33,15,0,0
BRDA:33,15,1,0
BRDA:51,16,0,0
BRDA:51,16,1,0
BRDA:57,17,0,0
BRDA:57,17,1,0
BRDA:83,18,0,0
BRDA:83,19,0,0
BRDA:87,20,0,0
BRDA:87,20,1,0
BRDA:91,21,0,0
BRDA:91,21,1,0
BRDA:91,22,0,0
BRDA:91,22,1,0
BRDA:93,23,0,0
BRDA:93,23,1,0
BRDA:96,24,0,0
BRDA:96,24,1,0
BRDA:138,25,0,0
BRDA:138,25,1,0
BRDA:138,26,0,0
BRDA:138,26,1,0
BRDA:140,27,0,0
BRDA:140,27,1,0
BRDA:143,28,0,0
BRDA:143,28,1,0
BRDA:201,29,0,0
BRDA:201,29,1,0
BRDA:205,30,0,0
BRDA:205,30,1,0
BRDA:205,31,0,0
BRDA:205,31,1,0
BRDA:207,32,0,0
BRDA:207,32,1,0
BRDA:210,33,0,0
BRDA:210,33,1,0
BRDA:250,34,0,0
BRDA:250,34,1,0
BRDA:276,35,0,0
BRDA:276,35,1,0
BRDA:280,36,0,0
BRDA:280,36,1,0
BRDA:280,37,0,0
BRDA:280,37,1,0
BRDA:282,38,0,0
BRDA:282,38,1,0
BRDA:285,39,0,0
BRDA:285,39,1,0
BRDA:317,40,0,0
BRDA:317,40,1,0
BRDA:321,41,0,0
BRDA:321,41,1,0
BRDA:321,42,0,0
BRDA:321,42,1,0
BRDA:323,43,0,0
BRDA:323,43,1,0
BRDA:326,44,0,0
BRDA:326,44,1,0
BRDA:348,45,0,0
BRDA:348,45,1,0
BRDA:349,46,0,0
BRDA:349,46,1,0
BRDA:350,47,0,0
BRDA:350,47,1,0
BRDA:351,48,0,0
BRDA:351,48,1,0
BRDA:352,49,0,0
BRDA:352,49,1,0
BRDA:353,50,0,0
BRDA:353,50,1,0
BRDA:354,51,0,0
BRDA:354,51,1,0
BRDA:355,52,0,0
BRDA:355,52,1,0
BRF:105
BRH:0
end_of_record
TN:
SF:controllers/request.controller.js
FN:16,formatEtaLabelFromNow
FN:25,getDeliveryEtaLeadDays
FN:42,getDashboardRiskSummary
FN:85,(anonymous_3)
FN:112,(anonymous_4)
FN:127,(anonymous_5)
FN:184,(anonymous_6)
FN:186,(anonymous_7)
FN:189,(anonymous_8)
FN:191,(anonymous_9)
FN:216,applyStatusMapping
FN:261,normalizeCaseInfosImplantFields
FN:329,normalizeRequestForResponse
FN:341,ensureLotNumberForMachining
FN:351,computePriceForRequest
FN:442,(anonymous_15)
FN:478,createRequest
FN:582,(anonymous_17)
FN:596,(anonymous_18)
FN:703,(anonymous_19)
FN:724,cloneRequestToDraft
FN:781,(anonymous_21)
FN:805,createRequestsFromDraft
FN:843,(anonymous_23)
FN:863,(anonymous_24)
FN:963,(anonymous_25)
FN:989,hasDuplicateCase
FN:1036,getAllRequests
FN:1078,(anonymous_28)
FN:1080,(anonymous_29)
FN:1119,getMyRequests
FN:1188,getRequestById
FN:1241,updateRequest
FN:1285,(anonymous_33)
FN:1338,updateRequestStatus
FN:1433,addMessage
FN:1504,deleteRequest
FN:1554,computeDiameterStats
FN:1591,(anonymous_38)
FN:1613,(anonymous_39)
FN:1627,getDiameterStats
FN:1663,getMyDashboardSummary
FN:1699,(anonymous_42)
FN:1706,(anonymous_43)
FN:1710,(anonymous_44)
FN:1713,(anonymous_45)
FN:1716,(anonymous_46)
FN:1727,(anonymous_47)
FN:1751,(anonymous_48)
FN:1761,(anonymous_49)
FN:1788,(anonymous_50)
FN:1803,(anonymous_51)
FN:1851,(anonymous_52)
FN:1853,(anonymous_53)
FN:1856,(anonymous_54)
FN:1858,(anonymous_55)
FN:1874,(anonymous_56)
FN:1880,(anonymous_57)
FN:1929,getMyPricingReferralStats
FN:1950,(anonymous_59)
FN:2072,getMyBulkShipping
FN:2083,(anonymous_61)
FN:2097,(anonymous_62)
FN:2098,(anonymous_63)
FN:2100,(anonymous_64)
FN:2121,createMyBulkShipping
FN:2155,(anonymous_66)
FNF:67
FNH:0
FNDA:0,formatEtaLabelFromNow
FNDA:0,getDeliveryEtaLeadDays
FNDA:0,getDashboardRiskSummary
FNDA:0,(anonymous_3)
FNDA:0,(anonymous_4)
FNDA:0,(anonymous_5)
FNDA:0,(anonymous_6)
FNDA:0,(anonymous_7)
FNDA:0,(anonymous_8)
FNDA:0,(anonymous_9)
FNDA:0,applyStatusMapping
FNDA:0,normalizeCaseInfosImplantFields
FNDA:0,normalizeRequestForResponse
FNDA:0,ensureLotNumberForMachining
FNDA:0,computePriceForRequest
FNDA:0,(anonymous_15)
FNDA:0,createRequest
FNDA:0,(anonymous_17)
FNDA:0,(anonymous_18)
FNDA:0,(anonymous_19)
FNDA:0,cloneRequestToDraft
FNDA:0,(anonymous_21)
FNDA:0,createRequestsFromDraft
FNDA:0,(anonymous_23)
FNDA:0,(anonymous_24)
FNDA:0,(anonymous_25)
FNDA:0,hasDuplicateCase
FNDA:0,getAllRequests
FNDA:0,(anonymous_28)
FNDA:0,(anonymous_29)
FNDA:0,getMyRequests
FNDA:0,getRequestById
FNDA:0,updateRequest
FNDA:0,(anonymous_33)
FNDA:0,updateRequestStatus
FNDA:0,addMessage
FNDA:0,deleteRequest
FNDA:0,computeDiameterStats
FNDA:0,(anonymous_38)
FNDA:0,(anonymous_39)
FNDA:0,getDiameterStats
FNDA:0,getMyDashboardSummary
FNDA:0,(anonymous_42)
FNDA:0,(anonymous_43)
FNDA:0,(anonymous_44)
FNDA:0,(anonymous_45)
FNDA:0,(anonymous_46)
FNDA:0,(anonymous_47)
FNDA:0,(anonymous_48)
FNDA:0,(anonymous_49)
FNDA:0,(anonymous_50)
FNDA:0,(anonymous_51)
FNDA:0,(anonymous_52)
FNDA:0,(anonymous_53)
FNDA:0,(anonymous_54)
FNDA:0,(anonymous_55)
FNDA:0,(anonymous_56)
FNDA:0,(anonymous_57)
FNDA:0,getMyPricingReferralStats
FNDA:0,(anonymous_59)
FNDA:0,getMyBulkShipping
FNDA:0,(anonymous_61)
FNDA:0,(anonymous_62)
FNDA:0,(anonymous_63)
FNDA:0,(anonymous_64)
FNDA:0,createMyBulkShipping
FNDA:0,(anonymous_66)
DA:9,5
DA:17,0
DA:18,0
DA:19,0
DA:20,0
DA:21,0
DA:22,0
DA:26,0
DA:27,0
DA:33,0
DA:38,0
DA:43,0
DA:44,0
DA:46,0
DA:47,0
DA:48,0
DA:49,0
DA:50,0
DA:52,0
DA:53,0
DA:54,0
DA:57,0
DA:64,0
DA:75,0
DA:81,0
DA:82,0
DA:83,0
DA:85,0
DA:86,0
DA:89,0
DA:91,0
DA:94,0
DA:97,0
DA:99,0
DA:100,0
DA:101,0
DA:102,0
DA:104,0
DA:105,0
DA:106,0
DA:107,0
DA:111,0
DA:112,0
DA:114,0
DA:115,0
DA:116,0
DA:117,0
DA:127,0
DA:128,0
DA:129,0
DA:134,0
DA:135,0
DA:137,0
DA:140,0
DA:142,0
DA:145,0
DA:150,0
DA:155,0
DA:156,0
DA:157,0
DA:159,0
DA:160,0
DA:161,0
DA:163,0
DA:166,0
DA:181,0
DA:184,0
DA:186,0
DA:189,0
DA:191,0
DA:194,0
DA:206,0
DA:207,0
DA:217,0
DA:219,0
DA:220,0
DA:222,0
DA:224,0
DA:225,0
DA:226,0
DA:228,0
DA:229,0
DA:230,0
DA:232,0
DA:233,0
DA:234,0
DA:236,0
DA:237,0
DA:238,0
DA:240,0
DA:241,0
DA:242,0
DA:244,0
DA:245,0
DA:246,0
DA:248,0
DA:249,0
DA:250,0
DA:253,0
DA:256,0
DA:257,0
DA:258,0
DA:262,0
DA:264,0
DA:265,0
DA:266,0
DA:267,0
DA:268,0
DA:271,0
DA:272,0
DA:283,0
DA:284,0
DA:285,0
DA:289,0
DA:290,0
DA:301,0
DA:302,0
DA:310,0
DA:311,0
DA:321,0
DA:330,0
DA:332,0
DA:335,0
DA:336,0
DA:337,0
DA:344,0
DA:345,0
DA:348,0
DA:357,0
DA:358,0
DA:359,0
DA:360,0
DA:361,0
DA:363,0
DA:366,0
DA:367,0
DA:368,0
DA:379,0
DA:380,0
DA:397,0
DA:401,0
DA:404,0
DA:405,0
DA:406,0
DA:407,0
DA:408,0
DA:426,0
DA:427,0
DA:428,0
DA:435,0
DA:442,0
DA:444,0
DA:451,0
DA:452,0
DA:456,0
DA:458,0
DA:479,0
DA:481,0
DA:482,0
DA:483,0
DA:489,0
DA:490,0
DA:493,0
DA:494,0
DA:497,0
DA:498,0
DA:499,0
DA:500,0
DA:503,0
DA:504,0
DA:510,0
DA:513,0
DA:516,0
DA:517,0
DA:519,0
DA:520,0
DA:526,0
DA:527,0
DA:534,0
DA:541,0
DA:547,0
DA:548,0
DA:549,0
DA:557,0
DA:559,0
DA:561,0
DA:565,0
DA:568,0
DA:569,0
DA:570,0
DA:571,0
DA:572,0
DA:574,0
DA:575,0
DA:576,0
DA:581,0
DA:584,0
DA:588,0
DA:591,0
DA:592,0
DA:593,0
DA:594,0
DA:595,0
DA:596,0
DA:598,0
DA:602,0
DA:609,0
DA:611,0
DA:612,0
DA:615,0
DA:616,0
DA:617,0
DA:618,0
DA:621,0
DA:622,0
DA:628,0
DA:631,0
DA:634,0
DA:635,0
DA:637,0
DA:638,0
DA:644,0
DA:645,0
DA:652,0
DA:659,0
DA:666,0
DA:668,0
DA:671,0
DA:674,0
DA:675,0
DA:676,0
DA:691,0
DA:695,0
DA:701,0
DA:703,0
DA:704,0
DA:710,0
DA:711,0
DA:725,0
DA:726,0
DA:728,0
DA:729,0
DA:735,0
DA:736,0
DA:737,0
DA:743,0
DA:744,0
DA:745,0
DA:746,0
DA:752,0
DA:753,0
DA:755,0
DA:757,0
DA:779,0
DA:781,0
DA:787,0
DA:793,0
DA:806,0
DA:807,0
DA:809,0
DA:810,0
DA:816,0
DA:818,0
DA:819,0
DA:825,0
DA:826,0
DA:832,0
DA:840,0
DA:841,0
DA:842,0
DA:843,0
DA:844,0
DA:845,0
DA:854,0
DA:855,0
DA:862,0
DA:863,0
DA:866,0
DA:867,0
DA:873,0
DA:874,0
DA:876,0
DA:877,0
DA:879,0
DA:881,0
DA:882,0
DA:883,0
DA:884,0
DA:887,0
DA:889,0
DA:892,0
DA:893,0
DA:896,0
DA:897,0
DA:900,0
DA:901,0
DA:902,0
DA:903,0
DA:905,0
DA:906,0
DA:907,0
DA:909,0
DA:910,0
DA:911,0
DA:915,0
DA:918,0
DA:925,0
DA:941,0
DA:949,0
DA:951,0
DA:952,0
DA:956,0
DA:957,0
DA:963,0
DA:969,0
DA:979,0
DA:980,0
DA:990,0
DA:991,0
DA:992,0
DA:993,0
DA:994,0
DA:996,0
DA:997,0
DA:1003,0
DA:1004,0
DA:1006,0
DA:1018,0
DA:1023,0
DA:1024,0
DA:1037,0
DA:1039,0
DA:1040,0
DA:1041,0
DA:1044,0
DA:1045,0
DA:1046,0
DA:1050,0
DA:1052,0
DA:1055,0
DA:1056,0
DA:1057,0
DA:1061,0
DA:1062,0
DA:1063,0
DA:1064,0
DA:1065,0
DA:1067,0
DA:1071,0
DA:1078,0
DA:1079,0
DA:1080,0
DA:1081,0
DA:1082,0
DA:1083,0
DA:1085,0
DA:1086,0
DA:1088,0
DA:1092,0
DA:1094,0
DA:1107,0
DA:1120,0
DA:1122,0
DA:1123,0
DA:1124,0
DA:1127,0
DA:1128,0
DA:1129,0
DA:1133,0
DA:1135,0
DA:1138,0
DA:1139,0
DA:1140,0
DA:1144,0
DA:1145,0
DA:1146,0
DA:1147,0
DA:1148,0
DA:1150,0
DA:1154,0
DA:1161,0
DA:1163,0
DA:1176,0
DA:1189,0
DA:1190,0
DA:1193,0
DA:1194,0
DA:1201,0
DA:1205,0
DA:1206,0
DA:1213,0
DA:1214,0
DA:1216,0
DA:1217,0
DA:1223,0
DA:1224,0
DA:1229,0
DA:1242,0
DA:1243,0
DA:1244,0
DA:1247,0
DA:1248,0
DA:1255,0
DA:1257,0
DA:1258,0
DA:1265,0
DA:1266,0
DA:1268,0
DA:1269,0
DA:1276,0
DA:1277,0
DA:1278,0
DA:1279,0
DA:1283,0
DA:1284,0
DA:1285,0
DA:1286,0
DA:1287,0
DA:1292,0
DA:1298,0
DA:1302,0
DA:1304,0
DA:1306,0
DA:1312,0
DA:1318,0
DA:1320,0
DA:1326,0
DA:1339,0
DA:1340,0
DA:1341,0
DA:1344,0
DA:1353,0
DA:1354,0
DA:1361,0
DA:1362,0
DA:1369,0
DA:1371,0
DA:1372,0
DA:1379,0
DA:1380,0
DA:1382,0
DA:1383,0
DA:1390,0
DA:1391,0
DA:1398,0
DA:1399,0
DA:1406,0
DA:1409,0
DA:1410,0
DA:1413,0
DA:1415,0
DA:1421,0
DA:1434,0
DA:1435,0
DA:1436,0
DA:1439,0
DA:1440,0
DA:1447,0
DA:1448,0
DA:1455,0
DA:1457,0
DA:1458,0
DA:1465,0
DA:1466,0
DA:1468,0
DA:1469,0
DA:1476,0
DA:1483,0
DA:1484,0
DA:1486,0
DA:1492,0
DA:1505,0
DA:1506,0
DA:1509,0
DA:1510,0
DA:1517,0
DA:1519,0
DA:1520,0
DA:1527,0
DA:1531,0
DA:1538,0
DA:1540,0
DA:1545,0
DA:1555,0
DA:1560,0
DA:1583,0
DA:1590,0
DA:1591,0
DA:1592,0
DA:1594,0
DA:1595,0
DA:1597,0
DA:1598,0
DA:1599,0
DA:1600,0
DA:1604,0
DA:1605,0
DA:1613,0
DA:1620,0
DA:1628,0
DA:1629,0
DA:1630,0
DA:1636,0
DA:1640,0
DA:1642,0
DA:1644,0
DA:1651,0
DA:1664,0
DA:1665,0
DA:1666,0
DA:1668,0
DA:1669,0
DA:1670,0
DA:1671,0
DA:1672,0
DA:1674,0
DA:1675,0
DA:1676,0
DA:1682,0
DA:1684,0
DA:1687,0
DA:1691,0
DA:1699,0
DA:1700,0
DA:1701,0
DA:1702,0
DA:1705,0
DA:1706,0
DA:1707,0
DA:1709,0
DA:1710,0
DA:1712,0
DA:1713,0
DA:1716,0
DA:1717,0
DA:1720,0
DA:1727,0
DA:1728,0
DA:1729,0
DA:1730,0
DA:1731,0
DA:1732,0
DA:1733,0
DA:1734,0
DA:1735,0
DA:1739,0
DA:1740,0
DA:1751,0
DA:1757,0
DA:1758,0
DA:1759,0
DA:1761,0
DA:1762,0
DA:1765,0
DA:1767,0
DA:1770,0
DA:1773,0
DA:1775,0
DA:1776,0
DA:1777,0
DA:1778,0
DA:1780,0
DA:1781,0
DA:1782,0
DA:1783,0
DA:1787,0
DA:1788,0
DA:1790,0
DA:1791,0
DA:1792,0
DA:1793,0
DA:1803,0
DA:1804,0
DA:1805,0
DA:1810,0
DA:1811,0
DA:1813,0
DA:1815,0
DA:1817,0
DA:1822,0
DA:1823,0
DA:1824,0
DA:1826,0
DA:1827,0
DA:1828,0
DA:1830,0
DA:1833,0
DA:1848,0
DA:1851,0
DA:1853,0
DA:1856,0
DA:1858,0
DA:1861,0
DA:1868,0
DA:1869,0
DA:1871,0
DA:1875,0
DA:1876,0
DA:1877,0
DA:1881,0
DA:1882,0
DA:1883,0
DA:1900,0
DA:1916,0
DA:1917,0
DA:1930,0
DA:1931,0
DA:1933,0
DA:1934,0
DA:1935,0
DA:1937,0
DA:1943,0
DA:1950,0
DA:1952,0
DA:1960,0
DA:1962,0
DA:1963,0
DA:1964,0
DA:1965,0
DA:1970,0
DA:1974,0
DA:1975,0
DA:1977,0
DA:1980,0
DA:1984,0
DA:1986,0
DA:1987,0
DA:1988,0
DA:1989,0
DA:1990,0
DA:1991,0
DA:1995,0
DA:1997,0
DA:2000,0
DA:2001,0
DA:2024,0
DA:2059,0
DA:2060,0
DA:2073,0
DA:2074,0
DA:2076,0
DA:2083,0
DA:2097,0
DA:2098,0
DA:2099,0
DA:2100,0
DA:2103,0
DA:2108,0
DA:2109,0
DA:2122,0
DA:2123,0
DA:2124,0
DA:2126,0
DA:2127,0
DA:2133,0
DA:2139,0
DA:2140,0
DA:2146,0
DA:2147,0
DA:2148,0
DA:2151,0
DA:2155,0
DA:2159,0
DA:2160,0
LF:664
LH:1
BRDA:17,0,0,0
BRDA:17,0,1,0
BRDA:17,1,0,0
BRDA:17,1,1,0
BRDA:35,2,0,0
BRDA:35,2,1,0
BRDA:44,3,0,0
BRDA:47,4,0,0
BRDA:47,4,1,0
BRDA:47,5,0,0
BRDA:47,5,1,0
BRDA:49,6,0,0
BRDA:49,6,1,0
BRDA:50,7,0,0
BRDA:50,7,1,0
BRDA:64,8,0,0
BRDA:64,8,1,0
BRDA:86,9,0,0
BRDA:86,9,1,0
BRDA:89,10,0,0
BRDA:89,10,1,0
BRDA:91,11,0,0
BRDA:91,11,1,0
BRDA:94,12,0,0
BRDA:94,12,1,0
BRDA:97,13,0,0
BRDA:97,13,1,0
BRDA:97,14,0,0
BRDA:97,14,1,0
BRDA:101,15,0,0
BRDA:101,15,1,0
BRDA:102,16,0,0
BRDA:102,16,1,0
BRDA:104,17,0,0
BRDA:104,17,1,0
BRDA:104,18,0,0
BRDA:104,18,1,0
BRDA:106,19,0,0
BRDA:106,19,1,0
BRDA:106,20,0,0
BRDA:106,20,1,0
BRDA:106,20,2,0
BRDA:116,21,0,0
BRDA:116,21,1,0
BRDA:128,22,0,0
BRDA:128,22,1,0
BRDA:129,23,0,0
BRDA:129,23,1,0
BRDA:131,24,0,0
BRDA:131,24,1,0
BRDA:134,25,0,0
BRDA:134,25,1,0
BRDA:135,26,0,0
BRDA:135,26,1,0
BRDA:137,27,0,0
BRDA:137,27,1,0
BRDA:140,28,0,0
BRDA:140,28,1,0
BRDA:140,28,2,0
BRDA:142,29,0,0
BRDA:142,29,1,0
BRDA:142,29,2,0
BRDA:145,30,0,0
BRDA:145,30,1,0
BRDA:150,31,0,0
BRDA:150,31,1,0
BRDA:150,31,2,0
BRDA:150,31,3,0
BRDA:150,32,0,0
BRDA:150,32,1,0
BRDA:155,33,0,0
BRDA:155,33,1,0
BRDA:156,34,0,0
BRDA:156,34,1,0
BRDA:157,35,0,0
BRDA:157,35,1,0
BRDA:160,36,0,0
BRDA:160,36,1,0
BRDA:174,37,0,0
BRDA:174,37,1,0
BRDA:184,38,0,0
BRDA:184,38,1,0
BRDA:184,39,0,0
BRDA:184,39,1,0
BRDA:189,40,0,0
BRDA:189,40,1,0
BRDA:189,41,0,0
BRDA:189,41,1,0
BRDA:217,42,0,0
BRDA:217,42,1,0
BRDA:217,42,2,0
BRDA:222,43,0,0
BRDA:222,43,1,0
BRDA:222,43,2,0
BRDA:222,43,3,0
BRDA:222,43,4,0
BRDA:222,43,5,0
BRDA:222,43,6,0
BRDA:222,43,7,0
BRDA:262,44,0,0
BRDA:262,44,1,0
BRDA:262,45,0,0
BRDA:262,45,1,0
BRDA:264,46,0,0
BRDA:264,46,1,0
BRDA:265,47,0,0
BRDA:265,47,1,0
BRDA:266,48,0,0
BRDA:266,48,1,0
BRDA:267,49,0,0
BRDA:267,49,1,0
BRDA:271,50,0,0
BRDA:271,50,1,0
BRDA:271,51,0,0
BRDA:271,51,1,0
BRDA:271,51,2,0
BRDA:283,52,0,0
BRDA:283,52,1,0
BRDA:285,53,0,0
BRDA:285,53,1,0
BRDA:289,54,0,0
BRDA:289,54,1,0
BRDA:289,55,0,0
BRDA:289,55,1,0
BRDA:289,55,2,0
BRDA:289,55,3,0
BRDA:293,56,0,0
BRDA:293,56,1,0
BRDA:301,57,0,0
BRDA:301,57,1,0
BRDA:301,58,0,0
BRDA:301,58,1,0
BRDA:301,58,2,0
BRDA:310,59,0,0
BRDA:310,59,1,0
BRDA:330,60,0,0
BRDA:330,60,1,0
BRDA:332,61,0,0
BRDA:332,61,1,0
BRDA:335,62,0,0
BRDA:335,62,1,0
BRDA:344,63,0,0
BRDA:344,63,1,0
BRDA:379,64,0,0
BRDA:379,64,1,0
BRDA:401,65,0,0
BRDA:401,65,1,0
BRDA:401,65,2,0
BRDA:402,66,0,0
BRDA:402,66,1,0
BRDA:404,67,0,0
BRDA:404,67,1,0
BRDA:407,68,0,0
BRDA:407,68,1,0
BRDA:444,69,0,0
BRDA:444,69,1,0
BRDA:463,70,0,0
BRDA:463,70,1,0
BRDA:481,71,0,0
BRDA:481,71,1,0
BRDA:481,72,0,0
BRDA:481,72,1,0
BRDA:493,73,0,0
BRDA:493,73,1,0
BRDA:493,74,0,0
BRDA:493,74,1,0
BRDA:497,75,0,0
BRDA:497,75,1,0
BRDA:498,76,0,0
BRDA:498,76,1,0
BRDA:499,77,0,0
BRDA:499,77,1,0
BRDA:500,78,0,0
BRDA:500,78,1,0
BRDA:503,79,0,0
BRDA:503,79,1,0
BRDA:514,80,0,0
BRDA:514,80,1,0
BRDA:516,81,0,0
BRDA:516,81,1,0
BRDA:517,82,0,0
BRDA:517,82,1,0
BRDA:519,83,0,0
BRDA:519,83,1,0
BRDA:519,84,0,0
BRDA:519,84,1,0
BRDA:519,84,2,0
BRDA:526,85,0,0
BRDA:526,85,1,0
BRDA:526,86,0,0
BRDA:526,86,1,0
BRDA:526,86,2,0
BRDA:561,87,0,0
BRDA:561,87,1,0
BRDA:565,88,0,0
BRDA:565,88,1,0
BRDA:568,89,0,0
BRDA:568,89,1,0
BRDA:569,90,0,0
BRDA:569,90,1,0
BRDA:571,91,0,0
BRDA:571,91,1,0
BRDA:575,92,0,0
BRDA:575,92,1,0
BRDA:575,93,0,0
BRDA:575,93,1,0
BRDA:584,94,0,0
BRDA:584,94,1,0
BRDA:588,95,0,0
BRDA:588,95,1,0
BRDA:591,96,0,0
BRDA:591,96,1,0
BRDA:592,97,0,0
BRDA:592,97,1,0
BRDA:594,98,0,0
BRDA:594,98,1,0
BRDA:611,99,0,0
BRDA:611,99,1,0
BRDA:611,100,0,0
BRDA:611,100,1,0
BRDA:615,101,0,0
BRDA:615,101,1,0
BRDA:616,102,0,0
BRDA:616,102,1,0
BRDA:617,103,0,0
BRDA:617,103,1,0
BRDA:618,104,0,0
BRDA:618,104,1,0
BRDA:621,105,0,0
BRDA:621,105,1,0
BRDA:632,106,0,0
BRDA:632,106,1,0
BRDA:634,107,0,0
BRDA:634,107,1,0
BRDA:635,108,0,0
BRDA:635,108,1,0
BRDA:637,109,0,0
BRDA:637,109,1,0
BRDA:637,110,0,0
BRDA:637,110,1,0
BRDA:637,110,2,0
BRDA:644,111,0,0
BRDA:644,111,1,0
BRDA:644,112,0,0
BRDA:644,112,1,0
BRDA:644,112,2,0
BRDA:671,113,0,0
BRDA:671,113,1,0
BRDA:674,114,0,0
BRDA:674,114,1,0
BRDA:679,115,0,0
BRDA:679,115,1,0
BRDA:701,116,0,0
BRDA:701,116,1,0
BRDA:728,117,0,0
BRDA:728,117,1,0
BRDA:736,118,0,0
BRDA:736,118,1,0
BRDA:745,119,0,0
BRDA:745,119,1,0
BRDA:745,120,0,0
BRDA:745,120,1,0
BRDA:752,121,0,0
BRDA:752,121,1,0
BRDA:753,122,0,0
BRDA:753,122,1,0
BRDA:758,123,0,0
BRDA:758,123,1,0
BRDA:775,124,0,0
BRDA:775,124,1,0
BRDA:783,125,0,0
BRDA:783,125,1,0
BRDA:783,125,2,0
BRDA:807,126,0,0
BRDA:807,126,1,0
BRDA:809,127,0,0
BRDA:809,127,1,0
BRDA:809,128,0,0
BRDA:809,128,1,0
BRDA:818,129,0,0
BRDA:818,129,1,0
BRDA:825,130,0,0
BRDA:825,130,1,0
BRDA:832,131,0,0
BRDA:832,131,1,0
BRDA:841,132,0,0
BRDA:841,132,1,0
BRDA:841,133,0,0
BRDA:841,133,1,0
BRDA:844,134,0,0
BRDA:844,134,1,0
BRDA:849,135,0,0
BRDA:849,135,1,0
BRDA:849,135,2,0
BRDA:854,136,0,0
BRDA:854,136,1,0
BRDA:863,137,0,0
BRDA:863,137,1,0
BRDA:866,138,0,0
BRDA:866,138,1,0
BRDA:877,139,0,0
BRDA:877,139,1,0
BRDA:881,140,0,0
BRDA:881,140,1,0
BRDA:882,141,0,0
BRDA:882,141,1,0
BRDA:883,142,0,0
BRDA:883,142,1,0
BRDA:884,143,0,0
BRDA:884,143,1,0
BRDA:887,144,0,0
BRDA:887,144,1,0
BRDA:890,145,0,0
BRDA:890,145,1,0
BRDA:892,146,0,0
BRDA:892,146,1,0
BRDA:893,147,0,0
BRDA:893,147,1,0
BRDA:896,148,0,0
BRDA:896,148,1,0
BRDA:897,149,0,0
BRDA:897,149,1,0
BRDA:901,150,0,0
BRDA:901,150,1,0
BRDA:902,151,0,0
BRDA:902,151,1,0
BRDA:903,152,0,0
BRDA:903,152,1,0
BRDA:905,153,0,0
BRDA:905,153,1,0
BRDA:906,154,0,0
BRDA:906,154,1,0
BRDA:907,155,0,0
BRDA:907,155,1,0
BRDA:909,156,0,0
BRDA:909,156,1,0
BRDA:910,157,0,0
BRDA:910,157,1,0
BRDA:925,158,0,0
BRDA:925,158,1,0
BRDA:956,159,0,0
BRDA:956,159,1,0
BRDA:973,160,0,0
BRDA:973,160,1,0
BRDA:992,161,0,0
BRDA:992,161,1,0
BRDA:993,162,0,0
BRDA:993,162,1,0
BRDA:994,163,0,0
BRDA:994,163,1,0
BRDA:996,164,0,0
BRDA:996,164,1,0
BRDA:996,165,0,0
BRDA:996,165,1,0
BRDA:996,165,2,0
BRDA:1039,166,0,0
BRDA:1039,166,1,0
BRDA:1040,167,0,0
BRDA:1040,167,1,0
BRDA:1045,168,0,0
BRDA:1045,168,1,0
BRDA:1046,169,0,0
BRDA:1046,169,1,0
BRDA:1050,170,0,0
BRDA:1050,170,1,0
BRDA:1052,171,0,0
BRDA:1052,171,1,0
BRDA:1055,172,0,0
BRDA:1055,172,1,0
BRDA:1062,173,0,0
BRDA:1062,173,1,0
BRDA:1064,174,0,0
BRDA:1064,174,1,0
BRDA:1079,175,0,0
BRDA:1079,175,1,0
BRDA:1081,176,0,0
BRDA:1081,176,1,0
BRDA:1082,177,0,0
BRDA:1082,177,1,0
BRDA:1083,178,0,0
BRDA:1083,178,1,0
BRDA:1085,179,0,0
BRDA:1085,179,1,0
BRDA:1122,180,0,0
BRDA:1122,180,1,0
BRDA:1123,181,0,0
BRDA:1123,181,1,0
BRDA:1128,182,0,0
BRDA:1128,182,1,0
BRDA:1129,183,0,0
BRDA:1129,183,1,0
BRDA:1133,184,0,0
BRDA:1133,184,1,0
BRDA:1135,185,0,0
BRDA:1135,185,1,0
BRDA:1138,186,0,0
BRDA:1138,186,1,0
BRDA:1145,187,0,0
BRDA:1145,187,1,0
BRDA:1147,188,0,0
BRDA:1147,188,1,0
BRDA:1193,189,0,0
BRDA:1193,189,1,0
BRDA:1205,190,0,0
BRDA:1205,190,1,0
BRDA:1216,191,0,0
BRDA:1216,191,1,0
BRDA:1216,192,0,0
BRDA:1216,192,1,0
BRDA:1247,193,0,0
BRDA:1247,193,1,0
BRDA:1257,194,0,0
BRDA:1257,194,1,0
BRDA:1268,195,0,0
BRDA:1268,195,1,0
BRDA:1268,196,0,0
BRDA:1268,196,1,0
BRDA:1283,197,0,0
BRDA:1283,197,1,0
BRDA:1283,198,0,0
BRDA:1283,198,1,0
BRDA:1286,199,0,0
BRDA:1286,199,1,0
BRDA:1292,200,0,0
BRDA:1292,200,1,0
BRDA:1293,201,0,0
BRDA:1293,201,1,0
BRDA:1293,201,2,0
BRDA:1298,202,0,0
BRDA:1298,202,1,0
BRDA:1299,203,0,0
BRDA:1299,203,1,0
BRDA:1353,204,0,0
BRDA:1353,204,1,0
BRDA:1361,205,0,0
BRDA:1361,205,1,0
BRDA:1371,206,0,0
BRDA:1371,206,1,0
BRDA:1382,207,0,0
BRDA:1382,207,1,0
BRDA:1382,208,0,0
BRDA:1382,208,1,0
BRDA:1390,209,0,0
BRDA:1390,209,1,0
BRDA:1390,210,0,0
BRDA:1390,210,1,0
BRDA:1390,210,2,0
BRDA:1398,211,0,0
BRDA:1398,211,1,0
BRDA:1398,212,0,0
BRDA:1398,212,1,0
BRDA:1409,213,0,0
BRDA:1409,213,1,0
BRDA:1439,214,0,0
BRDA:1439,214,1,0
BRDA:1447,215,0,0
BRDA:1447,215,1,0
BRDA:1457,216,0,0
BRDA:1457,216,1,0
BRDA:1468,217,0,0
BRDA:1468,217,1,0
BRDA:1468,218,0,0
BRDA:1468,218,1,0
BRDA:1509,219,0,0
BRDA:1509,219,1,0
BRDA:1519,220,0,0
BRDA:1519,220,1,0
BRDA:1527,221,0,0
BRDA:1527,221,1,0
BRDA:1528,222,0,0
BRDA:1528,222,1,0
BRDA:1557,223,0,0
BRDA:1557,223,1,0
BRDA:1590,224,0,0
BRDA:1590,224,1,0
BRDA:1594,225,0,0
BRDA:1594,225,1,0
BRDA:1594,226,0,0
BRDA:1594,226,1,0
BRDA:1595,227,0,0
BRDA:1595,227,1,0
BRDA:1595,228,0,0
BRDA:1595,228,1,0
BRDA:1597,229,0,0
BRDA:1597,229,1,0
BRDA:1598,230,0,0
BRDA:1598,230,1,0
BRDA:1599,231,0,0
BRDA:1599,231,1,0
BRDA:1616,232,0,0
BRDA:1616,232,1,0
BRDA:1617,233,0,0
BRDA:1617,233,1,0
BRDA:1617,234,0,0
BRDA:1617,234,1,0
BRDA:1636,235,0,0
BRDA:1636,235,1,0
BRDA:1666,236,0,0
BRDA:1669,237,0,0
BRDA:1669,237,1,0
BRDA:1669,238,0,0
BRDA:1669,238,1,0
BRDA:1671,239,0,0
BRDA:1671,239,1,0
BRDA:1672,240,0,0
BRDA:1672,240,1,0
BRDA:1682,241,0,0
BRDA:1682,241,1,0
BRDA:1684,242,0,0
BRDA:1684,242,1,0
BRDA:1687,243,0,0
BRDA:1687,243,1,0
BRDA:1700,244,0,0
BRDA:1700,244,1,0
BRDA:1701,245,0,0
BRDA:1701,245,1,0
BRDA:1702,246,0,0
BRDA:1702,246,1,0
BRDA:1728,247,0,0
BRDA:1728,247,1,0
BRDA:1730,248,0,0
BRDA:1730,248,1,0
BRDA:1732,249,0,0
BRDA:1732,249,1,0
BRDA:1734,250,0,0
BRDA:1734,250,1,0
BRDA:1734,251,0,0
BRDA:1734,251,1,0
BRDA:1739,252,0,0
BRDA:1739,252,1,0
BRDA:1753,253,0,0
BRDA:1753,253,1,0
BRDA:1762,254,0,0
BRDA:1762,254,1,0
BRDA:1765,255,0,0
BRDA:1765,255,1,0
BRDA:1767,256,0,0
BRDA:1767,256,1,0
BRDA:1770,257,0,0
BRDA:1770,257,1,0
BRDA:1773,258,0,0
BRDA:1773,258,1,0
BRDA:1773,259,0,0
BRDA:1773,259,1,0
BRDA:1777,260,0,0
BRDA:1777,260,1,0
BRDA:1778,261,0,0
BRDA:1778,261,1,0
BRDA:1780,262,0,0
BRDA:1780,262,1,0
BRDA:1780,263,0,0
BRDA:1780,263,1,0
BRDA:1782,264,0,0
BRDA:1782,264,1,0
BRDA:1782,265,0,0
BRDA:1782,265,1,0
BRDA:1782,265,2,0
BRDA:1792,266,0,0
BRDA:1792,266,1,0
BRDA:1804,267,0,0
BRDA:1804,267,1,0
BRDA:1805,268,0,0
BRDA:1805,268,1,0
BRDA:1807,269,0,0
BRDA:1807,269,1,0
BRDA:1810,270,0,0
BRDA:1810,270,1,0
BRDA:1811,271,0,0
BRDA:1811,271,1,0
BRDA:1813,272,0,0
BRDA:1813,272,1,0
BRDA:1815,273,0,0
BRDA:1815,273,1,0
BRDA:1815,273,2,0
BRDA:1817,274,0,0
BRDA:1817,274,1,0
BRDA:1817,274,2,0
BRDA:1817,274,3,0
BRDA:1817,275,0,0
BRDA:1817,275,1,0
BRDA:1822,276,0,0
BRDA:1822,276,1,0
BRDA:1823,277,0,0
BRDA:1823,277,1,0
BRDA:1824,278,0,0
BRDA:1824,278,1,0
BRDA:1827,279,0,0
BRDA:1827,279,1,0
BRDA:1841,280,0,0
BRDA:1841,280,1,0
BRDA:1851,281,0,0
BRDA:1851,281,1,0
BRDA:1851,282,0,0
BRDA:1851,282,1,0
BRDA:1856,283,0,0
BRDA:1856,283,1,0
BRDA:1856,284,0,0
BRDA:1856,284,1,0
BRDA:1875,285,0,0
BRDA:1875,285,1,0
BRDA:1875,285,2,0
BRDA:1876,286,0,0
BRDA:1876,286,1,0
BRDA:1876,286,2,0
BRDA:1881,287,0,0
BRDA:1881,287,1,0
BRDA:1890,288,0,0
BRDA:1890,288,1,0
BRDA:1892,289,0,0
BRDA:1892,289,1,0
BRDA:1893,290,0,0
BRDA:1893,290,1,0
BRDA:1895,291,0,0
BRDA:1895,291,1,0
BRDA:1952,292,0,0
BRDA:1952,292,1,0
BRDA:1977,293,0,0
BRDA:1977,293,1,0
BRDA:1980,294,0,0
BRDA:1980,294,1,0
BRDA:1980,294,2,0
BRDA:1981,295,0,0
BRDA:1981,295,1,0
BRDA:1986,296,0,0
BRDA:1986,296,1,0
BRDA:1989,297,0,0
BRDA:1989,297,1,0
BRDA:1995,298,0,0
BRDA:1995,298,1,0
BRDA:1997,299,0,0
BRDA:1997,299,1,0
BRDA:2000,300,0,0
BRDA:2000,300,1,0
BRDA:2007,301,0,0
BRDA:2007,301,1,0
BRDA:2037,302,0,0
BRDA:2037,302,1,0
BRDA:2045,303,0,0
BRDA:2045,303,1,0
BRDA:2086,304,0,0
BRDA:2086,304,1,0
BRDA:2086,304,2,0
BRDA:2087,305,0,0
BRDA:2087,305,1,0
BRDA:2088,306,0,0
BRDA:2088,306,1,0
BRDA:2089,307,0,0
BRDA:2089,307,1,0
BRDA:2124,308,0,0
BRDA:2124,308,1,0
BRDA:2126,309,0,0
BRDA:2126,309,1,0
BRDA:2126,310,0,0
BRDA:2126,310,1,0
BRDA:2139,311,0,0
BRDA:2139,311,1,0
BRF:656
BRH:0
end_of_record
TN:
SF:controllers/support.controller.js
FN:8,createGuestInquiry
FNF:1
FNH:0
FNDA:0,createGuestInquiry
DA:9,0
DA:10,0
DA:12,0
DA:13,0
DA:19,0
DA:20,0
DA:21,0
DA:22,0
DA:23,0
DA:25,0
DA:34,0
DA:35,0
DA:37,0
DA:43,0
DA:52,0
DA:53,0
LF:16
LH:0
BRDA:10,0,0,0
BRDA:10,0,1,0
BRDA:12,1,0,0
BRDA:12,1,1,0
BRDA:12,2,0,0
BRDA:12,2,1,0
BRDA:12,2,2,0
BRDA:31,3,0,0
BRDA:31,3,1,0
BRDA:47,4,0,0
BRDA:47,4,1,0
BRDA:48,5,0,0
BRDA:48,5,1,0
BRDA:56,6,0,0
BRDA:56,6,1,0
BRF:15
BRH:0
end_of_record
TN:
SF:controllers/user.controller.js
FN:10,getProfile
FN:33,updateProfile
FN:74,getManufacturers
FN:100,getRequestors
FN:126,getNotificationSettings
FN:154,updateNotificationSettings
FN:195,(anonymous_6)
FN:197,(anonymous_7)
FN:222,getUserStats
FN:276,getActivityLogs
FNF:10
FNH:0
FNDA:0,getProfile
FNDA:0,updateProfile
FNDA:0,getManufacturers
FNDA:0,getRequestors
FNDA:0,getNotificationSettings
FNDA:0,updateNotificationSettings
FNDA:0,(anonymous_6)
FNDA:0,(anonymous_7)
FNDA:0,getUserStats
FNDA:0,getActivityLogs
DA:11,0
DA:12,0
DA:13,0
DA:14,0
DA:19,0
DA:21,0
DA:34,0
DA:35,0
DA:36,0
DA:37,0
DA:38,0
DA:39,0
DA:40,0
DA:41,0
DA:43,0
DA:49,0
DA:50,0
DA:56,0
DA:62,0
DA:75,0
DA:76,0
DA:80,0
DA:88,0
DA:101,0
DA:102,0
DA:106,0
DA:114,0
DA:127,0
DA:128,0
DA:131,0
DA:132,0
DA:137,0
DA:142,0
DA:155,0
DA:156,0
DA:158,0
DA:166,0
DA:172,0
DA:182,0
DA:183,0
DA:189,0
DA:195,0
DA:196,0
DA:197,0
DA:198,0
DA:200,0
DA:202,0
DA:211,0
DA:223,0
DA:224,0
DA:225,0
DA:227,0
DA:228,0
DA:229,0
DA:233,0
DA:237,0
DA:238,0
DA:239,0
DA:242,0
DA:246,0
DA:250,0
DA:251,0
DA:252,0
DA:253,0
DA:254,0
DA:255,0
DA:258,0
DA:259,0
DA:260,0
DA:261,0
DA:262,0
DA:264,0
DA:277,0
DA:278,0
DA:279,0
DA:284,0
DA:288,0
DA:301,0
LF:78
LH:0
BRDA:13,0,0,0
BRDA:13,0,1,0
BRDA:49,1,0,0
BRDA:49,1,1,0
BRDA:131,2,0,0
BRDA:131,2,1,0
BRDA:158,3,0,0
BRDA:158,3,1,0
BRDA:159,4,0,0
BRDA:159,4,1,0
BRDA:159,4,2,0
BRDA:159,4,3,0
BRDA:159,4,4,0
BRDA:159,4,5,0
BRDA:182,5,0,0
BRDA:182,5,1,0
BRDA:198,6,0,0
BRDA:198,6,1,0
BRDA:206,7,0,0
BRDA:206,7,1,0
BRDA:207,8,0,0
BRDA:207,8,1,0
BRDA:227,9,0,0
BRDA:227,9,1,0
BRDA:238,10,0,0
BRDA:238,10,1,0
BRDA:251,11,0,0
BRDA:251,11,1,0
BRDA:259,12,0,0
BRDA:259,12,1,0
BRDA:260,13,0,0
BRDA:260,13,1,0
BRDA:261,14,0,0
BRDA:261,14,1,0
BRDA:278,15,0,0
BRDA:278,16,0,0
BRF:36
BRH:0
end_of_record
TN:
SF:middlewares/auth.middleware.js
FN:9,(anonymous_0)
FN:87,(anonymous_1)
FN:88,(anonymous_2)
FNF:3
FNH:2
FNDA:6,(anonymous_0)
FNDA:120,(anonymous_1)
FNDA:0,(anonymous_2)
DA:9,5
DA:10,6
DA:12,6
DA:14,6
DA:15,1
DA:22,5
DA:25,5
DA:26,0
DA:27,0
DA:30,0
DA:36,0
DA:47,0
DA:51,5
DA:54,4
DA:56,4
DA:57,0
DA:64,4
DA:65,0
DA:72,4
DA:73,4
DA:75,1
DA:87,5
DA:88,120
DA:89,0
DA:90,0
DA:96,0
DA:97,0
DA:103,0
LF:28
LH:16
BRDA:14,0,0,1
BRDA:14,0,1,5
BRDA:14,1,0,6
BRDA:14,1,1,5
BRDA:25,2,0,0
BRDA:25,2,1,5
BRDA:25,3,0,5
BRDA:25,3,1,5
BRDA:26,4,0,0
BRDA:26,4,1,0
BRDA:38,5,0,0
BRDA:38,5,1,0
BRDA:56,6,0,0
BRDA:56,6,1,4
BRDA:64,7,0,0
BRDA:64,7,1,4
BRDA:87,8,0,0
BRDA:89,9,0,0
BRDA:89,9,1,0
BRDA:96,10,0,0
BRDA:96,10,1,0
BRDA:96,11,0,0
BRDA:96,11,1,0
BRF:23
BRH:9
end_of_record
TN:
SF:middlewares/upload.middleware.js
FN:13,(anonymous_0)
FN:16,(anonymous_1)
FN:24,(anonymous_2)
FNF:3
FNH:0
FNDA:0,(anonymous_0)
FNDA:0,(anonymous_1)
FNDA:0,(anonymous_2)
DA:6,5
DA:7,5
DA:8,0
DA:12,5
DA:14,0
DA:17,0
DA:18,0
DA:19,0
DA:24,5
DA:25,0
DA:36,0
DA:37,0
DA:39,0
DA:44,5
DA:49,5
DA:52,5
LF:16
LH:7
BRDA:7,0,0,0
BRDA:7,0,1,5
BRDA:36,1,0,0
BRDA:36,1,1,0
BRF:4
BRH:1
end_of_record
TN:
SF:models/activityLog.model.js
FNF:0
FNH:0
DA:3,5
DA:40,5
LF:2
LH:2
BRF:0
BRH:0
end_of_record
TN:
SF:models/clinic.model.js
FNF:0
FNH:0
DA:3,0
DA:30,0
DA:32,0
LF:3
LH:0
BRF:0
BRH:0
end_of_record
TN:
SF:models/clinicImplantPreset.model.js
FNF:0
FNH:0
DA:3,5
DA:25,5
DA:30,5
LF:3
LH:3
BRF:0
BRH:0
end_of_record
TN:
SF:models/connection.model.js
FNF:0
FNH:0
DA:3,5
DA:16,5
LF:2
LH:2
BRF:0
BRH:0
end_of_record
TN:
SF:models/deliveryInfo.model.js
FNF:0
FNH:0
DA:3,0
DA:27,0
LF:2
LH:0
BRF:0
BRH:0
end_of_record
TN:
SF:models/draftRequest.model.js
FNF:0
FNH:0
DA:3,5
DA:19,5
DA:62,5
LF:3
LH:3
BRF:0
BRH:0
end_of_record
TN:
SF:models/file.model.js
FNF:0
FNH:0
DA:3,5
DA:52,5
LF:2
LH:2
BRF:0
BRH:0
end_of_record
TN:
SF:models/filenameRule.model.js
FNF:0
FNH:0
DA:8,5
DA:125,5
DA:126,5
DA:128,5
LF:4
LH:4
BRF:0
BRH:0
end_of_record
TN:
SF:models/implantPreset.model.js
FNF:0
FNH:0
DA:3,0
DA:34,0
DA:39,0
LF:3
LH:0
BRF:0
BRH:0
end_of_record
TN:
SF:models/machine.model.js
FNF:0
FNH:0
DA:3,5
DA:55,5
LF:2
LH:2
BRF:0
BRH:0
end_of_record
TN:
SF:models/parseLog.model.js
FNF:0
FNH:0
DA:8,5
DA:79,5
DA:80,5
DA:81,5
DA:83,5
LF:5
LH:5
BRF:0
BRH:0
end_of_record
TN:
SF:models/request.model.js
FN:171,(anonymous_0)
FNF:1
FNH:0
FNDA:0,(anonymous_0)
DA:3,5
DA:171,5
DA:172,0
DA:173,0
DA:176,0
DA:177,0
DA:178,0
DA:179,0
DA:180,0
DA:181,0
DA:183,0
DA:186,0
DA:190,0
DA:191,0
DA:193,0
DA:194,0
DA:196,0
DA:201,5
LF:18
LH:3
BRDA:172,0,0,0
BRDA:172,0,1,0
BRDA:172,1,0,0
BRDA:172,1,1,0
BRF:4
BRH:0
end_of_record
TN:
SF:models/systemSettings.model.js
FNF:0
FNH:0
DA:3,5
DA:22,5
LF:2
LH:2
BRF:0
BRH:0
end_of_record
TN:
SF:models/user.model.js
FN:111,(anonymous_0)
FN:126,(anonymous_1)
FNF:2
FNH:2
FNDA:128,(anonymous_0)
FNDA:9,(anonymous_1)
DA:4,5
DA:111,5
DA:113,128
DA:115,122
DA:117,122
DA:118,122
DA:119,122
DA:121,0
DA:126,5
DA:127,9
DA:128,9
DA:129,0
DA:132,0
DA:135,9
DA:136,0
DA:137,0
DA:140,9
DA:142,0
DA:143,0
DA:148,5
LF:20
LH:13
BRDA:113,0,0,6
BRDA:113,0,1,122
BRDA:128,1,0,0
BRDA:128,1,1,9
BRDA:135,2,0,0
BRDA:135,2,1,9
BRF:6
BRH:4
end_of_record
TN:
SF:routes/admin.routes.js
FNF:0
FNH:0
DA:2,5
DA:7,5
DA:8,5
DA:11,5
DA:12,5
DA:13,5
DA:14,5
DA:15,5
DA:16,5
DA:19,5
DA:20,5
DA:21,5
DA:22,5
DA:25,5
DA:28,5
DA:29,5
DA:32,5
DA:35,5
DA:38,5
DA:39,5
LF:20
LH:20
BRF:0
BRH:0
end_of_record
TN:
SF:routes/ai.routes.js
FNF:0
FNH:0
DA:4,5
DA:7,5
LF:2
LH:2
BRF:0
BRH:0
end_of_record
TN:
SF:routes/auth.routes.js
FNF:0
FNH:0
DA:2,5
DA:7,5
DA:10,5
DA:13,5
DA:16,5
DA:19,5
DA:22,5
DA:25,5
DA:28,5
LF:9
LH:9
BRF:0
BRH:0
end_of_record
TN:
SF:routes/bridgeStore.routes.js
FN:8,(anonymous_0)
FN:9,(anonymous_1)
FN:11,(anonymous_2)
FNF:3
FNH:1
FNDA:5,(anonymous_0)
FNDA:0,(anonymous_1)
FNDA:0,(anonymous_2)
DA:5,5
DA:8,5
DA:9,5
DA:10,0
DA:11,0
DA:12,0
DA:13,0
DA:14,0
DA:19,5
DA:21,5
DA:22,5
DA:23,5
DA:24,5
DA:25,5
DA:26,5
DA:27,5
DA:28,5
DA:29,5
DA:30,5
LF:19
LH:14
BRDA:8,0,0,0
BRDA:10,1,0,0
BRDA:10,1,1,0
BRDA:12,2,0,0
BRDA:12,2,1,0
BRF:5
BRH:0
end_of_record
TN:
SF:routes/clinic.routes.js
FNF:0
FNH:0
DA:5,0
DA:8,0
DA:11,0
DA:17,0
DA:23,0
DA:29,0
LF:6
LH:0
BRF:0
BRH:0
end_of_record
TN:
SF:routes/connection.routes.js
FNF:0
FNH:0
DA:4,5
DA:7,5
DA:10,5
LF:3
LH:3
BRF:0
BRH:0
end_of_record
TN:
SF:routes/draftRequest.routes.js
FNF:0
FNH:0
DA:12,5
DA:14,5
DA:15,5
DA:18,5
DA:21,5
DA:24,5
DA:27,5
DA:30,5
DA:33,5
LF:9
LH:9
BRF:0
BRH:0
end_of_record
TN:
SF:routes/file.routes.js
FNF:0
FNH:0
DA:7,5
DA:10,5
DA:18,5
DA:26,5
DA:29,5
DA:32,5
DA:35,5
DA:42,5
DA:45,5
LF:9
LH:9
BRF:0
BRH:0
end_of_record
TN:
SF:routes/filenameRule.routes.js
FNF:0
FNH:0
DA:9,5
DA:12,5
DA:15,5
DA:23,5
DA:31,5
DA:39,5
DA:47,5
DA:55,5
DA:63,5
DA:71,5
LF:10
LH:10
BRF:0
BRH:0
end_of_record
TN:
SF:routes/implantPreset.routes.js
FNF:0
FNH:0
DA:5,0
DA:8,0
LF:2
LH:0
BRF:0
BRH:0
end_of_record
TN:
SF:routes/machine.routes.js
FN:18,(anonymous_0)
FN:19,(anonymous_1)
FN:23,(anonymous_2)
FNF:3
FNH:1
FNDA:35,(anonymous_0)
FNDA:0,(anonymous_1)
FNDA:0,(anonymous_2)
DA:13,5
DA:18,5
DA:19,35
DA:20,0
DA:23,0
DA:24,0
DA:25,0
DA:26,0
DA:31,5
DA:32,5
DA:33,5
DA:35,5
DA:37,5
DA:39,5
DA:41,5
LF:15
LH:10
BRDA:18,0,0,0
BRDA:20,1,0,0
BRDA:20,1,1,0
BRDA:24,2,0,0
BRDA:24,2,1,0
BRF:5
BRH:0
end_of_record
TN:
SF:routes/parseLog.routes.js
FNF:0
FNH:0
DA:9,5
DA:12,5
DA:15,5
DA:18,5
DA:21,5
DA:24,5
DA:27,5
LF:7
LH:7
BRF:0
BRH:0
end_of_record
TN:
SF:routes/request.routes.js
FN:24,(anonymous_0)
FNF:1
FNH:0
FNDA:0,(anonymous_0)
DA:2,5
DA:7,5
DA:10,5
DA:17,5
DA:24,5
DA:25,0
DA:26,0
DA:27,0
DA:31,0
DA:35,5
DA:38,5
DA:45,5
DA:52,5
DA:59,5
DA:66,5
DA:73,5
DA:80,5
DA:87,5
DA:94,5
DA:97,5
DA:100,5
DA:103,5
DA:110,5
DA:113,5
LF:24
LH:20
BRDA:26,0,0,0
BRDA:26,0,1,0
BRF:2
BRH:0
end_of_record
TN:
SF:routes/support.routes.js
FNF:0
FNH:0
DA:4,5
DA:7,5
LF:2
LH:2
BRF:0
BRH:0
end_of_record
TN:
SF:routes/user.routes.js
FNF:0
FNH:0
DA:2,5
DA:7,5
DA:10,5
DA:13,5
DA:16,5
DA:23,5
DA:30,5
DA:33,5
DA:36,5
DA:39,5
LF:10
LH:10
BRF:0
BRH:0
end_of_record
TN:
SF:utils/ApiError.js
FN:2,(anonymous_0)
FNF:1
FNH:0
FNDA:0,(anonymous_0)
DA:8,0
DA:9,0
DA:10,0
DA:11,0
DA:12,0
DA:13,0
DA:15,0
DA:16,0
DA:18,0
LF:9
LH:0
BRDA:4,0,0,0
BRDA:5,1,0,0
BRDA:6,2,0,0
BRDA:15,3,0,0
BRDA:15,3,1,0
BRF:5
BRH:0
end_of_record
TN:
SF:utils/ApiResponse.js
FN:2,(anonymous_0)
FNF:1
FNH:0
FNDA:0,(anonymous_0)
DA:3,0
DA:4,0
DA:5,0
DA:6,0
LF:4
LH:0
BRDA:2,0,0,0
BRDA:6,1,0,0
BRDA:6,1,1,0
BRF:3
BRH:0
end_of_record
TN:
SF:utils/asyncHandler.js
FN:1,(anonymous_0)
FN:2,(anonymous_1)
FN:3,(anonymous_2)
FNF:3
FNH:1
FNDA:70,(anonymous_0)
FNDA:0,(anonymous_1)
FNDA:0,(anonymous_2)
DA:1,5
DA:2,70
DA:3,0
LF:3
LH:2
BRF:0
BRH:0
end_of_record
TN:
SF:utils/auth.util.js
FN:8,hashPassword
FN:19,comparePassword
FNF:2
FNH:1
FNDA:54,hashPassword
FNDA:0,comparePassword
DA:9,54
DA:10,54
DA:20,0
LF:3
LH:2
BRF:0
BRH:0
end_of_record
TN:
SF:utils/bridgeProxy.js
FN:7,buildBridgeUrl
FN:11,(anonymous_1)
FN:19,proxyToBridge
FN:20,(anonymous_3)
FNF:4
FNH:1
FNDA:0,buildBridgeUrl
FNDA:0,(anonymous_1)
FNDA:50,proxyToBridge
FNDA:0,(anonymous_3)
DA:2,5
DA:4,5
DA:5,5
DA:8,0
DA:9,0
DA:10,0
DA:11,0
DA:12,0
DA:13,0
DA:16,0
DA:20,50
DA:21,0
DA:22,0
DA:23,0
DA:24,0
DA:25,0
DA:27,0
DA:28,0
DA:31,0
DA:36,0
DA:38,0
DA:39,0
DA:40,0
DA:44,0
DA:45,0
DA:48,0
DA:49,0
DA:50,0
DA:52,0
DA:53,0
DA:55,0
DA:56,0
DA:57,0
DA:60,0
DA:63,0
DA:65,0
DA:66,0
DA:68,0
DA:70,0
DA:72,0
DA:73,0
LF:41
LH:4
BRDA:4,0,0,5
BRDA:4,0,1,5
BRDA:9,1,0,0
BRDA:9,1,1,0
BRDA:10,2,0,0
BRDA:10,2,1,0
BRDA:12,3,0,0
BRDA:12,3,1,0
BRDA:24,4,0,0
BRDA:24,4,1,0
BRDA:27,5,0,0
BRDA:27,5,1,0
BRDA:27,6,0,0
BRDA:27,6,1,0
BRDA:36,7,0,0
BRDA:36,7,1,0
BRDA:36,8,0,0
BRDA:36,8,1,0
BRDA:38,9,0,0
BRDA:38,9,1,0
BRDA:38,10,0,0
BRDA:38,10,1,0
BRDA:39,11,0,0
BRDA:39,11,1,0
BRDA:45,12,0,0
BRDA:45,12,1,0
BRDA:48,13,0,0
BRDA:48,13,1,0
BRDA:56,14,0,0
BRDA:56,14,1,0
BRDA:66,15,0,0
BRDA:66,15,1,0
BRDA:76,16,0,0
BRDA:76,16,1,0
BRF:34
BRH:2
end_of_record
TN:
SF:utils/jwt.util.js
FN:9,generateToken
FN:34,verifyToken
FN:43,generateRefreshToken
FNF:3
FNH:2
FNDA:61,generateToken
FNDA:0,verifyToken
FNDA:7,generateRefreshToken
DA:13,61
DA:15,54
DA:21,7
DA:24,61
DA:35,0
DA:44,7
LF:6
LH:5
BRDA:9,0,0,61
BRDA:13,1,0,54
BRDA:13,1,1,7
BRDA:13,2,0,61
BRDA:13,2,1,61
BRDA:17,3,0,54
BRDA:17,3,1,0
BRDA:24,4,0,61
BRDA:24,4,1,0
BRDA:35,5,0,0
BRDA:35,5,1,0
BRDA:46,6,0,7
BRDA:46,6,1,0
BRF:13
BRH:8
end_of_record
TN:
SF:utils/jwt.utils.js
FN:9,(anonymous_0)
FN:20,(anonymous_1)
FN:33,(anonymous_2)
FNF:3
FNH:1
FNDA:0,(anonymous_0)
FNDA:5,(anonymous_1)
FNDA:0,(anonymous_2)
DA:9,5
DA:10,0
DA:20,5
DA:21,5
DA:22,5
DA:24,1
DA:33,5
DA:34,0
LF:8
LH:6
BRDA:9,0,0,0
BRDA:10,1,0,0
BRDA:10,1,1,0
BRDA:22,2,0,5
BRDA:22,2,1,0
BRDA:36,3,0,0
BRDA:36,3,1,0
BRF:7
BRH:1
end_of_record
TN:
SF:utils/rateGuard.js
FN:13,registerExternalCall
FN:16,(anonymous_1)
FN:23,shouldBlockExternalCall
FN:28,(anonymous_3)
FNF:4
FNH:0
FNDA:0,registerExternalCall
FNDA:0,(anonymous_1)
FNDA:0,shouldBlockExternalCall
FNDA:0,(anonymous_3)
DA:4,5
DA:5,5
DA:8,5
DA:9,5
DA:11,5
DA:14,0
DA:15,0
DA:16,0
DA:17,0
DA:18,0
DA:19,0
DA:20,0
DA:25,0
DA:26,0
DA:27,0
DA:28,0
DA:29,0
DA:30,0
DA:31,0
DA:32,0
DA:35,0
DA:36,0
LF:22
LH:5
BRDA:15,0,0,0
BRDA:15,0,1,0
BRDA:25,1,0,0
BRDA:25,1,1,0
BRDA:27,2,0,0
BRDA:27,2,1,0
BRF:6
BRH:0
end_of_record
TN:
SF:utils/s3.utils.js
FN:21,(anonymous_0)
FN:54,(anonymous_1)
FN:81,(anonymous_2)
FN:123,(anonymous_3)
FN:147,(anonymous_4)
FNF:5
FNH:0
FNDA:0,(anonymous_0)
FNDA:0,(anonymous_1)
FNDA:0,(anonymous_2)
FNDA:0,(anonymous_3)
FNDA:0,(anonymous_4)
DA:13,5
DA:21,5
DA:22,0
DA:46,0
DA:47,0
DA:48,0
DA:50,0
DA:54,5
DA:55,0
DA:56,0
DA:57,0
DA:67,0
DA:68,0
DA:69,0
DA:70,0
DA:71,0
DA:74,5
DA:81,5
DA:82,0
DA:83,0
DA:84,0
DA:85,0
DA:89,0
DA:93,0
DA:94,0
DA:101,0
DA:102,0
DA:103,0
DA:104,0
DA:107,0
DA:108,0
DA:109,0
DA:110,0
DA:112,0
DA:113,0
DA:114,0
DA:116,0
DA:119,0
DA:123,5
DA:124,0
DA:125,0
DA:126,0
DA:127,0
DA:131,0
DA:133,0
DA:134,0
DA:140,0
DA:142,0
DA:143,0
DA:147,5
DA:148,0
DA:149,0
DA:150,0
DA:151,0
DA:155,0
DA:159,0
DA:163,0
DA:166,0
LF:58
LH:7
BRDA:14,0,0,5
BRDA:14,0,1,0
BRDA:47,1,0,0
BRDA:47,1,1,0
BRDA:68,2,0,0
BRDA:68,2,1,0
BRDA:69,3,0,0
BRDA:69,3,1,0
BRDA:70,4,0,0
BRDA:70,4,1,0
BRDA:84,5,0,0
BRDA:84,5,1,0
BRDA:93,6,0,0
BRDA:93,6,1,0
BRDA:107,7,0,0
BRDA:107,7,1,0
BRDA:126,8,0,0
BRDA:126,8,1,0
BRDA:136,9,0,0
BRDA:136,9,1,0
BRDA:147,10,0,0
BRDA:150,11,0,0
BRDA:150,11,1,0
BRDA:160,12,0,0
BRDA:160,12,1,0
BRF:25
BRH:1
end_of_record
