TN:
SF:controllers/admin.controller.js
FN:21,getMongoHealth
FN:56,fetchHealthJson
FN:72,getNetworkHealth
FN:89,getApiHealth
FN:99,getBackupHealth
FN:116,logSecurityEvent
FN:159,logAuthFailure
FN:175,formatEtaLabelFromNow
FN:182,getDeliveryEtaLeadDays
FN:199,getDateRangeFromQuery
FN:222,getPricingStats
FN:273,(anonymous_11)
FN:305,adminOverrideOrganizationVerification
FN:347,getPricingStatsByUser
FN:395,(anonymous_14)
FN:399,(anonymous_15)
FN:400,(anonymous_16)
FN:404,(anonymous_17)
FN:406,(anonymous_18)
FN:454,getAllUsers
FN:520,getUserById
FN:559,updateUser
FN:623,toggleUserActive
FN:683,changeUserRole
FN:783,computeAdminDiameterStats
FN:828,(anonymous_25)
FN:850,(anonymous_26)
FN:864,getDashboardStats
FN:878,(anonymous_28)
FN:891,(anonymous_29)
FN:928,(anonymous_30)
FN:1012,getSystemLogs
FN:1034,getSystemSettings
FN:1085,deleteUser
FN:1141,getAllRequests
FN:1215,getRequestById
FN:1256,updateRequestStatus
FN:1330,assignManufacturer
FN:1402,getActivityLogs
FN:1471,updateSystemSettings
FN:1505,(anonymous_40)
FN:1553,getAllFiles
FN:1607,getSecuritySettings
FN:1634,updateSecuritySettings
FN:1651,(anonymous_44)
FN:1702,getSecurityStats
FN:1754,(anonymous_46)
FN:1758,(anonymous_47)
FN:1852,getSecurityLogs
FN:1874,(anonymous_49)
FNF:50
FNH:0
FNDA:0,getMongoHealth
FNDA:0,fetchHealthJson
FNDA:0,getNetworkHealth
FNDA:0,getApiHealth
FNDA:0,getBackupHealth
FNDA:0,logSecurityEvent
FNDA:0,logAuthFailure
FNDA:0,formatEtaLabelFromNow
FNDA:0,getDeliveryEtaLeadDays
FNDA:0,getDateRangeFromQuery
FNDA:0,getPricingStats
FNDA:0,(anonymous_11)
FNDA:0,adminOverrideOrganizationVerification
FNDA:0,getPricingStatsByUser
FNDA:0,(anonymous_14)
FNDA:0,(anonymous_15)
FNDA:0,(anonymous_16)
FNDA:0,(anonymous_17)
FNDA:0,(anonymous_18)
FNDA:0,getAllUsers
FNDA:0,getUserById
FNDA:0,updateUser
FNDA:0,toggleUserActive
FNDA:0,changeUserRole
FNDA:0,computeAdminDiameterStats
FNDA:0,(anonymous_25)
FNDA:0,(anonymous_26)
FNDA:0,getDashboardStats
FNDA:0,(anonymous_28)
FNDA:0,(anonymous_29)
FNDA:0,(anonymous_30)
FNDA:0,getSystemLogs
FNDA:0,getSystemSettings
FNDA:0,deleteUser
FNDA:0,getAllRequests
FNDA:0,getRequestById
FNDA:0,updateRequestStatus
FNDA:0,assignManufacturer
FNDA:0,getActivityLogs
FNDA:0,updateSystemSettings
FNDA:0,(anonymous_40)
FNDA:0,getAllFiles
FNDA:0,getSecuritySettings
FNDA:0,updateSecuritySettings
FNDA:0,(anonymous_44)
FNDA:0,getSecurityStats
FNDA:0,(anonymous_46)
FNDA:0,(anonymous_47)
FNDA:0,getSecurityLogs
FNDA:0,(anonymous_49)
DA:14,0
DA:22,0
DA:23,0
DA:24,0
DA:25,0
DA:29,0
DA:30,0
DA:31,0
DA:32,0
DA:33,0
DA:34,0
DA:35,0
DA:36,0
DA:40,0
DA:52,0
DA:57,0
DA:58,0
DA:59,0
DA:60,0
DA:61,0
DA:62,0
DA:68,0
DA:73,0
DA:74,0
DA:75,0
DA:80,0
DA:85,0
DA:86,0
DA:90,0
DA:100,0
DA:101,0
DA:108,0
DA:113,0
DA:124,0
DA:125,0
DA:133,0
DA:138,0
DA:139,0
DA:151,0
DA:155,0
DA:161,0
DA:162,0
DA:176,0
DA:177,0
DA:178,0
DA:179,0
DA:183,0
DA:184,0
DA:190,0
DA:195,0
DA:200,0
DA:201,0
DA:202,0
DA:204,0
DA:205,0
DA:206,0
DA:207,0
DA:208,0
DA:213,0
DA:214,0
DA:215,0
DA:223,0
DA:224,0
DA:225,0
DA:230,0
DA:245,0
DA:246,0
DA:247,0
DA:248,0
DA:249,0
DA:252,0
DA:272,0
DA:273,0
DA:277,0
DA:293,0
DA:306,0
DA:307,0
DA:308,0
DA:309,0
DA:311,0
DA:312,0
DA:313,0
DA:319,0
DA:325,0
DA:327,0
DA:335,0
DA:348,0
DA:349,0
DA:350,0
DA:355,0
DA:357,0
DA:375,0
DA:394,0
DA:395,0
DA:398,0
DA:399,0
DA:400,0
DA:401,0
DA:404,0
DA:406,0
DA:407,0
DA:408,0
DA:409,0
DA:410,0
DA:411,0
DA:412,0
DA:434,0
DA:442,0
DA:455,0
DA:457,0
DA:458,0
DA:459,0
DA:462,0
DA:463,0
DA:464,0
DA:465,0
DA:466,0
DA:467,0
DA:476,0
DA:477,0
DA:478,0
DA:479,0
DA:480,0
DA:482,0
DA:486,0
DA:493,0
DA:495,0
DA:508,0
DA:521,0
DA:522,0
DA:525,0
DA:526,0
DA:533,0
DA:535,0
DA:536,0
DA:542,0
DA:547,0
DA:560,0
DA:561,0
DA:562,0
DA:565,0
DA:566,0
DA:573,0
DA:574,0
DA:575,0
DA:576,0
DA:579,0
DA:585,0
DA:592,0
DA:598,0
DA:599,0
DA:605,0
DA:611,0
DA:624,0
DA:625,0
DA:628,0
DA:629,0
DA:636,0
DA:638,0
DA:639,0
DA:646,0
DA:647,0
DA:654,0
DA:657,0
DA:658,0
DA:660,0
DA:662,0
DA:671,0
DA:684,0
DA:685,0
DA:691,0
DA:694,0
DA:695,0
DA:702,0
DA:703,0
DA:704,0
DA:711,0
DA:713,0
DA:714,0
DA:720,0
DA:722,0
DA:723,0
DA:730,0
DA:731,0
DA:740,0
DA:748,0
DA:749,0
DA:750,0
DA:751,0
DA:752,0
DA:753,0
DA:754,0
DA:755,0
DA:756,0
DA:758,0
DA:759,0
DA:760,0
DA:763,0
DA:765,0
DA:774,0
DA:784,0
DA:790,0
DA:797,0
DA:820,0
DA:827,0
DA:828,0
DA:829,0
DA:831,0
DA:832,0
DA:834,0
DA:835,0
DA:836,0
DA:837,0
DA:841,0
DA:842,0
DA:850,0
DA:857,0
DA:865,0
DA:867,0
DA:877,0
DA:878,0
DA:879,0
DA:883,0
DA:884,0
DA:887,0
DA:891,0
DA:892,0
DA:893,0
DA:894,0
DA:896,0
DA:897,0
DA:898,0
DA:902,0
DA:904,0
DA:908,0
DA:910,0
DA:914,0
DA:916,0
DA:919,0
DA:928,0
DA:929,0
DA:930,0
DA:931,0
DA:936,0
DA:939,0
DA:946,0
DA:947,0
DA:957,0
DA:958,0
DA:965,0
DA:971,0
DA:990,0
DA:1000,0
DA:1013,0
DA:1016,0
DA:1022,0
DA:1035,0
DA:1036,0
DA:1038,0
DA:1068,0
DA:1073,0
DA:1086,0
DA:1087,0
DA:1088,0
DA:1091,0
DA:1092,0
DA:1099,0
DA:1100,0
DA:1107,0
DA:1113,0
DA:1114,0
DA:1121,0
DA:1123,0
DA:1129,0
DA:1142,0
DA:1144,0
DA:1145,0
DA:1146,0
DA:1149,0
DA:1150,0
DA:1151,0
DA:1152,0
DA:1153,0
DA:1154,0
DA:1159,0
DA:1161,0
DA:1162,0
DA:1170,0
DA:1171,0
DA:1172,0
DA:1173,0
DA:1174,0
DA:1176,0
DA:1180,0
DA:1188,0
DA:1190,0
DA:1203,0
DA:1216,0
DA:1217,0
DA:1220,0
DA:1221,0
DA:1228,0
DA:1232,0
DA:1233,0
DA:1239,0
DA:1244,0
DA:1257,0
DA:1258,0
DA:1259,0
DA:1262,0
DA:1263,0
DA:1270,0
DA:1271,0
DA:1272,0
DA:1279,0
DA:1281,0
DA:1282,0
DA:1289,0
DA:1297,0
DA:1309,0
DA:1310,0
DA:1312,0
DA:1318,0
DA:1331,0
DA:1332,0
DA:1333,0
DA:1336,0
DA:1340,0
DA:1347,0
DA:1348,0
DA:1349,0
DA:1356,0
DA:1357,0
DA:1358,0
DA:1365,0
DA:1377,0
DA:1378,0
DA:1381,0
DA:1390,0
DA:1403,0
DA:1405,0
DA:1406,0
DA:1407,0
DA:1410,0
DA:1411,0
DA:1412,0
DA:1413,0
DA:1417,0
DA:1419,0
DA:1420,0
DA:1421,0
DA:1422,0
DA:1423,0
DA:1424,0
DA:1425,0
DA:1427,0
DA:1428,0
DA:1431,0
DA:1432,0
DA:1439,0
DA:1443,0
DA:1445,0
DA:1458,0
DA:1472,0
DA:1473,0
DA:1476,0
DA:1480,0
DA:1501,0
DA:1505,0
DA:1506,0
DA:1507,0
DA:1511,0
DA:1512,0
DA:1517,0
DA:1528,0
DA:1535,0
DA:1541,0
DA:1554,0
DA:1555,0
DA:1556,0
DA:1561,0
DA:1562,0
DA:1563,0
DA:1564,0
DA:1565,0
DA:1566,0
DA:1567,0
DA:1568,0
DA:1569,0
DA:1570,0
DA:1571,0
DA:1572,0
DA:1574,0
DA:1576,0
DA:1581,0
DA:1582,0
DA:1595,0
DA:1608,0
DA:1609,0
DA:1615,0
DA:1622,0
DA:1635,0
DA:1636,0
DA:1637,0
DA:1650,0
DA:1651,0
DA:1652,0
DA:1653,0
DA:1661,0
DA:1662,0
DA:1663,0
DA:1667,0
DA:1671,0
DA:1682,0
DA:1690,0
DA:1703,0
DA:1704,0
DA:1705,0
DA:1706,0
DA:1715,0
DA:1754,0
DA:1755,0
DA:1756,0
DA:1758,0
DA:1759,0
DA:1760,0
DA:1764,0
DA:1765,0
DA:1766,0
DA:1767,0
DA:1772,0
DA:1773,0
DA:1774,0
DA:1775,0
DA:1776,0
DA:1777,0
DA:1778,0
DA:1779,0
DA:1780,0
DA:1781,0
DA:1782,0
DA:1783,0
DA:1784,0
DA:1785,0
DA:1789,0
DA:1790,0
DA:1791,0
DA:1792,0
DA:1794,0
DA:1795,0
DA:1796,0
DA:1797,0
DA:1799,0
DA:1822,0
DA:1840,0
DA:1853,0
DA:1854,0
DA:1855,0
DA:1856,0
DA:1858,0
DA:1859,0
DA:1860,0
DA:1861,0
DA:1865,0
DA:1867,0
DA:1869,0
DA:1874,0
DA:1876,0
DA:1881,0
DA:1885,0
DA:1887,0
DA:1889,0
DA:1902,0
LF:473
LH:0
BRDA:30,0,0,0
BRDA:30,0,1,0
BRDA:31,1,0,0
BRDA:31,1,1,0
BRDA:32,2,0,0
BRDA:32,2,1,0
BRDA:33,3,0,0
BRDA:33,3,1,0
BRDA:35,4,0,0
BRDA:35,4,1,0
BRDA:35,5,0,0
BRDA:35,5,1,0
BRDA:47,6,0,0
BRDA:47,6,1,0
BRDA:57,7,0,0
BRDA:57,7,1,0
BRDA:60,8,0,0
BRDA:60,8,1,0
BRDA:63,9,0,0
BRDA:63,9,1,0
BRDA:64,10,0,0
BRDA:64,10,1,0
BRDA:68,11,0,0
BRDA:68,11,1,0
BRDA:80,12,0,0
BRDA:80,12,1,0
BRDA:80,13,0,0
BRDA:80,13,1,0
BRDA:82,14,0,0
BRDA:82,14,1,0
BRDA:82,15,0,0
BRDA:82,15,1,0
BRDA:85,16,0,0
BRDA:85,16,1,0
BRDA:85,17,0,0
BRDA:85,17,1,0
BRDA:91,18,0,0
BRDA:91,18,1,0
BRDA:93,19,0,0
BRDA:93,19,1,0
BRDA:103,20,0,0
BRDA:103,20,1,0
BRDA:108,21,0,0
BRDA:108,21,1,0
BRDA:108,22,0,0
BRDA:108,22,1,0
BRDA:110,23,0,0
BRDA:110,23,1,0
BRDA:119,24,0,0
BRDA:120,25,0,0
BRDA:121,26,0,0
BRDA:122,27,0,0
BRDA:133,28,0,0
BRDA:133,28,1,0
BRDA:134,29,0,0
BRDA:134,29,1,0
BRDA:134,29,2,0
BRDA:134,29,3,0
BRDA:146,30,0,0
BRDA:146,30,1,0
BRDA:147,31,0,0
BRDA:147,31,1,0
BRDA:159,32,0,0
BRDA:161,33,0,0
BRDA:161,33,1,0
BRDA:161,33,2,0
BRDA:176,34,0,0
BRDA:176,34,1,0
BRDA:176,35,0,0
BRDA:176,35,1,0
BRDA:192,36,0,0
BRDA:192,36,1,0
BRDA:204,37,0,0
BRDA:204,37,1,0
BRDA:204,38,0,0
BRDA:204,38,1,0
BRDA:207,39,0,0
BRDA:207,39,1,0
BRDA:207,40,0,0
BRDA:207,40,1,0
BRDA:245,41,0,0
BRDA:245,41,1,0
BRDA:245,42,0,0
BRDA:245,42,1,0
BRDA:246,43,0,0
BRDA:246,43,1,0
BRDA:247,44,0,0
BRDA:247,44,1,0
BRDA:248,45,0,0
BRDA:248,45,1,0
BRDA:249,46,0,0
BRDA:249,46,1,0
BRDA:273,47,0,0
BRDA:273,47,1,0
BRDA:286,48,0,0
BRDA:286,48,1,0
BRDA:287,49,0,0
BRDA:287,49,1,0
BRDA:309,50,0,0
BRDA:309,50,1,0
BRDA:312,51,0,0
BRDA:312,51,1,0
BRDA:355,52,0,0
BRDA:355,52,1,0
BRDA:395,53,0,0
BRDA:395,53,1,0
BRDA:407,54,0,0
BRDA:407,54,1,0
BRDA:408,55,0,0
BRDA:408,55,1,0
BRDA:409,56,0,0
BRDA:409,56,1,0
BRDA:410,57,0,0
BRDA:410,57,1,0
BRDA:411,58,0,0
BRDA:411,58,1,0
BRDA:413,59,0,0
BRDA:413,59,1,0
BRDA:427,60,0,0
BRDA:427,60,1,0
BRDA:429,61,0,0
BRDA:429,61,1,0
BRDA:430,62,0,0
BRDA:430,62,1,0
BRDA:457,63,0,0
BRDA:457,63,1,0
BRDA:458,64,0,0
BRDA:458,64,1,0
BRDA:463,65,0,0
BRDA:463,65,1,0
BRDA:464,66,0,0
BRDA:464,66,1,0
BRDA:465,67,0,0
BRDA:465,67,1,0
BRDA:466,68,0,0
BRDA:466,68,1,0
BRDA:477,69,0,0
BRDA:477,69,1,0
BRDA:479,70,0,0
BRDA:479,70,1,0
BRDA:525,71,0,0
BRDA:525,71,1,0
BRDA:535,72,0,0
BRDA:535,72,1,0
BRDA:565,73,0,0
BRDA:565,73,1,0
BRDA:579,74,0,0
BRDA:579,74,1,0
BRDA:580,75,0,0
BRDA:580,75,1,0
BRDA:580,75,2,0
BRDA:580,75,3,0
BRDA:598,76,0,0
BRDA:598,76,1,0
BRDA:628,77,0,0
BRDA:628,77,1,0
BRDA:638,78,0,0
BRDA:638,78,1,0
BRDA:646,79,0,0
BRDA:646,79,1,0
BRDA:657,80,0,0
BRDA:657,80,1,0
BRDA:657,81,0,0
BRDA:657,81,1,0
BRDA:664,82,0,0
BRDA:664,82,1,0
BRDA:688,83,0,0
BRDA:689,84,0,0
BRDA:690,85,0,0
BRDA:691,86,0,0
BRDA:691,86,1,0
BRDA:694,87,0,0
BRDA:694,87,1,0
BRDA:703,88,0,0
BRDA:703,88,1,0
BRDA:713,89,0,0
BRDA:713,89,1,0
BRDA:722,90,0,0
BRDA:722,90,1,0
BRDA:722,91,0,0
BRDA:722,91,1,0
BRDA:730,92,0,0
BRDA:730,92,1,0
BRDA:731,93,0,0
BRDA:731,93,1,0
BRDA:732,94,0,0
BRDA:732,94,1,0
BRDA:732,94,2,0
BRDA:732,94,3,0
BRDA:732,94,4,0
BRDA:732,94,5,0
BRDA:732,94,6,0
BRDA:732,94,7,0
BRDA:732,94,8,0
BRDA:749,95,0,0
BRDA:749,95,1,0
BRDA:750,96,0,0
BRDA:750,96,1,0
BRDA:753,97,0,0
BRDA:753,97,1,0
BRDA:754,98,0,0
BRDA:754,98,1,0
BRDA:758,99,0,0
BRDA:758,99,1,0
BRDA:786,100,0,0
BRDA:786,100,1,0
BRDA:827,101,0,0
BRDA:827,101,1,0
BRDA:831,102,0,0
BRDA:831,102,1,0
BRDA:831,103,0,0
BRDA:831,103,1,0
BRDA:832,104,0,0
BRDA:832,104,1,0
BRDA:832,105,0,0
BRDA:832,105,1,0
BRDA:834,106,0,0
BRDA:834,106,1,0
BRDA:835,107,0,0
BRDA:835,107,1,0
BRDA:836,108,0,0
BRDA:836,108,1,0
BRDA:853,109,0,0
BRDA:853,109,1,0
BRDA:854,110,0,0
BRDA:854,110,1,0
BRDA:854,111,0,0
BRDA:854,111,1,0
BRDA:892,112,0,0
BRDA:892,112,1,0
BRDA:893,113,0,0
BRDA:893,113,1,0
BRDA:894,114,0,0
BRDA:894,114,1,0
BRDA:896,115,0,0
BRDA:896,115,1,0
BRDA:897,116,0,0
BRDA:897,116,1,0
BRDA:897,117,0,0
BRDA:897,117,1,0
BRDA:898,118,0,0
BRDA:898,118,1,0
BRDA:899,119,0,0
BRDA:899,119,1,0
BRDA:904,120,0,0
BRDA:904,120,1,0
BRDA:905,121,0,0
BRDA:905,121,1,0
BRDA:910,122,0,0
BRDA:910,122,1,0
BRDA:911,123,0,0
BRDA:911,123,1,0
BRDA:930,124,0,0
BRDA:930,124,1,0
BRDA:985,125,0,0
BRDA:985,125,1,0
BRDA:1091,126,0,0
BRDA:1091,126,1,0
BRDA:1099,127,0,0
BRDA:1099,127,1,0
BRDA:1113,128,0,0
BRDA:1113,128,1,0
BRDA:1144,129,0,0
BRDA:1144,129,1,0
BRDA:1145,130,0,0
BRDA:1145,130,1,0
BRDA:1150,131,0,0
BRDA:1150,131,1,0
BRDA:1151,132,0,0
BRDA:1151,132,1,0
BRDA:1152,133,0,0
BRDA:1152,133,1,0
BRDA:1153,134,0,0
BRDA:1153,134,1,0
BRDA:1161,135,0,0
BRDA:1161,135,1,0
BRDA:1171,136,0,0
BRDA:1171,136,1,0
BRDA:1173,137,0,0
BRDA:1173,137,1,0
BRDA:1220,138,0,0
BRDA:1220,138,1,0
BRDA:1232,139,0,0
BRDA:1232,139,1,0
BRDA:1262,140,0,0
BRDA:1262,140,1,0
BRDA:1271,141,0,0
BRDA:1271,141,1,0
BRDA:1281,142,0,0
BRDA:1281,142,1,0
BRDA:1291,143,0,0
BRDA:1291,143,1,0
BRDA:1310,144,0,0
BRDA:1310,144,1,0
BRDA:1336,145,0,0
BRDA:1336,145,1,0
BRDA:1337,146,0,0
BRDA:1337,146,1,0
BRDA:1348,147,0,0
BRDA:1348,147,1,0
BRDA:1348,148,0,0
BRDA:1348,148,1,0
BRDA:1357,149,0,0
BRDA:1357,149,1,0
BRDA:1378,150,0,0
BRDA:1378,150,1,0
BRDA:1386,151,0,0
BRDA:1386,151,1,0
BRDA:1405,152,0,0
BRDA:1405,152,1,0
BRDA:1406,153,0,0
BRDA:1406,153,1,0
BRDA:1411,154,0,0
BRDA:1411,154,1,0
BRDA:1412,155,0,0
BRDA:1412,155,1,0
BRDA:1419,156,0,0
BRDA:1419,156,1,0
BRDA:1420,157,0,0
BRDA:1420,157,1,0
BRDA:1421,158,0,0
BRDA:1421,158,1,0
BRDA:1422,159,0,0
BRDA:1422,159,1,0
BRDA:1422,160,0,0
BRDA:1422,160,1,0
BRDA:1424,161,0,0
BRDA:1424,161,1,0
BRDA:1427,162,0,0
BRDA:1427,162,1,0
BRDA:1431,163,0,0
BRDA:1431,163,1,0
BRDA:1431,164,0,0
BRDA:1431,164,1,0
BRDA:1473,165,0,0
BRDA:1473,165,1,0
BRDA:1473,166,0,0
BRDA:1473,166,1,0
BRDA:1476,167,0,0
BRDA:1476,167,1,0
BRDA:1476,168,0,0
BRDA:1476,168,1,0
BRDA:1480,169,0,0
BRDA:1480,169,1,0
BRDA:1483,170,0,0
BRDA:1483,170,1,0
BRDA:1487,171,0,0
BRDA:1487,171,1,0
BRDA:1491,172,0,0
BRDA:1491,172,1,0
BRDA:1495,173,0,0
BRDA:1495,173,1,0
BRDA:1502,174,0,0
BRDA:1502,174,1,0
BRDA:1506,175,0,0
BRDA:1506,175,1,0
BRDA:1506,176,0,0
BRDA:1506,176,1,0
BRDA:1521,177,0,0
BRDA:1521,177,1,0
BRDA:1531,178,0,0
BRDA:1531,178,1,0
BRDA:1555,179,0,0
BRDA:1555,179,1,0
BRDA:1555,180,0,0
BRDA:1555,180,1,0
BRDA:1561,181,0,0
BRDA:1561,181,1,0
BRDA:1562,182,0,0
BRDA:1562,182,1,0
BRDA:1565,183,0,0
BRDA:1565,183,1,0
BRDA:1566,184,0,0
BRDA:1566,184,1,0
BRDA:1567,185,0,0
BRDA:1567,185,1,0
BRDA:1569,186,0,0
BRDA:1569,186,1,0
BRDA:1571,187,0,0
BRDA:1571,187,1,0
BRDA:1618,188,0,0
BRDA:1618,188,1,0
BRDA:1636,189,0,0
BRDA:1636,189,1,0
BRDA:1636,190,0,0
BRDA:1636,190,1,0
BRDA:1652,191,0,0
BRDA:1652,191,1,0
BRDA:1653,192,0,0
BRDA:1653,192,1,0
BRDA:1662,193,0,0
BRDA:1662,193,1,0
BRDA:1663,194,0,0
BRDA:1663,194,1,0
BRDA:1664,195,0,0
BRDA:1664,195,1,0
BRDA:1675,196,0,0
BRDA:1675,196,1,0
BRDA:1686,197,0,0
BRDA:1686,197,1,0
BRDA:1755,198,0,0
BRDA:1755,198,1,0
BRDA:1759,199,0,0
BRDA:1759,199,1,0
BRDA:1764,200,0,0
BRDA:1764,200,1,0
BRDA:1764,201,0,0
BRDA:1764,201,1,0
BRDA:1772,202,0,0
BRDA:1772,202,1,0
BRDA:1774,203,0,0
BRDA:1774,203,1,0
BRDA:1775,204,0,0
BRDA:1775,204,1,0
BRDA:1776,205,0,0
BRDA:1776,205,1,0
BRDA:1777,206,0,0
BRDA:1777,206,1,0
BRDA:1778,207,0,0
BRDA:1778,207,1,0
BRDA:1778,208,0,0
BRDA:1778,208,1,0
BRDA:1780,209,0,0
BRDA:1780,209,1,0
BRDA:1780,210,0,0
BRDA:1780,210,1,0
BRDA:1782,211,0,0
BRDA:1782,211,1,0
BRDA:1783,212,0,0
BRDA:1783,212,1,0
BRDA:1783,213,0,0
BRDA:1783,213,1,0
BRDA:1785,214,0,0
BRDA:1785,214,1,0
BRDA:1786,215,0,0
BRDA:1786,215,1,0
BRDA:1790,216,0,0
BRDA:1790,216,1,0
BRDA:1790,217,0,0
BRDA:1790,217,1,0
BRDA:1854,218,0,0
BRDA:1854,218,1,0
BRDA:1855,219,0,0
BRDA:1855,219,1,0
BRDA:1859,220,0,0
BRDA:1859,220,1,0
BRDA:1860,221,0,0
BRDA:1860,221,1,0
BRDA:1867,222,0,0
BRDA:1867,222,1,0
BRDA:1876,223,0,0
BRDA:1876,223,1,0
BRDA:1877,224,0,0
BRDA:1877,224,1,0
BRDA:1877,225,0,0
BRDA:1877,225,1,0
BRDA:1881,226,0,0
BRDA:1881,226,1,0
BRDA:1882,227,0,0
BRDA:1882,227,1,0
BRDA:1882,228,0,0
BRDA:1882,228,1,0
BRF:462
BRH:0
end_of_record
TN:
SF:controllers/adminBonusGrant.controller.js
FN:8,normalizeBusinessNumberDigits
FN:14,formatBusinessNumber
FN:20,adminOverrideWelcomeBonus
FN:139,adminListBonusGrants
FNF:4
FNH:0
FNDA:0,normalizeBusinessNumberDigits
FNDA:0,formatBusinessNumber
FNDA:0,adminOverrideWelcomeBonus
FNDA:0,adminListBonusGrants
DA:6,0
DA:9,0
DA:10,0
DA:11,0
DA:15,0
DA:16,0
DA:17,0
DA:21,0
DA:22,0
DA:25,0
DA:26,0
DA:32,0
DA:33,0
DA:34,0
DA:40,0
DA:42,0
DA:46,0
DA:48,0
DA:49,0
DA:50,0
DA:56,0
DA:57,0
DA:62,0
DA:63,0
DA:68,0
DA:71,0
DA:73,0
DA:75,0
DA:87,0
DA:88,0
DA:104,0
DA:105,0
DA:111,0
DA:115,0
DA:120,0
DA:131,0
DA:140,0
DA:141,0
DA:142,0
DA:146,0
DA:147,0
DA:148,0
DA:151,0
DA:156,0
DA:158,0
LF:45
LH:0
BRDA:9,0,0,0
BRDA:9,0,1,0
BRDA:10,1,0,0
BRDA:10,1,1,0
BRDA:15,2,0,0
BRDA:15,2,1,0
BRDA:16,3,0,0
BRDA:16,3,1,0
BRDA:25,4,0,0
BRDA:25,4,1,0
BRDA:32,5,0,0
BRDA:32,5,1,0
BRDA:33,6,0,0
BRDA:33,6,1,0
BRDA:42,7,0,0
BRDA:42,7,1,0
BRDA:42,8,0,0
BRDA:42,8,1,0
BRDA:48,9,0,0
BRDA:48,9,1,0
BRDA:49,10,0,0
BRDA:49,10,1,0
BRDA:49,11,0,0
BRDA:49,11,1,0
BRDA:56,12,0,0
BRDA:56,12,1,0
BRDA:62,13,0,0
BRDA:62,13,1,0
BRDA:71,14,0,0
BRDA:71,14,1,0
BRDA:73,15,0,0
BRDA:73,15,1,0
BRDA:73,16,0,0
BRDA:73,16,1,0
BRDA:84,17,0,0
BRDA:84,17,1,0
BRDA:104,18,0,0
BRDA:104,18,1,0
BRDA:117,19,0,0
BRDA:117,19,1,0
BRDA:127,20,0,0
BRDA:127,20,1,0
BRDA:141,21,0,0
BRDA:141,21,1,0
BRDA:141,22,0,0
BRDA:141,22,1,0
BRDA:147,23,0,0
BRDA:147,23,1,0
BRF:48
BRH:0
end_of_record
TN:
SF:controllers/adminCredit.controller.js
FN:7,adminGetCreditStats
FN:38,(anonymous_1)
FN:74,adminGetOrganizationCredits
FN:86,(anonymous_3)
FN:99,(anonymous_4)
FN:103,(anonymous_5)
FN:127,(anonymous_6)
FN:164,adminGetOrganizationCreditDetail
FNF:8
FNH:0
FNDA:0,adminGetCreditStats
FNDA:0,(anonymous_1)
FNDA:0,adminGetOrganizationCredits
FNDA:0,(anonymous_3)
FNDA:0,(anonymous_4)
FNDA:0,(anonymous_5)
FNDA:0,(anonymous_6)
FNDA:0,adminGetOrganizationCreditDetail
DA:8,0
DA:17,0
DA:27,0
DA:37,0
DA:38,0
DA:39,0
DA:45,0
DA:46,0
DA:47,0
DA:49,0
DA:66,0
DA:67,0
DA:75,0
DA:76,0
DA:77,0
DA:79,0
DA:86,0
DA:88,0
DA:98,0
DA:99,0
DA:100,0
DA:101,0
DA:103,0
DA:104,0
DA:105,0
DA:107,0
DA:108,0
DA:109,0
DA:110,0
DA:111,0
DA:112,0
DA:113,0
DA:114,0
DA:115,0
DA:116,0
DA:120,0
DA:127,0
DA:128,0
DA:129,0
DA:135,0
DA:144,0
DA:146,0
DA:156,0
DA:157,0
DA:165,0
DA:166,0
DA:167,0
DA:171,0
DA:172,0
DA:178,0
DA:183,0
DA:184,0
DA:185,0
DA:187,0
DA:188,0
DA:189,0
DA:191,0
DA:192,0
DA:193,0
DA:194,0
DA:195,0
DA:196,0
DA:197,0
DA:198,0
DA:199,0
DA:200,0
DA:203,0
DA:211,0
DA:222,0
DA:223,0
LF:70
LH:0
BRDA:45,0,0,0
BRDA:45,0,1,0
BRDA:46,1,0,0
BRDA:46,1,1,0
BRDA:47,2,0,0
BRDA:47,2,1,0
BRDA:76,3,0,0
BRDA:76,3,1,0
BRDA:77,4,0,0
BRDA:77,4,1,0
BRDA:105,5,0,0
BRDA:105,5,1,0
BRDA:107,6,0,0
BRDA:107,6,1,0
BRDA:107,7,0,0
BRDA:107,7,1,0
BRDA:107,7,2,0
BRDA:109,8,0,0
BRDA:109,8,1,0
BRDA:111,9,0,0
BRDA:111,9,1,0
BRDA:129,10,0,0
BRDA:129,10,1,0
BRDA:138,11,0,0
BRDA:138,11,1,0
BRDA:139,12,0,0
BRDA:139,12,1,0
BRDA:171,13,0,0
BRDA:171,13,1,0
BRDA:189,14,0,0
BRDA:189,14,1,0
BRDA:191,15,0,0
BRDA:191,15,1,0
BRDA:191,16,0,0
BRDA:191,16,1,0
BRDA:191,16,2,0
BRDA:193,17,0,0
BRDA:193,17,1,0
BRDA:195,18,0,0
BRDA:195,18,1,0
BRF:40
BRH:0
end_of_record
TN:
SF:controllers/adminCreditBPlan.controller.js
FN:12,writeAuditLog
FN:26,sendPushover
FN:45,logActivity
FN:66,adminListChargeOrders
FN:87,adminApproveChargeOrder
FN:179,adminRejectChargeOrder
FN:278,adminListBankTransactions
FN:295,adminUpsertBankTransaction
FN:315,adminManualMatch
FN:402,(anonymous_9)
FN:529,adminRequestBankTransactions
FN:564,adminVerifyChargeOrder
FN:638,adminLockChargeOrder
FN:704,adminUnlockChargeOrder
FN:769,adminGetBankTransactions
FNF:15
FNH:0
FNDA:0,writeAuditLog
FNDA:0,sendPushover
FNDA:0,logActivity
FNDA:0,adminListChargeOrders
FNDA:0,adminApproveChargeOrder
FNDA:0,adminRejectChargeOrder
FNDA:0,adminListBankTransactions
FNDA:0,adminUpsertBankTransaction
FNDA:0,adminManualMatch
FNDA:0,(anonymous_9)
FNDA:0,adminRequestBankTransactions
FNDA:0,adminVerifyChargeOrder
FNDA:0,adminLockChargeOrder
FNDA:0,adminUnlockChargeOrder
FNDA:0,adminGetBankTransactions
DA:13,0
DA:14,0
DA:16,0
DA:27,0
DA:28,0
DA:29,0
DA:41,0
DA:52,0
DA:53,0
DA:54,0
DA:62,0
DA:67,0
DA:70,0
DA:71,0
DA:75,0
DA:78,0
DA:84,0
DA:88,0
DA:89,0
DA:90,0
DA:92,0
DA:93,0
DA:99,0
DA:100,0
DA:101,0
DA:107,0
DA:108,0
DA:113,0
DA:114,0
DA:119,0
DA:120,0
DA:126,0
DA:138,0
DA:142,0
DA:155,0
DA:168,0
DA:176,0
DA:180,0
DA:181,0
DA:182,0
DA:184,0
DA:185,0
DA:191,0
DA:192,0
DA:198,0
DA:199,0
DA:200,0
DA:206,0
DA:207,0
DA:212,0
DA:213,0
DA:218,0
DA:219,0
DA:225,0
DA:237,0
DA:241,0
DA:254,0
DA:267,0
DA:275,0
DA:279,0
DA:282,0
DA:283,0
DA:284,0
DA:287,0
DA:292,0
DA:296,0
DA:304,0
DA:312,0
DA:316,0
DA:317,0
DA:318,0
DA:319,0
DA:321,0
DA:322,0
DA:327,0
DA:328,0
DA:333,0
DA:338,0
DA:339,0
DA:343,0
DA:344,0
DA:349,0
DA:350,0
DA:351,0
DA:357,0
DA:363,0
DA:364,0
DA:370,0
DA:371,0
DA:372,0
DA:373,0
DA:379,0
DA:380,0
DA:384,0
DA:385,0
DA:390,0
DA:391,0
DA:397,0
DA:401,0
DA:402,0
DA:403,0
DA:417,0
DA:436,0
DA:437,0
DA:453,0
DA:458,0
DA:459,0
DA:472,0
DA:498,0
DA:501,0
DA:506,0
DA:509,0
DA:523,0
DA:530,0
DA:531,0
DA:533,0
DA:534,0
DA:540,0
DA:546,0
DA:554,0
DA:556,0
DA:565,0
DA:566,0
DA:567,0
DA:569,0
DA:570,0
DA:576,0
DA:577,0
DA:578,0
DA:584,0
DA:585,0
DA:591,0
DA:592,0
DA:598,0
DA:609,0
DA:621,0
DA:623,0
DA:629,0
DA:630,0
DA:639,0
DA:640,0
DA:642,0
DA:643,0
DA:649,0
DA:650,0
DA:651,0
DA:657,0
DA:658,0
DA:664,0
DA:675,0
DA:687,0
DA:689,0
DA:695,0
DA:696,0
DA:705,0
DA:706,0
DA:708,0
DA:709,0
DA:715,0
DA:716,0
DA:717,0
DA:723,0
DA:724,0
DA:730,0
DA:741,0
DA:752,0
DA:754,0
DA:760,0
DA:761,0
DA:770,0
DA:776,0
DA:778,0
DA:783,0
DA:785,0
LF:174
LH:0
BRDA:14,0,0,0
BRDA:14,0,1,0
BRDA:19,1,0,0
BRDA:19,1,1,0
BRDA:20,2,0,0
BRDA:20,2,1,0
BRDA:21,3,0,0
BRDA:21,3,1,0
BRDA:22,4,0,0
BRDA:22,4,1,0
BRDA:22,4,2,0
BRDA:26,5,0,0
BRDA:27,6,0,0
BRDA:27,6,1,0
BRDA:27,7,0,0
BRDA:27,7,1,0
BRDA:49,8,0,0
BRDA:50,9,0,0
BRDA:52,10,0,0
BRDA:52,10,1,0
BRDA:57,11,0,0
BRDA:57,11,1,0
BRDA:67,12,0,0
BRDA:67,12,1,0
BRDA:71,13,0,0
BRDA:71,13,1,0
BRDA:72,14,0,0
BRDA:72,14,1,0
BRDA:88,15,0,0
BRDA:88,15,1,0
BRDA:89,16,0,0
BRDA:89,16,1,0
BRDA:92,17,0,0
BRDA:92,17,1,0
BRDA:100,18,0,0
BRDA:100,18,1,0
BRDA:107,19,0,0
BRDA:107,19,1,0
BRDA:113,20,0,0
BRDA:113,20,1,0
BRDA:119,21,0,0
BRDA:119,21,1,0
BRDA:119,22,0,0
BRDA:119,22,1,0
BRDA:170,23,0,0
BRDA:170,23,1,0
BRDA:180,24,0,0
BRDA:180,24,1,0
BRDA:181,25,0,0
BRDA:181,25,1,0
BRDA:184,26,0,0
BRDA:184,26,1,0
BRDA:191,27,0,0
BRDA:191,27,1,0
BRDA:199,28,0,0
BRDA:199,28,1,0
BRDA:206,29,0,0
BRDA:206,29,1,0
BRDA:212,30,0,0
BRDA:212,30,1,0
BRDA:218,31,0,0
BRDA:218,31,1,0
BRDA:218,32,0,0
BRDA:218,32,1,0
BRDA:269,33,0,0
BRDA:269,33,1,0
BRDA:279,34,0,0
BRDA:279,34,1,0
BRDA:283,35,0,0
BRDA:283,35,1,0
BRDA:283,36,0,0
BRDA:283,36,1,0
BRDA:316,37,0,0
BRDA:316,37,1,0
BRDA:317,38,0,0
BRDA:317,38,1,0
BRDA:318,39,0,0
BRDA:318,39,1,0
BRDA:321,40,0,0
BRDA:321,40,1,0
BRDA:327,41,0,0
BRDA:327,41,1,0
BRDA:338,42,0,0
BRDA:338,42,1,0
BRDA:343,43,0,0
BRDA:343,43,1,0
BRDA:349,44,0,0
BRDA:349,44,1,0
BRDA:350,45,0,0
BRDA:350,45,1,0
BRDA:351,46,0,0
BRDA:351,46,1,0
BRDA:352,47,0,0
BRDA:352,47,1,0
BRDA:352,47,2,0
BRDA:352,47,3,0
BRDA:363,48,0,0
BRDA:363,48,1,0
BRDA:363,49,0,0
BRDA:363,49,1,0
BRDA:370,50,0,0
BRDA:370,50,1,0
BRDA:371,51,0,0
BRDA:371,51,1,0
BRDA:372,52,0,0
BRDA:372,52,1,0
BRDA:372,53,0,0
BRDA:372,53,1,0
BRDA:372,53,2,0
BRDA:372,53,3,0
BRDA:379,54,0,0
BRDA:379,54,1,0
BRDA:379,55,0,0
BRDA:379,55,1,0
BRDA:384,56,0,0
BRDA:384,56,1,0
BRDA:384,57,0,0
BRDA:384,57,1,0
BRDA:390,58,0,0
BRDA:390,58,1,0
BRDA:411,59,0,0
BRDA:411,59,1,0
BRDA:429,60,0,0
BRDA:429,60,1,0
BRDA:458,61,0,0
BRDA:458,61,1,0
BRDA:479,62,0,0
BRDA:479,62,1,0
BRDA:480,63,0,0
BRDA:480,63,1,0
BRDA:482,64,0,0
BRDA:482,64,1,0
BRDA:483,65,0,0
BRDA:483,65,1,0
BRDA:484,66,0,0
BRDA:484,66,1,0
BRDA:485,67,0,0
BRDA:485,67,1,0
BRDA:486,68,0,0
BRDA:486,68,1,0
BRDA:487,69,0,0
BRDA:487,69,1,0
BRDA:488,70,0,0
BRDA:488,70,1,0
BRDA:489,71,0,0
BRDA:489,71,1,0
BRDA:490,72,0,0
BRDA:490,72,1,0
BRDA:533,73,0,0
BRDA:533,73,1,0
BRDA:533,74,0,0
BRDA:533,74,1,0
BRDA:533,74,2,0
BRDA:569,75,0,0
BRDA:569,75,1,0
BRDA:577,76,0,0
BRDA:577,76,1,0
BRDA:584,77,0,0
BRDA:584,77,1,0
BRDA:591,78,0,0
BRDA:591,78,1,0
BRDA:642,79,0,0
BRDA:642,79,1,0
BRDA:650,80,0,0
BRDA:650,80,1,0
BRDA:657,81,0,0
BRDA:657,81,1,0
BRDA:670,82,0,0
BRDA:670,82,1,0
BRDA:683,83,0,0
BRDA:683,83,1,0
BRDA:708,84,0,0
BRDA:708,84,1,0
BRDA:716,85,0,0
BRDA:716,85,1,0
BRDA:723,86,0,0
BRDA:723,86,1,0
BRDA:776,87,0,0
BRF:178
BRH:0
end_of_record
TN:
SF:controllers/adminPopbillQueue.controller.js
FN:3,adminGetQueueStats
FN:32,adminListQueueTasks
FN:67,adminGetQueueTask
FN:89,adminRetryQueueTask
FN:134,adminCancelQueueTask
FNF:5
FNH:0
FNDA:0,adminGetQueueStats
FNDA:0,adminListQueueTasks
FNDA:0,adminGetQueueTask
FNDA:0,adminRetryQueueTask
FNDA:0,adminCancelQueueTask
DA:4,0
DA:5,0
DA:14,0
DA:15,0
DA:16,0
DA:17,0
DA:18,0
DA:19,0
DA:22,0
DA:24,0
DA:33,0
DA:34,0
DA:35,0
DA:36,0
DA:37,0
DA:39,0
DA:40,0
DA:46,0
DA:48,0
DA:59,0
DA:68,0
DA:69,0
DA:70,0
DA:72,0
DA:73,0
DA:79,0
DA:81,0
DA:90,0
DA:91,0
DA:92,0
DA:94,0
DA:95,0
DA:101,0
DA:102,0
DA:108,0
DA:121,0
DA:126,0
DA:135,0
DA:136,0
DA:137,0
DA:139,0
DA:140,0
DA:146,0
DA:147,0
DA:153,0
DA:164,0
DA:169,0
LF:47
LH:0
BRDA:18,0,0,0
BRDA:18,0,1,0
BRDA:34,1,0,0
BRDA:34,2,0,0
BRDA:36,3,0,0
BRDA:36,3,1,0
BRDA:37,4,0,0
BRDA:37,4,1,0
BRDA:72,5,0,0
BRDA:72,5,1,0
BRDA:94,6,0,0
BRDA:94,6,1,0
BRDA:101,7,0,0
BRDA:101,7,1,0
BRDA:139,8,0,0
BRDA:139,8,1,0
BRDA:146,9,0,0
BRDA:146,9,1,0
BRDA:146,10,0,0
BRDA:146,10,1,0
BRF:20
BRH:0
end_of_record
TN:
SF:controllers/adminSms.controller.js
FN:8,adminSendSms
FN:13,(anonymous_1)
FN:14,(anonymous_2)
FN:56,adminListSms
FN:81,adminSendKakaoOrSms
FN:86,(anonymous_5)
FN:87,(anonymous_6)
FN:132,adminListKakaoTemplates
FNF:8
FNH:0
FNDA:0,adminSendSms
FNDA:0,(anonymous_1)
FNDA:0,(anonymous_2)
FNDA:0,adminListSms
FNDA:0,adminSendKakaoOrSms
FNDA:0,(anonymous_5)
FNDA:0,(anonymous_6)
FNDA:0,adminListKakaoTemplates
DA:9,0
DA:10,0
DA:11,0
DA:12,0
DA:13,0
DA:14,0
DA:16,0
DA:17,0
DA:28,0
DA:35,0
DA:44,0
DA:48,0
DA:57,0
DA:58,0
DA:59,0
DA:60,0
DA:61,0
DA:66,0
DA:67,0
DA:73,0
DA:82,0
DA:83,0
DA:84,0
DA:85,0
DA:86,0
DA:87,0
DA:89,0
DA:90,0
DA:95,0
DA:96,0
DA:102,0
DA:110,0
DA:120,0
DA:124,0
DA:133,0
DA:134,0
DA:135,0
DA:136,0
DA:142,0
DA:144,0
DA:146,0
LF:41
LH:0
BRDA:10,0,0,0
BRDA:10,0,1,0
BRDA:11,1,0,0
BRDA:11,1,1,0
BRDA:11,2,0,0
BRDA:11,2,1,0
BRDA:13,3,0,0
BRDA:13,3,1,0
BRDA:16,4,0,0
BRDA:16,4,1,0
BRDA:16,5,0,0
BRDA:16,5,1,0
BRDA:29,6,0,0
BRDA:29,6,1,0
BRDA:32,7,0,0
BRDA:32,7,1,0
BRDA:39,8,0,0
BRDA:39,8,1,0
BRDA:58,9,0,0
BRDA:58,9,1,0
BRDA:59,10,0,0
BRDA:59,10,1,0
BRDA:83,11,0,0
BRDA:83,12,0,0
BRDA:83,12,1,0
BRDA:84,13,0,0
BRDA:84,13,1,0
BRDA:84,14,0,0
BRDA:84,14,1,0
BRDA:86,15,0,0
BRDA:86,15,1,0
BRDA:89,16,0,0
BRDA:89,16,1,0
BRDA:89,17,0,0
BRDA:89,17,1,0
BRDA:95,18,0,0
BRDA:95,18,1,0
BRDA:95,19,0,0
BRDA:95,19,1,0
BRDA:103,20,0,0
BRDA:103,20,1,0
BRDA:106,21,0,0
BRDA:106,21,1,0
BRDA:115,22,0,0
BRDA:115,22,1,0
BRDA:115,23,0,0
BRDA:115,23,1,0
BRDA:115,24,0,0
BRDA:115,24,1,0
BRDA:134,25,0,0
BRDA:134,25,1,0
BRDA:135,26,0,0
BRDA:135,26,1,0
BRF:53
BRH:0
end_of_record
TN:
SF:controllers/adminTaxInvoice.controller.js
FN:8,writeAuditLog
FN:22,pickBuyerPayload
FN:40,toNumOrUndef
FN:46,adminListTaxInvoiceDrafts
FN:81,adminGetTaxInvoiceDraft
FN:89,adminUpdateTaxInvoiceDraft
FN:131,adminApproveTaxInvoiceDraft
FN:169,adminRejectTaxInvoiceDraft
FN:198,adminCancelTaxInvoiceDraft
FN:226,adminIssueTaxInvoice
FN:292,adminGetTaxInvoiceStatus
FN:300,adminCancelIssuedTaxInvoice
FNF:12
FNH:0
FNDA:0,writeAuditLog
FNDA:0,pickBuyerPayload
FNDA:0,toNumOrUndef
FNDA:0,adminListTaxInvoiceDrafts
FNDA:0,adminGetTaxInvoiceDraft
FNDA:0,adminUpdateTaxInvoiceDraft
FNDA:0,adminApproveTaxInvoiceDraft
FNDA:0,adminRejectTaxInvoiceDraft
FNDA:0,adminCancelTaxInvoiceDraft
FNDA:0,adminIssueTaxInvoice
FNDA:0,adminGetTaxInvoiceStatus
FNDA:0,adminCancelIssuedTaxInvoice
DA:9,0
DA:10,0
DA:12,0
DA:23,0
DA:24,0
DA:41,0
DA:42,0
DA:43,0
DA:48,0
DA:51,0
DA:54,0
DA:58,0
DA:59,0
DA:70,0
DA:73,0
DA:78,0
DA:82,0
DA:83,0
DA:84,0
DA:85,0
DA:86,0
DA:90,0
DA:92,0
DA:93,0
DA:94,0
DA:96,0
DA:97,0
DA:100,0
DA:101,0
DA:102,0
DA:103,0
DA:105,0
DA:106,0
DA:107,0
DA:108,0
DA:110,0
DA:111,0
DA:114,0
DA:115,0
DA:118,0
DA:119,0
DA:127,0
DA:128,0
DA:132,0
DA:134,0
DA:135,0
DA:136,0
DA:138,0
DA:139,0
DA:142,0
DA:157,0
DA:165,0
DA:166,0
DA:170,0
DA:171,0
DA:173,0
DA:174,0
DA:175,0
DA:177,0
DA:178,0
DA:181,0
DA:186,0
DA:194,0
DA:195,0
DA:199,0
DA:201,0
DA:202,0
DA:203,0
DA:205,0
DA:206,0
DA:209,0
DA:214,0
DA:222,0
DA:223,0
DA:227,0
DA:228,0
DA:229,0
DA:231,0
DA:232,0
DA:235,0
DA:236,0
DA:239,0
DA:240,0
DA:246,0
DA:247,0
DA:248,0
DA:254,0
DA:260,0
DA:261,0
DA:268,0
DA:276,0
DA:283,0
DA:284,0
DA:293,0
DA:301,0
DA:302,0
DA:304,0
DA:305,0
DA:313,0
DA:314,0
DA:315,0
DA:317,0
DA:320,0
DA:327,0
DA:335,0
DA:341,0
LF:106
LH:0
BRDA:10,0,0,0
BRDA:10,0,1,0
BRDA:15,1,0,0
BRDA:15,1,1,0
BRDA:16,2,0,0
BRDA:16,2,1,0
BRDA:17,3,0,0
BRDA:17,3,1,0
BRDA:18,4,0,0
BRDA:18,4,1,0
BRDA:18,4,2,0
BRDA:23,5,0,0
BRDA:23,5,1,0
BRDA:25,6,0,0
BRDA:25,6,1,0
BRDA:26,7,0,0
BRDA:26,7,1,0
BRDA:27,8,0,0
BRDA:27,8,1,0
BRDA:28,9,0,0
BRDA:28,9,1,0
BRDA:29,10,0,0
BRDA:29,10,1,0
BRDA:30,11,0,0
BRDA:30,11,1,0
BRDA:32,12,0,0
BRDA:32,12,1,0
BRDA:34,13,0,0
BRDA:34,13,1,0
BRDA:36,14,0,0
BRDA:36,14,1,0
BRDA:41,15,0,0
BRDA:41,15,1,0
BRDA:41,16,0,0
BRDA:41,16,1,0
BRDA:41,16,2,0
BRDA:43,17,0,0
BRDA:43,17,1,0
BRDA:48,18,0,0
BRDA:48,18,1,0
BRDA:49,19,0,0
BRDA:49,19,1,0
BRDA:54,20,0,0
BRDA:54,20,1,0
BRDA:59,21,0,0
BRDA:59,21,1,0
BRDA:60,22,0,0
BRDA:60,22,1,0
BRDA:82,23,0,0
BRDA:82,23,1,0
BRDA:84,24,0,0
BRDA:84,24,1,0
BRDA:90,25,0,0
BRDA:90,25,1,0
BRDA:93,26,0,0
BRDA:93,26,1,0
BRDA:96,27,0,0
BRDA:96,27,1,0
BRDA:106,28,0,0
BRDA:106,28,1,0
BRDA:107,29,0,0
BRDA:107,29,1,0
BRDA:108,30,0,0
BRDA:108,30,1,0
BRDA:111,31,0,0
BRDA:111,31,1,0
BRDA:114,32,0,0
BRDA:114,32,1,0
BRDA:132,33,0,0
BRDA:132,33,1,0
BRDA:135,34,0,0
BRDA:135,34,1,0
BRDA:138,35,0,0
BRDA:138,35,1,0
BRDA:170,36,0,0
BRDA:170,36,1,0
BRDA:171,37,0,0
BRDA:171,37,1,0
BRDA:174,38,0,0
BRDA:174,38,1,0
BRDA:177,39,0,0
BRDA:177,39,1,0
BRDA:183,40,0,0
BRDA:183,40,1,0
BRDA:199,41,0,0
BRDA:199,41,1,0
BRDA:202,42,0,0
BRDA:202,42,1,0
BRDA:205,43,0,0
BRDA:205,43,1,0
BRDA:228,44,0,0
BRDA:228,44,1,0
BRDA:231,45,0,0
BRDA:231,45,1,0
BRDA:235,46,0,0
BRDA:235,46,1,0
BRDA:239,47,0,0
BRDA:239,47,1,0
BRDA:246,48,0,0
BRDA:246,48,1,0
BRDA:247,49,0,0
BRDA:247,49,1,0
BRDA:260,50,0,0
BRDA:260,50,1,0
BRDA:304,51,0,0
BRDA:304,51,1,0
BRDA:304,52,0,0
BRDA:304,52,1,0
BRDA:304,52,2,0
BRDA:314,53,0,0
BRDA:314,53,1,0
BRF:111
BRH:0
end_of_record
TN:
SF:controllers/ai.controller.js
FN:11,(anonymous_0)
FN:33,parseBusinessLicense
FN:62,(anonymous_2)
FN:79,(anonymous_3)
FN:221,(anonymous_4)
FN:252,(anonymous_5)
FN:274,(anonymous_6)
FN:293,(anonymous_7)
FN:410,(anonymous_8)
FN:411,(anonymous_9)
FN:423,(anonymous_10)
FN:428,(anonymous_11)
FN:443,(anonymous_12)
FN:448,parseFilenames
FN:633,recognizeLotNumber
FN:731,(anonymous_15)
FNF:16
FNH:0
FNDA:0,(anonymous_0)
FNDA:0,parseBusinessLicense
FNDA:0,(anonymous_2)
FNDA:0,(anonymous_3)
FNDA:0,(anonymous_4)
FNDA:0,(anonymous_5)
FNDA:0,(anonymous_6)
FNDA:0,(anonymous_7)
FNDA:0,(anonymous_8)
FNDA:0,(anonymous_9)
FNDA:0,(anonymous_10)
FNDA:0,(anonymous_11)
FNDA:0,(anonymous_12)
FNDA:0,parseFilenames
FNDA:0,recognizeLotNumber
FNDA:0,(anonymous_15)
DA:7,0
DA:8,0
DA:9,0
DA:11,0
DA:12,0
DA:13,0
DA:14,0
DA:15,0
DA:16,0
DA:20,0
DA:21,0
DA:23,0
DA:30,0
DA:34,0
DA:35,0
DA:37,0
DA:38,0
DA:44,0
DA:45,0
DA:51,0
DA:52,0
DA:53,0
DA:54,0
DA:57,0
DA:59,0
DA:62,0
DA:63,0
DA:64,0
DA:71,0
DA:72,0
DA:73,0
DA:79,0
DA:80,0
DA:81,0
DA:85,0
DA:86,0
DA:93,0
DA:94,0
DA:96,0
DA:97,0
DA:98,0
DA:104,0
DA:106,0
DA:107,0
DA:113,0
DA:114,0
DA:115,0
DA:116,0
DA:123,0
DA:124,0
DA:140,0
DA:155,0
DA:159,0
DA:160,0
DA:161,0
DA:162,0
DA:169,0
DA:176,0
DA:177,0
DA:184,0
DA:200,0
DA:210,0
DA:212,0
DA:213,0
DA:214,0
DA:215,0
DA:216,0
DA:217,0
DA:221,0
DA:222,0
DA:223,0
DA:224,0
DA:225,0
DA:228,0
DA:229,0
DA:230,0
DA:231,0
DA:233,0
DA:234,0
DA:235,0
DA:237,0
DA:241,0
DA:243,0
DA:244,0
DA:245,0
DA:252,0
DA:253,0
DA:254,0
DA:255,0
DA:258,0
DA:274,0
DA:275,0
DA:276,0
DA:277,0
DA:278,0
DA:281,0
DA:285,0
DA:293,0
DA:294,0
DA:295,0
DA:296,0
DA:297,0
DA:302,0
DA:324,0
DA:334,0
DA:335,0
DA:336,0
DA:340,0
DA:341,0
DA:348,0
DA:361,0
DA:379,0
DA:383,0
DA:399,0
DA:400,0
DA:410,0
DA:411,0
DA:420,0
DA:421,0
DA:423,0
DA:424,0
DA:425,0
DA:428,0
DA:429,0
DA:430,0
DA:431,0
DA:433,0
DA:434,0
DA:435,0
DA:436,0
DA:439,0
DA:440,0
DA:443,0
DA:444,0
DA:445,0
DA:449,0
DA:450,0
DA:452,0
DA:453,0
DA:460,0
DA:461,0
DA:462,0
DA:471,0
DA:475,0
DA:476,0
DA:477,0
DA:478,0
DA:482,0
DA:489,0
DA:490,0
DA:492,0
DA:493,0
DA:496,0
DA:497,0
DA:499,0
DA:502,0
DA:505,0
DA:512,0
DA:535,0
DA:536,0
DA:537,0
DA:539,0
DA:540,0
DA:544,0
DA:545,0
DA:546,0
DA:547,0
DA:548,0
DA:553,0
DA:556,0
DA:559,0
DA:560,0
DA:561,0
DA:563,0
DA:564,0
DA:565,0
DA:572,0
DA:573,0
DA:574,0
DA:575,0
DA:582,0
DA:585,0
DA:587,0
DA:589,0
DA:594,0
DA:596,0
DA:597,0
DA:599,0
DA:612,0
DA:619,0
DA:620,0
DA:634,0
DA:635,0
DA:637,0
DA:638,0
DA:644,0
DA:645,0
DA:651,0
DA:652,0
DA:653,0
DA:660,0
DA:661,0
DA:662,0
DA:670,0
DA:674,0
DA:675,0
DA:676,0
DA:677,0
DA:684,0
DA:692,0
DA:693,0
DA:700,0
DA:710,0
DA:720,0
DA:722,0
DA:723,0
DA:724,0
DA:725,0
DA:726,0
DA:727,0
DA:731,0
DA:732,0
DA:733,0
DA:734,0
DA:735,0
DA:738,0
DA:739,0
DA:740,0
DA:741,0
DA:743,0
DA:744,0
DA:745,0
DA:747,0
DA:751,0
DA:753,0
DA:755,0
DA:756,0
DA:761,0
DA:771,0
DA:776,0
DA:784,0
DA:785,0
LF:242
LH:0
BRDA:12,0,0,0
BRDA:12,0,1,0
BRDA:15,1,0,0
BRDA:15,1,1,0
BRDA:25,2,0,0
BRDA:25,2,1,0
BRDA:35,3,0,0
BRDA:35,3,1,0
BRDA:37,4,0,0
BRDA:37,4,1,0
BRDA:37,5,0,0
BRDA:37,5,1,0
BRDA:44,6,0,0
BRDA:44,6,1,0
BRDA:44,7,0,0
BRDA:44,7,1,0
BRDA:53,8,0,0
BRDA:53,8,1,0
BRDA:59,9,0,0
BRDA:59,9,1,0
BRDA:59,9,2,0
BRDA:59,9,3,0
BRDA:63,10,0,0
BRDA:63,10,1,0
BRDA:71,11,0,0
BRDA:71,11,1,0
BRDA:72,12,0,0
BRDA:72,12,1,0
BRDA:80,13,0,0
BRDA:80,13,1,0
BRDA:82,14,0,0
BRDA:82,14,1,0
BRDA:82,14,2,0
BRDA:85,15,0,0
BRDA:85,15,1,0
BRDA:96,16,0,0
BRDA:96,16,1,0
BRDA:96,16,2,0
BRDA:97,17,0,0
BRDA:97,17,1,0
BRDA:106,18,0,0
BRDA:106,18,1,0
BRDA:106,19,0,0
BRDA:106,19,1,0
BRDA:114,20,0,0
BRDA:114,20,1,0
BRDA:123,21,0,0
BRDA:123,21,1,0
BRDA:123,22,0,0
BRDA:123,22,1,0
BRDA:127,23,0,0
BRDA:127,23,1,0
BRDA:129,24,0,0
BRDA:129,24,1,0
BRDA:144,25,0,0
BRDA:144,25,1,0
BRDA:146,26,0,0
BRDA:146,26,1,0
BRDA:155,27,0,0
BRDA:155,27,1,0
BRDA:155,27,2,0
BRDA:155,27,3,0
BRDA:155,27,4,0
BRDA:161,28,0,0
BRDA:161,28,1,0
BRDA:177,29,0,0
BRDA:177,29,1,0
BRDA:177,30,0,0
BRDA:177,30,1,0
BRDA:210,31,0,0
BRDA:210,31,1,0
BRDA:212,32,0,0
BRDA:212,32,1,0
BRDA:213,33,0,0
BRDA:213,33,1,0
BRDA:216,34,0,0
BRDA:216,34,1,0
BRDA:216,35,0,0
BRDA:216,35,1,0
BRDA:216,35,2,0
BRDA:222,36,0,0
BRDA:222,36,1,0
BRDA:230,37,0,0
BRDA:230,37,1,0
BRDA:230,38,0,0
BRDA:230,38,1,0
BRDA:230,38,2,0
BRDA:243,39,0,0
BRDA:243,39,1,0
BRDA:243,39,2,0
BRDA:244,40,0,0
BRDA:244,40,1,0
BRDA:253,41,0,0
BRDA:253,41,1,0
BRDA:254,42,0,0
BRDA:254,42,1,0
BRDA:259,43,0,0
BRDA:259,43,1,0
BRDA:259,44,0,0
BRDA:259,44,1,0
BRDA:261,45,0,0
BRDA:261,45,1,0
BRDA:261,46,0,0
BRDA:261,46,1,0
BRDA:263,47,0,0
BRDA:263,47,1,0
BRDA:263,48,0,0
BRDA:263,48,1,0
BRDA:264,49,0,0
BRDA:264,49,1,0
BRDA:264,50,0,0
BRDA:264,50,1,0
BRDA:265,51,0,0
BRDA:265,51,1,0
BRDA:265,52,0,0
BRDA:265,52,1,0
BRDA:267,53,0,0
BRDA:267,53,1,0
BRDA:267,54,0,0
BRDA:267,54,1,0
BRDA:269,55,0,0
BRDA:269,55,1,0
BRDA:269,56,0,0
BRDA:269,56,1,0
BRDA:270,57,0,0
BRDA:270,57,1,0
BRDA:270,58,0,0
BRDA:270,58,1,0
BRDA:271,59,0,0
BRDA:271,59,1,0
BRDA:275,60,0,0
BRDA:275,60,1,0
BRDA:276,61,0,0
BRDA:276,61,1,0
BRDA:288,62,0,0
BRDA:288,62,1,0
BRDA:295,63,0,0
BRDA:295,63,1,0
BRDA:296,64,0,0
BRDA:296,64,1,0
BRDA:298,65,0,0
BRDA:298,65,1,0
BRDA:298,65,2,0
BRDA:304,66,0,0
BRDA:304,66,1,0
BRDA:306,67,0,0
BRDA:306,67,1,0
BRDA:328,68,0,0
BRDA:328,68,1,0
BRDA:334,69,0,0
BRDA:334,69,1,0
BRDA:334,70,0,0
BRDA:334,70,1,0
BRDA:337,71,0,0
BRDA:337,71,1,0
BRDA:340,72,0,0
BRDA:340,72,1,0
BRDA:340,73,0,0
BRDA:340,73,1,0
BRDA:365,74,0,0
BRDA:365,74,1,0
BRDA:367,75,0,0
BRDA:367,75,1,0
BRDA:387,76,0,0
BRDA:387,76,1,0
BRDA:389,77,0,0
BRDA:389,77,1,0
BRDA:393,78,0,0
BRDA:393,78,1,0
BRDA:431,79,0,0
BRDA:431,79,1,0
BRDA:434,80,0,0
BRDA:434,80,1,0
BRDA:450,81,0,0
BRDA:450,81,1,0
BRDA:452,82,0,0
BRDA:452,82,1,0
BRDA:452,83,0,0
BRDA:452,83,1,0
BRDA:461,84,0,0
BRDA:461,84,1,0
BRDA:471,85,0,0
BRDA:471,85,1,0
BRDA:471,85,2,0
BRDA:471,85,3,0
BRDA:471,85,4,0
BRDA:477,86,0,0
BRDA:477,86,1,0
BRDA:490,87,0,0
BRDA:490,87,1,0
BRDA:545,88,0,0
BRDA:545,88,1,0
BRDA:548,89,0,0
BRDA:548,89,1,0
BRDA:549,90,0,0
BRDA:549,90,1,0
BRDA:549,90,2,0
BRDA:572,91,0,0
BRDA:572,91,1,0
BRDA:596,92,0,0
BRDA:596,92,1,0
BRDA:596,93,0,0
BRDA:596,93,1,0
BRDA:596,93,2,0
BRDA:635,94,0,0
BRDA:635,94,1,0
BRDA:637,95,0,0
BRDA:637,95,1,0
BRDA:644,96,0,0
BRDA:644,96,1,0
BRDA:644,97,0,0
BRDA:644,97,1,0
BRDA:652,98,0,0
BRDA:652,98,1,0
BRDA:661,99,0,0
BRDA:661,99,1,0
BRDA:670,100,0,0
BRDA:670,100,1,0
BRDA:670,100,2,0
BRDA:670,100,3,0
BRDA:670,100,4,0
BRDA:676,101,0,0
BRDA:676,101,1,0
BRDA:693,102,0,0
BRDA:693,102,1,0
BRDA:693,103,0,0
BRDA:693,103,1,0
BRDA:720,104,0,0
BRDA:720,104,1,0
BRDA:722,105,0,0
BRDA:722,105,1,0
BRDA:723,106,0,0
BRDA:723,106,1,0
BRDA:726,107,0,0
BRDA:726,107,1,0
BRDA:726,108,0,0
BRDA:726,108,1,0
BRDA:726,108,2,0
BRDA:732,109,0,0
BRDA:732,109,1,0
BRDA:740,110,0,0
BRDA:740,110,1,0
BRDA:740,111,0,0
BRDA:740,111,1,0
BRDA:740,111,2,0
BRDA:753,112,0,0
BRDA:753,112,1,0
BRDA:753,112,2,0
BRDA:755,113,0,0
BRDA:755,113,1,0
BRDA:772,114,0,0
BRDA:772,114,1,0
BRDA:773,115,0,0
BRDA:773,115,1,0
BRDA:779,116,0,0
BRDA:779,116,1,0
BRF:256
BRH:0
end_of_record
TN:
SF:controllers/auth.controller.js
FN:18,(anonymous_0)
FN:22,(anonymous_1)
FN:31,(anonymous_2)
FN:38,getOrganizationCreditBalanceBreakdown
FN:283,register
FN:486,login
FN:623,refreshToken
FN:672,getCurrentUser
FN:710,changePassword
FN:762,forgotPassword
FN:845,resetPassword
FN:925,logout
FN:931,withdraw
FNF:13
FNH:0
FNDA:0,(anonymous_0)
FNDA:0,(anonymous_1)
FNDA:0,(anonymous_2)
FNDA:0,getOrganizationCreditBalanceBreakdown
FNDA:0,register
FNDA:0,login
FNDA:0,refreshToken
FNDA:0,getCurrentUser
FNDA:0,changePassword
FNDA:0,forgotPassword
FNDA:0,resetPassword
FNDA:0,logout
FNDA:0,withdraw
DA:18,0
DA:19,0
DA:22,0
DA:23,0
DA:24,0
DA:25,0
DA:26,0
DA:28,0
DA:31,0
DA:32,0
DA:33,0
DA:34,0
DA:35,0
DA:39,0
DA:44,0
DA:45,0
DA:47,0
DA:48,0
DA:49,0
DA:51,0
DA:53,0
DA:54,0
DA:55,0
DA:57,0
DA:58,0
DA:59,0
DA:61,0
DA:62,0
DA:63,0
DA:65,0
DA:66,0
DA:67,0
DA:69,0
DA:70,0
DA:71,0
DA:72,0
DA:73,0
DA:74,0
DA:78,0
DA:79,0
DA:80,0
DA:284,0
DA:295,0
DA:297,0
DA:302,0
DA:303,0
DA:310,0
DA:311,0
DA:318,0
DA:319,0
DA:320,0
DA:326,0
DA:327,0
DA:328,0
DA:329,0
DA:335,0
DA:339,0
DA:340,0
DA:346,0
DA:347,0
DA:353,0
DA:354,0
DA:355,0
DA:356,0
DA:357,0
DA:363,0
DA:367,0
DA:368,0
DA:374,0
DA:375,0
DA:381,0
DA:384,0
DA:386,0
DA:388,0
DA:389,0
DA:390,0
DA:393,0
DA:394,0
DA:402,0
DA:405,0
DA:423,0
DA:424,0
DA:430,0
DA:431,0
DA:433,0
DA:434,0
DA:435,0
DA:437,0
DA:441,0
DA:442,0
DA:443,0
DA:448,0
DA:453,0
DA:454,0
DA:457,0
DA:460,0
DA:461,0
DA:463,0
DA:473,0
DA:474,0
DA:487,0
DA:488,0
DA:490,0
DA:493,0
DA:498,0
DA:501,0
DA:502,0
DA:509,0
DA:516,0
DA:517,0
DA:522,0
DA:523,0
DA:524,0
DA:530,0
DA:531,0
DA:533,0
DA:534,0
DA:542,0
DA:548,0
DA:549,0
DA:556,0
DA:557,0
DA:565,0
DA:572,0
DA:573,0
DA:574,0
DA:576,0
DA:579,0
DA:580,0
DA:583,0
DA:584,0
DA:586,0
DA:595,0
DA:604,0
DA:611,0
DA:624,0
DA:625,0
DA:627,0
DA:628,0
DA:635,0
DA:641,0
DA:642,0
DA:643,0
DA:650,0
DA:652,0
DA:660,0
DA:673,0
DA:674,0
DA:676,0
DA:678,0
DA:679,0
DA:685,0
DA:686,0
DA:692,0
DA:697,0
DA:698,0
DA:711,0
DA:712,0
DA:713,0
DA:715,0
DA:718,0
DA:721,0
DA:722,0
DA:723,0
DA:724,0
DA:731,0
DA:732,0
DA:733,0
DA:734,0
DA:736,0
DA:740,0
DA:749,0
DA:750,0
DA:763,0
DA:764,0
DA:766,0
DA:769,0
DA:770,0
DA:771,0
DA:772,0
DA:779,0
DA:782,0
DA:784,0
DA:785,0
DA:786,0
DA:788,0
DA:789,0
DA:790,0
DA:791,0
DA:793,0
DA:794,0
DA:811,0
DA:812,0
DA:813,0
DA:819,0
DA:823,0
DA:832,0
DA:833,0
DA:846,0
DA:847,0
DA:848,0
DA:850,0
DA:852,0
DA:853,0
DA:854,0
DA:860,0
DA:861,0
DA:862,0
DA:869,0
DA:874,0
DA:875,0
DA:876,0
DA:883,0
DA:884,0
DA:885,0
DA:886,0
DA:893,0
DA:894,0
DA:895,0
DA:896,0
DA:898,0
DA:902,0
DA:911,0
DA:912,0
DA:926,0
DA:932,0
DA:933,0
DA:934,0
DA:935,0
DA:941,0
DA:950,0
DA:951,0
DA:957,0
DA:958,0
DA:959,0
DA:960,0
DA:963,0
DA:964,0
DA:966,0
DA:970,0
DA:971,0
DA:974,0
DA:975,0
DA:984,0
DA:987,0
DA:989,0
DA:1001,0
DA:1006,0
LF:248
LH:0
BRDA:26,0,0,0
BRDA:26,0,1,0
BRDA:32,1,0,0
BRDA:32,1,1,0
BRDA:33,2,0,0
BRDA:33,2,1,0
BRDA:34,3,0,0
BRDA:34,3,1,0
BRDA:48,4,0,0
BRDA:48,4,1,0
BRDA:49,5,0,0
BRDA:49,5,1,0
BRDA:51,6,0,0
BRDA:51,6,1,0
BRDA:53,7,0,0
BRDA:53,7,1,0
BRDA:57,8,0,0
BRDA:57,8,1,0
BRDA:61,9,0,0
BRDA:61,9,1,0
BRDA:65,10,0,0
BRDA:65,10,1,0
BRDA:69,11,0,0
BRDA:69,11,1,0
BRDA:297,12,0,0
BRDA:297,12,1,0
BRDA:302,13,0,0
BRDA:302,13,1,0
BRDA:302,14,0,0
BRDA:302,14,1,0
BRDA:302,14,2,0
BRDA:310,15,0,0
BRDA:310,15,1,0
BRDA:310,16,0,0
BRDA:310,16,1,0
BRDA:319,17,0,0
BRDA:319,17,1,0
BRDA:327,18,0,0
BRDA:327,18,1,0
BRDA:328,19,0,0
BRDA:328,19,1,0
BRDA:339,20,0,0
BRDA:339,20,1,0
BRDA:339,21,0,0
BRDA:339,21,1,0
BRDA:346,22,0,0
BRDA:346,22,1,0
BRDA:354,23,0,0
BRDA:354,23,1,0
BRDA:356,24,0,0
BRDA:356,24,1,0
BRDA:367,25,0,0
BRDA:367,25,1,0
BRDA:367,26,0,0
BRDA:367,26,1,0
BRDA:374,27,0,0
BRDA:374,27,1,0
BRDA:386,28,0,0
BRDA:386,28,1,0
BRDA:388,29,0,0
BRDA:388,29,1,0
BRDA:389,30,0,0
BRDA:389,30,1,0
BRDA:393,31,0,0
BRDA:393,31,1,0
BRDA:410,32,0,0
BRDA:410,32,1,0
BRDA:411,33,0,0
BRDA:411,33,1,0
BRDA:412,34,0,0
BRDA:412,34,1,0
BRDA:417,35,0,0
BRDA:417,35,1,0
BRDA:417,36,0,0
BRDA:417,36,1,0
BRDA:423,37,0,0
BRDA:423,37,1,0
BRDA:423,38,0,0
BRDA:423,38,1,0
BRDA:433,39,0,0
BRDA:433,39,1,0
BRDA:441,40,0,0
BRDA:441,40,1,0
BRDA:441,41,0,0
BRDA:441,41,1,0
BRDA:455,42,0,0
BRDA:455,42,1,0
BRDA:490,43,0,0
BRDA:490,43,1,0
BRDA:490,43,2,0
BRDA:493,44,0,0
BRDA:493,44,1,0
BRDA:501,45,0,0
BRDA:501,45,1,0
BRDA:522,46,0,0
BRDA:522,46,1,0
BRDA:533,47,0,0
BRDA:533,47,1,0
BRDA:556,48,0,0
BRDA:556,48,1,0
BRDA:573,49,0,0
BRDA:573,49,1,0
BRDA:609,50,0,0
BRDA:609,50,1,0
BRDA:627,51,0,0
BRDA:627,51,1,0
BRDA:637,52,0,0
BRDA:637,52,1,0
BRDA:642,53,0,0
BRDA:642,53,1,0
BRDA:642,54,0,0
BRDA:642,54,1,0
BRDA:678,55,0,0
BRDA:678,55,1,0
BRDA:685,56,0,0
BRDA:685,56,1,0
BRDA:715,57,0,0
BRDA:715,57,1,0
BRDA:715,57,2,0
BRDA:722,58,0,0
BRDA:722,58,1,0
BRDA:766,59,0,0
BRDA:766,59,1,0
BRDA:766,59,2,0
BRDA:770,60,0,0
BRDA:770,60,1,0
BRDA:847,61,0,0
BRDA:847,61,1,0
BRDA:850,62,0,0
BRDA:850,62,1,0
BRDA:850,62,2,0
BRDA:852,63,0,0
BRDA:852,63,1,0
BRDA:852,64,0,0
BRDA:852,64,1,0
BRDA:860,65,0,0
BRDA:860,65,1,0
BRDA:874,66,0,0
BRDA:874,66,1,0
BRDA:884,67,0,0
BRDA:884,67,1,0
BRDA:934,68,0,0
BRDA:934,68,1,0
BRDA:950,69,0,0
BRDA:950,69,1,0
BRDA:958,70,0,0
BRDA:958,70,1,0
BRDA:959,71,0,0
BRDA:959,71,1,0
BRDA:959,72,0,0
BRDA:959,72,1,0
BRDA:963,73,0,0
BRDA:963,73,1,0
BRDA:970,74,0,0
BRDA:970,74,1,0
BRDA:970,75,0,0
BRDA:970,75,1,0
BRDA:970,75,2,0
BRDA:974,76,0,0
BRDA:974,76,1,0
BRDA:984,77,0,0
BRDA:984,77,1,0
BRDA:984,77,2,0
BRDA:995,78,0,0
BRDA:995,78,1,0
BRF:165
BRH:0
end_of_record
TN:
SF:controllers/bankWebhook.controller.js
FN:5,handleBankWebhook
FNF:1
FNH:0
FNDA:0,handleBankWebhook
DA:6,0
DA:7,0
DA:9,0
DA:23,0
DA:25,0
DA:26,0
DA:27,0
LF:7
LH:0
BRDA:7,0,0,0
BRDA:7,0,1,0
BRDA:10,1,0,0
BRDA:10,1,1,0
BRDA:10,1,2,0
BRDA:11,2,0,0
BRDA:11,2,1,0
BRDA:12,3,0,0
BRDA:12,3,1,0
BRDA:13,4,0,0
BRDA:13,4,1,0
BRDA:15,5,0,0
BRDA:15,5,1,0
BRDA:15,5,2,0
BRDA:15,5,3,0
BRDA:19,6,0,0
BRDA:19,6,1,0
BRDA:19,6,2,0
BRDA:26,7,0,0
BRDA:26,7,1,0
BRDA:29,8,0,0
BRDA:29,8,1,0
BRF:22
BRH:0
end_of_record
TN:
SF:controllers/chat.controller.js
FN:10,getMyChatRooms
FN:30,(anonymous_1)
FN:84,(anonymous_2)
FN:91,(anonymous_3)
FN:120,getSupportRoom
FN:147,(anonymous_5)
FN:237,createOrGetChatRoom
FN:250,(anonymous_7)
FN:257,(anonymous_8)
FN:269,(anonymous_9)
FN:324,getChatMessages
FN:350,(anonymous_11)
FN:412,sendChatMessage
FN:445,(anonymous_13)
FN:496,updateChatRoomStatus
FN:541,getAllChatRooms
FN:565,(anonymous_16)
FN:609,searchUsers
FNF:18
FNH:0
FNDA:0,getMyChatRooms
FNDA:0,(anonymous_1)
FNDA:0,(anonymous_2)
FNDA:0,(anonymous_3)
FNDA:0,getSupportRoom
FNDA:0,(anonymous_5)
FNDA:0,createOrGetChatRoom
FNDA:0,(anonymous_7)
FNDA:0,(anonymous_8)
FNDA:0,(anonymous_9)
FNDA:0,getChatMessages
FNDA:0,(anonymous_11)
FNDA:0,sendChatMessage
FNDA:0,(anonymous_13)
FNDA:0,updateChatRoomStatus
FNDA:0,getAllChatRooms
FNDA:0,(anonymous_16)
FNDA:0,searchUsers
DA:11,0
DA:12,0
DA:14,0
DA:23,0
DA:24,0
DA:30,0
DA:33,0
DA:34,0
DA:84,0
DA:85,0
DA:91,0
DA:92,0
DA:96,0
DA:103,0
DA:108,0
DA:121,0
DA:122,0
DA:125,0
DA:129,0
DA:130,0
DA:136,0
DA:139,0
DA:147,0
DA:149,0
DA:189,0
DA:190,0
DA:192,0
DA:199,0
DA:200,0
DA:201,0
DA:207,0
DA:214,0
DA:218,0
DA:220,0
DA:225,0
DA:238,0
DA:239,0
DA:240,0
DA:241,0
DA:244,0
DA:245,0
DA:248,0
DA:249,0
DA:250,0
DA:253,0
DA:257,0
DA:259,0
DA:260,0
DA:268,0
DA:269,0
DA:273,0
DA:283,0
DA:284,0
DA:292,0
DA:300,0
DA:302,0
DA:306,0
DA:312,0
DA:325,0
DA:326,0
DA:327,0
DA:328,0
DA:329,0
DA:330,0
DA:333,0
DA:334,0
DA:341,0
DA:342,0
DA:343,0
DA:349,0
DA:350,0
DA:353,0
DA:354,0
DA:361,0
DA:368,0
DA:371,0
DA:387,0
DA:400,0
DA:413,0
DA:414,0
DA:415,0
DA:416,0
DA:417,0
DA:420,0
DA:421,0
DA:428,0
DA:429,0
DA:436,0
DA:437,0
DA:438,0
DA:444,0
DA:445,0
DA:448,0
DA:449,0
DA:456,0
DA:457,0
DA:464,0
DA:472,0
DA:474,0
DA:478,0
DA:484,0
DA:497,0
DA:498,0
DA:499,0
DA:501,0
DA:502,0
DA:508,0
DA:516,0
DA:517,0
DA:523,0
DA:529,0
DA:542,0
DA:543,0
DA:544,0
DA:545,0
DA:546,0
DA:548,0
DA:549,0
DA:550,0
DA:553,0
DA:561,0
DA:564,0
DA:566,0
DA:571,0
DA:576,0
DA:584,0
DA:597,0
DA:610,0
DA:611,0
DA:612,0
DA:613,0
DA:615,0
DA:616,0
DA:622,0
DA:633,0
DA:634,0
DA:635,0
DA:636,0
DA:639,0
DA:644,0
DA:649,0
LF:141
LH:0
BRDA:23,0,0,0
BRDA:23,0,1,0
BRDA:86,1,0,0
BRDA:86,1,1,0
BRDA:87,2,0,0
BRDA:87,2,1,0
BRDA:92,3,0,0
BRDA:92,3,1,0
BRDA:129,4,0,0
BRDA:129,4,1,0
BRDA:189,5,0,0
BRDA:189,5,1,0
BRDA:190,6,0,0
BRDA:190,6,1,0
BRDA:199,7,0,0
BRDA:199,7,1,0
BRDA:244,8,0,0
BRDA:244,8,1,0
BRDA:248,9,0,0
BRDA:248,9,1,0
BRDA:259,10,0,0
BRDA:259,10,1,0
BRDA:283,11,0,0
BRDA:283,11,1,0
BRDA:294,12,0,0
BRDA:294,12,1,0
BRDA:295,13,0,0
BRDA:295,13,1,0
BRDA:296,14,0,0
BRDA:296,14,1,0
BRDA:328,15,0,0
BRDA:328,15,1,0
BRDA:329,16,0,0
BRDA:329,16,1,0
BRDA:333,17,0,0
BRDA:333,17,1,0
BRDA:342,18,0,0
BRDA:342,18,1,0
BRDA:353,19,0,0
BRDA:353,19,1,0
BRDA:353,20,0,0
BRDA:353,20,1,0
BRDA:420,21,0,0
BRDA:420,21,1,0
BRDA:420,22,0,0
BRDA:420,22,1,0
BRDA:428,23,0,0
BRDA:428,23,1,0
BRDA:437,24,0,0
BRDA:437,24,1,0
BRDA:448,25,0,0
BRDA:448,25,1,0
BRDA:448,26,0,0
BRDA:448,26,1,0
BRDA:456,27,0,0
BRDA:456,27,1,0
BRDA:456,28,0,0
BRDA:456,28,1,0
BRDA:468,29,0,0
BRDA:468,29,1,0
BRDA:501,30,0,0
BRDA:501,30,1,0
BRDA:516,31,0,0
BRDA:516,31,1,0
BRDA:543,32,0,0
BRDA:543,32,1,0
BRDA:544,33,0,0
BRDA:544,33,1,0
BRDA:549,34,0,0
BRDA:549,34,1,0
BRDA:615,35,0,0
BRDA:615,35,1,0
BRDA:615,36,0,0
BRDA:615,36,1,0
BRDA:633,37,0,0
BRDA:633,37,1,0
BRDA:635,38,0,0
BRDA:635,38,1,0
BRF:78
BRH:0
end_of_record
TN:
SF:controllers/clinic.controller.js
FN:5,getClinics
FN:25,createClinic
FN:68,updateClinic
FN:119,deleteClinic
FN:158,getImplantPresets
FN:190,createImplantPreset
FN:262,updateImplantPreset
FN:328,deleteImplantPreset
FNF:8
FNH:0
FNDA:0,getClinics
FNDA:0,createClinic
FNDA:0,updateClinic
FNDA:0,deleteClinic
FNDA:0,getImplantPresets
FNDA:0,createImplantPreset
FNDA:0,updateImplantPreset
FNDA:0,deleteImplantPreset
DA:6,0
DA:7,0
DA:14,0
DA:16,0
DA:26,0
DA:27,0
DA:29,0
DA:30,0
DA:36,0
DA:38,0
DA:43,0
DA:44,0
DA:51,0
DA:57,0
DA:59,0
DA:69,0
DA:70,0
DA:71,0
DA:73,0
DA:78,0
DA:79,0
DA:85,0
DA:86,0
DA:87,0
DA:93,0
DA:94,0
DA:99,0
DA:102,0
DA:103,0
DA:106,0
DA:108,0
DA:110,0
DA:120,0
DA:121,0
DA:123,0
DA:128,0
DA:129,0
DA:135,0
DA:136,0
DA:139,0
DA:144,0
DA:149,0
DA:159,0
DA:160,0
DA:162,0
DA:168,0
DA:169,0
DA:175,0
DA:179,0
DA:181,0
DA:191,0
DA:192,0
DA:193,0
DA:195,0
DA:201,0
DA:202,0
DA:208,0
DA:209,0
DA:215,0
DA:216,0
DA:222,0
DA:224,0
DA:228,0
DA:229,0
DA:235,0
DA:236,0
DA:242,0
DA:251,0
DA:253,0
DA:263,0
DA:264,0
DA:265,0
DA:267,0
DA:272,0
DA:273,0
DA:279,0
DA:280,0
DA:281,0
DA:286,0
DA:287,0
DA:292,0
DA:295,0
DA:296,0
DA:298,0
DA:299,0
DA:301,0
DA:302,0
DA:305,0
DA:306,0
DA:307,0
DA:312,0
DA:315,0
DA:317,0
DA:319,0
DA:329,0
DA:330,0
DA:332,0
DA:337,0
DA:338,0
DA:344,0
DA:346,0
DA:348,0
LF:102
LH:0
BRDA:27,0,0,0
BRDA:27,0,1,0
BRDA:29,1,0,0
BRDA:29,1,1,0
BRDA:29,2,0,0
BRDA:29,2,1,0
BRDA:43,3,0,0
BRDA:43,3,1,0
BRDA:54,4,0,0
BRDA:54,4,1,0
BRDA:71,5,0,0
BRDA:71,5,1,0
BRDA:78,6,0,0
BRDA:78,6,1,0
BRDA:78,7,0,0
BRDA:78,7,1,0
BRDA:85,8,0,0
BRDA:85,8,1,0
BRDA:85,9,0,0
BRDA:85,9,1,0
BRDA:93,10,0,0
BRDA:93,10,1,0
BRDA:102,11,0,0
BRDA:102,11,1,0
BRDA:128,12,0,0
BRDA:128,12,1,0
BRDA:128,13,0,0
BRDA:128,13,1,0
BRDA:168,14,0,0
BRDA:168,14,1,0
BRDA:193,15,0,0
BRDA:193,15,1,0
BRDA:201,16,0,0
BRDA:201,16,1,0
BRDA:208,17,0,0
BRDA:208,17,1,0
BRDA:208,18,0,0
BRDA:208,18,1,0
BRDA:215,19,0,0
BRDA:215,19,1,0
BRDA:215,20,0,0
BRDA:215,20,1,0
BRDA:215,20,2,0
BRDA:228,21,0,0
BRDA:228,21,1,0
BRDA:235,22,0,0
BRDA:235,22,1,0
BRDA:265,23,0,0
BRDA:265,23,1,0
BRDA:272,24,0,0
BRDA:272,24,1,0
BRDA:272,25,0,0
BRDA:272,25,1,0
BRDA:279,26,0,0
BRDA:279,26,1,0
BRDA:279,27,0,0
BRDA:279,27,1,0
BRDA:286,28,0,0
BRDA:286,28,1,0
BRDA:295,29,0,0
BRDA:295,29,1,0
BRDA:295,30,0,0
BRDA:295,30,1,0
BRDA:298,31,0,0
BRDA:298,31,1,0
BRDA:298,32,0,0
BRDA:298,32,1,0
BRDA:301,33,0,0
BRDA:301,33,1,0
BRDA:301,34,0,0
BRDA:301,34,1,0
BRDA:305,35,0,0
BRDA:305,35,1,0
BRDA:306,36,0,0
BRDA:306,36,1,0
BRDA:337,37,0,0
BRDA:337,37,1,0
BRDA:337,38,0,0
BRDA:337,38,1,0
BRF:79
BRH:0
end_of_record
TN:
SF:controllers/cncMachine.controller.js
FN:11,getMachines
FN:34,getProductionQueues
FN:44,(anonymous_2)
FN:73,updateMachineMaterial
FN:130,scheduleMaterialChange
FN:185,cancelScheduledMaterialChange
FN:218,initializeMachines
FNF:7
FNH:0
FNDA:0,getMachines
FNDA:0,getProductionQueues
FNDA:0,(anonymous_2)
FNDA:0,updateMachineMaterial
FNDA:0,scheduleMaterialChange
FNDA:0,cancelScheduledMaterialChange
FNDA:0,initializeMachines
DA:12,0
DA:13,0
DA:17,0
DA:22,0
DA:23,0
DA:35,0
DA:36,0
DA:40,0
DA:43,0
DA:44,0
DA:56,0
DA:61,0
DA:62,0
DA:74,0
DA:75,0
DA:76,0
DA:78,0
DA:79,0
DA:86,0
DA:87,0
DA:88,0
DA:95,0
DA:101,0
DA:104,0
DA:109,0
DA:118,0
DA:119,0
DA:131,0
DA:132,0
DA:133,0
DA:135,0
DA:136,0
DA:142,0
DA:143,0
DA:149,0
DA:150,0
DA:151,0
DA:157,0
DA:165,0
DA:167,0
DA:173,0
DA:174,0
DA:186,0
DA:187,0
DA:189,0
DA:190,0
DA:191,0
DA:197,0
DA:198,0
DA:200,0
DA:206,0
DA:207,0
DA:219,0
DA:221,0
DA:224,0
DA:261,0
DA:263,0
DA:269,0
DA:270,0
LF:59
LH:0
BRDA:78,0,0,0
BRDA:78,0,1,0
BRDA:78,1,0,0
BRDA:78,1,1,0
BRDA:87,2,0,0
BRDA:87,2,1,0
BRDA:96,3,0,0
BRDA:96,3,1,0
BRDA:135,4,0,0
BRDA:135,4,1,0
BRDA:135,5,0,0
BRDA:135,5,1,0
BRDA:142,6,0,0
BRDA:142,6,1,0
BRDA:150,7,0,0
BRDA:150,7,1,0
BRDA:159,8,0,0
BRDA:159,8,1,0
BRDA:163,9,0,0
BRDA:163,9,1,0
BRDA:190,10,0,0
BRDA:190,10,1,0
BRF:22
BRH:0
end_of_record
TN:
SF:controllers/connection.controller.js
FN:6,getConnections
FN:21,(anonymous_1)
FN:24,(anonymous_2)
FN:28,(anonymous_3)
FN:37,(anonymous_4)
FN:58,findConnectionByDiameter
FNF:6
FNH:0
FNDA:0,getConnections
FNDA:0,(anonymous_1)
FNDA:0,(anonymous_2)
FNDA:0,(anonymous_3)
FNDA:0,(anonymous_4)
FNDA:0,findConnectionByDiameter
DA:7,0
DA:9,0
DA:11,0
DA:14,0
DA:21,0
DA:23,0
DA:24,0
DA:29,0
DA:30,0
DA:31,0
DA:32,0
DA:33,0
DA:37,0
DA:38,0
DA:39,0
DA:42,0
DA:48,0
DA:59,0
DA:60,0
DA:61,0
DA:62,0
DA:67,0
DA:70,0
DA:72,0
DA:73,0
DA:79,0
DA:80,0
DA:82,0
DA:83,0
DA:84,0
DA:85,0
DA:86,0
DA:87,0
DA:91,0
DA:92,0
DA:94,0
DA:99,0
LF:37
LH:0
BRDA:14,0,0,0
BRDA:14,0,1,0
BRDA:26,1,0,0
BRDA:26,1,1,0
BRDA:29,2,0,0
BRDA:29,2,1,0
BRDA:30,3,0,0
BRDA:30,3,1,0
BRDA:32,4,0,0
BRDA:32,4,1,0
BRDA:38,5,0,0
BRDA:38,5,1,0
BRDA:39,6,0,0
BRDA:39,6,1,0
BRDA:45,7,0,0
BRDA:45,7,1,0
BRDA:61,8,0,0
BRDA:61,8,1,0
BRDA:72,9,0,0
BRDA:72,9,1,0
BRDA:83,10,0,0
BRDA:83,10,1,0
BRDA:85,11,0,0
BRDA:85,11,1,0
BRDA:91,12,0,0
BRDA:91,12,1,0
BRF:26
BRH:0
end_of_record
TN:
SF:controllers/credit.controller.js
FN:4,roundUpUnit
FN:11,getCreditScope
FN:18,(anonymous_2)
FN:21,(anonymous_3)
FN:29,buildLedgerQuery
FN:33,getBalanceBreakdown
FN:83,getMyCreditBalance
FN:102,getMyCreditSpendInsights
FNF:8
FNH:0
FNDA:0,roundUpUnit
FNDA:0,getCreditScope
FNDA:0,(anonymous_2)
FNDA:0,(anonymous_3)
FNDA:0,buildLedgerQuery
FNDA:0,getBalanceBreakdown
FNDA:0,getMyCreditBalance
FNDA:0,getMyCreditSpendInsights
DA:5,0
DA:6,0
DA:7,0
DA:8,0
DA:12,0
DA:13,0
DA:14,0
DA:17,0
DA:18,0
DA:19,0
DA:21,0
DA:23,0
DA:26,0
DA:30,0
DA:34,0
DA:35,0
DA:40,0
DA:41,0
DA:43,0
DA:44,0
DA:45,0
DA:47,0
DA:49,0
DA:50,0
DA:51,0
DA:53,0
DA:54,0
DA:55,0
DA:57,0
DA:58,0
DA:59,0
DA:61,0
DA:62,0
DA:63,0
DA:65,0
DA:66,0
DA:67,0
DA:68,0
DA:69,0
DA:70,0
DA:74,0
DA:75,0
DA:76,0
DA:84,0
DA:85,0
DA:86,0
DA:92,0
DA:93,0
DA:96,0
DA:103,0
DA:104,0
DA:105,0
DA:111,0
DA:112,0
DA:114,0
DA:115,0
DA:116,0
DA:117,0
DA:118,0
DA:120,0
DA:126,0
DA:138,0
DA:140,0
DA:141,0
DA:144,0
DA:148,0
DA:149,0
DA:154,0
DA:158,0
DA:163,0
LF:70
LH:0
BRDA:7,0,0,0
BRDA:7,0,1,0
BRDA:7,1,0,0
BRDA:7,1,1,0
BRDA:7,1,2,0
BRDA:13,2,0,0
BRDA:13,2,1,0
BRDA:18,3,0,0
BRDA:18,3,1,0
BRDA:19,4,0,0
BRDA:19,4,1,0
BRDA:20,5,0,0
BRDA:20,5,1,0
BRDA:44,6,0,0
BRDA:44,6,1,0
BRDA:45,7,0,0
BRDA:45,7,1,0
BRDA:47,8,0,0
BRDA:47,8,1,0
BRDA:49,9,0,0
BRDA:49,9,1,0
BRDA:53,10,0,0
BRDA:53,10,1,0
BRDA:57,11,0,0
BRDA:57,11,1,0
BRDA:61,12,0,0
BRDA:61,12,1,0
BRDA:65,13,0,0
BRDA:65,13,1,0
BRDA:85,14,0,0
BRDA:85,14,1,0
BRDA:104,15,0,0
BRDA:104,15,1,0
BRDA:138,16,0,0
BRDA:138,16,1,0
BRDA:140,17,0,0
BRDA:140,17,1,0
BRDA:141,18,0,0
BRDA:141,18,1,0
BRDA:144,19,0,0
BRDA:144,19,1,0
BRDA:156,20,0,0
BRDA:156,20,1,0
BRDA:160,21,0,0
BRDA:160,21,1,0
BRF:45
BRH:0
end_of_record
TN:
SF:controllers/creditBPlan.controller.js
FN:6,roundVat
FN:10,validateSupplyAmount
FN:44,getDepositAccountInfo
FN:52,createChargeOrder
FN:113,listMyChargeOrders
FN:145,cancelMyChargeOrder
FN:196,requestTaxInvoice
FN:291,listMyTaxInvoices
FN:339,getMyTaxInvoice
FNF:9
FNH:0
FNDA:0,roundVat
FNDA:0,validateSupplyAmount
FNDA:0,getDepositAccountInfo
FNDA:0,createChargeOrder
FNDA:0,listMyChargeOrders
FNDA:0,cancelMyChargeOrder
FNDA:0,requestTaxInvoice
FNDA:0,listMyTaxInvoices
FNDA:0,getMyTaxInvoice
DA:7,0
DA:11,0
DA:12,0
DA:13,0
DA:16,0
DA:17,0
DA:18,0
DA:19,0
DA:25,0
DA:26,0
DA:27,0
DA:33,0
DA:34,0
DA:41,0
DA:45,0
DA:53,0
DA:54,0
DA:55,0
DA:57,0
DA:58,0
DA:64,0
DA:65,0
DA:72,0
DA:73,0
DA:74,0
DA:77,0
DA:78,0
DA:79,0
DA:81,0
DA:83,0
DA:85,0
DA:97,0
DA:114,0
DA:115,0
DA:116,0
DA:122,0
DA:136,0
DA:146,0
DA:147,0
DA:148,0
DA:154,0
DA:155,0
DA:156,0
DA:161,0
DA:167,0
DA:168,0
DA:173,0
DA:174,0
DA:180,0
DA:181,0
DA:187,0
DA:192,0
DA:193,0
DA:197,0
DA:198,0
DA:199,0
DA:201,0
DA:202,0
DA:208,0
DA:209,0
DA:210,0
DA:216,0
DA:221,0
DA:222,0
DA:228,0
DA:229,0
DA:235,0
DA:240,0
DA:241,0
DA:247,0
DA:248,0
DA:249,0
DA:256,0
DA:257,0
DA:269,0
DA:280,0
DA:282,0
DA:283,0
DA:292,0
DA:293,0
DA:294,0
DA:296,0
DA:297,0
DA:303,0
DA:304,0
DA:306,0
DA:307,0
DA:308,0
DA:311,0
DA:317,0
DA:319,0
DA:330,0
DA:331,0
DA:340,0
DA:341,0
DA:342,0
DA:344,0
DA:345,0
DA:351,0
DA:356,0
DA:357,0
DA:363,0
DA:365,0
DA:366,0
LF:104
LH:0
BRDA:12,0,0,0
BRDA:12,0,1,0
BRDA:12,1,0,0
BRDA:12,1,1,0
BRDA:18,2,0,0
BRDA:18,2,1,0
BRDA:18,3,0,0
BRDA:18,3,1,0
BRDA:25,4,0,0
BRDA:25,4,1,0
BRDA:26,5,0,0
BRDA:26,5,1,0
BRDA:33,6,0,0
BRDA:33,6,1,0
BRDA:46,7,0,0
BRDA:46,7,1,0
BRDA:47,8,0,0
BRDA:47,8,1,0
BRDA:48,9,0,0
BRDA:48,9,1,0
BRDA:57,10,0,0
BRDA:57,10,1,0
BRDA:64,11,0,0
BRDA:64,11,1,0
BRDA:73,12,0,0
BRDA:73,12,1,0
BRDA:115,13,0,0
BRDA:115,13,1,0
BRDA:147,14,0,0
BRDA:147,14,1,0
BRDA:154,15,0,0
BRDA:154,15,1,0
BRDA:155,16,0,0
BRDA:155,16,1,0
BRDA:167,17,0,0
BRDA:167,17,1,0
BRDA:173,18,0,0
BRDA:173,18,1,0
BRDA:180,19,0,0
BRDA:180,19,1,0
BRDA:201,20,0,0
BRDA:201,20,1,0
BRDA:209,21,0,0
BRDA:209,21,1,0
BRDA:221,22,0,0
BRDA:221,22,1,0
BRDA:228,23,0,0
BRDA:228,23,1,0
BRDA:240,24,0,0
BRDA:240,24,1,0
BRDA:248,25,0,0
BRDA:248,25,1,0
BRDA:256,26,0,0
BRDA:256,26,1,0
BRDA:258,27,0,0
BRDA:258,27,1,0
BRDA:259,28,0,0
BRDA:259,28,1,0
BRDA:260,29,0,0
BRDA:260,29,1,0
BRDA:261,30,0,0
BRDA:261,30,1,0
BRDA:262,31,0,0
BRDA:262,31,1,0
BRDA:263,32,0,0
BRDA:263,32,1,0
BRDA:264,33,0,0
BRDA:264,33,1,0
BRDA:265,34,0,0
BRDA:265,34,1,0
BRDA:266,35,0,0
BRDA:266,35,1,0
BRDA:274,36,0,0
BRDA:274,36,1,0
BRDA:275,37,0,0
BRDA:275,37,1,0
BRDA:276,38,0,0
BRDA:276,38,1,0
BRDA:296,39,0,0
BRDA:296,39,1,0
BRDA:303,40,0,0
BRDA:303,41,0,0
BRDA:307,42,0,0
BRDA:307,42,1,0
BRDA:344,43,0,0
BRDA:344,43,1,0
BRDA:356,44,0,0
BRDA:356,44,1,0
BRF:88
BRH:0
end_of_record
TN:
SF:controllers/creditLedger.controller.js
FN:5,parsePeriod
FN:15,safeRegex
FN:22,listMyCreditLedger
FN:134,(anonymous_3)
FN:139,(anonymous_4)
FN:146,(anonymous_5)
FN:158,(anonymous_6)
FNF:7
FNH:0
FNDA:0,parsePeriod
FNDA:0,safeRegex
FNDA:0,listMyCreditLedger
FNDA:0,(anonymous_3)
FNDA:0,(anonymous_4)
FNDA:0,(anonymous_5)
FNDA:0,(anonymous_6)
DA:6,0
DA:7,0
DA:8,0
DA:9,0
DA:10,0
DA:11,0
DA:12,0
DA:16,0
DA:17,0
DA:18,0
DA:19,0
DA:23,0
DA:24,0
DA:25,0
DA:31,0
DA:34,0
DA:35,0
DA:37,0
DA:38,0
DA:43,0
DA:47,0
DA:52,0
DA:55,0
DA:57,0
DA:58,0
DA:59,0
DA:62,0
DA:63,0
DA:65,0
DA:66,0
DA:67,0
DA:68,0
DA:72,0
DA:73,0
DA:74,0
DA:75,0
DA:79,0
DA:80,0
DA:83,0
DA:84,0
DA:85,0
DA:86,0
DA:87,0
DA:88,0
DA:91,0
DA:92,0
DA:95,0
DA:96,0
DA:97,0
DA:100,0
DA:101,0
DA:107,0
DA:108,0
DA:112,0
DA:130,0
DA:135,0
DA:139,0
DA:143,0
DA:144,0
DA:145,0
DA:146,0
DA:151,0
DA:152,0
DA:153,0
DA:158,0
DA:159,0
DA:160,0
DA:163,0
DA:166,0
LF:69
LH:0
BRDA:6,0,0,0
BRDA:6,0,1,0
BRDA:7,1,0,0
BRDA:7,1,1,0
BRDA:7,2,0,0
BRDA:7,2,1,0
BRDA:9,3,0,0
BRDA:9,3,1,0
BRDA:10,4,0,0
BRDA:10,4,1,0
BRDA:11,5,0,0
BRDA:11,5,1,0
BRDA:16,6,0,0
BRDA:16,6,1,0
BRDA:17,7,0,0
BRDA:17,7,1,0
BRDA:24,8,0,0
BRDA:24,8,1,0
BRDA:31,9,0,0
BRDA:31,9,1,0
BRDA:34,10,0,0
BRDA:34,10,1,0
BRDA:35,11,0,0
BRDA:35,11,1,0
BRDA:37,12,0,0
BRDA:37,12,1,0
BRDA:37,13,0,0
BRDA:37,13,1,0
BRDA:40,14,0,0
BRDA:40,14,1,0
BRDA:40,15,0,0
BRDA:40,15,1,0
BRDA:47,16,0,0
BRDA:47,16,1,0
BRDA:48,17,0,0
BRDA:48,17,1,0
BRDA:48,17,2,0
BRDA:58,18,0,0
BRDA:58,18,1,0
BRDA:62,19,0,0
BRDA:62,19,1,0
BRDA:63,20,0,0
BRDA:63,20,1,0
BRDA:65,21,0,0
BRDA:65,21,1,0
BRDA:67,22,0,0
BRDA:67,22,1,0
BRDA:72,23,0,0
BRDA:72,23,1,0
BRDA:74,24,0,0
BRDA:74,24,1,0
BRDA:79,25,0,0
BRDA:79,25,1,0
BRDA:83,26,0,0
BRDA:83,26,1,0
BRDA:86,27,0,0
BRDA:86,27,1,0
BRDA:91,28,0,0
BRDA:91,28,1,0
BRDA:96,29,0,0
BRDA:96,29,1,0
BRDA:100,30,0,0
BRDA:100,30,1,0
BRDA:107,31,0,0
BRDA:107,31,1,0
BRDA:132,32,0,0
BRDA:132,32,1,0
BRDA:135,33,0,0
BRDA:135,33,1,0
BRDA:135,33,2,0
BRDA:135,34,0,0
BRDA:135,34,1,0
BRDA:144,35,0,0
BRDA:144,35,1,0
BRDA:151,36,0,0
BRDA:151,36,1,0
BRDA:152,37,0,0
BRDA:152,37,1,0
BRDA:153,38,0,0
BRDA:153,38,1,0
BRDA:158,39,0,0
BRDA:158,39,1,0
BRDA:159,40,0,0
BRDA:159,40,1,0
BRDA:159,41,0,0
BRDA:159,41,1,0
BRDA:160,42,0,0
BRDA:160,42,1,0
BRDA:161,43,0,0
BRDA:161,43,1,0
BRF:90
BRH:0
end_of_record
TN:
SF:controllers/draftRequest.controller.js
FN:8,normalizeCaseInfosImplantFields
FN:58,(anonymous_1)
FN:68,(anonymous_2)
FN:84,(anonymous_3)
FN:107,(anonymous_4)
FN:157,(anonymous_5)
FN:169,(anonymous_6)
FN:196,(anonymous_7)
FN:206,(anonymous_8)
FN:289,(anonymous_9)
FN:310,(anonymous_10)
FN:325,(anonymous_11)
FNF:12
FNH:0
FNDA:0,normalizeCaseInfosImplantFields
FNDA:0,(anonymous_1)
FNDA:0,(anonymous_2)
FNDA:0,(anonymous_3)
FNDA:0,(anonymous_4)
FNDA:0,(anonymous_5)
FNDA:0,(anonymous_6)
FNDA:0,(anonymous_7)
FNDA:0,(anonymous_8)
FNDA:0,(anonymous_9)
FNDA:0,(anonymous_10)
FNDA:0,(anonymous_11)
DA:9,0
DA:11,0
DA:12,0
DA:13,0
DA:14,0
DA:15,0
DA:17,0
DA:18,0
DA:26,0
DA:27,0
DA:29,0
DA:30,0
DA:38,0
DA:39,0
DA:49,0
DA:58,0
DA:59,0
DA:61,0
DA:65,0
DA:69,0
DA:70,0
DA:78,0
DA:84,0
DA:85,0
DA:87,0
DA:88,0
DA:91,0
DA:93,0
DA:94,0
DA:97,0
DA:98,0
DA:101,0
DA:107,0
DA:108,0
DA:110,0
DA:111,0
DA:115,0
DA:117,0
DA:118,0
DA:121,0
DA:122,0
DA:125,0
DA:127,0
DA:129,0
DA:136,0
DA:137,0
DA:139,0
DA:140,0
DA:141,0
DA:144,0
DA:145,0
DA:146,0
DA:149,0
DA:157,0
DA:158,0
DA:159,0
DA:161,0
DA:168,0
DA:170,0
DA:171,0
DA:179,0
DA:185,0
DA:186,0
DA:189,0
DA:191,0
DA:192,0
DA:193,0
DA:196,0
DA:200,0
DA:206,0
DA:207,0
DA:225,0
DA:227,0
DA:228,0
DA:231,0
DA:232,0
DA:236,0
DA:237,0
DA:240,0
DA:242,0
DA:243,0
DA:246,0
DA:247,0
DA:250,0
DA:258,0
DA:260,0
DA:277,0
DA:279,0
DA:281,0
DA:289,0
DA:290,0
DA:292,0
DA:293,0
DA:296,0
DA:298,0
DA:299,0
DA:302,0
DA:303,0
DA:306,0
DA:308,0
DA:309,0
DA:310,0
DA:313,0
DA:314,0
DA:317,0
DA:319,0
DA:325,0
DA:326,0
DA:328,0
DA:329,0
DA:332,0
DA:334,0
DA:335,0
DA:338,0
DA:339,0
DA:342,0
DA:344,0
LF:117
LH:0
BRDA:9,0,0,0
BRDA:9,0,1,0
BRDA:9,1,0,0
BRDA:9,1,1,0
BRDA:11,2,0,0
BRDA:11,2,1,0
BRDA:12,3,0,0
BRDA:12,3,1,0
BRDA:13,4,0,0
BRDA:13,4,1,0
BRDA:14,5,0,0
BRDA:14,5,1,0
BRDA:17,6,0,0
BRDA:17,6,1,0
BRDA:17,7,0,0
BRDA:17,7,1,0
BRDA:17,7,2,0
BRDA:27,8,0,0
BRDA:27,8,1,0
BRDA:29,9,0,0
BRDA:29,9,1,0
BRDA:29,10,0,0
BRDA:29,10,1,0
BRDA:29,10,2,0
BRDA:38,11,0,0
BRDA:38,11,1,0
BRDA:59,12,0,0
BRDA:59,13,0,0
BRDA:59,13,1,0
BRDA:61,14,0,0
BRDA:61,14,1,0
BRDA:72,15,0,0
BRDA:72,15,1,0
BRDA:72,15,2,0
BRDA:87,16,0,0
BRDA:87,16,1,0
BRDA:93,17,0,0
BRDA:93,17,1,0
BRDA:97,18,0,0
BRDA:97,18,1,0
BRDA:110,19,0,0
BRDA:110,19,1,0
BRDA:117,20,0,0
BRDA:117,20,1,0
BRDA:121,21,0,0
BRDA:121,21,1,0
BRDA:125,22,0,0
BRDA:125,22,1,0
BRDA:127,23,0,0
BRDA:127,23,1,0
BRDA:141,24,0,0
BRDA:141,24,1,0
BRDA:145,25,0,0
BRDA:145,25,1,0
BRDA:149,26,0,0
BRDA:149,26,1,0
BRDA:158,27,0,0
BRDA:158,27,1,0
BRDA:159,28,0,0
BRDA:159,28,1,0
BRDA:163,29,0,0
BRDA:163,29,1,0
BRDA:163,29,2,0
BRDA:164,30,0,0
BRDA:164,30,1,0
BRDA:164,30,2,0
BRDA:185,31,0,0
BRDA:185,31,1,0
BRDA:192,32,0,0
BRDA:192,32,1,0
BRDA:225,33,0,0
BRDA:225,33,1,0
BRDA:227,34,0,0
BRDA:227,34,1,0
BRDA:231,35,0,0
BRDA:231,35,1,0
BRDA:231,36,0,0
BRDA:231,36,1,0
BRDA:231,36,2,0
BRDA:236,37,0,0
BRDA:236,37,1,0
BRDA:236,38,0,0
BRDA:236,38,1,0
BRDA:242,39,0,0
BRDA:242,39,1,0
BRDA:246,40,0,0
BRDA:246,40,1,0
BRDA:251,41,0,0
BRDA:251,41,1,0
BRDA:251,42,0,0
BRDA:251,42,1,0
BRDA:258,43,0,0
BRDA:258,43,1,0
BRDA:273,44,0,0
BRDA:273,44,1,0
BRDA:292,45,0,0
BRDA:292,45,1,0
BRDA:298,46,0,0
BRDA:298,46,1,0
BRDA:302,47,0,0
BRDA:302,47,1,0
BRDA:306,48,0,0
BRDA:306,48,1,0
BRDA:313,49,0,0
BRDA:313,49,1,0
BRDA:328,50,0,0
BRDA:328,50,1,0
BRDA:334,51,0,0
BRDA:334,51,1,0
BRDA:338,52,0,0
BRDA:338,52,1,0
BRF:111
BRH:0
end_of_record
TN:
SF:controllers/file.controller.js
FN:11,(anonymous_0)
FN:20,(anonymous_1)
FN:29,(anonymous_2)
FN:37,(anonymous_3)
FN:171,(anonymous_4)
FN:230,(anonymous_5)
FN:280,(anonymous_6)
FN:334,(anonymous_7)
FN:376,(anonymous_8)
FN:422,(anonymous_9)
FN:450,(anonymous_10)
FN:489,(anonymous_11)
FN:517,(anonymous_12)
FNF:13
FNH:0
FNDA:0,(anonymous_0)
FNDA:0,(anonymous_1)
FNDA:0,(anonymous_2)
FNDA:0,(anonymous_3)
FNDA:0,(anonymous_4)
FNDA:0,(anonymous_5)
FNDA:0,(anonymous_6)
FNDA:0,(anonymous_7)
FNDA:0,(anonymous_8)
FNDA:0,(anonymous_9)
FNDA:0,(anonymous_10)
FNDA:0,(anonymous_11)
FNDA:0,(anonymous_12)
DA:11,0
DA:12,0
DA:13,0
DA:14,0
DA:15,0
DA:16,0
DA:20,0
DA:21,0
DA:22,0
DA:23,0
DA:25,0
DA:29,0
DA:30,0
DA:31,0
DA:32,0
DA:33,0
DA:37,0
DA:38,0
DA:40,0
DA:41,0
DA:44,0
DA:46,0
DA:48,0
DA:49,0
DA:52,0
DA:54,0
DA:55,0
DA:56,0
DA:57,0
DA:59,0
DA:62,0
DA:65,0
DA:71,0
DA:72,0
DA:73,0
DA:74,0
DA:75,0
DA:76,0
DA:78,0
DA:82,0
DA:83,0
DA:84,0
DA:87,0
DA:91,0
DA:93,0
DA:94,0
DA:98,0
DA:100,0
DA:114,0
DA:115,0
DA:119,0
DA:128,0
DA:129,0
DA:133,0
DA:136,0
DA:140,0
DA:142,0
DA:143,0
DA:147,0
DA:149,0
DA:163,0
DA:166,0
DA:171,0
DA:172,0
DA:173,0
DA:174,0
DA:177,0
DA:178,0
DA:179,0
DA:182,0
DA:183,0
DA:184,0
DA:185,0
DA:186,0
DA:187,0
DA:188,0
DA:191,0
DA:192,0
DA:196,0
DA:197,0
DA:198,0
DA:201,0
DA:203,0
DA:217,0
DA:219,0
DA:225,0
DA:230,0
DA:236,0
DA:237,0
DA:239,0
DA:240,0
DA:243,0
DA:244,0
DA:247,0
DA:248,0
DA:251,0
DA:252,0
DA:253,0
DA:256,0
DA:258,0
DA:259,0
DA:262,0
DA:275,0
DA:280,0
DA:288,0
DA:290,0
DA:293,0
DA:294,0
DA:297,0
DA:298,0
DA:299,0
DA:301,0
DA:304,0
DA:305,0
DA:308,0
DA:316,0
DA:318,0
DA:328,0
DA:334,0
DA:342,0
DA:344,0
DA:346,0
DA:347,0
DA:350,0
DA:358,0
DA:360,0
DA:370,0
DA:376,0
DA:377,0
DA:379,0
DA:380,0
DA:389,0
DA:391,0
DA:393,0
DA:394,0
DA:397,0
DA:405,0
DA:407,0
DA:417,0
DA:422,0
DA:423,0
DA:424,0
DA:425,0
DA:428,0
DA:433,0
DA:434,0
DA:438,0
DA:442,0
DA:445,0
DA:450,0
DA:451,0
DA:452,0
DA:453,0
DA:456,0
DA:458,0
DA:459,0
DA:463,0
DA:467,0
DA:470,0
DA:472,0
DA:478,0
DA:481,0
DA:483,0
DA:489,0
DA:490,0
DA:491,0
DA:492,0
DA:495,0
DA:496,0
DA:498,0
DA:499,0
DA:502,0
DA:503,0
DA:505,0
DA:507,0
DA:509,0
DA:510,0
DA:517,0
DA:518,0
DA:519,0
DA:525,0
DA:529,0
DA:530,0
DA:533,0
DA:534,0
LF:185
LH:0
BRDA:13,0,0,0
BRDA:13,0,1,0
BRDA:14,1,0,0
BRDA:14,1,1,0
BRDA:15,2,0,0
BRDA:15,2,1,0
BRDA:21,3,0,0
BRDA:21,3,1,0
BRDA:21,4,0,0
BRDA:21,4,1,0
BRDA:30,5,0,0
BRDA:30,5,1,0
BRDA:31,6,0,0
BRDA:31,6,1,0
BRDA:33,7,0,0
BRDA:33,7,1,0
BRDA:38,8,0,0
BRDA:38,8,1,0
BRDA:40,9,0,0
BRDA:40,9,1,0
BRDA:54,10,0,0
BRDA:54,10,1,0
BRDA:56,11,0,0
BRDA:56,11,1,0
BRDA:71,12,0,0
BRDA:71,12,1,0
BRDA:72,13,0,0
BRDA:72,13,1,0
BRDA:74,14,0,0
BRDA:74,14,1,0
BRDA:82,15,0,0
BRDA:82,15,1,0
BRDA:84,16,0,0
BRDA:84,16,1,0
BRDA:93,17,0,0
BRDA:93,17,1,0
BRDA:93,18,0,0
BRDA:93,18,1,0
BRDA:98,19,0,0
BRDA:98,19,1,0
BRDA:105,20,0,0
BRDA:105,20,1,0
BRDA:106,21,0,0
BRDA:106,21,1,0
BRDA:133,22,0,0
BRDA:133,22,1,0
BRDA:142,23,0,0
BRDA:142,23,1,0
BRDA:142,24,0,0
BRDA:142,24,1,0
BRDA:147,25,0,0
BRDA:147,25,1,0
BRDA:154,26,0,0
BRDA:154,26,1,0
BRDA:155,27,0,0
BRDA:155,27,1,0
BRDA:173,28,0,0
BRDA:173,28,1,0
BRDA:177,29,0,0
BRDA:177,29,1,0
BRDA:178,30,0,0
BRDA:178,30,1,0
BRDA:184,31,0,0
BRDA:184,31,1,0
BRDA:185,32,0,0
BRDA:185,32,1,0
BRDA:186,33,0,0
BRDA:186,33,1,0
BRDA:187,34,0,0
BRDA:187,34,1,0
BRDA:187,35,0,0
BRDA:187,35,1,0
BRDA:187,35,2,0
BRDA:187,35,3,0
BRDA:196,36,0,0
BRDA:196,36,1,0
BRDA:197,37,0,0
BRDA:197,37,1,0
BRDA:201,38,0,0
BRDA:201,38,1,0
BRDA:233,39,0,0
BRDA:235,40,0,0
BRDA:239,41,0,0
BRDA:239,41,1,0
BRDA:243,42,0,0
BRDA:243,42,1,0
BRDA:247,43,0,0
BRDA:247,43,1,0
BRDA:252,44,0,0
BRDA:252,44,1,0
BRDA:258,45,0,0
BRDA:258,45,1,0
BRDA:258,46,0,0
BRDA:258,46,1,0
BRDA:258,46,2,0
BRDA:271,47,0,0
BRDA:271,47,1,0
BRDA:282,48,0,0
BRDA:283,49,0,0
BRDA:284,50,0,0
BRDA:285,51,0,0
BRDA:293,52,0,0
BRDA:293,52,1,0
BRDA:297,53,0,0
BRDA:297,53,1,0
BRDA:298,54,0,0
BRDA:298,54,1,0
BRDA:304,55,0,0
BRDA:304,55,1,0
BRDA:311,56,0,0
BRDA:311,56,1,0
BRDA:337,57,0,0
BRDA:338,58,0,0
BRDA:339,59,0,0
BRDA:340,60,0,0
BRDA:346,61,0,0
BRDA:346,61,1,0
BRDA:353,62,0,0
BRDA:353,62,1,0
BRDA:379,63,0,0
BRDA:379,63,1,0
BRDA:384,64,0,0
BRDA:385,65,0,0
BRDA:386,66,0,0
BRDA:387,67,0,0
BRDA:393,68,0,0
BRDA:393,68,1,0
BRDA:400,69,0,0
BRDA:400,69,1,0
BRDA:424,70,0,0
BRDA:424,70,1,0
BRDA:433,71,0,0
BRDA:433,71,1,0
BRDA:438,72,0,0
BRDA:438,72,1,0
BRDA:439,73,0,0
BRDA:439,73,1,0
BRDA:452,74,0,0
BRDA:452,74,1,0
BRDA:458,75,0,0
BRDA:458,75,1,0
BRDA:463,76,0,0
BRDA:463,76,1,0
BRDA:463,76,2,0
BRDA:467,77,0,0
BRDA:467,77,1,0
BRDA:467,77,2,0
BRDA:472,78,0,0
BRDA:472,78,1,0
BRDA:473,79,0,0
BRDA:473,79,1,0
BRDA:473,79,2,0
BRDA:473,79,3,0
BRDA:491,80,0,0
BRDA:491,80,1,0
BRDA:498,81,0,0
BRDA:498,81,1,0
BRDA:505,82,0,0
BRDA:505,82,1,0
BRDA:505,83,0,0
BRDA:505,83,1,0
BRDA:505,84,0,0
BRDA:505,84,1,0
BRDA:507,85,0,0
BRDA:507,85,1,0
BRDA:509,86,0,0
BRDA:509,86,1,0
BRDA:509,87,0,0
BRDA:509,87,1,0
BRDA:517,88,0,0
BRDA:517,88,1,0
BRDA:518,89,0,0
BRDA:518,89,1,0
BRDA:529,90,0,0
BRDA:529,90,1,0
BRF:175
BRH:0
end_of_record
TN:
SF:controllers/filenameRule.controller.js
FN:12,(anonymous_0)
FN:19,(anonymous_1)
FN:41,(anonymous_2)
FN:74,(anonymous_3)
FN:126,(anonymous_4)
FN:162,(anonymous_5)
FN:195,(anonymous_6)
FN:226,(anonymous_7)
FN:264,(anonymous_8)
FN:301,(anonymous_9)
FNF:10
FNH:0
FNDA:0,(anonymous_0)
FNDA:0,(anonymous_1)
FNDA:0,(anonymous_2)
FNDA:0,(anonymous_3)
FNDA:0,(anonymous_4)
FNDA:0,(anonymous_5)
FNDA:0,(anonymous_6)
FNDA:0,(anonymous_7)
FNDA:0,(anonymous_8)
FNDA:0,(anonymous_9)
DA:12,0
DA:13,0
DA:14,0
DA:19,0
DA:24,0
DA:29,0
DA:30,0
DA:41,0
DA:42,0
DA:43,0
DA:45,0
DA:46,0
DA:47,0
DA:49,0
DA:50,0
DA:53,0
DA:57,0
DA:62,0
DA:63,0
DA:74,0
DA:75,0
DA:85,0
DA:88,0
DA:89,0
DA:90,0
DA:96,0
DA:107,0
DA:109,0
DA:114,0
DA:115,0
DA:126,0
DA:127,0
DA:128,0
DA:129,0
DA:132,0
DA:134,0
DA:138,0
DA:139,0
DA:145,0
DA:150,0
DA:151,0
DA:162,0
DA:163,0
DA:164,0
DA:166,0
DA:167,0
DA:168,0
DA:174,0
DA:175,0
DA:176,0
DA:178,0
DA:183,0
DA:184,0
DA:195,0
DA:196,0
DA:197,0
DA:199,0
DA:201,0
DA:202,0
DA:208,0
DA:214,0
DA:215,0
DA:226,0
DA:227,0
DA:228,0
DA:242,0
DA:252,0
DA:253,0
DA:264,0
DA:265,0
DA:266,0
DA:268,0
DA:269,0
DA:270,0
DA:278,0
DA:280,0
DA:281,0
DA:282,0
DA:284,0
DA:289,0
DA:290,0
DA:301,0
DA:302,0
DA:303,0
DA:305,0
DA:306,0
DA:312,0
DA:314,0
DA:315,0
DA:316,0
DA:318,0
DA:324,0
DA:327,0
DA:333,0
DA:334,0
LF:95
LH:0
BRDA:21,0,0,0
BRDA:21,0,1,0
BRDA:46,1,0,0
BRDA:46,1,1,0
BRDA:49,2,0,0
BRDA:49,2,1,0
BRDA:89,3,0,0
BRDA:89,3,1,0
BRDA:138,4,0,0
BRDA:138,4,1,0
BRDA:167,5,0,0
BRDA:167,5,1,0
BRDA:201,6,0,0
BRDA:201,6,1,0
BRDA:244,7,0,0
BRDA:244,7,1,0
BRDA:269,8,0,0
BRDA:269,8,1,0
BRDA:278,9,0,0
BRDA:278,9,1,0
BRDA:305,10,0,0
BRDA:305,10,1,0
BRF:22
BRH:0
end_of_record
TN:
SF:controllers/guideProgress.controller.js
FN:5,(anonymous_0)
FN:6,(anonymous_1)
FN:8,(anonymous_2)
FN:10,(anonymous_3)
FN:14,(anonymous_4)
FN:16,(anonymous_5)
FN:22,(anonymous_6)
FN:41,(anonymous_7)
FN:47,(anonymous_8)
FN:49,(anonymous_9)
FN:98,getGuideProgress
FN:132,(anonymous_11)
FN:135,(anonymous_12)
FN:169,patchGuideStep
FN:191,(anonymous_14)
FN:204,(anonymous_15)
FN:220,(anonymous_16)
FN:223,(anonymous_17)
FN:256,resetGuideProgress
FNF:19
FNH:0
FNDA:0,(anonymous_0)
FNDA:0,(anonymous_1)
FNDA:0,(anonymous_2)
FNDA:0,(anonymous_3)
FNDA:0,(anonymous_4)
FNDA:0,(anonymous_5)
FNDA:0,(anonymous_6)
FNDA:0,(anonymous_7)
FNDA:0,(anonymous_8)
FNDA:0,(anonymous_9)
FNDA:0,getGuideProgress
FNDA:0,(anonymous_11)
FNDA:0,(anonymous_12)
FNDA:0,patchGuideStep
FNDA:0,(anonymous_14)
FNDA:0,(anonymous_15)
FNDA:0,(anonymous_16)
FNDA:0,(anonymous_17)
FNDA:0,resetGuideProgress
DA:5,0
DA:6,0
DA:8,0
DA:9,0
DA:10,0
DA:11,0
DA:14,0
DA:16,0
DA:17,0
DA:18,0
DA:19,0
DA:22,0
DA:23,0
DA:24,0
DA:25,0
DA:26,0
DA:27,0
DA:28,0
DA:29,0
DA:30,0
DA:32,0
DA:33,0
DA:35,0
DA:36,0
DA:38,0
DA:41,0
DA:42,0
DA:43,0
DA:44,0
DA:47,0
DA:49,0
DA:50,0
DA:52,0
DA:56,0
DA:59,0
DA:63,0
DA:64,0
DA:66,0
DA:72,0
DA:75,0
DA:76,0
DA:78,0
DA:81,0
DA:84,0
DA:86,0
DA:88,0
DA:91,0
DA:95,0
DA:99,0
DA:100,0
DA:101,0
DA:102,0
DA:108,0
DA:110,0
DA:112,0
DA:128,0
DA:129,0
DA:130,0
DA:132,0
DA:133,0
DA:134,0
DA:135,0
DA:137,0
DA:138,0
DA:145,0
DA:146,0
DA:147,0
DA:148,0
DA:151,0
DA:161,0
DA:170,0
DA:171,0
DA:172,0
DA:173,0
DA:175,0
DA:176,0
DA:182,0
DA:183,0
DA:189,0
DA:190,0
DA:191,0
DA:194,0
DA:195,0
DA:201,0
DA:203,0
DA:204,0
DA:206,0
DA:207,0
DA:213,0
DA:214,0
DA:215,0
DA:219,0
DA:221,0
DA:222,0
DA:223,0
DA:225,0
DA:234,0
DA:235,0
DA:236,0
DA:238,0
DA:248,0
DA:257,0
DA:258,0
DA:259,0
DA:260,0
DA:266,0
DA:267,0
DA:268,0
DA:269,0
DA:271,0
DA:281,0
LF:111
LH:0
BRDA:5,0,0,0
BRDA:5,0,1,0
BRDA:6,1,0,0
BRDA:6,1,1,0
BRDA:9,2,0,0
BRDA:9,2,1,0
BRDA:9,3,0,0
BRDA:9,3,1,0
BRDA:11,4,0,0
BRDA:11,4,1,0
BRDA:14,5,0,0
BRDA:14,5,1,0
BRDA:18,6,0,0
BRDA:18,6,1,0
BRDA:24,7,0,0
BRDA:24,7,1,0
BRDA:25,8,0,0
BRDA:25,8,1,0
BRDA:26,9,0,0
BRDA:26,9,1,0
BRDA:28,10,0,0
BRDA:28,10,1,0
BRDA:32,11,0,0
BRDA:32,11,1,0
BRDA:35,12,0,0
BRDA:35,12,1,0
BRDA:42,13,0,0
BRDA:42,13,1,0
BRDA:43,14,0,0
BRDA:43,14,1,0
BRDA:47,15,0,0
BRDA:47,15,1,0
BRDA:53,16,0,0
BRDA:53,16,1,0
BRDA:56,17,0,0
BRDA:56,17,1,0
BRDA:59,18,0,0
BRDA:59,18,1,0
BRDA:63,19,0,0
BRDA:63,19,1,0
BRDA:67,20,0,0
BRDA:67,20,1,0
BRDA:67,20,2,0
BRDA:67,21,0,0
BRDA:67,21,1,0
BRDA:68,22,0,0
BRDA:68,22,1,0
BRDA:69,23,0,0
BRDA:69,23,1,0
BRDA:73,24,0,0
BRDA:73,24,1,0
BRDA:75,25,0,0
BRDA:75,25,1,0
BRDA:77,26,0,0
BRDA:77,26,1,0
BRDA:79,27,0,0
BRDA:79,27,1,0
BRDA:82,28,0,0
BRDA:82,28,1,0
BRDA:85,29,0,0
BRDA:85,29,1,0
BRDA:87,30,0,0
BRDA:87,30,1,0
BRDA:89,31,0,0
BRDA:89,31,1,0
BRDA:92,32,0,0
BRDA:92,32,1,0
BRDA:101,33,0,0
BRDA:101,33,1,0
BRDA:110,34,0,0
BRDA:110,34,1,0
BRDA:121,35,0,0
BRDA:121,35,1,0
BRDA:130,36,0,0
BRDA:130,36,1,0
BRDA:133,37,0,0
BRDA:133,37,1,0
BRDA:135,38,0,0
BRDA:135,38,1,0
BRDA:140,39,0,0
BRDA:140,39,1,0
BRDA:141,40,0,0
BRDA:141,40,1,0
BRDA:141,41,0,0
BRDA:141,41,1,0
BRDA:147,42,0,0
BRDA:147,42,1,0
BRDA:147,43,0,0
BRDA:147,43,1,0
BRDA:155,44,0,0
BRDA:155,44,1,0
BRDA:156,45,0,0
BRDA:156,45,1,0
BRDA:175,46,0,0
BRDA:175,46,1,0
BRDA:182,47,0,0
BRDA:182,47,1,0
BRDA:191,48,0,0
BRDA:191,48,1,0
BRDA:194,49,0,0
BRDA:194,49,1,0
BRDA:194,50,0,0
BRDA:194,50,1,0
BRDA:203,51,0,0
BRDA:203,51,1,0
BRDA:206,52,0,0
BRDA:206,52,1,0
BRDA:209,53,0,0
BRDA:209,53,1,0
BRDA:210,54,0,0
BRDA:210,54,1,0
BRDA:214,55,0,0
BRDA:214,55,1,0
BRDA:215,56,0,0
BRDA:215,56,1,0
BRDA:215,57,0,0
BRDA:215,57,1,0
BRDA:219,58,0,0
BRDA:219,58,1,0
BRDA:221,59,0,0
BRDA:221,59,1,0
BRDA:223,60,0,0
BRDA:223,60,1,0
BRDA:227,61,0,0
BRDA:227,61,1,0
BRDA:229,62,0,0
BRDA:229,62,1,0
BRDA:229,63,0,0
BRDA:229,63,1,0
BRDA:242,64,0,0
BRDA:242,64,1,0
BRDA:243,65,0,0
BRDA:243,65,1,0
BRDA:259,66,0,0
BRDA:259,66,1,0
BRDA:275,67,0,0
BRDA:275,67,1,0
BRDA:276,68,0,0
BRDA:276,68,1,0
BRF:139
BRH:0
end_of_record
TN:
SF:controllers/implantPreset.controller.js
FN:4,findPreset
FNF:1
FNH:0
FNDA:0,findPreset
DA:5,0
DA:6,0
DA:7,0
DA:10,0
DA:11,0
DA:18,0
DA:24,0
DA:25,0
DA:27,0
DA:30,0
DA:32,0
DA:33,0
DA:35,0
DA:40,0
LF:14
LH:0
BRDA:10,0,0,0
BRDA:10,0,1,0
BRDA:10,1,0,0
BRDA:10,1,1,0
BRDA:24,2,0,0
BRDA:24,2,1,0
BRDA:24,3,0,0
BRDA:24,3,1,0
BRDA:32,4,0,0
BRDA:32,4,1,0
BRF:10
BRH:0
end_of_record
TN:
SF:controllers/machine.controller.js
FN:15,withBridgeHeaders
FN:24,getMachines
FN:44,syncBridgeMachines
FN:70,(anonymous_3)
FN:95,getMachineStatusProxy
FN:102,(anonymous_5)
FN:113,sendControl
FN:143,(anonymous_7)
FN:154,resetMachineProxy
FN:159,startMachineProxy
FN:164,callRawProxy
FN:222,(anonymous_11)
FN:234,upsertMachine
FN:278,(anonymous_13)
FN:326,deleteMachine
FNF:15
FNH:0
FNDA:0,withBridgeHeaders
FNDA:0,getMachines
FNDA:0,syncBridgeMachines
FNDA:0,(anonymous_3)
FNDA:0,getMachineStatusProxy
FNDA:0,(anonymous_5)
FNDA:0,sendControl
FNDA:0,(anonymous_7)
FNDA:0,resetMachineProxy
FNDA:0,startMachineProxy
FNDA:0,callRawProxy
FNDA:0,(anonymous_11)
FNDA:0,upsertMachine
FNDA:0,(anonymous_13)
FNDA:0,deleteMachine
DA:4,0
DA:5,0
DA:6,0
DA:7,0
DA:8,0
DA:9,0
DA:11,0
DA:16,0
DA:17,0
DA:18,0
DA:20,0
DA:25,0
DA:26,0
DA:28,0
DA:29,0
DA:31,0
DA:32,0
DA:34,0
DA:35,0
DA:45,0
DA:46,0
DA:50,0
DA:51,0
DA:59,0
DA:60,0
DA:62,0
DA:63,0
DA:64,0
DA:65,0
DA:70,0
DA:71,0
DA:72,0
DA:74,0
DA:75,0
DA:78,0
DA:79,0
DA:83,0
DA:85,0
DA:86,0
DA:96,0
DA:97,0
DA:98,0
DA:102,0
DA:103,0
DA:105,0
DA:106,0
DA:114,0
DA:116,0
DA:117,0
DA:118,0
DA:124,0
DA:127,0
DA:128,0
DA:129,0
DA:130,0
DA:131,0
DA:136,0
DA:138,0
DA:139,0
DA:143,0
DA:144,0
DA:146,0
DA:147,0
DA:155,0
DA:160,0
DA:165,0
DA:166,0
DA:167,0
DA:168,0
DA:178,0
DA:179,0
DA:180,0
DA:181,0
DA:182,0
DA:184,0
DA:185,0
DA:188,0
DA:197,0
DA:205,0
DA:210,0
DA:213,0
DA:217,0
DA:222,0
DA:223,0
DA:225,0
DA:226,0
DA:235,0
DA:237,0
DA:238,0
DA:239,0
DA:241,0
DA:242,0
DA:248,0
DA:263,0
DA:270,0
DA:271,0
DA:272,0
DA:273,0
DA:278,0
DA:279,0
DA:283,0
DA:284,0
DA:287,0
DA:288,0
DA:296,0
DA:297,0
DA:308,0
DA:312,0
DA:316,0
DA:317,0
DA:327,0
DA:328,0
DA:329,0
DA:331,0
DA:335,0
DA:336,0
DA:337,0
DA:343,0
DA:344,0
DA:349,0
DA:352,0
DA:354,0
DA:355,0
LF:123
LH:0
BRDA:4,0,0,0
BRDA:4,0,1,0
BRDA:5,1,0,0
BRDA:5,1,1,0
BRDA:15,2,0,0
BRDA:17,3,0,0
BRDA:17,3,1,0
BRDA:28,4,0,0
BRDA:28,4,1,0
BRDA:28,5,0,0
BRDA:28,5,1,0
BRDA:50,6,0,0
BRDA:50,6,1,0
BRDA:50,7,0,0
BRDA:50,7,1,0
BRDA:63,8,0,0
BRDA:63,8,1,0
BRDA:63,9,0,0
BRDA:63,9,1,0
BRDA:63,9,2,0
BRDA:71,10,0,0
BRDA:71,10,1,0
BRDA:71,11,0,0
BRDA:71,11,1,0
BRDA:71,11,2,0
BRDA:117,12,0,0
BRDA:117,12,1,0
BRDA:117,13,0,0
BRDA:117,13,1,0
BRDA:117,13,2,0
BRDA:129,14,0,0
BRDA:129,14,1,0
BRDA:130,15,0,0
BRDA:130,15,1,0
BRDA:178,16,0,0
BRDA:178,16,1,0
BRDA:178,17,0,0
BRDA:178,17,1,0
BRDA:179,18,0,0
BRDA:179,18,1,0
BRDA:181,19,0,0
BRDA:181,19,1,0
BRDA:182,20,0,0
BRDA:182,20,1,0
BRDA:185,21,0,0
BRDA:185,21,1,0
BRDA:191,22,0,0
BRDA:191,22,1,0
BRDA:199,23,0,0
BRDA:199,23,1,0
BRDA:214,24,0,0
BRDA:214,24,1,0
BRDA:215,25,0,0
BRDA:215,25,1,0
BRDA:239,26,0,0
BRDA:239,26,1,0
BRDA:241,27,0,0
BRDA:241,27,1,0
BRDA:256,28,0,0
BRDA:256,28,1,0
BRDA:257,29,0,0
BRDA:257,29,1,0
BRDA:259,30,0,0
BRDA:259,30,1,0
BRDA:271,31,0,0
BRDA:271,31,1,0
BRDA:271,32,0,0
BRDA:271,32,1,0
BRDA:281,33,0,0
BRDA:281,33,1,0
BRDA:283,34,0,0
BRDA:283,34,1,0
BRDA:283,35,0,0
BRDA:283,35,1,0
BRDA:283,35,2,0
BRDA:291,36,0,0
BRDA:291,36,1,0
BRDA:331,37,0,0
BRDA:331,37,1,0
BRDA:331,38,0,0
BRDA:331,38,1,0
BRDA:336,39,0,0
BRDA:336,39,1,0
BRF:83
BRH:0
end_of_record
TN:
SF:controllers/machiningWebhook.controller.js
FN:5,handleMachiningStartedWebhook
FNF:1
FNH:0
FNDA:0,handleMachiningStartedWebhook
DA:6,0
DA:7,0
DA:8,0
DA:10,0
DA:15,0
DA:21,0
DA:22,0
DA:24,0
DA:25,0
DA:31,0
DA:32,0
DA:33,0
DA:39,0
DA:40,0
DA:41,0
DA:47,0
DA:49,0
DA:50,0
DA:52,0
DA:54,0
DA:64,0
LF:21
LH:0
BRDA:7,0,0,0
BRDA:7,0,1,0
BRDA:8,1,0,0
BRDA:8,1,1,0
BRDA:10,2,0,0
BRDA:10,2,1,0
BRDA:11,3,0,0
BRDA:11,3,1,0
BRDA:11,3,2,0
BRDA:21,4,0,0
BRDA:21,4,1,0
BRDA:22,5,0,0
BRDA:22,5,1,0
BRDA:22,5,2,0
BRDA:24,6,0,0
BRDA:24,6,1,0
BRDA:31,7,0,0
BRDA:31,7,1,0
BRDA:32,8,0,0
BRDA:32,8,1,0
BRDA:40,9,0,0
BRDA:40,9,1,0
BRDA:58,10,0,0
BRDA:58,10,1,0
BRF:24
BRH:0
end_of_record
TN:
SF:controllers/mail.controller.js
FN:11,adminListMails
FN:74,adminMarkAsRead
FN:91,adminMarkAsUnread
FN:115,adminMoveToSpam
FN:131,adminTrashMail
FN:148,adminRestoreToSent
FN:170,adminEmptyTrash
FN:207,emptyFolder
FN:231,adminEmptySpam
FN:244,adminEmptySent
FN:257,adminGetMail
FN:271,adminSendMail
FN:331,adminGetMailUploadUrl
FN:351,adminGetMailDownloadUrl
FNF:14
FNH:0
FNDA:0,adminListMails
FNDA:0,adminMarkAsRead
FNDA:0,adminMarkAsUnread
FNDA:0,adminMoveToSpam
FNDA:0,adminTrashMail
FNDA:0,adminRestoreToSent
FNDA:0,adminEmptyTrash
FNDA:0,emptyFolder
FNDA:0,adminEmptySpam
FNDA:0,adminEmptySent
FNDA:0,adminGetMail
FNDA:0,adminSendMail
FNDA:0,adminGetMailUploadUrl
FNDA:0,adminGetMailDownloadUrl
DA:9,0
DA:12,0
DA:24,0
DA:26,0
DA:27,0
DA:28,0
DA:29,0
DA:30,0
DA:31,0
DA:32,0
DA:33,0
DA:34,0
DA:35,0
DA:38,0
DA:39,0
DA:48,0
DA:49,0
DA:50,0
DA:54,0
DA:56,0
DA:57,0
DA:58,0
DA:65,0
DA:67,0
DA:68,0
DA:75,0
DA:76,0
DA:77,0
DA:78,0
DA:79,0
DA:81,0
DA:82,0
DA:83,0
DA:84,0
DA:86,0
DA:87,0
DA:92,0
DA:93,0
DA:94,0
DA:95,0
DA:96,0
DA:98,0
DA:99,0
DA:101,0
DA:102,0
DA:103,0
DA:105,0
DA:106,0
DA:108,0
DA:109,0
DA:116,0
DA:117,0
DA:118,0
DA:119,0
DA:120,0
DA:122,0
DA:123,0
DA:124,0
DA:126,0
DA:127,0
DA:132,0
DA:133,0
DA:134,0
DA:135,0
DA:136,0
DA:138,0
DA:139,0
DA:140,0
DA:141,0
DA:143,0
DA:144,0
DA:149,0
DA:150,0
DA:151,0
DA:152,0
DA:153,0
DA:155,0
DA:156,0
DA:160,0
DA:161,0
DA:162,0
DA:163,0
DA:165,0
DA:166,0
DA:171,0
DA:172,0
DA:173,0
DA:174,0
DA:176,0
DA:177,0
DA:179,0
DA:180,0
DA:182,0
DA:183,0
DA:184,0
DA:187,0
DA:188,0
DA:190,0
DA:191,0
DA:195,0
DA:200,0
DA:201,0
DA:208,0
DA:209,0
DA:211,0
DA:212,0
DA:213,0
DA:214,0
DA:216,0
DA:217,0
DA:218,0
DA:221,0
DA:222,0
DA:224,0
DA:228,0
DA:232,0
DA:233,0
DA:234,0
DA:235,0
DA:237,0
DA:238,0
DA:245,0
DA:246,0
DA:247,0
DA:248,0
DA:250,0
DA:251,0
DA:258,0
DA:259,0
DA:260,0
DA:261,0
DA:262,0
DA:264,0
DA:266,0
DA:267,0
DA:272,0
DA:281,0
DA:283,0
DA:284,0
DA:285,0
DA:287,0
DA:302,0
DA:303,0
DA:312,0
DA:313,0
DA:315,0
DA:316,0
DA:317,0
DA:318,0
DA:319,0
DA:324,0
DA:326,0
DA:327,0
DA:332,0
DA:333,0
DA:334,0
DA:335,0
DA:339,0
DA:340,0
DA:344,0
DA:346,0
DA:347,0
DA:352,0
DA:353,0
DA:354,0
DA:355,0
DA:360,0
DA:361,0
DA:363,0
DA:364,0
LF:170
LH:0
BRDA:27,0,0,0
BRDA:27,0,1,0
BRDA:28,1,0,0
BRDA:28,1,1,0
BRDA:29,2,0,0
BRDA:29,2,1,0
BRDA:30,3,0,0
BRDA:30,3,1,0
BRDA:31,4,0,0
BRDA:31,4,1,0
BRDA:32,5,0,0
BRDA:32,5,1,0
BRDA:32,6,0,0
BRDA:32,6,1,0
BRDA:34,7,0,0
BRDA:34,7,1,0
BRDA:35,8,0,0
BRDA:35,8,1,0
BRDA:38,9,0,0
BRDA:38,9,1,0
BRDA:38,10,0,0
BRDA:38,10,1,0
BRDA:48,11,0,0
BRDA:48,11,1,0
BRDA:57,12,0,0
BRDA:57,12,1,0
BRDA:58,13,0,0
BRDA:58,13,1,0
BRDA:78,14,0,0
BRDA:78,14,1,0
BRDA:95,15,0,0
BRDA:95,15,1,0
BRDA:101,16,0,0
BRDA:101,16,1,0
BRDA:119,17,0,0
BRDA:119,17,1,0
BRDA:135,18,0,0
BRDA:135,18,1,0
BRDA:152,19,0,0
BRDA:152,19,1,0
BRDA:155,20,0,0
BRDA:155,20,1,0
BRDA:172,21,0,0
BRDA:172,21,1,0
BRDA:177,22,0,0
BRDA:177,22,1,0
BRDA:179,23,0,0
BRDA:179,23,1,0
BRDA:182,24,0,0
BRDA:182,24,1,0
BRDA:184,25,0,0
BRDA:184,25,1,0
BRDA:207,26,0,0
BRDA:212,27,0,0
BRDA:212,27,1,0
BRDA:213,28,0,0
BRDA:213,28,1,0
BRDA:216,29,0,0
BRDA:216,29,1,0
BRDA:218,30,0,0
BRDA:218,30,1,0
BRDA:233,31,0,0
BRDA:233,31,1,0
BRDA:246,32,0,0
BRDA:246,32,1,0
BRDA:261,33,0,0
BRDA:261,33,1,0
BRDA:274,34,0,0
BRDA:275,35,0,0
BRDA:276,36,0,0
BRDA:277,37,0,0
BRDA:278,38,0,0
BRDA:279,39,0,0
BRDA:280,40,0,0
BRDA:281,41,0,0
BRDA:281,41,1,0
BRDA:283,42,0,0
BRDA:283,42,1,0
BRDA:284,43,0,0
BRDA:284,43,1,0
BRDA:285,44,0,0
BRDA:285,44,1,0
BRDA:291,45,0,0
BRDA:291,45,1,0
BRDA:291,45,2,0
BRDA:316,46,0,0
BRDA:316,46,1,0
BRDA:333,47,0,0
BRDA:333,47,1,0
BRDA:334,48,0,0
BRDA:334,48,1,0
BRDA:342,49,0,0
BRDA:342,49,1,0
BRDA:353,50,0,0
BRDA:353,50,1,0
BRDA:354,51,0,0
BRDA:354,51,1,0
BRDA:360,52,0,0
BRDA:360,52,1,0
BRF:99
BRH:0
end_of_record
TN:
SF:controllers/mailWebhook.controller.js
FN:3,(anonymous_0)
FN:8,(anonymous_1)
FN:15,receiveInboundMail
FNF:3
FNH:0
FNDA:0,(anonymous_0)
FNDA:0,(anonymous_1)
FNDA:0,receiveInboundMail
DA:3,0
DA:4,0
DA:8,0
DA:9,0
DA:10,0
DA:11,0
DA:12,0
DA:16,0
DA:30,0
DA:32,0
DA:33,0
DA:34,0
DA:35,0
DA:41,0
DA:44,0
DA:60,0
DA:62,0
DA:63,0
LF:18
LH:0
BRDA:4,0,0,0
BRDA:4,0,1,0
BRDA:9,1,0,0
BRDA:9,1,1,0
BRDA:10,2,0,0
BRDA:10,2,1,0
BRDA:11,3,0,0
BRDA:11,3,1,0
BRDA:19,4,0,0
BRDA:20,5,0,0
BRDA:21,6,0,0
BRDA:25,7,0,0
BRDA:30,8,0,0
BRDA:30,8,1,0
BRDA:33,9,0,0
BRDA:33,9,1,0
BRDA:33,10,0,0
BRDA:33,10,1,0
BRDA:34,11,0,0
BRDA:34,11,1,0
BRDA:36,12,0,0
BRDA:36,12,1,0
BRDA:36,13,0,0
BRDA:36,13,1,0
BRDA:57,14,0,0
BRDA:57,14,1,0
BRF:26
BRH:0
end_of_record
TN:
SF:controllers/manufacturer.controller.js
FN:5,recordManufacturerPayment
FN:57,listManufacturerPayments
[...]
DA:54,0
DA:55,0
DA:56,0
DA:59,0
DA:62,0
DA:64,0
DA:65,0
DA:67,0
DA:69,0
DA:71,0
DA:72,0
LF:40
LH:0
BRDA:3,0,0,0
BRDA:3,0,1,0
BRDA:8,1,0,0
BRDA:8,1,1,0
BRDA:9,2,0,0
BRDA:9,2,1,0
BRDA:11,3,0,0
BRDA:11,3,1,0
BRDA:23,4,0,0
BRDA:23,4,1,0
BRDA:26,5,0,0
BRDA:26,5,1,0
BRDA:26,6,0,0
BRDA:26,6,1,0
BRDA:35,7,0,0
BRDA:35,7,1,0
BRDA:35,8,0,0
BRDA:35,8,1,0
BRDA:37,9,0,0
BRDA:37,9,1,0
BRDA:37,10,0,0
BRDA:37,10,1,0
BRDA:38,11,0,0
BRDA:38,11,1,0
BRDA:44,12,0,0
BRDA:44,12,1,0
BRDA:47,13,0,0
BRDA:47,13,1,0
BRDA:55,14,0,0
BRDA:55,14,1,0
BRDA:65,15,0,0
BRDA:65,15,1,0
BRDA:75,16,0,0
BRDA:75,16,1,0
BRF:34
BRH:0
end_of_record
TN:
SF:utils/cache.utils.js
FN:7,(anonymous_0)
FN:18,(anonymous_1)
FN:30,(anonymous_2)
FN:43,(anonymous_3)
FN:60,(anonymous_4)
FN:72,(anonymous_5)
FN:84,(anonymous_6)
FN:91,(anonymous_7)
FN:102,(anonymous_8)
FN:115,(anonymous_9)
FN:137,(anonymous_10)
FN:140,(anonymous_11)
FN:143,(anonymous_12)
FN:146,(anonymous_13)
FN:149,(anonymous_14)
FNF:15
FNH:0
FNDA:0,(anonymous_0)
FNDA:0,(anonymous_1)
FNDA:0,(anonymous_2)
FNDA:0,(anonymous_3)
FNDA:0,(anonymous_4)
FNDA:0,(anonymous_5)
FNDA:0,(anonymous_6)
FNDA:0,(anonymous_7)
FNDA:0,(anonymous_8)
FNDA:0,(anonymous_9)
FNDA:0,(anonymous_10)
FNDA:0,(anonymous_11)
FNDA:0,(anonymous_12)
FNDA:0,(anonymous_13)
FNDA:0,(anonymous_14)
DA:8,0
DA:9,0
DA:20,0
DA:21,0
DA:24,0
DA:30,0
DA:31,0
DA:32,0
DA:35,0
DA:44,0
DA:45,0
DA:48,0
DA:49,0
DA:50,0
DA:53,0
DA:61,0
DA:62,0
DA:63,0
DA:65,0
DA:73,0
DA:76,0
DA:78,0
DA:79,0
DA:80,0
DA:84,0
DA:85,0
DA:92,0
DA:93,0
DA:95,0
DA:96,0
DA:103,0
DA:116,0
DA:117,0
DA:118,0
DA:121,0
DA:122,0
DA:123,0
DA:128,0
DA:135,0
DA:137,0
DA:140,0
DA:143,0
DA:146,0
DA:149,0
DA:155,0
LF:45
LH:0
BRDA:18,0,0,0
BRDA:20,1,0,0
BRDA:20,1,1,0
BRDA:45,2,0,0
BRDA:45,2,1,0
BRDA:48,3,0,0
BRDA:48,3,1,0
BRDA:61,4,0,0
BRDA:61,4,1,0
BRDA:79,5,0,0
BRDA:79,5,1,0
BRDA:115,6,0,0
BRDA:117,7,0,0
BRDA:117,7,1,0
BRF:14
BRH:0
end_of_record
TN:
SF:utils/cacheWarming.js
FN:12,warmDeliveryLeadDays
FN:28,warmupCache
FN:46,startPeriodicCacheRefresh
FN:48,(anonymous_3)
FNF:4
FNH:0
FNDA:0,warmDeliveryLeadDays
FNDA:0,warmupCache
FNDA:0,startPeriodicCacheRefresh
FNDA:0,(anonymous_3)
DA:13,0
DA:14,0
DA:15,0
DA:16,0
DA:18,0
DA:29,0
DA:31,0
DA:33,0
DA:38,0
DA:39,0
DA:40,0
DA:48,0
DA:49,0
DA:52,0
LF:14
LH:0
BRF:0
BRH:0
end_of_record
TN:
SF:utils/creditBPlanMatching.js
FN:8,extractDepositCodeFromText
FN:11,(anonymous_1)
FN:18,upsertBankTransaction
FN:71,autoMatchBankTransactionsOnce
FN:122,(anonymous_4)
FNF:5
FNH:0
FNDA:0,extractDepositCodeFromText
FNDA:0,(anonymous_1)
FNDA:0,upsertBankTransaction
FNDA:0,autoMatchBankTransactionsOnce
FNDA:0,(anonymous_4)
DA:9,0
DA:10,0
DA:11,0
DA:13,0
DA:14,0
DA:15,0
DA:27,0
DA:28,0
DA:29,0
DA:30,0
DA:31,0
DA:34,0
DA:35,0
DA:36,0
DA:37,0
DA:38,0
DA:41,0
DA:43,0
DA:44,0
DA:45,0
DA:46,0
DA:47,0
DA:51,0
DA:68,0
DA:72,0
DA:73,0
DA:80,0
DA:81,0
DA:82,0
DA:84,0
DA:85,0
DA:87,0
DA:88,0
DA:89,0
DA:91,0
DA:108,0
DA:109,0
DA:110,0
DA:111,0
DA:112,0
DA:113,0
DA:117,0
DA:118,0
DA:120,0
DA:121,0
DA:122,0
DA:123,0
DA:136,0
DA:138,0
DA:154,0
DA:155,0
DA:159,0
DA:160,0
DA:177,0
DA:182,0
DA:183,0
DA:196,0
DA:222,0
DA:225,0
DA:227,0
DA:231,0
LF:61
LH:0
BRDA:9,0,0,0
BRDA:9,0,1,0
BRDA:14,1,0,0
BRDA:14,1,1,0
BRDA:27,2,0,0
BRDA:27,2,1,0
BRDA:28,3,0,0
BRDA:28,3,1,0
BRDA:35,4,0,0
BRDA:35,4,1,0
BRDA:35,5,0,0
BRDA:35,5,1,0
BRDA:44,6,0,0
BRDA:44,6,1,0
BRDA:46,7,0,0
BRDA:46,7,1,0
BRDA:56,8,0,0
BRDA:56,8,1,0
BRDA:57,9,0,0
BRDA:57,9,1,0
BRDA:59,10,0,0
BRDA:59,10,1,0
BRDA:62,11,0,0
BRDA:62,11,1,0
BRDA:71,12,0,0
BRDA:71,13,0,0
BRDA:72,14,0,0
BRDA:72,14,1,0
BRDA:87,15,0,0
BRDA:87,15,1,0
BRDA:88,16,0,0
BRDA:88,16,1,0
BRDA:89,17,0,0
BRDA:89,17,1,0
BRDA:89,18,0,0
BRDA:89,18,1,0
BRDA:89,18,2,0
BRDA:110,19,0,0
BRDA:110,19,1,0
BRDA:111,20,0,0
BRDA:111,20,1,0
BRDA:111,21,0,0
BRDA:111,21,1,0
BRDA:117,22,0,0
BRDA:117,22,1,0
BRDA:136,23,0,0
BRDA:136,23,1,0
BRDA:154,24,0,0
BRDA:154,24,1,0
BRDA:182,25,0,0
BRDA:182,25,1,0
BRDA:203,26,0,0
BRDA:203,26,1,0
BRDA:204,27,0,0
BRDA:204,27,1,0
BRDA:206,28,0,0
BRDA:206,28,1,0
BRDA:207,29,0,0
BRDA:207,29,1,0
BRDA:208,30,0,0
BRDA:208,30,1,0
BRDA:209,31,0,0
BRDA:209,31,1,0
BRDA:210,32,0,0
BRDA:210,32,1,0
BRDA:211,33,0,0
BRDA:211,33,1,0
BRDA:212,34,0,0
BRDA:212,34,1,0
BRDA:213,35,0,0
BRDA:213,35,1,0
BRDA:214,36,0,0
BRDA:214,36,1,0
BRDA:225,37,0,0
BRDA:225,37,1,0
BRF:75
BRH:0
end_of_record
TN:
SF:utils/creditJobs.js
FN:3,parseDueDate
FN:13,expireCreditOrdersOnce
FN:45,startCreditJobs
FN:53,(anonymous_3)
FNF:4
FNH:0
FNDA:0,parseDueDate
FNDA:0,expireCreditOrdersOnce
FNDA:0,startCreditJobs
FNDA:0,(anonymous_3)
DA:4,0
DA:5,0
DA:7,0
DA:8,0
DA:10,0
DA:14,0
DA:16,0
DA:23,0
DA:25,0
DA:26,0
DA:27,0
DA:28,0
DA:29,0
DA:32,0
DA:34,0
DA:39,0
DA:46,0
DA:49,0
DA:50,0
DA:53,0
DA:54,0
DA:55,0
DA:61,0
DA:62,0
LF:24
LH:0
BRDA:4,0,0,0
BRDA:4,0,1,0
BRDA:5,1,0,0
BRDA:5,1,1,0
BRDA:8,2,0,0
BRDA:8,2,1,0
BRDA:23,3,0,0
BRDA:23,3,1,0
BRDA:28,4,0,0
BRDA:28,4,1,0
BRDA:29,5,0,0
BRDA:29,5,1,0
BRDA:32,6,0,0
BRDA:32,6,1,0
BRDA:41,7,0,0
BRDA:41,7,1,0
BRDA:47,8,0,0
BRDA:47,8,1,0
BRDA:49,9,0,0
BRDA:49,9,1,0
BRDA:49,10,0,0
BRDA:49,10,1,0
BRF:22
BRH:0
end_of_record
TN:
SF:utils/creditLock.util.js
FN:3,checkCreditLock
FNF:1
FNH:0
FNDA:0,checkCreditLock
DA:4,0
DA:11,0
DA:12,0
DA:19,0
LF:4
LH:0
BRDA:11,0,0,0
BRDA:11,0,1,0
BRDA:14,1,0,0
BRDA:14,1,1,0
BRF:4
BRH:0
end_of_record
TN:
SF:utils/depositCode.utils.js
FN:4,formatDepositCode
FN:10,getNextSequence
FN:32,ensureOrganizationDepositCode
FNF:3
FNH:0
FNDA:0,formatDepositCode
FNDA:0,getNextSequence
FNDA:0,ensureOrganizationDepositCode
DA:5,0
DA:6,0
DA:7,0
DA:11,0
DA:12,0
DA:13,0
DA:16,0
DA:25,0
DA:26,0
DA:29,0
DA:33,0
DA:34,0
DA:37,0
DA:41,0
DA:42,0
DA:43,0
DA:46,0
DA:47,0
DA:51,0
DA:52,0
DA:55,0
DA:58,0
DA:59,0
DA:67,0
DA:68,0
DA:70,0
DA:73,0
DA:74,0
DA:77,0
DA:80,0
DA:81,0
DA:82,0
DA:86,0
LF:33
LH:0
BRDA:6,0,0,0
BRDA:6,0,1,0
BRDA:6,1,0,0
BRDA:6,1,1,0
BRDA:12,2,0,0
BRDA:12,2,1,0
BRDA:12,3,0,0
BRDA:12,3,1,0
BRDA:25,4,0,0
BRDA:25,4,1,0
BRDA:26,5,0,0
BRDA:26,5,1,0
BRDA:26,6,0,0
BRDA:26,6,1,0
BRDA:33,7,0,0
BRDA:33,7,1,0
BRDA:41,8,0,0
BRDA:41,8,1,0
BRDA:42,9,0,0
BRDA:42,9,1,0
BRDA:51,10,0,0
BRDA:51,10,1,0
BRDA:67,11,0,0
BRDA:67,11,1,0
BRDA:67,12,0,0
BRDA:67,12,1,0
BRDA:73,13,0,0
BRDA:73,13,1,0
BRDA:80,14,0,0
BRDA:80,14,1,0
BRDA:81,15,0,0
BRDA:81,15,1,0
BRF:32
BRH:0
end_of_record
TN:
SF:utils/email.util.js
FN:8,(anonymous_0)
FN:36,(anonymous_1)
FN:42,(anonymous_2)
FN:53,sendEmail
FN:114,(anonymous_4)
FN:196,sendEmailWithAttachments
FNF:6
FNH:0
FNDA:0,(anonymous_0)
FNDA:0,(anonymous_1)
FNDA:0,(anonymous_2)
FNDA:0,sendEmail
FNDA:0,(anonymous_4)
FNDA:0,sendEmailWithAttachments
DA:6,0
DA:8,0
DA:10,0
DA:11,0
DA:12,0
DA:15,0
DA:17,0
DA:18,0
DA:23,0
DA:36,0
DA:37,0
DA:38,0
DA:39,0
DA:42,0
DA:43,0
DA:46,0
DA:54,0
DA:58,0
DA:59,0
DA:60,0
DA:61,0
DA:63,0
DA:68,0
DA:69,0
DA:70,0
DA:72,0
DA:73,0
DA:77,0
DA:78,0
DA:80,0
DA:83,0
DA:99,0
DA:100,0
DA:102,0
DA:103,0
DA:104,0
DA:107,0
DA:108,0
DA:110,0
DA:114,0
DA:124,0
DA:125,0
DA:137,0
DA:139,0
DA:140,0
DA:149,0
DA:159,0
DA:164,0
DA:165,0
DA:166,0
DA:167,0
DA:168,0
DA:170,0
DA:171,0
DA:172,0
DA:173,0
DA:175,0
DA:177,0
DA:178,0
DA:191,0
DA:192,0
DA:193,0
DA:205,0
DA:209,0
DA:210,0
DA:211,0
DA:212,0
DA:214,0
DA:219,0
DA:220,0
DA:221,0
DA:223,0
DA:224,0
DA:228,0
DA:229,0
DA:231,0
DA:234,0
DA:245,0
DA:253,0
DA:254,0
DA:256,0
DA:257,0
DA:258,0
DA:261,0
DA:262,0
DA:264,0
LF:86
LH:0
BRDA:10,0,0,0
BRDA:10,0,1,0
BRDA:10,1,0,0
BRDA:10,1,1,0
BRDA:11,2,0,0
BRDA:11,2,1,0
BRDA:13,3,0,0
BRDA:13,3,1,0
BRDA:15,4,0,0
BRDA:15,4,1,0
BRDA:17,5,0,0
BRDA:17,5,1,0
BRDA:17,6,0,0
BRDA:17,6,1,0
BRDA:17,6,2,0
BRDA:17,6,3,0
BRDA:26,7,0,0
BRDA:26,7,1,0
BRDA:26,8,0,0
BRDA:26,8,1,0
BRDA:30,9,0,0
BRDA:30,9,1,0
BRDA:37,10,0,0
BRDA:37,10,1,0
BRDA:48,11,0,0
BRDA:48,11,1,0
BRDA:49,12,0,0
BRDA:49,12,1,0
BRDA:55,13,0,0
BRDA:55,13,1,0
BRDA:55,13,2,0
BRDA:58,14,0,0
BRDA:58,14,1,0
BRDA:59,15,0,0
BRDA:59,15,1,0
BRDA:72,16,0,0
BRDA:72,16,1,0
BRDA:75,17,0,0
BRDA:75,17,1,0
BRDA:86,18,0,0
BRDA:86,18,1,0
BRDA:93,19,0,0
BRDA:93,19,1,0
BRDA:103,20,0,0
BRDA:103,20,1,0
BRDA:122,21,0,0
BRDA:127,22,0,0
BRDA:127,22,1,0
BRDA:128,23,0,0
BRDA:128,23,1,0
BRDA:129,24,0,0
BRDA:129,24,1,0
BRDA:140,25,0,0
BRDA:140,25,1,0
BRDA:149,26,0,0
BRDA:149,26,1,0
BRDA:165,27,0,0
BRDA:165,27,1,0
BRDA:166,28,0,0
BRDA:166,28,1,0
BRDA:172,29,0,0
BRDA:172,29,1,0
BRDA:175,30,0,0
BRDA:175,30,1,0
BRDA:176,31,0,0
BRDA:176,31,1,0
BRDA:177,32,0,0
BRDA:177,32,1,0
BRDA:198,33,0,0
BRDA:199,34,0,0
BRDA:203,35,0,0
BRDA:206,36,0,0
BRDA:206,36,1,0
BRDA:206,36,2,0
BRDA:209,37,0,0
BRDA:209,37,1,0
BRDA:210,38,0,0
BRDA:210,38,1,0
BRDA:223,39,0,0
BRDA:223,39,1,0
BRDA:226,40,0,0
BRDA:226,40,1,0
BRDA:236,41,0,0
BRDA:236,41,1,0
BRDA:257,42,0,0
BRDA:257,42,1,0
BRF:86
BRH:0
end_of_record
TN:
SF:utils/httpJson.js
FN:4,httpJson
FN:5,(anonymous_1)
FN:19,(anonymous_2)
FN:22,(anonymous_3)
FN:25,(anonymous_4)
FNF:5
FNH:0
FNDA:0,httpJson
FNDA:0,(anonymous_1)
FNDA:0,(anonymous_2)
FNDA:0,(anonymous_3)
FNDA:0,(anonymous_4)
DA:5,0
DA:6,0
DA:7,0
DA:8,0
DA:10,0
DA:20,0
DA:21,0
DA:22,0
DA:23,0
DA:25,0
DA:26,0
DA:27,0
DA:28,0
DA:29,0
DA:31,0
DA:33,0
DA:38,0
DA:40,0
DA:41,0
DA:42,0
DA:44,0
LF:21
LH:0
BRDA:4,0,0,0
BRDA:4,1,0,0
BRDA:8,2,0,0
BRDA:8,2,1,0
BRDA:14,3,0,0
BRDA:14,3,1,0
BRDA:14,4,0,0
BRDA:14,4,1,0
BRDA:26,5,0,0
BRDA:26,5,1,0
BRDA:29,6,0,0
BRDA:29,6,1,0
BRDA:40,7,0,0
BRDA:40,7,1,0
BRDA:41,8,0,0
BRDA:41,8,1,0
BRF:16
BRH:0
end_of_record
TN:
SF:utils/jwt.util.js
FN:9,generateToken
FN:34,verifyToken
FN:43,generateRefreshToken
FNF:3
FNH:0
FNDA:0,generateToken
FNDA:0,verifyToken
FNDA:0,generateRefreshToken
DA:13,0
DA:15,0
DA:21,0
DA:24,0
DA:35,0
DA:44,0
LF:6
LH:0
BRDA:9,0,0,0
BRDA:13,1,0,0
BRDA:13,1,1,0
BRDA:13,2,0,0
BRDA:13,2,1,0
BRDA:17,3,0,0
BRDA:17,3,1,0
BRDA:24,4,0,0
BRDA:24,4,1,0
BRDA:35,5,0,0
BRDA:35,5,1,0
BRDA:46,6,0,0
BRDA:46,6,1,0
BRF:13
BRH:0
end_of_record
TN:
SF:utils/jwt.utils.js
FN:9,(anonymous_0)
FN:20,(anonymous_1)
FN:33,(anonymous_2)
FNF:3
FNH:0
FNDA:0,(anonymous_0)
FNDA:0,(anonymous_1)
FNDA:0,(anonymous_2)
DA:9,0
DA:10,0
DA:20,0
DA:21,0
DA:22,0
DA:24,0
DA:33,0
DA:34,0
LF:8
LH:0
BRDA:9,0,0,0
BRDA:10,1,0,0
BRDA:10,1,1,0
BRDA:22,2,0,0
BRDA:22,2,1,0
BRDA:36,3,0,0
BRDA:36,3,1,0
BRF:7
BRH:0
end_of_record
TN:
SF:utils/krBusinessDays.js
FN:7,formatYmdInTimeZone
FN:17,normalizeKoreanBusinessDay
FN:38,parseYmd
FN:41,(anonymous_3)
FN:46,ymdToUtcDate
FN:52,utcDateToYmd
FN:59,isWeekendUtc
FN:64,fetchKrHolidaySet
FN:108,(anonymous_8)
FN:137,isKoreanHolidayYmd
FN:144,isKoreanBusinessDayYmd
FN:152,isKoreanBusinessDay
FN:156,addKoreanBusinessDays
FN:177,nextKoreanBusinessDay
FN:193,getTodayYmdInKst
FN:197,ymdToMmDd
FNF:16
FNH:0
FNDA:0,formatYmdInTimeZone
FNDA:0,normalizeKoreanBusinessDay
FNDA:0,parseYmd
FNDA:0,(anonymous_3)
FNDA:0,ymdToUtcDate
FNDA:0,utcDateToYmd
FNDA:0,isWeekendUtc
FNDA:0,fetchKrHolidaySet
FNDA:0,(anonymous_8)
FNDA:0,isKoreanHolidayYmd
FNDA:0,isKoreanBusinessDayYmd
FNDA:0,isKoreanBusinessDay
FNDA:0,addKoreanBusinessDays
FNDA:0,nextKoreanBusinessDay
FNDA:0,getTodayYmdInKst
FNDA:0,ymdToMmDd
DA:3,0
DA:5,0
DA:8,0
DA:14,0
DA:18,0
DA:19,0
DA:20,0
DA:23,0
DA:24,0
DA:28,0
DA:29,0
DA:30,0
DA:31,0
DA:32,0
DA:33,0
DA:39,0
DA:41,0
DA:42,0
DA:43,0
DA:47,0
DA:48,0
DA:49,0
DA:53,0
DA:54,0
DA:55,0
DA:56,0
DA:60,0
DA:61,0
DA:65,0
DA:66,0
DA:67,0
DA:68,0
DA:71,0
DA:73,0
DA:74,0
DA:75,0
DA:79,0
DA:80,0
DA:81,0
DA:82,0
DA:83,0
DA:87,0
DA:95,0
DA:96,0
DA:101,0
DA:102,0
DA:104,0
DA:105,0
DA:108,0
DA:113,0
DA:115,0
DA:116,0
DA:117,0
DA:118,0
DA:134,0
DA:138,0
DA:139,0
DA:140,0
DA:141,0
DA:145,0
DA:146,0
DA:147,0
DA:148,0
DA:149,0
DA:153,0
DA:157,0
DA:158,0
DA:159,0
DA:161,0
DA:163,0
DA:164,0
DA:166,0
DA:167,0
DA:168,0
DA:169,0
DA:170,0
DA:174,0
DA:178,0
DA:179,0
DA:180,0
DA:183,0
DA:184,0
DA:185,0
DA:186,0
DA:187,0
DA:188,0
DA:194,0
DA:198,0
DA:199,0
DA:200,0
DA:201,0
DA:202,0
LF:92
LH:0
BRDA:19,0,0,0
BRDA:19,0,1,0
BRDA:23,1,0,0
BRDA:23,1,1,0
BRDA:32,2,0,0
BRDA:32,2,1,0
BRDA:42,3,0,0
BRDA:42,3,1,0
BRDA:42,4,0,0
BRDA:42,4,1,0
BRDA:42,4,2,0
BRDA:48,5,0,0
BRDA:48,5,1,0
BRDA:61,6,0,0
BRDA:61,6,1,0
BRDA:67,7,0,0
BRDA:67,7,1,0
BRDA:67,8,0,0
BRDA:67,8,1,0
BRDA:73,9,0,0
BRDA:73,9,1,0
BRDA:79,10,0,0
BRDA:79,10,1,0
BRDA:79,11,0,0
BRDA:79,11,1,0
BRDA:81,12,0,0
BRDA:81,12,1,0
BRDA:81,13,0,0
BRDA:81,13,1,0
BRDA:85,14,0,0
BRDA:85,14,1,0
BRDA:101,15,0,0
BRDA:101,15,1,0
BRDA:106,16,0,0
BRDA:106,16,1,0
BRDA:108,17,0,0
BRDA:108,17,1,0
BRDA:115,18,0,0
BRDA:115,18,1,0
BRDA:139,19,0,0
BRDA:139,19,1,0
BRDA:146,20,0,0
BRDA:146,20,1,0
BRDA:147,21,0,0
BRDA:147,21,1,0
BRDA:148,22,0,0
BRDA:148,22,1,0
BRDA:158,23,0,0
BRDA:158,23,1,0
BRDA:161,24,0,0
BRDA:161,24,1,0
BRDA:161,25,0,0
BRDA:161,25,1,0
BRDA:169,26,0,0
BRDA:169,26,1,0
BRDA:179,27,0,0
BRDA:179,27,1,0
BRDA:187,28,0,0
BRDA:187,28,1,0
BRDA:199,29,0,0
BRDA:199,29,1,0
BRF:61
BRH:0
end_of_record
TN:
SF:utils/notificationQueue.js
FN:7,sendNotificationViaQueue
FN:39,sendKakaoOrSMSViaQueue
FNF:2
FNH:0
FNDA:0,sendNotificationViaQueue
FNDA:0,sendKakaoOrSMSViaQueue
DA:15,0
DA:19,0
DA:27,0
DA:29,0
DA:31,0
DA:33,0
DA:35,0
DA:45,0
DA:46,0
LF:9
LH:0
BRDA:8,0,0,0
BRDA:11,1,0,0
BRDA:12,2,0,0
BRDA:13,3,0,0
BRDA:20,4,0,0
BRDA:20,4,1,0
BRDA:27,5,0,0
BRDA:27,5,1,0
BRDA:27,5,2,0
BRDA:27,5,3,0
BRDA:42,6,0,0
BRDA:43,7,0,0
BRDA:45,8,0,0
BRDA:45,8,1,0
BRDA:45,9,0,0
BRDA:45,9,1,0
BRDA:50,10,0,0
BRDA:50,10,1,0
BRF:18
BRH:0
end_of_record
TN:
SF:utils/popbill.util.js
FN:28,(anonymous_0)
FN:29,(anonymous_1)
FN:41,(anonymous_2)
FN:48,(anonymous_3)
FN:49,(anonymous_4)
FN:50,(anonymous_5)
FN:57,(anonymous_6)
FN:58,(anonymous_7)
FN:59,(anonymous_8)
FNF:9
FNH:0
FNDA:0,(anonymous_0)
FNDA:0,(anonymous_1)
FNDA:0,(anonymous_2)
FNDA:0,(anonymous_3)
FNDA:0,(anonymous_4)
FNDA:0,(anonymous_5)
FNDA:0,(anonymous_6)
FNDA:0,(anonymous_7)
FNDA:0,(anonymous_8)
DA:3,0
DA:4,0
DA:5,0
DA:7,0
DA:8,0
DA:13,0
DA:23,0
DA:24,0
DA:25,0
DA:26,0
DA:28,0
DA:29,0
DA:30,0
DA:37,0
DA:38,0
DA:41,0
DA:42,0
DA:43,0
DA:48,0
DA:49,0
DA:50,0
DA:51,0
DA:52,0
DA:57,0
DA:58,0
DA:59,0
DA:60,0
DA:61,0
LF:28
LH:0
BRDA:7,0,0,0
BRDA:7,0,1,0
BRDA:7,1,0,0
BRDA:7,1,1,0
BRDA:37,2,0,0
BRDA:37,2,1,0
BRDA:42,3,0,0
BRDA:42,3,1,0
BRDA:51,4,0,0
BRDA:51,4,1,0
BRDA:60,5,0,0
BRDA:60,5,1,0
BRF:12
BRH:0
end_of_record
TN:
SF:utils/queueClient.js
FN:3,enqueueTask
FN:51,enqueueTaxInvoiceIssue
FN:66,enqueueTaxInvoiceCancel
FN:82,enqueueBankWebhook
FN:90,enqueueNotificationKakao
FN:105,enqueueNotificationSMS
FN:120,enqueueNotificationLMS
FN:135,enqueueEasyFinBankRequest
FN:154,enqueueEasyFinBankCheck
FNF:9
FNH:0
FNDA:0,enqueueTask
FNDA:0,enqueueTaxInvoiceIssue
FNDA:0,enqueueTaxInvoiceCancel
FNDA:0,enqueueBankWebhook
FNDA:0,enqueueNotificationKakao
FNDA:0,enqueueNotificationSMS
FNDA:0,enqueueNotificationLMS
FNDA:0,enqueueEasyFinBankRequest
FNDA:0,enqueueEasyFinBankCheck
DA:11,0
DA:13,0
DA:14,0
DA:15,0
DA:16,0
DA:22,0
DA:23,0
DA:31,0
DA:48,0
DA:56,0
DA:57,0
DA:72,0
DA:73,0
DA:87,0
DA:95,0
DA:96,0
DA:110,0
DA:111,0
DA:125,0
DA:126,0
DA:143,0
DA:144,0
DA:145,0
DA:161,0
DA:162,0
LF:25
LH:0
BRDA:7,0,0,0
BRDA:8,1,0,0
BRDA:9,2,0,0
BRDA:14,3,0,0
BRDA:14,3,1,0
BRDA:15,4,0,0
BRDA:15,4,1,0
BRDA:22,5,0,0
BRDA:22,5,1,0
BRDA:22,6,0,0
BRDA:22,6,1,0
BRDA:40,7,0,0
BRDA:40,7,1,0
BRDA:54,8,0,0
BRDA:70,9,0,0
BRDA:85,10,0,0
BRDA:93,11,0,0
BRDA:108,12,0,0
BRDA:123,13,0,0
BRDA:140,14,0,0
BRDA:158,15,0,0
BRF:21
BRH:0
end_of_record
TN:
SF:utils/rateGuard.js
FN:13,registerExternalCall
FN:16,(anonymous_1)
FN:23,shouldBlockExternalCall
FN:28,(anonymous_3)
FNF:4
FNH:0
FNDA:0,registerExternalCall
FNDA:0,(anonymous_1)
FNDA:0,shouldBlockExternalCall
FNDA:0,(anonymous_3)
DA:4,0
DA:5,0
DA:8,0
DA:9,0
DA:11,0
DA:14,0
DA:15,0
DA:16,0
DA:17,0
DA:18,0
DA:19,0
DA:20,0
DA:25,0
DA:26,0
DA:27,0
DA:28,0
DA:29,0
DA:30,0
DA:31,0
DA:32,0
DA:35,0
DA:36,0
LF:22
LH:0
BRDA:15,0,0,0
BRDA:15,0,1,0
BRDA:25,1,0,0
BRDA:25,1,1,0
BRDA:27,2,0,0
BRDA:27,2,1,0
BRF:6
BRH:0
end_of_record
TN:
SF:utils/s3.utils.js
FN:16,(anonymous_0)
FN:48,(anonymous_1)
FN:81,(anonymous_2)
FN:107,(anonymous_3)
FN:116,(anonymous_4)
FN:140,(anonymous_5)
FN:164,(anonymous_6)
FN:220,(anonymous_7)
FN:246,(anonymous_8)
FN:278,(anonymous_9)
FNF:10
FNH:0
FNDA:0,(anonymous_0)
FNDA:0,(anonymous_1)
FNDA:0,(anonymous_2)
FNDA:0,(anonymous_3)
FNDA:0,(anonymous_4)
FNDA:0,(anonymous_5)
FNDA:0,(anonymous_6)
FNDA:0,(anonymous_7)
FNDA:0,(anonymous_8)
FNDA:0,(anonymous_9)
DA:14,0
DA:16,0
DA:17,0
DA:19,0
DA:20,0
DA:23,0
DA:25,0
DA:26,0
DA:32,0
DA:40,0
DA:45,0
DA:48,0
DA:49,0
DA:73,0
DA:74,0
DA:75,0
DA:77,0
DA:81,0
DA:82,0
DA:83,0
DA:84,0
DA:94,0
DA:95,0
DA:96,0
DA:97,0
DA:98,0
DA:101,0
DA:107,0
DA:108,0
DA:109,0
DA:110,0
DA:111,0
DA:113,0
DA:116,0
DA:117,0
DA:118,0
DA:119,0
DA:120,0
DA:124,0
DA:129,0
DA:134,0
DA:135,0
DA:136,0
DA:137,0
DA:140,0
DA:141,0
DA:142,0
DA:143,0
DA:144,0
DA:145,0
DA:148,0
DA:149,0
DA:155,0
DA:157,0
DA:158,0
DA:159,0
DA:164,0
DA:165,0
DA:166,0
DA:167,0
DA:168,0
DA:172,0
DA:176,0
DA:177,0
DA:184,0
DA:185,0
DA:186,0
DA:187,0
DA:189,0
DA:190,0
DA:194,0
DA:198,0
DA:199,0
DA:204,0
DA:205,0
DA:206,0
DA:207,0
DA:209,0
DA:210,0
DA:211,0
DA:213,0
DA:216,0
DA:220,0
DA:221,0
DA:222,0
DA:223,0
DA:224,0
DA:228,0
DA:230,0
DA:232,0
DA:233,0
DA:239,0
DA:241,0
DA:242,0
DA:246,0
DA:251,0
DA:252,0
DA:253,0
DA:254,0
DA:258,0
DA:262,0
DA:272,0
DA:275,0
DA:278,0
DA:279,0
DA:280,0
DA:281,0
DA:282,0
DA:286,0
DA:291,0
DA:296,0
DA:299,0
LF:112
LH:0
BRDA:17,0,0,0
BRDA:17,0,1,0
BRDA:19,1,0,0
BRDA:19,1,1,0
BRDA:21,2,0,0
BRDA:21,2,1,0
BRDA:23,3,0,0
BRDA:23,3,1,0
BRDA:25,4,0,0
BRDA:25,4,1,0
BRDA:25,5,0,0
BRDA:25,5,1,0
BRDA:25,5,2,0
BRDA:25,5,3,0
BRDA:32,6,0,0
BRDA:32,6,1,0
BRDA:32,7,0,0
BRDA:32,7,1,0
BRDA:36,8,0,0
BRDA:36,8,1,0
BRDA:41,9,0,0
BRDA:41,9,1,0
BRDA:42,10,0,0
BRDA:42,10,1,0
BRDA:74,11,0,0
BRDA:74,11,1,0
BRDA:95,12,0,0
BRDA:95,12,1,0
BRDA:96,13,0,0
BRDA:96,13,1,0
BRDA:97,14,0,0
BRDA:97,14,1,0
BRDA:108,15,0,0
BRDA:108,15,1,0
BRDA:111,16,0,0
BRDA:111,16,1,0
BRDA:119,17,0,0
BRDA:119,17,1,0
BRDA:130,18,0,0
BRDA:130,18,1,0
BRDA:143,19,0,0
BRDA:143,19,1,0
BRDA:151,20,0,0
BRDA:151,20,1,0
BRDA:157,21,0,0
BRDA:157,21,1,0
BRDA:157,21,2,0
BRDA:158,22,0,0
BRDA:158,22,1,0
BRDA:158,23,0,0
BRDA:158,23,1,0
BRDA:167,24,0,0
BRDA:167,24,1,0
BRDA:176,25,0,0
BRDA:176,25,1,0
BRDA:189,26,0,0
BRDA:189,26,1,0
BRDA:190,27,0,0
BRDA:190,27,1,0
BRDA:191,28,0,0
BRDA:191,28,1,0
BRDA:198,29,0,0
BRDA:198,29,1,0
BRDA:204,30,0,0
BRDA:204,30,1,0
BRDA:223,31,0,0
BRDA:223,31,1,0
BRDA:232,32,0,0
BRDA:232,32,1,0
BRDA:232,32,2,0
BRDA:248,33,0,0
BRDA:249,34,0,0
BRDA:253,35,0,0
BRDA:253,35,1,0
BRDA:263,36,0,0
BRDA:263,36,1,0
BRDA:265,37,0,0
BRDA:265,37,1,0
BRDA:268,38,0,0
BRDA:268,38,1,0
BRDA:278,39,0,0
BRDA:281,40,0,0
BRDA:281,40,1,0
BRDA:292,41,0,0
BRDA:292,41,1,0
BRDA:294,42,0,0
BRDA:294,42,1,0
BRF:87
BRH:0
end_of_record
TN:
SF:utils/tossPayments.js
FN:4,getTossBaseUrl
FN:8,getBasicAuthHeader
FN:17,makeIdempotencyKey
FN:22,makeDeterministicIdempotencyKey
FN:28,tossConfirmPayment
FN:53,tossCancelPayment
FNF:6
FNH:0
FNDA:0,getTossBaseUrl
FNDA:0,getBasicAuthHeader
FNDA:0,makeIdempotencyKey
FNDA:0,makeDeterministicIdempotencyKey
FNDA:0,tossConfirmPayment
FNDA:0,tossCancelPayment
DA:5,0
DA:9,0
DA:10,0
DA:11,0
DA:13,0
DA:14,0
DA:18,0
DA:19,0
DA:23,0
DA:24,0
DA:25,0
DA:29,0
DA:30,0
DA:40,0
DA:42,0
DA:44,0
DA:45,0
DA:46,0
DA:47,0
DA:50,0
DA:60,0
DA:64,0
DA:68,0
DA:70,0
DA:73,0
DA:74,0
DA:76,0
DA:83,0
DA:85,0
DA:87,0
DA:88,0
DA:89,0
DA:90,0
DA:93,0
LF:34
LH:0
BRDA:5,0,0,0
BRDA:5,0,1,0
BRDA:9,1,0,0
BRDA:9,1,1,0
BRDA:10,2,0,0
BRDA:10,2,1,0
BRDA:23,3,0,0
BRDA:23,3,1,0
BRDA:40,4,0,0
BRDA:40,4,1,0
BRDA:40,5,0,0
BRDA:40,5,1,0
BRDA:42,6,0,0
BRDA:42,6,1,0
BRDA:42,6,2,0
BRDA:42,6,3,0
BRDA:68,7,0,0
BRDA:68,7,1,0
BRDA:73,8,0,0
BRDA:73,8,1,0
BRDA:74,9,0,0
BRDA:74,9,1,0
BRDA:83,10,0,0
BRDA:83,10,1,0
BRDA:83,11,0,0
BRDA:83,11,1,0
BRDA:85,12,0,0
BRDA:85,12,1,0
BRDA:85,12,2,0
BRDA:85,12,3,0
BRF:30
BRH:0
end_of_record
TN:
SF:utils/url.util.js
FN:1,getFrontendBaseUrl
FN:23,getBackendBaseUrl
FNF:2
FNH:0
FNDA:0,getFrontendBaseUrl
FNDA:0,getBackendBaseUrl
DA:2,0
DA:8,0
DA:10,0
DA:20,0
DA:24,0
DA:25,0
DA:26,0
DA:35,0
LF:8
LH:0
BRDA:3,0,0,0
BRDA:3,0,1,0
BRDA:3,0,2,0
BRDA:3,0,3,0
BRDA:8,1,0,0
BRDA:8,1,1,0
BRDA:11,2,0,0
BRDA:11,2,1,0
BRDA:11,2,2,0
BRDA:11,2,3,0
BRDA:24,3,0,0
BRDA:24,3,1,0
BRDA:25,4,0,0
BRDA:25,4,1,0
BRDA:27,5,0,0
BRDA:27,5,1,0
BRDA:27,5,2,0
BRDA:27,5,3,0
BRF:18
BRH:0
end_of_record
