TN:
SF:controllers/admin.controller.js
FN:20,formatEtaLabelFromNow
FN:27,getDeliveryEtaLeadDays
FN:44,getDateRangeFromQuery
FN:67,getPricingStats
FN:118,(anonymous_4)
FN:150,getPricingStatsByUser
FN:198,(anonymous_6)
FN:202,(anonymous_7)
FN:203,(anonymous_8)
FN:207,(anonymous_9)
FN:209,(anonymous_10)
FN:257,getAllUsers
FN:322,getUserById
FN:361,updateUser
FN:425,toggleUserActive
FN:485,changeUserRole
FN:551,computeAdminDiameterStats
FN:596,(anonymous_17)
FN:618,(anonymous_18)
FN:632,getDashboardStats
FN:646,(anonymous_20)
FN:666,(anonymous_21)
FN:747,getSystemLogs
FN:769,getSystemSettings
FN:820,deleteUser
FN:876,getAllRequests
FN:940,getRequestById
FN:981,updateRequestStatus
FN:1063,assignManufacturer
FN:1135,getActivityLogs
FN:1193,updateSystemSettings
FN:1227,(anonymous_31)
FN:1275,getAllFiles
FNF:33
FNH:18
FNDA:4,formatEtaLabelFromNow
FNDA:3,getDeliveryEtaLeadDays
FNDA:0,getDateRangeFromQuery
FNDA:0,getPricingStats
FNDA:0,(anonymous_4)
FNDA:0,getPricingStatsByUser
FNDA:0,(anonymous_6)
FNDA:0,(anonymous_7)
FNDA:0,(anonymous_8)
FNDA:0,(anonymous_9)
FNDA:0,(anonymous_10)
FNDA:2,getAllUsers
FNDA:2,getUserById
FNDA:2,updateUser
FNDA:0,toggleUserActive
FNDA:0,changeUserRole
FNDA:1,computeAdminDiameterStats
FNDA:0,(anonymous_17)
FNDA:4,(anonymous_18)
FNDA:1,getDashboardStats
FNDA:2,(anonymous_20)
FNDA:1,(anonymous_21)
FNDA:0,getSystemLogs
FNDA:1,getSystemSettings
FNDA:2,deleteUser
FNDA:2,getAllRequests
FNDA:1,getRequestById
FNDA:1,updateRequestStatus
FNDA:2,assignManufacturer
FNDA:2,getActivityLogs
FNDA:1,updateSystemSettings
FNDA:0,(anonymous_31)
FNDA:0,getAllFiles
DA:13,5
DA:21,4
DA:22,4
DA:23,4
DA:24,4
DA:28,3
DA:29,3
DA:35,3
DA:40,0
DA:45,0
DA:46,0
DA:47,0
DA:49,0
DA:50,0
DA:51,0
DA:52,0
DA:53,0
DA:58,0
DA:59,0
DA:60,0
DA:68,0
DA:69,0
DA:70,0
DA:75,0
DA:90,0
DA:91,0
DA:92,0
DA:93,0
DA:94,0
DA:97,0
DA:117,0
DA:118,0
DA:122,0
DA:138,0
DA:151,0
DA:152,0
DA:153,0
DA:158,0
DA:160,0
DA:178,0
DA:197,0
DA:198,0
DA:201,0
DA:202,0
DA:203,0
DA:204,0
DA:207,0
DA:209,0
DA:210,0
DA:211,0
DA:212,0
DA:213,0
DA:214,0
DA:215,0
DA:237,0
DA:245,0
DA:258,2
DA:260,2
DA:261,2
DA:262,2
DA:265,2
DA:266,2
DA:267,2
DA:268,2
DA:269,2
DA:270,0
DA:278,2
DA:279,2
DA:280,1
DA:281,1
DA:282,1
DA:284,1
DA:288,2
DA:295,2
DA:297,2
DA:310,0
DA:323,2
DA:324,2
DA:327,2
DA:328,0
DA:335,2
DA:337,2
DA:338,1
DA:344,1
DA:349,0
DA:362,2
DA:363,2
DA:364,2
DA:367,2
DA:368,0
DA:375,2
DA:376,2
DA:377,2
DA:378,2
DA:381,2
DA:387,1
DA:394,1
DA:400,1
DA:401,0
DA:407,1
DA:413,0
DA:426,0
DA:427,0
DA:430,0
DA:431,0
DA:438,0
DA:440,0
DA:441,0
DA:448,0
DA:449,0
DA:456,0
DA:459,0
DA:460,0
DA:462,0
DA:464,0
DA:473,0
DA:486,0
DA:487,0
DA:488,0
DA:491,0
DA:492,0
DA:499,0
DA:500,0
DA:501,0
DA:508,0
DA:510,0
DA:511,0
DA:518,0
DA:523,0
DA:530,0
DA:531,0
DA:533,0
DA:542,0
DA:552,1
DA:558,1
DA:565,1
DA:588,1
DA:595,1
DA:596,1
DA:597,0
DA:599,0
DA:600,0
DA:602,0
DA:603,0
DA:604,0
DA:605,0
DA:609,1
DA:610,1
DA:618,4
DA:625,1
DA:633,1
DA:635,1
DA:645,1
DA:646,1
DA:647,2
DA:651,1
DA:652,1
DA:655,1
DA:665,1
DA:666,1
DA:667,1
DA:671,1
DA:674,1
DA:681,1
DA:682,1
DA:692,1
DA:693,1
DA:700,1
DA:706,1
DA:725,1
DA:735,0
DA:748,0
DA:751,0
DA:757,0
DA:770,1
DA:771,1
DA:773,1
DA:803,1
DA:808,0
DA:821,2
DA:822,2
DA:823,2
DA:826,2
DA:827,0
DA:834,2
DA:835,1
DA:842,1
DA:848,1
DA:849,0
DA:856,1
DA:858,1
DA:864,0
DA:877,2
DA:879,2
DA:880,2
DA:881,2
DA:884,2
DA:885,2
DA:886,2
DA:887,0
DA:895,2
DA:896,2
DA:897,0
DA:898,0
DA:899,0
DA:901,2
DA:905,2
DA:913,2
DA:915,2
DA:928,0
DA:941,1
DA:942,1
DA:945,1
DA:946,0
DA:953,1
DA:957,1
DA:958,0
DA:964,1
DA:969,0
DA:982,1
DA:983,1
DA:984,1
DA:987,1
DA:988,0
DA:995,1
DA:1004,1
DA:1005,1
DA:1012,0
DA:1014,0
DA:1015,0
DA:1022,0
DA:1030,0
DA:1042,0
DA:1043,0
DA:1045,0
DA:1051,0
DA:1064,2
DA:1065,2
DA:1066,2
DA:1069,2
DA:1073,0
DA:1080,2
DA:1081,2
DA:1082,1
DA:1089,1
DA:1090,1
DA:1091,0
DA:1098,1
DA:1110,1
DA:1111,1
DA:1114,1
DA:1123,0
DA:1136,2
DA:1138,2
DA:1139,2
DA:1140,2
DA:1143,2
DA:1144,2
DA:1145,1
DA:1146,0
DA:1150,1
DA:1152,2
DA:1153,2
DA:1154,0
DA:1161,2
DA:1165,2
DA:1167,2
DA:1180,0
DA:1194,1
DA:1195,1
DA:1198,1
DA:1202,1
DA:1223,1
DA:1227,1
DA:1228,0
DA:1229,0
DA:1233,1
DA:1234,1
DA:1239,1
DA:1250,1
DA:1257,1
DA:1263,0
DA:1276,0
DA:1277,0
DA:1278,0
DA:1283,0
DA:1284,0
DA:1285,0
DA:1286,0
DA:1287,0
DA:1288,0
DA:1289,0
DA:1290,0
DA:1291,0
DA:1292,0
DA:1293,0
DA:1294,0
DA:1296,0
DA:1298,0
DA:1303,0
DA:1304,0
DA:1317,0
LF:302
LH:153
BRDA:21,0,0,4
BRDA:21,0,1,0
BRDA:21,1,0,4
BRDA:21,1,1,4
BRDA:37,2,0,3
BRDA:37,2,1,0
BRDA:49,3,0,0
BRDA:49,3,1,0
BRDA:49,4,0,0
BRDA:49,4,1,0
BRDA:52,5,0,0
BRDA:52,5,1,0
BRDA:52,6,0,0
BRDA:52,6,1,0
BRDA:90,7,0,0
BRDA:90,7,1,0
BRDA:90,8,0,0
BRDA:90,8,1,0
BRDA:91,9,0,0
BRDA:91,9,1,0
BRDA:92,10,0,0
BRDA:92,10,1,0
BRDA:93,11,0,0
BRDA:93,11,1,0
BRDA:94,12,0,0
BRDA:94,12,1,0
BRDA:118,13,0,0
BRDA:118,13,1,0
BRDA:131,14,0,0
BRDA:131,14,1,0
BRDA:132,15,0,0
BRDA:132,15,1,0
BRDA:158,16,0,0
BRDA:158,16,1,0
BRDA:198,17,0,0
BRDA:198,17,1,0
BRDA:210,18,0,0
BRDA:210,18,1,0
BRDA:211,19,0,0
BRDA:211,19,1,0
BRDA:212,20,0,0
BRDA:212,20,1,0
BRDA:213,21,0,0
BRDA:213,21,1,0
BRDA:214,22,0,0
BRDA:214,22,1,0
BRDA:216,23,0,0
BRDA:216,23,1,0
BRDA:230,24,0,0
BRDA:230,24,1,0
BRDA:232,25,0,0
BRDA:232,25,1,0
BRDA:233,26,0,0
BRDA:233,26,1,0
BRDA:260,27,0,2
BRDA:260,27,1,2
BRDA:261,28,0,2
BRDA:261,28,1,2
BRDA:266,29,0,1
BRDA:266,29,1,1
BRDA:267,30,0,0
BRDA:267,30,1,2
BRDA:268,31,0,0
BRDA:268,31,1,2
BRDA:269,32,0,0
BRDA:269,32,1,2
BRDA:279,33,0,1
BRDA:279,33,1,1
BRDA:281,34,0,0
BRDA:281,34,1,1
BRDA:327,35,0,0
BRDA:327,35,1,2
BRDA:337,36,0,1
BRDA:337,36,1,1
BRDA:367,37,0,0
BRDA:367,37,1,2
BRDA:381,38,0,1
BRDA:381,38,1,1
BRDA:382,39,0,2
BRDA:382,39,1,1
BRDA:382,39,2,1
BRDA:382,39,3,1
BRDA:400,40,0,0
BRDA:400,40,1,1
BRDA:430,41,0,0
BRDA:430,41,1,0
BRDA:440,42,0,0
BRDA:440,42,1,0
BRDA:448,43,0,0
BRDA:448,43,1,0
BRDA:459,44,0,0
BRDA:459,44,1,0
BRDA:459,45,0,0
BRDA:459,45,1,0
BRDA:466,46,0,0
BRDA:466,46,1,0
BRDA:491,47,0,0
BRDA:491,47,1,0
BRDA:500,48,0,0
BRDA:500,48,1,0
BRDA:510,49,0,0
BRDA:510,49,1,0
BRDA:518,50,0,0
BRDA:518,50,1,0
BRDA:519,51,0,0
BRDA:519,51,1,0
BRDA:519,51,2,0
BRDA:554,52,0,1
BRDA:554,52,1,0
BRDA:595,53,0,1
BRDA:595,53,1,0
BRDA:599,54,0,0
BRDA:599,54,1,0
BRDA:599,55,0,0
BRDA:599,55,1,0
BRDA:600,56,0,0
BRDA:600,56,1,0
BRDA:600,57,0,0
BRDA:600,57,1,0
BRDA:602,58,0,0
BRDA:602,58,1,0
BRDA:603,59,0,0
BRDA:603,59,1,0
BRDA:604,60,0,0
BRDA:604,60,1,0
BRDA:621,61,0,4
BRDA:621,61,1,4
BRDA:622,62,0,4
BRDA:622,62,1,0
BRDA:622,63,0,4
BRDA:622,63,1,4
BRDA:720,64,0,1
BRDA:720,64,1,0
BRDA:826,65,0,0
BRDA:826,65,1,2
BRDA:834,66,0,1
BRDA:834,66,1,1
BRDA:848,67,0,0
BRDA:848,67,1,1
BRDA:879,68,0,2
BRDA:879,68,1,2
BRDA:880,69,0,2
BRDA:880,69,1,2
BRDA:885,70,0,1
BRDA:885,70,1,1
BRDA:886,71,0,0
BRDA:886,71,1,2
BRDA:896,72,0,0
BRDA:896,72,1,2
BRDA:898,73,0,0
BRDA:898,73,1,0
BRDA:945,74,0,0
BRDA:945,74,1,1
BRDA:957,75,0,0
BRDA:957,75,1,1
BRDA:987,76,0,0
BRDA:987,76,1,1
BRDA:1004,77,0,1
BRDA:1004,77,1,0
BRDA:1014,78,0,0
BRDA:1014,78,1,0
BRDA:1024,79,0,0
BRDA:1024,79,1,0
BRDA:1043,80,0,0
BRDA:1043,80,1,0
BRDA:1069,81,0,0
BRDA:1069,81,1,2
BRDA:1070,82,0,2
BRDA:1070,82,1,2
BRDA:1081,83,0,1
BRDA:1081,83,1,1
BRDA:1081,84,0,2
BRDA:1081,84,1,1
BRDA:1090,85,0,0
BRDA:1090,85,1,1
BRDA:1111,86,0,0
BRDA:1111,86,1,1
BRDA:1119,87,0,1
BRDA:1119,87,1,0
BRDA:1138,88,0,2
BRDA:1138,88,1,2
BRDA:1139,89,0,2
BRDA:1139,89,1,2
BRDA:1144,90,0,1
BRDA:1144,90,1,1
BRDA:1145,91,0,0
BRDA:1145,91,1,1
BRDA:1152,92,0,0
BRDA:1152,92,1,2
BRDA:1153,93,0,0
BRDA:1153,93,1,2
BRDA:1153,94,0,2
BRDA:1153,94,1,0
BRDA:1195,95,0,1
BRDA:1195,95,1,0
BRDA:1195,96,0,1
BRDA:1195,96,1,1
BRDA:1198,97,0,0
BRDA:1198,97,1,1
BRDA:1198,98,0,1
BRDA:1198,98,1,0
BRDA:1202,99,0,0
BRDA:1202,99,1,1
BRDA:1205,100,0,0
BRDA:1205,100,1,0
BRDA:1209,101,0,0
BRDA:1209,101,1,0
BRDA:1213,102,0,0
BRDA:1213,102,1,0
BRDA:1217,103,0,0
BRDA:1217,103,1,0
BRDA:1224,104,0,1
BRDA:1224,104,1,1
BRDA:1228,105,0,0
BRDA:1228,105,1,0
BRDA:1228,106,0,0
BRDA:1228,106,1,0
BRDA:1243,107,0,0
BRDA:1243,107,1,1
BRDA:1253,108,0,1
BRDA:1253,108,1,0
BRDA:1277,109,0,0
BRDA:1277,109,1,0
BRDA:1277,110,0,0
BRDA:1277,110,1,0
BRDA:1283,111,0,0
BRDA:1283,111,1,0
BRDA:1284,112,0,0
BRDA:1284,112,1,0
BRDA:1287,113,0,0
BRDA:1287,113,1,0
BRDA:1288,114,0,0
BRDA:1288,114,1,0
BRDA:1289,115,0,0
BRDA:1289,115,1,0
BRDA:1291,116,0,0
BRDA:1291,116,1,0
BRDA:1293,117,0,0
BRDA:1293,117,1,0
BRF:239
BRH:81
end_of_record
TN:
SF:controllers/ai.controller.js
FN:24,(anonymous_0)
FN:25,(anonymous_1)
FN:37,(anonymous_2)
FN:42,(anonymous_3)
FN:57,(anonymous_4)
FN:62,parseFilenames
FNF:6
FNH:0
FNDA:0,(anonymous_0)
FNDA:0,(anonymous_1)
FNDA:0,(anonymous_2)
FNDA:0,(anonymous_3)
FNDA:0,(anonymous_4)
FNDA:0,parseFilenames
DA:4,5
DA:6,5
DA:7,0
DA:12,5
DA:13,5
DA:14,5
DA:15,5
DA:17,0
DA:24,5
DA:25,0
DA:34,5
DA:35,5
DA:37,5
DA:38,0
DA:39,0
DA:42,5
DA:43,0
DA:44,0
DA:45,0
DA:47,0
DA:48,0
DA:49,0
DA:50,0
DA:53,0
DA:54,0
DA:57,5
DA:58,0
DA:59,0
DA:63,0
DA:64,0
DA:66,0
DA:67,0
DA:74,0
DA:75,0
DA:76,0
DA:85,0
DA:89,0
DA:90,0
DA:91,0
DA:92,0
DA:96,0
DA:103,0
DA:105,0
DA:106,0
DA:109,0
DA:110,0
DA:112,0
DA:115,0
DA:118,0
DA:125,0
DA:148,0
DA:149,0
DA:150,0
DA:152,0
DA:153,0
DA:157,0
DA:158,0
DA:159,0
DA:160,0
DA:161,0
DA:166,0
DA:169,0
DA:172,0
DA:173,0
DA:174,0
DA:176,0
DA:177,0
DA:178,0
DA:185,0
DA:186,0
DA:187,0
DA:188,0
DA:195,0
DA:198,0
DA:200,0
DA:202,0
DA:207,0
DA:209,0
DA:210,0
DA:212,0
DA:225,0
DA:232,0
DA:233,0
LF:83
LH:12
BRDA:6,0,0,0
BRDA:6,0,1,5
BRDA:13,1,0,5
BRDA:13,1,1,0
BRDA:19,2,0,0
BRDA:19,2,1,0
BRDA:45,3,0,0
BRDA:45,3,1,0
BRDA:48,4,0,0
BRDA:48,4,1,0
BRDA:64,5,0,0
BRDA:64,5,1,0
BRDA:66,6,0,0
BRDA:66,6,1,0
BRDA:66,7,0,0
BRDA:66,7,1,0
BRDA:75,8,0,0
BRDA:75,8,1,0
BRDA:85,9,0,0
BRDA:85,9,1,0
BRDA:85,9,2,0
BRDA:85,9,3,0
BRDA:85,9,4,0
BRDA:91,10,0,0
BRDA:91,10,1,0
BRDA:103,11,0,0
BRDA:103,11,1,0
BRDA:158,12,0,0
BRDA:158,12,1,0
BRDA:161,13,0,0
BRDA:161,13,1,0
BRDA:162,14,0,0
BRDA:162,14,1,0
BRDA:162,14,2,0
BRDA:185,15,0,0
BRDA:185,15,1,0
BRDA:209,16,0,0
BRDA:209,16,1,0
BRDA:209,17,0,0
BRDA:209,17,1,0
BRDA:209,17,2,0
BRF:41
BRH:2
end_of_record
TN:
SF:controllers/auth.controller.js
FN:7,(anonymous_0)
FN:11,(anonymous_1)
FN:216,register
FN:352,login
FN:440,refreshToken
FN:489,getCurrentUser
FN:510,changePassword
FN:550,forgotPassword
FN:596,resetPassword
FN:648,logout
FNF:10
FNH:7
FNDA:6,(anonymous_0)
FNDA:6,(anonymous_1)
FNDA:3,register
FNDA:8,login
FNDA:0,refreshToken
FNDA:1,getCurrentUser
FNDA:2,changePassword
FNDA:0,forgotPassword
FNDA:0,resetPassword
FNDA:1,logout
DA:7,5
DA:8,6
DA:11,5
DA:12,6
DA:13,6
DA:14,6
DA:15,6
DA:17,0
DA:217,3
DA:227,3
DA:230,3
DA:231,1
DA:239,2
DA:240,2
DA:241,1
DA:247,1
DA:248,1
DA:249,0
DA:250,0
DA:256,0
DA:260,0
DA:261,0
DA:267,0
DA:268,0
DA:274,0
DA:275,1
DA:276,0
DA:277,0
DA:278,0
DA:284,0
DA:288,0
DA:289,0
DA:295,0
DA:296,0
DA:302,0
DA:305,1
DA:308,1
DA:320,1
DA:323,1
DA:324,1
DA:327,1
DA:328,1
DA:330,1
DA:340,0
DA:353,8
DA:354,8
DA:357,8
DA:358,8
DA:359,1
DA:366,7
DA:367,7
DA:370,7
DA:371,0
DA:372,0
DA:378,7
DA:379,7
DA:381,7
DA:382,1
DA:388,0
DA:389,0
DA:396,6
DA:397,0
DA:404,6
DA:405,6
DA:406,5
DA:408,6
DA:411,6
DA:412,6
DA:415,6
DA:416,6
DA:418,6
DA:428,0
DA:441,0
DA:442,0
DA:444,0
DA:445,0
DA:452,0
DA:458,0
DA:459,0
DA:460,0
DA:467,0
DA:469,0
DA:477,0
DA:490,1
DA:491,1
DA:493,1
DA:498,0
DA:511,2
DA:512,2
DA:513,2
DA:516,2
DA:519,2
DA:520,2
DA:521,1
DA:528,1
DA:529,1
DA:530,1
DA:531,1
DA:533,1
DA:538,0
DA:551,0
DA:552,0
DA:555,0
DA:556,0
DA:557,0
DA:564,0
DA:567,0
DA:569,0
DA:570,0
DA:571,0
DA:576,0
DA:584,0
DA:597,0
DA:598,0
DA:601,0
DA:606,0
DA:607,0
DA:614,0
DA:615,0
DA:616,0
DA:623,0
DA:624,0
DA:625,0
DA:626,0
DA:627,0
DA:628,0
DA:630,0
DA:635,0
DA:649,1
LF:129
LH:63
BRDA:15,0,0,6
BRDA:15,0,1,0
BRDA:230,1,0,1
BRDA:230,1,1,2
BRDA:230,2,0,3
BRDA:230,2,1,3
BRDA:230,2,2,2
BRDA:240,3,0,1
BRDA:240,3,1,1
BRDA:248,4,0,0
BRDA:248,4,1,1
BRDA:249,5,0,0
BRDA:249,5,1,0
BRDA:260,6,0,0
BRDA:260,6,1,0
BRDA:260,7,0,0
BRDA:260,7,1,0
BRDA:267,8,0,0
BRDA:267,8,1,0
BRDA:275,9,0,0
BRDA:275,9,1,1
BRDA:277,10,0,0
BRDA:277,10,1,0
BRDA:288,11,0,0
BRDA:288,11,1,0
BRDA:288,12,0,0
BRDA:288,12,1,0
BRDA:295,13,0,0
BRDA:295,13,1,0
BRDA:312,14,0,1
BRDA:312,14,1,0
BRDA:358,15,0,1
BRDA:358,15,1,7
BRDA:370,16,0,0
BRDA:370,16,1,7
BRDA:381,17,0,1
BRDA:381,17,1,6
BRDA:396,18,0,0
BRDA:396,18,1,6
BRDA:405,19,0,5
BRDA:405,19,1,1
BRDA:444,20,0,0
BRDA:444,20,1,0
BRDA:454,21,0,0
BRDA:454,21,1,0
BRDA:459,22,0,0
BRDA:459,22,1,0
BRDA:459,23,0,0
BRDA:459,23,1,0
BRDA:520,24,0,1
BRDA:520,24,1,1
BRDA:556,25,0,0
BRDA:556,25,1,0
BRDA:581,26,0,0
BRDA:581,26,1,0
BRDA:606,27,0,0
BRDA:606,27,1,0
BRDA:615,28,0,0
BRDA:615,28,1,0
BRF:59
BRH:21
end_of_record
TN:
SF:controllers/clinic.controller.js
FN:5,getClinics
FN:25,createClinic
FN:68,updateClinic
FN:119,deleteClinic
FN:158,getImplantPresets
FN:190,createImplantPreset
FN:262,updateImplantPreset
FN:328,deleteImplantPreset
FNF:8
FNH:0
FNDA:0,getClinics
FNDA:0,createClinic
FNDA:0,updateClinic
FNDA:0,deleteClinic
FNDA:0,getImplantPresets
FNDA:0,createImplantPreset
FNDA:0,updateImplantPreset
FNDA:0,deleteImplantPreset
DA:6,0
DA:7,0
DA:14,0
DA:16,0
DA:26,0
DA:27,0
DA:29,0
DA:30,0
DA:36,0
DA:38,0
DA:43,0
DA:44,0
DA:51,0
DA:57,0
DA:59,0
DA:69,0
DA:70,0
DA:71,0
DA:73,0
DA:78,0
DA:79,0
DA:85,0
DA:86,0
DA:87,0
DA:93,0
DA:94,0
DA:99,0
DA:102,0
DA:103,0
DA:106,0
DA:108,0
DA:110,0
DA:120,0
DA:121,0
DA:123,0
DA:128,0
DA:129,0
DA:135,0
DA:136,0
DA:139,0
DA:144,0
DA:149,0
DA:159,0
DA:160,0
DA:162,0
DA:168,0
DA:169,0
DA:175,0
DA:179,0
DA:181,0
DA:191,0
DA:192,0
DA:193,0
DA:195,0
DA:201,0
DA:202,0
DA:208,0
DA:209,0
DA:215,0
DA:216,0
DA:222,0
DA:224,0
DA:228,0
DA:229,0
DA:235,0
DA:236,0
DA:242,0
DA:251,0
DA:253,0
DA:263,0
DA:264,0
DA:265,0
DA:267,0
DA:272,0
DA:273,0
DA:279,0
DA:280,0
DA:281,0
DA:286,0
DA:287,0
DA:292,0
DA:295,0
DA:296,0
DA:298,0
DA:299,0
DA:301,0
DA:302,0
DA:305,0
DA:306,0
DA:307,0
DA:312,0
DA:315,0
DA:317,0
DA:319,0
DA:329,0
DA:330,0
DA:332,0
DA:337,0
DA:338,0
DA:344,0
DA:346,0
DA:348,0
LF:102
LH:0
BRDA:27,0,0,0
BRDA:27,0,1,0
BRDA:29,1,0,0
BRDA:29,1,1,0
BRDA:29,2,0,0
BRDA:29,2,1,0
BRDA:43,3,0,0
BRDA:43,3,1,0
BRDA:54,4,0,0
BRDA:54,4,1,0
BRDA:71,5,0,0
BRDA:71,5,1,0
BRDA:78,6,0,0
BRDA:78,6,1,0
BRDA:78,7,0,0
BRDA:78,7,1,0
BRDA:85,8,0,0
BRDA:85,8,1,0
BRDA:85,9,0,0
BRDA:85,9,1,0
BRDA:93,10,0,0
BRDA:93,10,1,0
BRDA:102,11,0,0
BRDA:102,11,1,0
BRDA:128,12,0,0
BRDA:128,12,1,0
BRDA:128,13,0,0
BRDA:128,13,1,0
BRDA:168,14,0,0
BRDA:168,14,1,0
BRDA:193,15,0,0
BRDA:193,15,1,0
BRDA:201,16,0,0
BRDA:201,16,1,0
BRDA:208,17,0,0
BRDA:208,17,1,0
BRDA:208,18,0,0
BRDA:208,18,1,0
BRDA:215,19,0,0
BRDA:215,19,1,0
BRDA:215,20,0,0
BRDA:215,20,1,0
BRDA:215,20,2,0
BRDA:228,21,0,0
BRDA:228,21,1,0
BRDA:235,22,0,0
BRDA:235,22,1,0
BRDA:265,23,0,0
BRDA:265,23,1,0
BRDA:272,24,0,0
BRDA:272,24,1,0
BRDA:272,25,0,0
BRDA:272,25,1,0
BRDA:279,26,0,0
BRDA:279,26,1,0
BRDA:279,27,0,0
BRDA:279,27,1,0
BRDA:286,28,0,0
BRDA:286,28,1,0
BRDA:295,29,0,0
BRDA:295,29,1,0
BRDA:295,30,0,0
BRDA:295,30,1,0
BRDA:298,31,0,0
BRDA:298,31,1,0
BRDA:298,32,0,0
BRDA:298,32,1,0
BRDA:301,33,0,0
BRDA:301,33,1,0
BRDA:301,34,0,0
BRDA:301,34,1,0
BRDA:305,35,0,0
BRDA:305,35,1,0
BRDA:306,36,0,0
BRDA:306,36,1,0
BRDA:337,37,0,0
BRDA:337,37,1,0
BRDA:337,38,0,0
BRDA:337,38,1,0
BRF:79
BRH:0
end_of_record
TN:
SF:controllers/connection.controller.js
FN:6,getConnections
FN:21,(anonymous_1)
FN:24,(anonymous_2)
FN:28,(anonymous_3)
FN:37,(anonymous_4)
FN:58,findConnectionByDiameter
FNF:6
FNH:0
FNDA:0,getConnections
FNDA:0,(anonymous_1)
FNDA:0,(anonymous_2)
FNDA:0,(anonymous_3)
FNDA:0,(anonymous_4)
FNDA:0,findConnectionByDiameter
DA:7,0
DA:9,0
DA:11,0
DA:14,0
DA:21,0
DA:23,0
DA:24,0
DA:29,0
DA:30,0
DA:31,0
DA:32,0
DA:33,0
DA:37,0
DA:38,0
DA:39,0
DA:42,0
DA:48,0
DA:59,0
DA:60,0
DA:61,0
DA:62,0
DA:67,0
DA:70,0
DA:72,0
DA:73,0
DA:79,0
DA:80,0
DA:82,0
DA:83,0
DA:84,0
DA:85,0
DA:86,0
DA:87,0
DA:91,0
DA:92,0
DA:94,0
DA:99,0
LF:37
LH:0
BRDA:14,0,0,0
BRDA:14,0,1,0
BRDA:26,1,0,0
BRDA:26,1,1,0
BRDA:29,2,0,0
BRDA:29,2,1,0
BRDA:30,3,0,0
BRDA:30,3,1,0
BRDA:32,4,0,0
BRDA:32,4,1,0
BRDA:38,5,0,0
BRDA:38,5,1,0
BRDA:39,6,0,0
BRDA:39,6,1,0
BRDA:45,7,0,0
BRDA:45,7,1,0
BRDA:61,8,0,0
BRDA:61,8,1,0
BRDA:72,9,0,0
BRDA:72,9,1,0
BRDA:83,10,0,0
BRDA:83,10,1,0
BRDA:85,11,0,0
BRDA:85,11,1,0
BRDA:91,12,0,0
BRDA:91,12,1,0
BRF:26
BRH:0
end_of_record
TN:
SF:controllers/draftRequest.controller.js
FN:8,normalizeCaseInfosImplantFields
FN:58,(anonymous_1)
FN:68,(anonymous_2)
FN:84,(anonymous_3)
FN:107,(anonymous_4)
FN:157,(anonymous_5)
FN:169,(anonymous_6)
FN:196,(anonymous_7)
FN:206,(anonymous_8)
FN:289,(anonymous_9)
FN:310,(anonymous_10)
FN:325,(anonymous_11)
FNF:12
FNH:0
FNDA:0,normalizeCaseInfosImplantFields
FNDA:0,(anonymous_1)
FNDA:0,(anonymous_2)
FNDA:0,(anonymous_3)
FNDA:0,(anonymous_4)
FNDA:0,(anonymous_5)
FNDA:0,(anonymous_6)
FNDA:0,(anonymous_7)
FNDA:0,(anonymous_8)
FNDA:0,(anonymous_9)
FNDA:0,(anonymous_10)
FNDA:0,(anonymous_11)
DA:9,0
DA:11,0
DA:12,0
DA:13,0
DA:14,0
DA:15,0
DA:17,0
DA:18,0
DA:26,0
DA:27,0
DA:29,0
DA:30,0
DA:38,0
DA:39,0
DA:49,0
DA:58,5
DA:59,0
DA:61,0
DA:65,0
DA:69,0
DA:70,0
DA:78,0
DA:84,5
DA:85,0
DA:87,0
DA:88,0
DA:91,0
DA:93,0
DA:94,0
DA:97,0
DA:98,0
DA:101,0
DA:107,5
DA:108,0
DA:110,0
DA:111,0
DA:115,0
DA:117,0
DA:118,0
DA:121,0
DA:122,0
DA:125,0
DA:127,0
DA:129,0
DA:136,0
DA:137,0
DA:139,0
DA:140,0
DA:141,0
DA:144,0
DA:145,0
DA:146,0
DA:149,0
DA:157,0
DA:158,0
DA:159,0
DA:161,0
DA:168,0
DA:170,0
DA:171,0
DA:179,0
DA:185,0
DA:186,0
DA:189,0
DA:191,0
DA:192,0
DA:193,0
DA:196,0
DA:200,0
DA:206,5
DA:207,0
DA:225,0
DA:227,0
DA:228,0
DA:231,0
DA:232,0
DA:236,0
DA:237,0
DA:240,0
DA:242,0
DA:243,0
DA:246,0
DA:247,0
DA:250,0
DA:258,0
DA:260,0
DA:277,0
DA:279,0
DA:281,0
DA:289,5
DA:290,0
DA:292,0
DA:293,0
DA:296,0
DA:298,0
DA:299,0
DA:302,0
DA:303,0
DA:306,0
DA:308,0
DA:309,0
DA:310,0
DA:313,0
DA:314,0
DA:317,0
DA:319,0
DA:325,5
DA:326,0
DA:328,0
DA:329,0
DA:332,0
DA:334,0
DA:335,0
DA:338,0
DA:339,0
DA:342,0
DA:344,0
LF:117
LH:6
BRDA:9,0,0,0
BRDA:9,0,1,0
BRDA:9,1,0,0
BRDA:9,1,1,0
BRDA:11,2,0,0
BRDA:11,2,1,0
BRDA:12,3,0,0
BRDA:12,3,1,0
BRDA:13,4,0,0
BRDA:13,4,1,0
BRDA:14,5,0,0
BRDA:14,5,1,0
BRDA:17,6,0,0
BRDA:17,6,1,0
BRDA:17,7,0,0
BRDA:17,7,1,0
BRDA:17,7,2,0
BRDA:27,8,0,0
BRDA:27,8,1,0
BRDA:29,9,0,0
BRDA:29,9,1,0
BRDA:29,10,0,0
BRDA:29,10,1,0
BRDA:29,10,2,0
BRDA:38,11,0,0
BRDA:38,11,1,0
BRDA:59,12,0,0
BRDA:59,13,0,0
BRDA:59,13,1,0
BRDA:61,14,0,0
BRDA:61,14,1,0
BRDA:72,15,0,0
BRDA:72,15,1,0
BRDA:72,15,2,0
BRDA:87,16,0,0
BRDA:87,16,1,0
BRDA:93,17,0,0
BRDA:93,17,1,0
BRDA:97,18,0,0
BRDA:97,18,1,0
BRDA:110,19,0,0
BRDA:110,19,1,0
BRDA:117,20,0,0
BRDA:117,20,1,0
BRDA:121,21,0,0
BRDA:121,21,1,0
BRDA:125,22,0,0
BRDA:125,22,1,0
BRDA:127,23,0,0
BRDA:127,23,1,0
BRDA:141,24,0,0
BRDA:141,24,1,0
BRDA:145,25,0,0
BRDA:145,25,1,0
BRDA:149,26,0,0
BRDA:149,26,1,0
BRDA:158,27,0,0
BRDA:158,27,1,0
BRDA:159,28,0,0
BRDA:159,28,1,0
BRDA:163,29,0,0
BRDA:163,29,1,0
BRDA:163,29,2,0
BRDA:164,30,0,0
BRDA:164,30,1,0
BRDA:164,30,2,0
BRDA:185,31,0,0
BRDA:185,31,1,0
BRDA:192,32,0,0
BRDA:192,32,1,0
BRDA:225,33,0,0
BRDA:225,33,1,0
BRDA:227,34,0,0
BRDA:227,34,1,0
BRDA:231,35,0,0
BRDA:231,35,1,0
BRDA:231,36,0,0
BRDA:231,36,1,0
BRDA:231,36,2,0
BRDA:236,37,0,0
BRDA:236,37,1,0
BRDA:236,38,0,0
BRDA:236,38,1,0
BRDA:242,39,0,0
BRDA:242,39,1,0
BRDA:246,40,0,0
BRDA:246,40,1,0
BRDA:251,41,0,0
BRDA:251,41,1,0
BRDA:251,42,0,0
BRDA:251,42,1,0
BRDA:258,43,0,0
BRDA:258,43,1,0
BRDA:273,44,0,0
BRDA:273,44,1,0
BRDA:292,45,0,0
BRDA:292,45,1,0
BRDA:298,46,0,0
BRDA:298,46,1,0
BRDA:302,47,0,0
BRDA:302,47,1,0
BRDA:306,48,0,0
BRDA:306,48,1,0
BRDA:313,49,0,0
BRDA:313,49,1,0
BRDA:328,50,0,0
BRDA:328,50,1,0
BRDA:334,51,0,0
BRDA:334,51,1,0
BRDA:338,52,0,0
BRDA:338,52,1,0
BRF:111
BRH:0
end_of_record
TN:
SF:controllers/file.controller.js
FN:9,(anonymous_0)
FN:18,(anonymous_1)
FN:28,(anonymous_2)
FN:116,(anonymous_3)
FN:166,(anonymous_4)
FN:220,(anonymous_5)
FN:262,(anonymous_6)
FN:308,(anonymous_7)
FN:336,(anonymous_8)
FN:375,(anonymous_9)
FNF:10
FNH:7
FNDA:0,(anonymous_0)
FNDA:0,(anonymous_1)
FNDA:0,(anonymous_2)
FNDA:3,(anonymous_3)
FNDA:4,(anonymous_4)
FNDA:1,(anonymous_5)
FNDA:1,(anonymous_6)
FNDA:2,(anonymous_7)
FNDA:3,(anonymous_8)
FNDA:2,(anonymous_9)
DA:9,5
DA:10,0
DA:11,0
DA:12,0
DA:13,0
DA:14,0
DA:18,5
DA:19,0
DA:20,0
DA:21,0
DA:23,0
DA:28,5
DA:29,0
DA:31,0
DA:32,0
DA:35,0
DA:37,0
DA:39,0
DA:40,0
DA:43,0
DA:45,0
DA:46,0
DA:47,0
DA:48,0
DA:50,0
DA:53,0
DA:56,0
DA:62,0
DA:65,0
DA:74,0
DA:75,0
DA:78,0
DA:81,0
DA:85,0
DA:87,0
DA:88,0
DA:92,0
DA:94,0
DA:108,0
DA:111,0
DA:116,5
DA:122,3
DA:123,3
DA:125,3
DA:126,3
DA:129,0
DA:130,0
DA:133,0
DA:134,0
DA:137,0
DA:138,0
DA:139,0
DA:142,0
DA:144,0
DA:145,0
DA:148,0
DA:161,0
DA:166,5
DA:174,4
DA:176,4
DA:179,4
DA:180,1
DA:183,4
DA:184,0
DA:185,0
DA:187,0
DA:190,4
DA:191,0
DA:194,4
DA:202,4
DA:204,0
DA:214,0
DA:220,5
DA:228,1
DA:230,1
DA:232,1
DA:233,0
DA:236,1
DA:244,1
DA:246,0
DA:256,0
DA:262,5
DA:263,1
DA:265,1
DA:266,0
DA:275,1
DA:277,1
DA:279,1
DA:280,0
DA:283,1
DA:291,1
DA:293,0
DA:303,0
DA:308,5
DA:309,2
DA:310,2
DA:311,1
DA:314,1
DA:319,1
DA:320,1
DA:324,0
DA:328,0
DA:331,0
DA:336,5
DA:337,3
DA:338,3
DA:339,3
DA:342,0
DA:344,0
DA:345,0
DA:349,0
DA:353,0
DA:356,0
DA:358,0
DA:364,0
DA:367,0
DA:369,0
DA:375,5
DA:376,2
DA:377,2
DA:378,1
DA:381,1
DA:383,1
DA:384,1
DA:387,0
DA:388,0
LF:126
LH:49
BRDA:11,0,0,0
BRDA:11,0,1,0
BRDA:12,1,0,0
BRDA:12,1,1,0
BRDA:13,2,0,0
BRDA:13,2,1,0
BRDA:19,3,0,0
BRDA:19,3,1,0
BRDA:19,4,0,0
BRDA:19,4,1,0
BRDA:29,5,0,0
BRDA:29,5,1,0
BRDA:31,6,0,0
BRDA:31,6,1,0
BRDA:45,7,0,0
BRDA:45,7,1,0
BRDA:47,8,0,0
BRDA:47,8,1,0
BRDA:62,9,0,0
BRDA:62,9,1,0
BRDA:78,10,0,0
BRDA:78,10,1,0
BRDA:87,11,0,0
BRDA:87,11,1,0
BRDA:87,12,0,0
BRDA:87,12,1,0
BRDA:92,13,0,0
BRDA:92,13,1,0
BRDA:99,14,0,0
BRDA:99,14,1,0
BRDA:100,15,0,0
BRDA:100,15,1,0
BRDA:119,16,0,0
BRDA:121,17,0,3
BRDA:125,18,0,3
BRDA:125,18,1,0
BRDA:129,19,0,0
BRDA:129,19,1,0
BRDA:133,20,0,0
BRDA:133,20,1,0
BRDA:138,21,0,0
BRDA:138,21,1,0
BRDA:144,22,0,0
BRDA:144,22,1,0
BRDA:144,23,0,0
BRDA:144,23,1,0
BRDA:144,23,2,0
BRDA:157,24,0,0
BRDA:157,24,1,0
BRDA:168,25,0,3
BRDA:169,26,0,3
BRDA:170,27,0,4
BRDA:171,28,0,4
BRDA:179,29,0,1
BRDA:179,29,1,3
BRDA:183,30,0,0
BRDA:183,30,1,4
BRDA:184,31,0,0
BRDA:184,31,1,0
BRDA:190,32,0,0
BRDA:190,32,1,4
BRDA:197,33,0,4
BRDA:197,33,1,0
BRDA:223,34,0,1
BRDA:224,35,0,1
BRDA:225,36,0,1
BRDA:226,37,0,1
BRDA:232,38,0,0
BRDA:232,38,1,1
BRDA:239,39,0,1
BRDA:239,39,1,0
BRDA:265,40,0,0
BRDA:265,40,1,1
BRDA:270,41,0,1
BRDA:271,42,0,1
BRDA:272,43,0,1
BRDA:273,44,0,1
BRDA:279,45,0,0
BRDA:279,45,1,1
BRDA:286,46,0,1
BRDA:286,46,1,0
BRDA:310,47,0,1
BRDA:310,47,1,1
BRDA:319,48,0,1
BRDA:319,48,1,0
BRDA:324,49,0,0
BRDA:324,49,1,0
BRDA:325,50,0,0
BRDA:325,50,1,0
BRDA:338,51,0,3
BRDA:338,51,1,0
BRDA:344,52,0,0
BRDA:344,52,1,0
BRDA:349,53,0,0
BRDA:349,53,1,0
BRDA:349,53,2,0
BRDA:353,54,0,0
BRDA:353,54,1,0
BRDA:353,54,2,0
BRDA:358,55,0,0
BRDA:358,55,1,0
BRDA:359,56,0,0
BRDA:359,56,1,0
BRDA:359,56,2,0
BRDA:359,56,3,0
BRDA:377,57,0,1
BRDA:377,57,1,1
BRDA:383,58,0,1
BRDA:383,58,1,0
BRF:109
BRH:31
end_of_record
TN:
SF:controllers/filenameRule.controller.js
FN:12,(anonymous_0)
FN:19,(anonymous_1)
FN:41,(anonymous_2)
FN:74,(anonymous_3)
FN:126,(anonymous_4)
FN:162,(anonymous_5)
FN:195,(anonymous_6)
FN:226,(anonymous_7)
FN:264,(anonymous_8)
FN:301,(anonymous_9)
FNF:10
FNH:0
FNDA:0,(anonymous_0)
FNDA:0,(anonymous_1)
FNDA:0,(anonymous_2)
FNDA:0,(anonymous_3)
FNDA:0,(anonymous_4)
FNDA:0,(anonymous_5)
FNDA:0,(anonymous_6)
FNDA:0,(anonymous_7)
FNDA:0,(anonymous_8)
FNDA:0,(anonymous_9)
DA:12,5
DA:13,0
DA:14,0
DA:19,0
DA:24,0
DA:29,0
DA:30,0
DA:41,5
DA:42,0
DA:43,0
DA:45,0
DA:46,0
DA:47,0
DA:49,0
DA:50,0
DA:53,0
DA:57,0
DA:62,0
DA:63,0
DA:74,5
DA:75,0
DA:85,0
DA:88,0
DA:89,0
DA:90,0
DA:96,0
DA:107,0
DA:109,0
DA:114,0
DA:115,0
DA:126,5
DA:127,0
DA:128,0
DA:129,0
DA:132,0
DA:134,0
DA:138,0
DA:139,0
DA:145,0
DA:150,0
DA:151,0
DA:162,5
DA:163,0
DA:164,0
DA:166,0
DA:167,0
DA:168,0
DA:174,0
DA:175,0
DA:176,0
DA:178,0
DA:183,0
DA:184,0
DA:195,5
DA:196,0
DA:197,0
DA:199,0
DA:201,0
DA:202,0
DA:208,0
DA:214,0
DA:215,0
DA:226,5
DA:227,0
DA:228,0
DA:242,0
DA:252,0
DA:253,0
DA:264,5
DA:265,0
DA:266,0
DA:268,0
DA:269,0
DA:270,0
DA:278,0
DA:280,0
DA:281,0
DA:282,0
DA:284,0
DA:289,0
DA:290,0
DA:301,5
DA:302,0
DA:303,0
DA:305,0
DA:306,0
DA:312,0
DA:314,0
DA:315,0
DA:316,0
DA:318,0
DA:324,0
DA:327,0
DA:333,0
DA:334,0
LF:95
LH:9
BRDA:21,0,0,0
BRDA:21,0,1,0
BRDA:46,1,0,0
BRDA:46,1,1,0
BRDA:49,2,0,0
BRDA:49,2,1,0
BRDA:89,3,0,0
BRDA:89,3,1,0
BRDA:138,4,0,0
BRDA:138,4,1,0
BRDA:167,5,0,0
BRDA:167,5,1,0
BRDA:201,6,0,0
BRDA:201,6,1,0
BRDA:244,7,0,0
BRDA:244,7,1,0
BRDA:269,8,0,0
BRDA:269,8,1,0
BRDA:278,9,0,0
BRDA:278,9,1,0
BRDA:305,10,0,0
BRDA:305,10,1,0
BRF:22
BRH:0
end_of_record
TN:
SF:controllers/implantPreset.controller.js
FN:4,findPreset
FNF:1
FNH:0
FNDA:0,findPreset
DA:5,0
DA:6,0
DA:7,0
DA:10,0
DA:11,0
DA:18,0
DA:24,0
DA:25,0
DA:27,0
DA:30,0
DA:32,0
DA:33,0
DA:35,0
DA:40,0
LF:14
LH:0
BRDA:10,0,0,0
BRDA:10,0,1,0
BRDA:10,1,0,0
BRDA:10,1,1,0
BRDA:24,2,0,0
BRDA:24,2,1,0
BRDA:24,3,0,0
BRDA:24,3,1,0
BRDA:32,4,0,0
BRDA:32,4,1,0
BRF:10
BRH:0
end_of_record
TN:
SF:controllers/machine.controller.js
FN:16,withBridgeHeaders
FN:25,getMachines
FN:45,syncBridgeMachines
FN:71,(anonymous_3)
FN:96,getMachineStatusProxy
FN:103,(anonymous_5)
FN:114,sendControl
FN:144,(anonymous_7)
FN:155,resetMachineProxy
FN:160,startMachineProxy
FN:165,callRawProxy
FN:223,(anonymous_11)
FN:235,upsertMachine
FN:279,(anonymous_13)
FN:327,deleteMachine
FNF:15
FNH:0
FNDA:0,withBridgeHeaders
FNDA:0,getMachines
FNDA:0,syncBridgeMachines
FNDA:0,(anonymous_3)
FNDA:0,getMachineStatusProxy
FNDA:0,(anonymous_5)
FNDA:0,sendControl
FNDA:0,(anonymous_7)
FNDA:0,resetMachineProxy
FNDA:0,startMachineProxy
FNDA:0,callRawProxy
FNDA:0,(anonymous_11)
FNDA:0,upsertMachine
FNDA:0,(anonymous_13)
FNDA:0,deleteMachine
DA:2,5
DA:5,5
DA:6,5
DA:7,5
DA:8,5
DA:9,5
DA:10,5
DA:12,5
DA:17,0
DA:18,0
DA:19,0
DA:21,0
DA:26,0
DA:27,0
DA:29,0
DA:30,0
DA:32,0
DA:33,0
DA:35,0
DA:36,0
DA:46,0
DA:47,0
DA:51,0
DA:52,0
DA:60,0
DA:61,0
DA:63,0
DA:64,0
DA:65,0
DA:66,0
DA:71,0
DA:72,0
DA:73,0
DA:75,0
DA:76,0
DA:79,0
DA:80,0
DA:84,0
DA:86,0
DA:87,0
DA:97,0
DA:98,0
DA:99,0
DA:103,0
DA:104,0
DA:106,0
DA:107,0
DA:115,0
DA:117,0
DA:118,0
DA:119,0
DA:125,0
DA:128,0
DA:129,0
DA:130,0
DA:131,0
DA:132,0
DA:137,0
DA:139,0
DA:140,0
DA:144,0
DA:145,0
DA:147,0
DA:148,0
DA:156,0
DA:161,0
DA:166,0
DA:167,0
DA:168,0
DA:169,0
DA:179,0
DA:180,0
DA:181,0
DA:182,0
DA:183,0
DA:185,0
DA:186,0
DA:189,0
DA:198,0
DA:206,0
DA:211,0
DA:214,0
DA:218,0
DA:223,0
DA:224,0
DA:226,0
DA:227,0
DA:236,0
DA:238,0
DA:239,0
DA:240,0
DA:242,0
DA:243,0
DA:249,0
DA:264,0
DA:271,0
DA:272,0
DA:273,0
DA:274,0
DA:279,0
DA:280,0
DA:284,0
DA:285,0
DA:288,0
DA:289,0
DA:297,0
DA:298,0
DA:309,0
DA:313,0
DA:317,0
DA:318,0
DA:328,0
DA:329,0
DA:330,0
DA:332,0
DA:336,0
DA:337,0
DA:338,0
DA:344,0
DA:345,0
DA:350,0
DA:353,0
DA:355,0
DA:356,0
LF:124
LH:8
BRDA:5,0,0,5
BRDA:5,0,1,5
BRDA:6,1,0,5
BRDA:6,1,1,5
BRDA:16,2,0,0
BRDA:18,3,0,0
BRDA:18,3,1,0
BRDA:29,4,0,0
BRDA:29,4,1,0
BRDA:29,5,0,0
BRDA:29,5,1,0
BRDA:51,6,0,0
BRDA:51,6,1,0
BRDA:51,7,0,0
BRDA:51,7,1,0
BRDA:64,8,0,0
BRDA:64,8,1,0
BRDA:64,9,0,0
BRDA:64,9,1,0
BRDA:64,9,2,0
BRDA:72,10,0,0
BRDA:72,10,1,0
BRDA:72,11,0,0
BRDA:72,11,1,0
BRDA:72,11,2,0
BRDA:118,12,0,0
BRDA:118,12,1,0
BRDA:118,13,0,0
BRDA:118,13,1,0
BRDA:118,13,2,0
BRDA:130,14,0,0
BRDA:130,14,1,0
BRDA:131,15,0,0
BRDA:131,15,1,0
BRDA:179,16,0,0
BRDA:179,16,1,0
BRDA:179,17,0,0
BRDA:179,17,1,0
BRDA:180,18,0,0
BRDA:180,18,1,0
BRDA:182,19,0,0
BRDA:182,19,1,0
BRDA:183,20,0,0
BRDA:183,20,1,0
BRDA:186,21,0,0
BRDA:186,21,1,0
BRDA:192,22,0,0
BRDA:192,22,1,0
BRDA:200,23,0,0
BRDA:200,23,1,0
BRDA:215,24,0,0
BRDA:215,24,1,0
BRDA:216,25,0,0
BRDA:216,25,1,0
BRDA:240,26,0,0
BRDA:240,26,1,0
BRDA:242,27,0,0
BRDA:242,27,1,0
BRDA:257,28,0,0
BRDA:257,28,1,0
BRDA:258,29,0,0
BRDA:258,29,1,0
BRDA:260,30,0,0
BRDA:260,30,1,0
BRDA:272,31,0,0
BRDA:272,31,1,0
BRDA:272,32,0,0
BRDA:272,32,1,0
BRDA:282,33,0,0
BRDA:282,33,1,0
BRDA:284,34,0,0
BRDA:284,34,1,0
BRDA:284,35,0,0
BRDA:284,35,1,0
BRDA:284,35,2,0
BRDA:292,36,0,0
BRDA:292,36,1,0
BRDA:332,37,0,0
BRDA:332,37,1,0
BRDA:332,38,0,0
BRDA:332,38,1,0
BRDA:337,39,0,0
BRDA:337,39,1,0
BRF:83
BRH:4
end_of_record
TN:
SF:controllers/parseLog.controller.js
FN:13,(anonymous_0)
FN:81,(anonymous_1)
FN:132,(anonymous_2)
FN:195,(anonymous_3)
FN:270,(anonymous_4)
FN:311,(anonymous_5)
FN:346,(anonymous_6)
FN:361,(anonymous_7)
FN:362,(anonymous_8)
FNF:9
FNH:0
FNDA:0,(anonymous_0)
FNDA:0,(anonymous_1)
FNDA:0,(anonymous_2)
FNDA:0,(anonymous_3)
FNDA:0,(anonymous_4)
FNDA:0,(anonymous_5)
FNDA:0,(anonymous_6)
FNDA:0,(anonymous_7)
FNDA:0,(anonymous_8)
DA:13,5
DA:14,0
DA:15,0
DA:17,0
DA:21,0
DA:26,0
DA:27,0
DA:28,0
DA:30,0
DA:31,0
DA:33,0
DA:34,0
DA:37,0
DA:48,0
DA:51,0
DA:52,0
DA:63,0
DA:68,0
DA:69,0
DA:81,5
DA:82,0
DA:83,0
DA:85,0
DA:87,0
DA:88,0
DA:91,0
DA:92,0
DA:93,0
DA:94,0
DA:96,0
DA:97,0
DA:101,0
DA:107,0
DA:109,0
DA:120,0
DA:121,0
DA:132,5
DA:133,0
DA:134,0
DA:136,0
DA:138,0
DA:139,0
DA:140,0
DA:141,0
DA:143,0
DA:144,0
DA:149,0
DA:162,0
DA:175,0
DA:183,0
DA:184,0
DA:195,5
DA:196,0
DA:197,0
DA:199,0
DA:201,0
DA:202,0
DA:205,0
DA:206,0
DA:207,0
DA:208,0
DA:210,0
DA:211,0
DA:215,0
DA:248,0
DA:258,0
DA:259,0
DA:270,5
DA:271,0
DA:272,0
DA:274,0
DA:276,0
DA:277,0
DA:280,0
DA:281,0
DA:282,0
DA:283,0
DA:285,0
DA:286,0
DA:290,0
DA:292,0
DA:293,0
DA:297,0
DA:299,0
DA:300,0
DA:311,5
DA:312,0
DA:313,0
DA:315,0
DA:317,0
DA:318,0
DA:321,0
DA:322,0
DA:323,0
DA:324,0
DA:326,0
DA:327,0
DA:331,0
DA:333,0
DA:346,0
DA:359,0
DA:362,0
DA:366,0
DA:367,0
DA:371,0
DA:373,0
DA:374,0
LF:107
LH:6
BRDA:21,0,0,0
BRDA:21,0,1,0
BRDA:21,0,2,0
BRDA:21,1,0,0
BRDA:21,1,1,0
BRDA:21,2,0,0
BRDA:21,2,1,0
BRDA:22,3,0,0
BRDA:22,3,1,0
BRDA:22,4,0,0
BRDA:22,4,1,0
BRDA:23,5,0,0
BRDA:23,5,1,0
BRDA:23,6,0,0
BRDA:23,6,1,0
BRDA:27,7,0,0
BRDA:27,7,1,0
BRDA:27,8,0,0
BRDA:27,8,1,0
BRDA:27,9,0,0
BRDA:27,9,1,0
BRDA:30,10,0,0
BRDA:30,10,1,0
BRDA:30,11,0,0
BRDA:30,11,1,0
BRDA:30,12,0,0
BRDA:30,12,1,0
BRDA:33,13,0,0
BRDA:33,13,1,0
BRDA:33,14,0,0
BRDA:33,14,1,0
BRDA:33,15,0,0
BRDA:33,15,1,0
BRDA:51,16,0,0
BRDA:51,16,1,0
BRDA:57,17,0,0
BRDA:57,17,1,0
BRDA:83,18,0,0
BRDA:83,19,0,0
BRDA:87,20,0,0
BRDA:87,20,1,0
BRDA:91,21,0,0
BRDA:91,21,1,0
BRDA:91,22,0,0
BRDA:91,22,1,0
BRDA:93,23,0,0
BRDA:93,23,1,0
BRDA:96,24,0,0
BRDA:96,24,1,0
BRDA:138,25,0,0
BRDA:138,25,1,0
BRDA:138,26,0,0
BRDA:138,26,1,0
BRDA:140,27,0,0
BRDA:140,27,1,0
BRDA:143,28,0,0
BRDA:143,28,1,0
BRDA:201,29,0,0
BRDA:201,29,1,0
BRDA:205,30,0,0
BRDA:205,30,1,0
BRDA:205,31,0,0
BRDA:205,31,1,0
BRDA:207,32,0,0
BRDA:207,32,1,0
BRDA:210,33,0,0
BRDA:210,33,1,0
BRDA:250,34,0,0
BRDA:250,34,1,0
BRDA:276,35,0,0
BRDA:276,35,1,0
BRDA:280,36,0,0
BRDA:280,36,1,0
BRDA:280,37,0,0
BRDA:280,37,1,0
BRDA:282,38,0,0
BRDA:282,38,1,0
BRDA:285,39,0,0
BRDA:285,39,1,0
BRDA:317,40,0,0
BRDA:317,40,1,0
BRDA:321,41,0,0
BRDA:321,41,1,0
BRDA:321,42,0,0
BRDA:321,42,1,0
BRDA:323,43,0,0
BRDA:323,43,1,0
BRDA:326,44,0,0
BRDA:326,44,1,0
BRDA:348,45,0,0
BRDA:348,45,1,0
BRDA:349,46,0,0
BRDA:349,46,1,0
BRDA:350,47,0,0
BRDA:350,47,1,0
BRDA:351,48,0,0
BRDA:351,48,1,0
BRDA:352,49,0,0
BRDA:352,49,1,0
BRDA:353,50,0,0
BRDA:353,50,1,0
BRDA:354,51,0,0
BRDA:354,51,1,0
BRDA:355,52,0,0
BRDA:355,52,1,0
BRF:105
BRH:0
end_of_record
TN:
SF:controllers/request.controller.js
FN:22,formatEtaLabelFromNow
FN:29,calculateExpressShipYmd
FN:71,updateMyShippingMode
FN:127,getShippingEstimate
FN:178,getDeliveryEtaLeadDays
FN:195,getDashboardRiskSummary
FN:238,(anonymous_6)
FN:265,(anonymous_7)
FN:280,(anonymous_8)
FN:337,(anonymous_9)
FN:339,(anonymous_10)
FN:342,(anonymous_11)
FN:344,(anonymous_12)
FN:369,applyStatusMapping
FN:414,normalizeCaseInfosImplantFields
FN:482,normalizeRequestForResponse
FN:494,ensureLotNumberForMachining
FN:504,computePriceForRequest
FN:595,(anonymous_18)
FN:631,createRequest
FN:735,(anonymous_20)
FN:749,(anonymous_21)
FN:856,(anonymous_22)
FN:877,cloneRequestToDraft
FN:934,(anonymous_24)
FN:958,createRequestsFromDraft
FN:996,(anonymous_26)
FN:1016,(anonymous_27)
FN:1116,(anonymous_28)
FN:1142,hasDuplicateCase
FN:1189,getAllRequests
FN:1231,(anonymous_31)
FN:1233,(anonymous_32)
FN:1272,getMyRequests
FN:1341,getRequestById
FN:1394,updateRequest
FN:1438,(anonymous_36)
FN:1491,updateRequestStatus
FN:1605,addMessage
FN:1676,deleteRequest
FN:1726,computeDiameterStats
FN:1771,(anonymous_41)
FN:1793,(anonymous_42)
FN:1807,getDiameterStats
FN:1843,getMyDashboardSummary
FN:1879,(anonymous_45)
FN:1886,(anonymous_46)
FN:1890,(anonymous_47)
FN:1893,(anonymous_48)
FN:1896,(anonymous_49)
FN:1907,(anonymous_50)
FN:1931,(anonymous_51)
FN:1941,(anonymous_52)
FN:1968,(anonymous_53)
FN:1983,(anonymous_54)
FN:2031,(anonymous_55)
FN:2033,(anonymous_56)
FN:2036,(anonymous_57)
FN:2038,(anonymous_58)
FN:2054,(anonymous_59)
FN:2060,(anonymous_60)
FN:2109,getMyPricingReferralStats
FN:2130,(anonymous_62)
FN:2252,getMyBulkShipping
FN:2264,(anonymous_64)
FN:2291,(anonymous_65)
FN:2292,(anonymous_66)
FN:2294,(anonymous_67)
FN:2315,createMyBulkShipping
FN:2349,(anonymous_69)
FNF:70
FNH:0
FNDA:0,formatEtaLabelFromNow
FNDA:0,calculateExpressShipYmd
FNDA:0,updateMyShippingMode
FNDA:0,getShippingEstimate
FNDA:0,getDeliveryEtaLeadDays
FNDA:0,getDashboardRiskSummary
FNDA:0,(anonymous_6)
FNDA:0,(anonymous_7)
FNDA:0,(anonymous_8)
FNDA:0,(anonymous_9)
FNDA:0,(anonymous_10)
FNDA:0,(anonymous_11)
FNDA:0,(anonymous_12)
FNDA:0,applyStatusMapping
FNDA:0,normalizeCaseInfosImplantFields
FNDA:0,normalizeRequestForResponse
FNDA:0,ensureLotNumberForMachining
FNDA:0,computePriceForRequest
FNDA:0,(anonymous_18)
FNDA:0,createRequest
FNDA:0,(anonymous_20)
FNDA:0,(anonymous_21)
FNDA:0,(anonymous_22)
FNDA:0,cloneRequestToDraft
FNDA:0,(anonymous_24)
FNDA:0,createRequestsFromDraft
FNDA:0,(anonymous_26)
FNDA:0,(anonymous_27)
FNDA:0,(anonymous_28)
FNDA:0,hasDuplicateCase
FNDA:0,getAllRequests
FNDA:0,(anonymous_31)
FNDA:0,(anonymous_32)
FNDA:0,getMyRequests
FNDA:0,getRequestById
FNDA:0,updateRequest
FNDA:0,(anonymous_36)
FNDA:0,updateRequestStatus
FNDA:0,addMessage
FNDA:0,deleteRequest
FNDA:0,computeDiameterStats
FNDA:0,(anonymous_41)
FNDA:0,(anonymous_42)
FNDA:0,getDiameterStats
FNDA:0,getMyDashboardSummary
FNDA:0,(anonymous_45)
FNDA:0,(anonymous_46)
FNDA:0,(anonymous_47)
FNDA:0,(anonymous_48)
FNDA:0,(anonymous_49)
FNDA:0,(anonymous_50)
FNDA:0,(anonymous_51)
FNDA:0,(anonymous_52)
FNDA:0,(anonymous_53)
FNDA:0,(anonymous_54)
FNDA:0,(anonymous_55)
FNDA:0,(anonymous_56)
FNDA:0,(anonymous_57)
FNDA:0,(anonymous_58)
FNDA:0,(anonymous_59)
FNDA:0,(anonymous_60)
FNDA:0,getMyPricingReferralStats
FNDA:0,(anonymous_62)
FNDA:0,getMyBulkShipping
FNDA:0,(anonymous_64)
FNDA:0,(anonymous_65)
FNDA:0,(anonymous_66)
FNDA:0,(anonymous_67)
FNDA:0,createMyBulkShipping
FNDA:0,(anonymous_69)
DA:15,5
DA:23,0
DA:24,0
DA:25,0
DA:26,0
DA:30,0
DA:32,0
DA:37,0
DA:38,0
DA:42,0
DA:43,0
DA:44,0
DA:46,0
DA:47,0
DA:48,0
DA:50,0
DA:51,0
DA:54,0
DA:55,0
DA:56,0
DA:64,0
DA:72,0
DA:73,0
DA:74,0
DA:76,0
DA:77,0
DA:83,0
DA:84,0
DA:90,0
DA:103,0
DA:105,0
DA:114,0
DA:115,0
DA:128,0
DA:129,0
DA:131,0
DA:134,0
DA:136,0
DA:142,0
DA:143,0
DA:149,0
DA:153,0
DA:157,0
DA:162,0
DA:170,0
DA:179,0
DA:180,0
DA:186,0
DA:191,0
DA:196,0
DA:197,0
DA:199,0
DA:200,0
DA:201,0
DA:202,0
DA:203,0
DA:205,0
DA:206,0
DA:207,0
DA:210,0
DA:217,0
DA:228,0
DA:234,0
DA:235,0
DA:236,0
DA:238,0
DA:239,0
DA:242,0
DA:244,0
DA:247,0
DA:250,0
DA:252,0
DA:253,0
DA:254,0
DA:255,0
DA:257,0
DA:258,0
DA:259,0
DA:260,0
DA:264,0
DA:265,0
DA:267,0
DA:268,0
DA:269,0
DA:270,0
DA:280,0
DA:281,0
DA:282,0
DA:287,0
DA:288,0
DA:290,0
DA:293,0
DA:295,0
DA:298,0
DA:303,0
DA:308,0
DA:309,0
DA:310,0
DA:312,0
DA:313,0
DA:314,0
DA:316,0
DA:319,0
DA:334,0
DA:337,0
DA:339,0
DA:342,0
DA:344,0
DA:347,0
DA:359,0
DA:360,0
DA:370,0
DA:372,0
DA:373,0
DA:375,0
DA:377,0
DA:378,0
DA:379,0
DA:381,0
DA:382,0
DA:383,0
DA:385,0
DA:386,0
DA:387,0
DA:389,0
DA:390,0
DA:391,0
DA:393,0
DA:394,0
DA:395,0
DA:397,0
DA:398,0
DA:399,0
DA:401,0
DA:402,0
DA:403,0
DA:406,0
DA:409,0
DA:410,0
DA:411,0
DA:415,0
DA:417,0
DA:418,0
DA:419,0
DA:420,0
DA:421,0
DA:424,0
DA:425,0
DA:436,0
DA:437,0
DA:438,0
DA:442,0
DA:443,0
DA:454,0
DA:455,0
DA:463,0
DA:464,0
DA:474,0
DA:483,0
DA:485,0
DA:488,0
DA:489,0
DA:490,0
DA:497,0
DA:498,0
DA:501,0
DA:510,0
DA:511,0
DA:512,0
DA:513,0
DA:514,0
DA:516,0
DA:519,0
DA:520,0
DA:521,0
DA:532,0
DA:533,0
DA:550,0
DA:554,0
DA:557,0
DA:558,0
DA:559,0
DA:560,0
DA:561,0
DA:579,0
DA:580,0
DA:581,0
DA:588,0
DA:595,0
DA:597,0
DA:604,0
DA:605,0
DA:609,0
DA:611,0
DA:632,0
DA:634,0
DA:635,0
DA:636,0
DA:642,0
DA:643,0
DA:646,0
DA:647,0
DA:650,0
DA:651,0
DA:652,0
DA:653,0
DA:656,0
DA:657,0
DA:663,0
DA:666,0
DA:669,0
DA:670,0
DA:672,0
DA:673,0
DA:679,0
DA:680,0
DA:687,0
DA:694,0
DA:700,0
DA:701,0
DA:702,0
DA:710,0
DA:712,0
DA:714,0
DA:718,0
DA:721,0
DA:722,0
DA:723,0
DA:724,0
DA:725,0
DA:727,0
DA:728,0
DA:729,0
DA:734,0
DA:737,0
DA:741,0
DA:744,0
DA:745,0
DA:746,0
DA:747,0
DA:748,0
DA:749,0
DA:751,0
DA:755,0
DA:762,0
DA:764,0
DA:765,0
DA:768,0
DA:769,0
DA:770,0
DA:771,0
DA:774,0
DA:775,0
DA:781,0
DA:784,0
DA:787,0
DA:788,0
DA:790,0
DA:791,0
DA:797,0
DA:798,0
DA:805,0
DA:812,0
DA:819,0
DA:821,0
DA:824,0
DA:827,0
DA:828,0
DA:829,0
DA:844,0
DA:848,0
DA:854,0
DA:856,0
DA:857,0
DA:863,0
DA:864,0
DA:878,0
DA:879,0
DA:881,0
DA:882,0
DA:888,0
DA:889,0
DA:890,0
DA:896,0
DA:897,0
DA:898,0
DA:899,0
DA:905,0
DA:906,0
DA:908,0
DA:910,0
DA:932,0
DA:934,0
DA:940,0
DA:946,0
DA:959,0
DA:960,0
DA:962,0
DA:963,0
DA:969,0
DA:971,0
DA:972,0
DA:978,0
DA:979,0
DA:985,0
DA:993,0
DA:994,0
DA:995,0
DA:996,0
DA:997,0
DA:998,0
DA:1007,0
DA:1008,0
DA:1015,0
DA:1016,0
DA:1019,0
DA:1020,0
DA:1026,0
DA:1027,0
DA:1029,0
DA:1030,0
DA:1032,0
DA:1034,0
DA:1035,0
DA:1036,0
DA:1037,0
DA:1040,0
DA:1042,0
DA:1045,0
DA:1046,0
DA:1049,0
DA:1050,0
DA:1053,0
DA:1054,0
DA:1055,0
DA:1056,0
DA:1058,0
DA:1059,0
DA:1060,0
DA:1062,0
DA:1063,0
DA:1064,0
DA:1068,0
DA:1071,0
DA:1078,0
DA:1094,0
DA:1102,0
DA:1104,0
DA:1105,0
DA:1109,0
DA:1110,0
DA:1116,0
DA:1122,0
DA:1132,0
DA:1133,0
DA:1143,0
DA:1144,0
DA:1145,0
DA:1146,0
DA:1147,0
DA:1149,0
DA:1150,0
DA:1156,0
DA:1157,0
DA:1159,0
DA:1171,0
DA:1176,0
DA:1177,0
DA:1190,0
DA:1192,0
DA:1193,0
DA:1194,0
DA:1197,0
DA:1198,0
DA:1199,0
DA:1203,0
DA:1205,0
DA:1208,0
DA:1209,0
DA:1210,0
DA:1214,0
DA:1215,0
DA:1216,0
DA:1217,0
DA:1218,0
DA:1220,0
DA:1224,0
DA:1231,0
DA:1232,0
DA:1233,0
DA:1234,0
DA:1235,0
DA:1236,0
DA:1238,0
DA:1239,0
DA:1241,0
DA:1245,0
DA:1247,0
DA:1260,0
DA:1273,0
DA:1275,0
DA:1276,0
DA:1277,0
DA:1280,0
DA:1281,0
DA:1282,0
DA:1286,0
DA:1288,0
DA:1291,0
DA:1292,0
DA:1293,0
DA:1297,0
DA:1298,0
DA:1299,0
DA:1300,0
DA:1301,0
DA:1303,0
DA:1307,0
DA:1314,0
DA:1316,0
DA:1329,0
DA:1342,0
DA:1343,0
DA:1346,0
DA:1347,0
DA:1354,0
DA:1358,0
DA:1359,0
DA:1366,0
DA:1367,0
DA:1369,0
DA:1370,0
DA:1376,0
DA:1377,0
DA:1382,0
DA:1395,0
DA:1396,0
DA:1397,0
DA:1400,0
DA:1401,0
DA:1408,0
DA:1410,0
DA:1411,0
DA:1418,0
DA:1419,0
DA:1421,0
DA:1422,0
DA:1429,0
DA:1430,0
DA:1431,0
DA:1432,0
DA:1436,0
DA:1437,0
DA:1438,0
DA:1439,0
DA:1440,0
DA:1445,0
DA:1451,0
DA:1455,0
DA:1457,0
DA:1459,0
DA:1465,0
DA:1471,0
DA:1473,0
DA:1479,0
DA:1492,0
DA:1493,0
DA:1494,0
DA:1497,0
DA:1506,0
DA:1507,0
DA:1514,0
DA:1515,0
DA:1522,0
DA:1524,0
DA:1525,0
DA:1532,0
DA:1533,0
DA:1535,0
DA:1536,0
DA:1543,0
DA:1544,0
DA:1551,0
DA:1552,0
DA:1559,0
DA:1562,0
DA:1563,0
DA:1581,0
DA:1582,0
DA:1585,0
DA:1587,0
DA:1593,0
DA:1606,0
DA:1607,0
DA:1608,0
DA:1611,0
DA:1612,0
DA:1619,0
DA:1620,0
DA:1627,0
DA:1629,0
DA:1630,0
DA:1637,0
DA:1638,0
DA:1640,0
DA:1641,0
DA:1648,0
DA:1655,0
DA:1656,0
DA:1658,0
DA:1664,0
DA:1677,0
DA:1678,0
DA:1681,0
DA:1682,0
DA:1689,0
DA:1691,0
DA:1692,0
DA:1699,0
DA:1703,0
DA:1710,0
DA:1712,0
DA:1717,0
DA:1727,0
DA:1733,0
DA:1740,0
DA:1763,0
DA:1770,0
DA:1771,0
DA:1772,0
DA:1774,0
DA:1775,0
DA:1777,0
DA:1778,0
DA:1779,0
DA:1780,0
DA:1784,0
DA:1785,0
DA:1793,0
DA:1800,0
DA:1808,0
DA:1809,0
DA:1810,0
DA:1816,0
DA:1820,0
DA:1822,0
DA:1824,0
DA:1831,0
DA:1844,0
DA:1845,0
DA:1846,0
DA:1848,0
DA:1849,0
DA:1850,0
DA:1851,0
DA:1852,0
DA:1854,0
DA:1855,0
DA:1856,0
DA:1862,0
DA:1864,0
DA:1867,0
DA:1871,0
DA:1879,0
DA:1880,0
DA:1881,0
DA:1882,0
DA:1885,0
DA:1886,0
DA:1887,0
DA:1889,0
DA:1890,0
DA:1892,0
DA:1893,0
DA:1896,0
DA:1897,0
DA:1900,0
DA:1907,0
DA:1908,0
DA:1909,0
DA:1910,0
DA:1911,0
DA:1912,0
DA:1913,0
DA:1914,0
DA:1915,0
DA:1919,0
DA:1920,0
DA:1931,0
DA:1937,0
DA:1938,0
DA:1939,0
DA:1941,0
DA:1942,0
DA:1945,0
DA:1947,0
DA:1950,0
DA:1953,0
DA:1955,0
DA:1956,0
DA:1957,0
DA:1958,0
DA:1960,0
DA:1961,0
DA:1962,0
DA:1963,0
DA:1967,0
DA:1968,0
DA:1970,0
DA:1971,0
DA:1972,0
DA:1973,0
DA:1983,0
DA:1984,0
DA:1985,0
DA:1990,0
DA:1991,0
DA:1993,0
DA:1995,0
DA:1997,0
DA:2002,0
DA:2003,0
DA:2004,0
DA:2006,0
DA:2007,0
DA:2008,0
DA:2010,0
DA:2013,0
DA:2028,0
DA:2031,0
DA:2033,0
DA:2036,0
DA:2038,0
DA:2041,0
DA:2048,0
DA:2049,0
DA:2051,0
DA:2055,0
DA:2056,0
DA:2057,0
DA:2061,0
DA:2062,0
DA:2063,0
DA:2080,0
DA:2096,0
DA:2097,0
DA:2110,0
DA:2111,0
DA:2113,0
DA:2114,0
DA:2115,0
DA:2117,0
DA:2123,0
DA:2130,0
DA:2132,0
DA:2140,0
DA:2142,0
DA:2143,0
DA:2144,0
DA:2145,0
DA:2150,0
DA:2154,0
DA:2155,0
DA:2157,0
DA:2160,0
DA:2164,0
DA:2166,0
DA:2167,0
DA:2168,0
DA:2169,0
DA:2170,0
DA:2171,0
DA:2175,0
DA:2177,0
DA:2180,0
DA:2181,0
DA:2204,0
DA:2239,0
DA:2240,0
DA:2253,0
DA:2254,0
DA:2256,0
DA:2264,0
DA:2265,0
DA:2267,0
DA:2269,0
DA:2275,0
DA:2291,0
DA:2292,0
DA:2293,0
DA:2294,0
DA:2297,0
DA:2302,0
DA:2303,0
DA:2316,0
DA:2317,0
DA:2318,0
DA:2320,0
DA:2321,0
DA:2327,0
DA:2333,0
DA:2334,0
DA:2340,0
DA:2341,0
DA:2342,0
DA:2345,0
DA:2349,0
DA:2353,0
DA:2354,0
LF:709
LH:1
BRDA:23,0,0,0
BRDA:23,0,1,0
BRDA:23,1,0,0
BRDA:23,1,1,0
BRDA:32,2,0,0
BRDA:32,2,1,0
BRDA:32,3,0,0
BRDA:32,3,1,0
BRDA:37,4,0,0
BRDA:37,4,1,0
BRDA:37,5,0,0
BRDA:37,5,1,0
BRDA:47,6,0,0
BRDA:47,6,1,0
BRDA:50,7,0,0
BRDA:50,7,1,0
BRDA:74,8,0,0
BRDA:74,8,1,0
BRDA:76,9,0,0
BRDA:76,9,1,0
BRDA:76,10,0,0
BRDA:76,10,1,0
BRDA:83,11,0,0
BRDA:83,11,1,0
BRDA:103,12,0,0
BRDA:103,12,1,0
BRDA:103,12,2,0
BRDA:131,13,0,0
BRDA:131,13,1,0
BRDA:131,14,0,0
BRDA:131,14,1,0
BRDA:136,15,0,0
BRDA:136,15,1,0
BRDA:136,16,0,0
BRDA:136,16,1,0
BRDA:138,17,0,0
BRDA:138,17,1,0
BRDA:142,18,0,0
BRDA:142,18,1,0
BRDA:149,19,0,0
BRDA:149,19,1,0
BRDA:188,20,0,0
BRDA:188,20,1,0
BRDA:197,21,0,0
BRDA:200,22,0,0
BRDA:200,22,1,0
BRDA:200,23,0,0
BRDA:200,23,1,0
BRDA:202,24,0,0
BRDA:202,24,1,0
BRDA:203,25,0,0
BRDA:203,25,1,0
BRDA:217,26,0,0
BRDA:217,26,1,0
BRDA:239,27,0,0
BRDA:239,27,1,0
BRDA:242,28,0,0
BRDA:242,28,1,0
BRDA:244,29,0,0
BRDA:244,29,1,0
BRDA:247,30,0,0
BRDA:247,30,1,0
BRDA:250,31,0,0
BRDA:250,31,1,0
BRDA:250,32,0,0
BRDA:250,32,1,0
BRDA:254,33,0,0
BRDA:254,33,1,0
BRDA:255,34,0,0
BRDA:255,34,1,0
BRDA:257,35,0,0
BRDA:257,35,1,0
BRDA:257,36,0,0
BRDA:257,36,1,0
BRDA:259,37,0,0
BRDA:259,37,1,0
BRDA:259,38,0,0
BRDA:259,38,1,0
BRDA:259,38,2,0
BRDA:269,39,0,0
BRDA:269,39,1,0
BRDA:281,40,0,0
BRDA:281,40,1,0
BRDA:282,41,0,0
BRDA:282,41,1,0
BRDA:284,42,0,0
BRDA:284,42,1,0
BRDA:287,43,0,0
BRDA:287,43,1,0
BRDA:288,44,0,0
BRDA:288,44,1,0
BRDA:290,45,0,0
BRDA:290,45,1,0
BRDA:293,46,0,0
BRDA:293,46,1,0
BRDA:293,46,2,0
BRDA:295,47,0,0
BRDA:295,47,1,0
BRDA:295,47,2,0
BRDA:298,48,0,0
BRDA:298,48,1,0
BRDA:303,49,0,0
BRDA:303,49,1,0
BRDA:303,49,2,0
BRDA:303,49,3,0
BRDA:303,50,0,0
BRDA:303,50,1,0
BRDA:308,51,0,0
BRDA:308,51,1,0
BRDA:309,52,0,0
BRDA:309,52,1,0
BRDA:310,53,0,0
BRDA:310,53,1,0
BRDA:313,54,0,0
BRDA:313,54,1,0
BRDA:327,55,0,0
BRDA:327,55,1,0
BRDA:337,56,0,0
BRDA:337,56,1,0
BRDA:337,57,0,0
BRDA:337,57,1,0
BRDA:342,58,0,0
BRDA:342,58,1,0
BRDA:342,59,0,0
BRDA:342,59,1,0
BRDA:370,60,0,0
BRDA:370,60,1,0
BRDA:370,60,2,0
BRDA:375,61,0,0
BRDA:375,61,1,0
BRDA:375,61,2,0
BRDA:375,61,3,0
BRDA:375,61,4,0
BRDA:375,61,5,0
BRDA:375,61,6,0
BRDA:375,61,7,0
BRDA:415,62,0,0
BRDA:415,62,1,0
BRDA:415,63,0,0
BRDA:415,63,1,0
BRDA:417,64,0,0
BRDA:417,64,1,0
BRDA:418,65,0,0
BRDA:418,65,1,0
BRDA:419,66,0,0
BRDA:419,66,1,0
BRDA:420,67,0,0
BRDA:420,67,1,0
BRDA:424,68,0,0
BRDA:424,68,1,0
BRDA:424,69,0,0
BRDA:424,69,1,0
BRDA:424,69,2,0
BRDA:436,70,0,0
BRDA:436,70,1,0
BRDA:438,71,0,0
BRDA:438,71,1,0
BRDA:442,72,0,0
BRDA:442,72,1,0
BRDA:442,73,0,0
BRDA:442,73,1,0
BRDA:442,73,2,0
BRDA:442,73,3,0
BRDA:446,74,0,0
BRDA:446,74,1,0
BRDA:454,75,0,0
BRDA:454,75,1,0
BRDA:454,76,0,0
BRDA:454,76,1,0
BRDA:454,76,2,0
BRDA:463,77,0,0
BRDA:463,77,1,0
BRDA:483,78,0,0
BRDA:483,78,1,0
BRDA:485,79,0,0
BRDA:485,79,1,0
BRDA:488,80,0,0
BRDA:488,80,1,0
BRDA:497,81,0,0
BRDA:497,81,1,0
BRDA:532,82,0,0
BRDA:532,82,1,0
BRDA:554,83,0,0
BRDA:554,83,1,0
BRDA:554,83,2,0
BRDA:555,84,0,0
BRDA:555,84,1,0
BRDA:557,85,0,0
BRDA:557,85,1,0
BRDA:560,86,0,0
BRDA:560,86,1,0
BRDA:597,87,0,0
BRDA:597,87,1,0
BRDA:616,88,0,0
BRDA:616,88,1,0
BRDA:634,89,0,0
BRDA:634,89,1,0
BRDA:634,90,0,0
BRDA:634,90,1,0
BRDA:646,91,0,0
BRDA:646,91,1,0
BRDA:646,92,0,0
BRDA:646,92,1,0
BRDA:650,93,0,0
BRDA:650,93,1,0
BRDA:651,94,0,0
BRDA:651,94,1,0
BRDA:652,95,0,0
BRDA:652,95,1,0
BRDA:653,96,0,0
BRDA:653,96,1,0
BRDA:656,97,0,0
BRDA:656,97,1,0
BRDA:667,98,0,0
BRDA:667,98,1,0
BRDA:669,99,0,0
BRDA:669,99,1,0
BRDA:670,100,0,0
BRDA:670,100,1,0
BRDA:672,101,0,0
BRDA:672,101,1,0
BRDA:672,102,0,0
BRDA:672,102,1,0
BRDA:672,102,2,0
BRDA:679,103,0,0
BRDA:679,103,1,0
BRDA:679,104,0,0
BRDA:679,104,1,0
BRDA:679,104,2,0
BRDA:714,105,0,0
BRDA:714,105,1,0
BRDA:718,106,0,0
BRDA:718,106,1,0
BRDA:721,107,0,0
BRDA:721,107,1,0
BRDA:722,108,0,0
BRDA:722,108,1,0
BRDA:724,109,0,0
BRDA:724,109,1,0
BRDA:728,110,0,0
BRDA:728,110,1,0
BRDA:728,111,0,0
BRDA:728,111,1,0
BRDA:737,112,0,0
BRDA:737,112,1,0
BRDA:741,113,0,0
BRDA:741,113,1,0
BRDA:744,114,0,0
BRDA:744,114,1,0
BRDA:745,115,0,0
BRDA:745,115,1,0
BRDA:747,116,0,0
BRDA:747,116,1,0
BRDA:764,117,0,0
BRDA:764,117,1,0
BRDA:764,118,0,0
BRDA:764,118,1,0
BRDA:768,119,0,0
BRDA:768,119,1,0
BRDA:769,120,0,0
BRDA:769,120,1,0
BRDA:770,121,0,0
BRDA:770,121,1,0
BRDA:771,122,0,0
BRDA:771,122,1,0
BRDA:774,123,0,0
BRDA:774,123,1,0
BRDA:785,124,0,0
BRDA:785,124,1,0
BRDA:787,125,0,0
BRDA:787,125,1,0
BRDA:788,126,0,0
BRDA:788,126,1,0
BRDA:790,127,0,0
BRDA:790,127,1,0
BRDA:790,128,0,0
BRDA:790,128,1,0
BRDA:790,128,2,0
BRDA:797,129,0,0
BRDA:797,129,1,0
BRDA:797,130,0,0
BRDA:797,130,1,0
BRDA:797,130,2,0
BRDA:824,131,0,0
BRDA:824,131,1,0
BRDA:827,132,0,0
BRDA:827,132,1,0
BRDA:832,133,0,0
BRDA:832,133,1,0
BRDA:854,134,0,0
BRDA:854,134,1,0
BRDA:881,135,0,0
BRDA:881,135,1,0
BRDA:889,136,0,0
BRDA:889,136,1,0
BRDA:898,137,0,0
BRDA:898,137,1,0
BRDA:898,138,0,0
BRDA:898,138,1,0
BRDA:905,139,0,0
BRDA:905,139,1,0
BRDA:906,140,0,0
BRDA:906,140,1,0
BRDA:911,141,0,0
BRDA:911,141,1,0
BRDA:928,142,0,0
BRDA:928,142,1,0
BRDA:936,143,0,0
BRDA:936,143,1,0
BRDA:936,143,2,0
BRDA:960,144,0,0
BRDA:960,144,1,0
BRDA:962,145,0,0
BRDA:962,145,1,0
BRDA:962,146,0,0
BRDA:962,146,1,0
BRDA:971,147,0,0
BRDA:971,147,1,0
BRDA:978,148,0,0
BRDA:978,148,1,0
BRDA:985,149,0,0
BRDA:985,149,1,0
BRDA:994,150,0,0
BRDA:994,150,1,0
BRDA:994,151,0,0
BRDA:994,151,1,0
BRDA:997,152,0,0
BRDA:997,152,1,0
BRDA:1002,153,0,0
BRDA:1002,153,1,0
BRDA:1002,153,2,0
BRDA:1007,154,0,0
BRDA:1007,154,1,0
BRDA:1016,155,0,0
BRDA:1016,155,1,0
BRDA:1019,156,0,0
BRDA:1019,156,1,0
BRDA:1030,157,0,0
BRDA:1030,157,1,0
BRDA:1034,158,0,0
BRDA:1034,158,1,0
BRDA:1035,159,0,0
BRDA:1035,159,1,0
BRDA:1036,160,0,0
BRDA:1036,160,1,0
BRDA:1037,161,0,0
BRDA:1037,161,1,0
BRDA:1040,162,0,0
BRDA:1040,162,1,0
BRDA:1043,163,0,0
BRDA:1043,163,1,0
BRDA:1045,164,0,0
BRDA:1045,164,1,0
BRDA:1046,165,0,0
BRDA:1046,165,1,0
BRDA:1049,166,0,0
BRDA:1049,166,1,0
BRDA:1050,167,0,0
BRDA:1050,167,1,0
BRDA:1054,168,0,0
BRDA:1054,168,1,0
BRDA:1055,169,0,0
BRDA:1055,169,1,0
BRDA:1056,170,0,0
BRDA:1056,170,1,0
BRDA:1058,171,0,0
BRDA:1058,171,1,0
BRDA:1059,172,0,0
BRDA:1059,172,1,0
BRDA:1060,173,0,0
BRDA:1060,173,1,0
BRDA:1062,174,0,0
BRDA:1062,174,1,0
BRDA:1063,175,0,0
BRDA:1063,175,1,0
BRDA:1078,176,0,0
BRDA:1078,176,1,0
BRDA:1109,177,0,0
BRDA:1109,177,1,0
BRDA:1126,178,0,0
BRDA:1126,178,1,0
BRDA:1145,179,0,0
BRDA:1145,179,1,0
BRDA:1146,180,0,0
BRDA:1146,180,1,0
BRDA:1147,181,0,0
BRDA:1147,181,1,0
BRDA:1149,182,0,0
BRDA:1149,182,1,0
BRDA:1149,183,0,0
BRDA:1149,183,1,0
BRDA:1149,183,2,0
BRDA:1192,184,0,0
BRDA:1192,184,1,0
BRDA:1193,185,0,0
BRDA:1193,185,1,0
BRDA:1198,186,0,0
BRDA:1198,186,1,0
BRDA:1199,187,0,0
BRDA:1199,187,1,0
BRDA:1203,188,0,0
BRDA:1203,188,1,0
BRDA:1205,189,0,0
BRDA:1205,189,1,0
BRDA:1208,190,0,0
BRDA:1208,190,1,0
BRDA:1215,191,0,0
BRDA:1215,191,1,0
BRDA:1217,192,0,0
BRDA:1217,192,1,0
BRDA:1232,193,0,0
BRDA:1232,193,1,0
BRDA:1234,194,0,0
BRDA:1234,194,1,0
BRDA:1235,195,0,0
BRDA:1235,195,1,0
BRDA:1236,196,0,0
BRDA:1236,196,1,0
BRDA:1238,197,0,0
BRDA:1238,197,1,0
BRDA:1275,198,0,0
BRDA:1275,198,1,0
BRDA:1276,199,0,0
BRDA:1276,199,1,0
BRDA:1281,200,0,0
BRDA:1281,200,1,0
BRDA:1282,201,0,0
BRDA:1282,201,1,0
BRDA:1286,202,0,0
BRDA:1286,202,1,0
BRDA:1288,203,0,0
BRDA:1288,203,1,0
BRDA:1291,204,0,0
BRDA:1291,204,1,0
BRDA:1298,205,0,0
BRDA:1298,205,1,0
BRDA:1300,206,0,0
BRDA:1300,206,1,0
BRDA:1346,207,0,0
BRDA:1346,207,1,0
BRDA:1358,208,0,0
BRDA:1358,208,1,0
BRDA:1369,209,0,0
BRDA:1369,209,1,0
BRDA:1369,210,0,0
BRDA:1369,210,1,0
BRDA:1400,211,0,0
BRDA:1400,211,1,0
BRDA:1410,212,0,0
BRDA:1410,212,1,0
BRDA:1421,213,0,0
BRDA:1421,213,1,0
BRDA:1421,214,0,0
BRDA:1421,214,1,0
BRDA:1436,215,0,0
BRDA:1436,215,1,0
BRDA:1436,216,0,0
BRDA:1436,216,1,0
BRDA:1439,217,0,0
BRDA:1439,217,1,0
BRDA:1445,218,0,0
BRDA:1445,218,1,0
BRDA:1446,219,0,0
BRDA:1446,219,1,0
BRDA:1446,219,2,0
BRDA:1451,220,0,0
BRDA:1451,220,1,0
BRDA:1452,221,0,0
BRDA:1452,221,1,0
BRDA:1506,222,0,0
BRDA:1506,222,1,0
BRDA:1514,223,0,0
BRDA:1514,223,1,0
BRDA:1524,224,0,0
BRDA:1524,224,1,0
BRDA:1535,225,0,0
BRDA:1535,225,1,0
BRDA:1535,226,0,0
BRDA:1535,226,1,0
BRDA:1543,227,0,0
BRDA:1543,227,1,0
BRDA:1543,228,0,0
BRDA:1543,228,1,0
BRDA:1543,228,2,0
BRDA:1551,229,0,0
BRDA:1551,229,1,0
BRDA:1551,230,0,0
BRDA:1551,230,1,0
BRDA:1562,231,0,0
BRDA:1562,231,1,0
BRDA:1562,232,0,0
BRDA:1562,232,1,0
BRDA:1581,233,0,0
BRDA:1581,233,1,0
BRDA:1611,234,0,0
BRDA:1611,234,1,0
BRDA:1619,235,0,0
BRDA:1619,235,1,0
BRDA:1629,236,0,0
BRDA:1629,236,1,0
BRDA:1640,237,0,0
BRDA:1640,237,1,0
BRDA:1640,238,0,0
BRDA:1640,238,1,0
BRDA:1681,239,0,0
BRDA:1681,239,1,0
BRDA:1691,240,0,0
BRDA:1691,240,1,0
BRDA:1699,241,0,0
BRDA:1699,241,1,0
BRDA:1700,242,0,0
BRDA:1700,242,1,0
BRDA:1729,243,0,0
BRDA:1729,243,1,0
BRDA:1770,244,0,0
BRDA:1770,244,1,0
BRDA:1774,245,0,0
BRDA:1774,245,1,0
BRDA:1774,246,0,0
BRDA:1774,246,1,0
BRDA:1775,247,0,0
BRDA:1775,247,1,0
BRDA:1775,248,0,0
BRDA:1775,248,1,0
BRDA:1777,249,0,0
BRDA:1777,249,1,0
BRDA:1778,250,0,0
BRDA:1778,250,1,0
BRDA:1779,251,0,0
BRDA:1779,251,1,0
BRDA:1796,252,0,0
BRDA:1796,252,1,0
BRDA:1797,253,0,0
BRDA:1797,253,1,0
BRDA:1797,254,0,0
BRDA:1797,254,1,0
BRDA:1816,255,0,0
BRDA:1816,255,1,0
BRDA:1846,256,0,0
BRDA:1849,257,0,0
BRDA:1849,257,1,0
BRDA:1849,258,0,0
BRDA:1849,258,1,0
BRDA:1851,259,0,0
BRDA:1851,259,1,0
BRDA:1852,260,0,0
BRDA:1852,260,1,0
BRDA:1862,261,0,0
BRDA:1862,261,1,0
BRDA:1864,262,0,0
BRDA:1864,262,1,0
BRDA:1867,263,0,0
BRDA:1867,263,1,0
BRDA:1880,264,0,0
BRDA:1880,264,1,0
BRDA:1881,265,0,0
BRDA:1881,265,1,0
BRDA:1882,266,0,0
BRDA:1882,266,1,0
BRDA:1908,267,0,0
BRDA:1908,267,1,0
BRDA:1910,268,0,0
BRDA:1910,268,1,0
BRDA:1912,269,0,0
BRDA:1912,269,1,0
BRDA:1914,270,0,0
BRDA:1914,270,1,0
BRDA:1914,271,0,0
BRDA:1914,271,1,0
BRDA:1919,272,0,0
BRDA:1919,272,1,0
BRDA:1933,273,0,0
BRDA:1933,273,1,0
BRDA:1942,274,0,0
BRDA:1942,274,1,0
BRDA:1945,275,0,0
BRDA:1945,275,1,0
BRDA:1947,276,0,0
BRDA:1947,276,1,0
BRDA:1950,277,0,0
BRDA:1950,277,1,0
BRDA:1953,278,0,0
BRDA:1953,278,1,0
BRDA:1953,279,0,0
BRDA:1953,279,1,0
BRDA:1957,280,0,0
BRDA:1957,280,1,0
BRDA:1958,281,0,0
BRDA:1958,281,1,0
BRDA:1960,282,0,0
BRDA:1960,282,1,0
BRDA:1960,283,0,0
BRDA:1960,283,1,0
BRDA:1962,284,0,0
BRDA:1962,284,1,0
BRDA:1962,285,0,0
BRDA:1962,285,1,0
BRDA:1962,285,2,0
BRDA:1972,286,0,0
BRDA:1972,286,1,0
BRDA:1984,287,0,0
BRDA:1984,287,1,0
BRDA:1985,288,0,0
BRDA:1985,288,1,0
BRDA:1987,289,0,0
BRDA:1987,289,1,0
BRDA:1990,290,0,0
BRDA:1990,290,1,0
BRDA:1991,291,0,0
BRDA:1991,291,1,0
BRDA:1993,292,0,0
BRDA:1993,292,1,0
BRDA:1995,293,0,0
BRDA:1995,293,1,0
BRDA:1995,293,2,0
BRDA:1997,294,0,0
BRDA:1997,294,1,0
BRDA:1997,294,2,0
BRDA:1997,294,3,0
BRDA:1997,295,0,0
BRDA:1997,295,1,0
BRDA:2002,296,0,0
BRDA:2002,296,1,0
BRDA:2003,297,0,0
BRDA:2003,297,1,0
BRDA:2004,298,0,0
BRDA:2004,298,1,0
BRDA:2007,299,0,0
BRDA:2007,299,1,0
BRDA:2021,300,0,0
BRDA:2021,300,1,0
BRDA:2031,301,0,0
BRDA:2031,301,1,0
BRDA:2031,302,0,0
BRDA:2031,302,1,0
BRDA:2036,303,0,0
BRDA:2036,303,1,0
BRDA:2036,304,0,0
BRDA:2036,304,1,0
BRDA:2055,305,0,0
BRDA:2055,305,1,0
BRDA:2055,305,2,0
BRDA:2056,306,0,0
BRDA:2056,306,1,0
BRDA:2056,306,2,0
BRDA:2061,307,0,0
BRDA:2061,307,1,0
BRDA:2070,308,0,0
BRDA:2070,308,1,0
BRDA:2072,309,0,0
BRDA:2072,309,1,0
BRDA:2073,310,0,0
BRDA:2073,310,1,0
BRDA:2075,311,0,0
BRDA:2075,311,1,0
BRDA:2132,312,0,0
BRDA:2132,312,1,0
BRDA:2157,313,0,0
BRDA:2157,313,1,0
BRDA:2160,314,0,0
BRDA:2160,314,1,0
BRDA:2160,314,2,0
BRDA:2161,315,0,0
BRDA:2161,315,1,0
BRDA:2166,316,0,0
BRDA:2166,316,1,0
BRDA:2169,317,0,0
BRDA:2169,317,1,0
BRDA:2175,318,0,0
BRDA:2175,318,1,0
BRDA:2177,319,0,0
BRDA:2177,319,1,0
BRDA:2180,320,0,0
BRDA:2180,320,1,0
BRDA:2187,321,0,0
BRDA:2187,321,1,0
BRDA:2217,322,0,0
BRDA:2217,322,1,0
BRDA:2225,323,0,0
BRDA:2225,323,1,0
BRDA:2265,324,0,0
BRDA:2265,324,1,0
BRDA:2267,325,0,0
BRDA:2267,325,1,0
BRDA:2267,325,2,0
BRDA:2267,325,3,0
BRDA:2269,326,0,0
BRDA:2269,326,1,0
BRDA:2271,327,0,0
BRDA:2271,327,1,0
BRDA:2280,328,0,0
BRDA:2280,328,1,0
BRDA:2281,329,0,0
BRDA:2281,329,1,0
BRDA:2286,330,0,0
BRDA:2286,330,1,0
BRDA:2318,331,0,0
BRDA:2318,331,1,0
BRDA:2320,332,0,0
BRDA:2320,332,1,0
BRDA:2320,333,0,0
BRDA:2320,333,1,0
BRDA:2333,334,0,0
BRDA:2333,334,1,0
BRF:704
BRH:0
end_of_record
TN:
SF:controllers/support.controller.js
FN:8,createGuestInquiry
FNF:1
FNH:0
FNDA:0,createGuestInquiry
DA:9,0
DA:10,0
DA:12,0
DA:13,0
DA:19,0
DA:20,0
DA:21,0
DA:22,0
DA:23,0
DA:25,0
DA:34,0
DA:35,0
DA:37,0
DA:43,0
DA:52,0
DA:53,0
LF:16
LH:0
BRDA:10,0,0,0
BRDA:10,0,1,0
BRDA:12,1,0,0
BRDA:12,1,1,0
BRDA:12,2,0,0
BRDA:12,2,1,0
BRDA:12,2,2,0
BRDA:31,3,0,0
BRDA:31,3,1,0
BRDA:47,4,0,0
BRDA:47,4,1,0
BRDA:48,5,0,0
BRDA:48,5,1,0
BRDA:56,6,0,0
BRDA:56,6,1,0
BRF:15
BRH:0
end_of_record
TN:
SF:controllers/user.controller.js
FN:10,getProfile
FN:33,updateProfile
FN:74,getManufacturers
FN:100,getRequestors
FN:126,getNotificationSettings
FN:154,updateNotificationSettings
FN:195,(anonymous_6)
FN:197,(anonymous_7)
FN:222,getUserStats
FN:276,getActivityLogs
FNF:10
FNH:10
FNDA:1,getProfile
FNDA:2,updateProfile
FNDA:2,getManufacturers
FNDA:2,getRequestors
FNDA:1,getNotificationSettings
FNDA:2,updateNotificationSettings
FNDA:2,(anonymous_6)
FNDA:8,(anonymous_7)
FNDA:3,getUserStats
FNDA:1,getActivityLogs
DA:11,1
DA:12,1
DA:13,1
DA:14,0
DA:19,1
DA:21,0
DA:34,2
DA:35,2
DA:36,2
DA:37,2
DA:38,2
DA:39,2
DA:40,2
DA:41,2
DA:43,2
DA:49,2
DA:50,0
DA:56,2
DA:62,0
DA:75,2
DA:76,2
DA:80,2
DA:88,0
DA:101,2
DA:102,2
DA:106,2
DA:114,0
DA:127,1
DA:128,1
DA:131,1
DA:132,0
DA:137,1
DA:142,0
DA:155,2
DA:156,2
DA:158,2
DA:166,1
DA:172,1
DA:182,1
DA:183,0
DA:189,1
DA:195,1
DA:196,2
DA:197,2
DA:198,8
DA:200,2
DA:202,1
DA:211,0
DA:223,3
DA:224,3
DA:225,3
DA:227,3
DA:228,1
DA:229,1
DA:233,1
DA:237,1
DA:238,2
DA:239,1
DA:242,1
DA:246,1
DA:250,1
DA:251,1
DA:252,1
DA:253,1
DA:254,1
DA:255,1
DA:258,3
DA:259,3
DA:260,2
DA:261,1
DA:262,3
DA:264,0
DA:277,1
DA:278,1
DA:279,1
DA:284,1
DA:288,1
DA:301,0
LF:78
LH:66
BRDA:13,0,0,0
BRDA:13,0,1,1
BRDA:49,1,0,0
BRDA:49,1,1,2
BRDA:131,2,0,0
BRDA:131,2,1,1
BRDA:158,3,0,1
BRDA:158,3,1,1
BRDA:159,4,0,2
BRDA:159,4,1,2
BRDA:159,4,2,2
BRDA:159,4,3,1
BRDA:159,4,4,1
BRDA:159,4,5,1
BRDA:182,5,0,0
BRDA:182,5,1,1
BRDA:198,6,0,4
BRDA:198,6,1,4
BRDA:206,7,0,1
BRDA:206,7,1,0
BRDA:207,8,0,1
BRDA:207,8,1,0
BRDA:227,9,0,1
BRDA:227,9,1,2
BRDA:238,10,0,1
BRDA:238,10,1,1
BRDA:251,11,0,1
BRDA:251,11,1,0
BRDA:259,12,0,1
BRDA:259,12,1,2
BRDA:260,13,0,1
BRDA:260,13,1,1
BRDA:261,14,0,1
BRDA:261,14,1,0
BRDA:278,15,0,1
BRDA:278,16,0,1
BRF:36
BRH:28
end_of_record
TN:
SF:middlewares/auth.middleware.js
FN:9,(anonymous_0)
FN:87,(anonymous_1)
FN:88,(anonymous_2)
FNF:3
FNH:3
FNDA:60,(anonymous_0)
FNDA:130,(anonymous_1)
FNDA:26,(anonymous_2)
DA:9,5
DA:10,60
DA:12,60
DA:14,60
DA:15,3
DA:22,57
DA:25,57
DA:26,0
DA:27,0
DA:30,0
DA:36,0
DA:47,0
DA:51,57
DA:54,56
DA:56,56
DA:57,0
DA:64,56
DA:65,0
DA:72,56
DA:73,56
DA:75,1
DA:87,5
DA:88,130
DA:89,26
DA:90,0
DA:96,26
DA:97,3
DA:103,23
LF:28
LH:20
BRDA:14,0,0,3
BRDA:14,0,1,57
BRDA:14,1,0,60
BRDA:14,1,1,57
BRDA:25,2,0,0
BRDA:25,2,1,57
BRDA:25,3,0,57
BRDA:25,3,1,57
BRDA:26,4,0,0
BRDA:26,4,1,0
BRDA:38,5,0,0
BRDA:38,5,1,0
BRDA:56,6,0,0
BRDA:56,6,1,56
BRDA:64,7,0,0
BRDA:64,7,1,56
BRDA:87,8,0,0
BRDA:89,9,0,0
BRDA:89,9,1,26
BRDA:96,10,0,3
BRDA:96,10,1,23
BRDA:96,11,0,26
BRDA:96,11,1,26
BRF:23
BRH:14
end_of_record
TN:
SF:middlewares/upload.middleware.js
FN:13,(anonymous_0)
FN:16,(anonymous_1)
FN:24,(anonymous_2)
FNF:3
FNH:3
FNDA:2,(anonymous_0)
FNDA:2,(anonymous_1)
FNDA:2,(anonymous_2)
DA:6,5
DA:7,5
DA:8,0
DA:12,5
DA:14,2
DA:17,2
DA:18,2
DA:19,2
DA:24,5
DA:25,2
DA:36,2
DA:37,2
DA:39,0
DA:44,5
DA:49,5
DA:52,5
LF:16
LH:14
BRDA:7,0,0,0
BRDA:7,0,1,5
BRDA:36,1,0,2
BRDA:36,1,1,0
BRF:4
BRH:2
end_of_record
TN:
SF:models/activityLog.model.js
FNF:0
FNH:0
DA:3,5
DA:40,5
LF:2
LH:2
BRF:0
BRH:0
end_of_record
TN:
SF:models/clinic.model.js
FNF:0
FNH:0
DA:3,0
DA:30,0
DA:32,0
LF:3
LH:0
BRF:0
BRH:0
end_of_record
TN:
SF:models/clinicImplantPreset.model.js
FNF:0
FNH:0
DA:3,5
DA:25,5
DA:30,5
LF:3
LH:3
BRF:0
BRH:0
end_of_record
TN:
SF:models/connection.model.js
FNF:0
FNH:0
DA:3,5
DA:16,5
LF:2
LH:2
BRF:0
BRH:0
end_of_record
TN:
SF:models/deliveryInfo.model.js
FNF:0
FNH:0
DA:3,0
DA:27,0
LF:2
LH:0
BRF:0
BRH:0
end_of_record
TN:
SF:models/draftRequest.model.js
FNF:0
FNH:0
DA:3,5
DA:19,5
DA:62,5
LF:3
LH:3
BRF:0
BRH:0
end_of_record
TN:
SF:models/file.model.js
FNF:0
FNH:0
DA:3,5
DA:52,5
LF:2
LH:2
BRF:0
BRH:0
end_of_record
TN:
SF:models/filenameRule.model.js
FNF:0
FNH:0
DA:8,5
DA:125,5
DA:126,5
DA:128,5
LF:4
LH:4
BRF:0
BRH:0
end_of_record
TN:
SF:models/implantPreset.model.js
FNF:0
FNH:0
DA:3,0
DA:34,0
DA:39,0
LF:3
LH:0
BRF:0
BRH:0
end_of_record
TN:
SF:models/machine.model.js
FNF:0
FNH:0
DA:3,5
DA:55,5
LF:2
LH:2
BRF:0
BRH:0
end_of_record
TN:
SF:models/parseLog.model.js
FNF:0
FNH:0
DA:8,5
DA:79,5
DA:80,5
DA:81,5
DA:83,5
LF:5
LH:5
BRF:0
BRH:0
end_of_record
TN:
SF:models/request.model.js
FN:171,(anonymous_0)
FNF:1
FNH:1
FNDA:37,(anonymous_0)
DA:3,5
DA:171,5
DA:172,37
DA:173,37
DA:176,0
DA:177,0
DA:178,0
DA:179,0
DA:180,0
DA:181,0
DA:183,0
DA:186,0
DA:190,0
DA:191,0
DA:193,0
DA:194,0
DA:196,0
DA:201,5
LF:18
LH:5
BRDA:172,0,0,37
BRDA:172,0,1,0
BRDA:172,1,0,37
BRDA:172,1,1,37
BRF:4
BRH:3
end_of_record
TN:
SF:models/systemSettings.model.js
FNF:0
FNH:0
DA:3,5
DA:22,5
LF:2
LH:2
BRF:0
BRH:0
end_of_record
TN:
SF:models/user.model.js
FN:110,(anonymous_0)
FN:125,(anonymous_1)
FNF:2
FNH:2
FNDA:147,(anonymous_0)
FNDA:9,(anonymous_1)
DA:4,5
DA:110,5
DA:112,147
DA:114,141
DA:116,141
DA:117,141
DA:118,141
DA:120,0
DA:125,5
DA:126,9
DA:127,9
DA:128,0
DA:131,0
DA:134,9
DA:135,0
DA:136,0
DA:139,9
DA:141,0
DA:142,0
DA:147,5
LF:20
LH:13
BRDA:112,0,0,6
BRDA:112,0,1,141
BRDA:127,1,0,0
BRDA:127,1,1,9
BRDA:134,2,0,0
BRDA:134,2,1,9
BRF:6
BRH:4
end_of_record
TN:
SF:routes/admin.routes.js
FNF:0
FNH:0
DA:2,5
DA:7,5
DA:8,5
DA:11,5
DA:12,5
DA:13,5
DA:14,5
DA:15,5
DA:16,5
DA:19,5
DA:20,5
DA:21,5
DA:22,5
DA:25,5
DA:28,5
DA:29,5
DA:32,5
DA:35,5
DA:38,5
DA:39,5
LF:20
LH:20
BRF:0
BRH:0
end_of_record
TN:
SF:routes/ai.routes.js
FNF:0
FNH:0
DA:4,5
DA:7,5
LF:2
LH:2
BRF:0
BRH:0
end_of_record
TN:
SF:routes/auth.routes.js
FNF:0
FNH:0
DA:2,5
DA:7,5
DA:10,5
DA:13,5
DA:16,5
DA:19,5
DA:22,5
DA:25,5
DA:28,5
LF:9
LH:9
BRF:0
BRH:0
end_of_record
TN:
SF:routes/bridgeStore.routes.js
FN:8,(anonymous_0)
FN:9,(anonymous_1)
FN:11,(anonymous_2)
FNF:3
FNH:1
FNDA:5,(anonymous_0)
FNDA:0,(anonymous_1)
FNDA:0,(anonymous_2)
DA:5,5
DA:8,5
DA:9,5
DA:10,0
DA:11,0
DA:12,0
DA:13,0
DA:14,0
DA:19,5
DA:21,5
DA:22,5
DA:23,5
DA:24,5
DA:25,5
DA:26,5
DA:27,5
DA:28,5
DA:29,5
DA:30,5
LF:19
LH:14
BRDA:8,0,0,0
BRDA:10,1,0,0
BRDA:10,1,1,0
BRDA:12,2,0,0
BRDA:12,2,1,0
BRF:5
BRH:0
end_of_record
TN:
SF:routes/clinic.routes.js
FNF:0
FNH:0
DA:5,0
DA:8,0
DA:11,0
DA:17,0
DA:23,0
DA:29,0
LF:6
LH:0
BRF:0
BRH:0
end_of_record
TN:
SF:routes/connection.routes.js
FNF:0
FNH:0
DA:4,5
DA:7,5
DA:10,5
LF:3
LH:3
BRF:0
BRH:0
end_of_record
TN:
SF:routes/draftRequest.routes.js
FNF:0
FNH:0
DA:12,5
DA:14,5
DA:15,5
DA:18,5
DA:21,5
DA:24,5
DA:27,5
DA:30,5
DA:33,5
LF:9
LH:9
BRF:0
BRH:0
end_of_record
TN:
SF:routes/file.routes.js
FNF:0
FNH:0
DA:7,5
DA:10,5
DA:18,5
DA:26,5
DA:29,5
DA:32,5
DA:35,5
DA:42,5
DA:45,5
LF:9
LH:9
BRF:0
BRH:0
end_of_record
TN:
SF:routes/filenameRule.routes.js
FNF:0
FNH:0
DA:9,5
DA:12,5
DA:15,5
DA:23,5
DA:31,5
DA:39,5
DA:47,5
DA:55,5
DA:63,5
DA:71,5
LF:10
LH:10
BRF:0
BRH:0
end_of_record
TN:
SF:routes/implantPreset.routes.js
FNF:0
FNH:0
DA:5,0
DA:8,0
LF:2
LH:0
BRF:0
BRH:0
end_of_record
TN:
SF:routes/machine.routes.js
FN:18,(anonymous_0)
FN:19,(anonymous_1)
FN:23,(anonymous_2)
FNF:3
FNH:1
FNDA:35,(anonymous_0)
FNDA:0,(anonymous_1)
FNDA:0,(anonymous_2)
DA:13,5
DA:18,5
DA:19,35
DA:20,0
DA:23,0
DA:24,0
DA:25,0
DA:26,0
DA:31,5
DA:32,5
DA:33,5
DA:35,5
DA:37,5
DA:39,5
DA:41,5
LF:15
LH:10
BRDA:18,0,0,0
BRDA:20,1,0,0
BRDA:20,1,1,0
BRDA:24,2,0,0
BRDA:24,2,1,0
BRF:5
BRH:0
end_of_record
TN:
SF:routes/parseLog.routes.js
FNF:0
FNH:0
DA:9,5
DA:12,5
DA:15,5
DA:18,5
DA:21,5
DA:24,5
DA:27,5
LF:7
LH:7
BRF:0
BRH:0
end_of_record
TN:
SF:routes/request.routes.js
FN:24,(anonymous_0)
FNF:1
FNH:0
FNDA:0,(anonymous_0)
DA:2,5
DA:7,5
DA:10,5
DA:17,5
DA:24,5
DA:25,0
DA:26,0
DA:27,0
DA:31,0
DA:35,5
DA:38,5
DA:45,5
DA:52,5
DA:59,5
DA:66,5
DA:73,5
DA:80,5
DA:87,5
DA:94,5
DA:101,5
DA:108,5
DA:111,5
DA:114,5
DA:117,5
DA:124,5
DA:127,5
LF:26
LH:22
BRDA:26,0,0,0
BRDA:26,0,1,0
BRF:2
BRH:0
end_of_record
TN:
SF:routes/support.routes.js
FNF:0
FNH:0
DA:4,5
DA:7,5
LF:2
LH:2
BRF:0
BRH:0
end_of_record
TN:
SF:routes/user.routes.js
FNF:0
FNH:0
DA:2,5
DA:7,5
DA:10,5
DA:13,5
DA:16,5
DA:23,5
DA:30,5
DA:33,5
DA:36,5
DA:39,5
LF:10
LH:10
BRF:0
BRH:0
end_of_record
TN:
SF:utils/ApiError.js
FN:2,(anonymous_0)
FNF:1
FNH:1
FNDA:10,(anonymous_0)
DA:8,10
DA:9,10
DA:10,10
DA:11,10
DA:12,10
DA:13,10
DA:15,10
DA:16,0
DA:18,10
LF:9
LH:8
BRDA:4,0,0,0
BRDA:5,1,0,10
BRDA:6,2,0,10
BRDA:15,3,0,0
BRDA:15,3,1,10
BRF:5
BRH:3
end_of_record
TN:
SF:utils/ApiResponse.js
FN:2,(anonymous_0)
FNF:1
FNH:0
FNDA:0,(anonymous_0)
DA:3,0
DA:4,0
DA:5,0
DA:6,0
LF:4
LH:0
BRDA:2,0,0,0
BRDA:6,1,0,0
BRDA:6,1,1,0
BRF:3
BRH:0
end_of_record
TN:
SF:utils/asyncHandler.js
FN:1,(anonymous_0)
FN:2,(anonymous_1)
FN:3,(anonymous_2)
FNF:3
FNH:3
FNDA:70,(anonymous_0)
FNDA:16,(anonymous_1)
FNDA:16,(anonymous_2)
DA:1,5
DA:2,70
DA:3,16
LF:3
LH:3
BRF:0
BRH:0
end_of_record
TN:
SF:utils/auth.util.js
FN:8,hashPassword
FN:19,comparePassword
FNF:2
FNH:1
FNDA:56,hashPassword
FNDA:0,comparePassword
DA:9,56
DA:10,56
DA:20,0
LF:3
LH:2
BRF:0
BRH:0
end_of_record
TN:
SF:utils/bridgeProxy.js
FN:7,buildBridgeUrl
FN:11,(anonymous_1)
FN:19,proxyToBridge
FN:20,(anonymous_3)
FNF:4
FNH:1
FNDA:0,buildBridgeUrl
FNDA:0,(anonymous_1)
FNDA:50,proxyToBridge
FNDA:0,(anonymous_3)
DA:2,5
DA:4,5
DA:5,5
DA:8,0
DA:9,0
DA:10,0
DA:11,0
DA:12,0
DA:13,0
DA:16,0
DA:20,50
DA:21,0
DA:22,0
DA:23,0
DA:24,0
DA:25,0
DA:27,0
DA:28,0
DA:31,0
DA:36,0
DA:38,0
DA:39,0
DA:40,0
DA:44,0
DA:45,0
DA:48,0
DA:49,0
DA:50,0
DA:52,0
DA:53,0
DA:55,0
DA:56,0
DA:57,0
DA:60,0
DA:63,0
DA:65,0
DA:66,0
DA:68,0
DA:70,0
DA:72,0
DA:73,0
LF:41
LH:4
BRDA:4,0,0,5
BRDA:4,0,1,5
BRDA:9,1,0,0
BRDA:9,1,1,0
BRDA:10,2,0,0
BRDA:10,2,1,0
BRDA:12,3,0,0
BRDA:12,3,1,0
BRDA:24,4,0,0
BRDA:24,4,1,0
BRDA:27,5,0,0
BRDA:27,5,1,0
BRDA:27,6,0,0
BRDA:27,6,1,0
BRDA:36,7,0,0
BRDA:36,7,1,0
BRDA:36,8,0,0
BRDA:36,8,1,0
BRDA:38,9,0,0
BRDA:38,9,1,0
BRDA:38,10,0,0
BRDA:38,10,1,0
BRDA:39,11,0,0
BRDA:39,11,1,0
BRDA:45,12,0,0
BRDA:45,12,1,0
BRDA:48,13,0,0
BRDA:48,13,1,0
BRDA:56,14,0,0
BRDA:56,14,1,0
BRDA:66,15,0,0
BRDA:66,15,1,0
BRDA:76,16,0,0
BRDA:76,16,1,0
BRF:34
BRH:2
end_of_record
TN:
SF:utils/jwt.util.js
FN:9,generateToken
FN:34,verifyToken
FN:43,generateRefreshToken
FNF:3
FNH:2
FNDA:133,generateToken
FNDA:0,verifyToken
FNDA:7,generateRefreshToken
DA:13,133
DA:15,126
DA:21,7
DA:24,133
DA:35,0
DA:44,7
LF:6
LH:5
BRDA:9,0,0,133
BRDA:13,1,0,126
BRDA:13,1,1,7
BRDA:13,2,0,133
BRDA:13,2,1,133
BRDA:17,3,0,126
BRDA:17,3,1,0
BRDA:24,4,0,133
BRDA:24,4,1,0
BRDA:35,5,0,0
BRDA:35,5,1,0
BRDA:46,6,0,7
BRDA:46,6,1,0
BRF:13
BRH:8
end_of_record
TN:
SF:utils/jwt.utils.js
FN:9,(anonymous_0)
FN:20,(anonymous_1)
FN:33,(anonymous_2)
FNF:3
FNH:1
FNDA:0,(anonymous_0)
FNDA:57,(anonymous_1)
FNDA:0,(anonymous_2)
DA:9,5
DA:10,0
DA:20,5
DA:21,57
DA:22,57
DA:24,1
DA:33,5
DA:34,0
LF:8
LH:6
BRDA:9,0,0,0
BRDA:10,1,0,0
BRDA:10,1,1,0
BRDA:22,2,0,57
BRDA:22,2,1,0
BRDA:36,3,0,0
BRDA:36,3,1,0
BRF:7
BRH:1
end_of_record
TN:
SF:utils/krBusinessDays.js
FN:5,formatYmdInTimeZone
FN:15,normalizeKoreanBusinessDay
FN:36,parseYmd
FN:39,(anonymous_3)
FN:44,ymdToUtcDate
FN:50,utcDateToYmd
FN:57,isWeekendUtc
FN:62,fetchKrHolidaySet
FN:82,(anonymous_8)
FN:91,isKoreanHolidayYmd
FN:98,isKoreanBusinessDayYmd
FN:106,isKoreanBusinessDay
FN:110,addKoreanBusinessDays
FN:131,nextKoreanBusinessDay
FN:147,getTodayYmdInKst
FN:151,ymdToMmDd
FNF:16
FNH:13
FNDA:4,formatYmdInTimeZone
FNDA:0,normalizeKoreanBusinessDay
FNDA:36,parseYmd
FNDA:108,(anonymous_3)
FNDA:18,ymdToUtcDate
FNDA:18,utcDateToYmd
FNDA:14,isWeekendUtc
FNDA:14,fetchKrHolidaySet
FNDA:60,(anonymous_8)
FNDA:14,isKoreanHolidayYmd
FNDA:14,isKoreanBusinessDayYmd
FNDA:0,isKoreanBusinessDay
FNDA:4,addKoreanBusinessDays
FNDA:0,nextKoreanBusinessDay
FNDA:4,getTodayYmdInKst
FNDA:4,ymdToMmDd
DA:1,5
DA:3,5
DA:6,4
DA:12,4
DA:16,0
DA:17,0
DA:18,0
DA:21,0
DA:22,0
DA:26,0
DA:27,0
DA:28,0
DA:29,0
DA:30,0
DA:31,0
DA:37,36
DA:39,108
DA:40,36
DA:41,36
DA:45,18
DA:46,18
DA:47,18
DA:51,18
DA:52,18
DA:53,18
DA:54,18
DA:58,14
DA:59,14
DA:63,14
DA:64,14
DA:65,14
DA:66,10
DA:69,4
DA:70,4
DA:75,4
DA:76,0
DA:78,4
DA:79,4
DA:82,60
DA:87,4
DA:88,4
DA:92,14
DA:93,14
DA:94,14
DA:95,14
DA:99,14
DA:100,14
DA:101,14
DA:102,14
DA:103,14
DA:107,0
DA:111,4
DA:112,4
DA:113,0
DA:115,4
DA:117,4
DA:118,4
DA:120,4
DA:121,14
DA:122,14
DA:123,14
DA:124,14
DA:128,4
DA:132,0
DA:133,0
DA:134,0
DA:137,0
DA:138,0
DA:139,0
DA:140,0
DA:141,0
DA:142,0
DA:148,4
DA:152,4
DA:153,4
DA:154,4
DA:155,4
DA:156,4
LF:78
LH:55
BRDA:17,0,0,0
BRDA:17,0,1,0
BRDA:21,1,0,0
BRDA:21,1,1,0
BRDA:30,2,0,0
BRDA:30,2,1,0
BRDA:40,3,0,0
BRDA:40,3,1,36
BRDA:40,4,0,36
BRDA:40,4,1,36
BRDA:40,4,2,36
BRDA:46,5,0,0
BRDA:46,5,1,18
BRDA:59,6,0,14
BRDA:59,6,1,14
BRDA:65,7,0,10
BRDA:65,7,1,4
BRDA:65,8,0,14
BRDA:65,8,1,10
BRDA:75,9,0,0
BRDA:75,9,1,4
BRDA:80,10,0,4
BRDA:80,10,1,0
BRDA:82,11,0,60
BRDA:82,11,1,0
BRDA:93,12,0,0
BRDA:93,12,1,14
BRDA:100,13,0,0
BRDA:100,13,1,14
BRDA:101,14,0,0
BRDA:101,14,1,14
BRDA:102,15,0,0
BRDA:102,15,1,14
BRDA:112,16,0,0
BRDA:112,16,1,4
BRDA:115,17,0,4
BRDA:115,17,1,0
BRDA:115,18,0,4
BRDA:115,18,1,4
BRDA:123,19,0,14
BRDA:123,19,1,0
BRDA:133,20,0,0
BRDA:133,20,1,0
BRDA:141,21,0,0
BRDA:141,21,1,0
BRDA:153,22,0,0
BRDA:153,22,1,4
BRF:47
BRH:24
end_of_record
TN:
SF:utils/rateGuard.js
FN:13,registerExternalCall
FN:16,(anonymous_1)
FN:23,shouldBlockExternalCall
FN:28,(anonymous_3)
FNF:4
FNH:0
FNDA:0,registerExternalCall
FNDA:0,(anonymous_1)
FNDA:0,shouldBlockExternalCall
FNDA:0,(anonymous_3)
DA:4,5
DA:5,5
DA:8,5
DA:9,5
DA:11,5
DA:14,0
DA:15,0
DA:16,0
DA:17,0
DA:18,0
DA:19,0
DA:20,0
DA:25,0
DA:26,0
DA:27,0
DA:28,0
DA:29,0
DA:30,0
DA:31,0
DA:32,0
DA:35,0
DA:36,0
LF:22
LH:5
BRDA:15,0,0,0
BRDA:15,0,1,0
BRDA:25,1,0,0
BRDA:25,1,1,0
BRDA:27,2,0,0
BRDA:27,2,1,0
BRF:6
BRH:0
end_of_record
TN:
SF:utils/s3.utils.js
FN:21,(anonymous_0)
FN:54,(anonymous_1)
FN:81,(anonymous_2)
FN:123,(anonymous_3)
FN:147,(anonymous_4)
FNF:5
FNH:0
FNDA:0,(anonymous_0)
FNDA:0,(anonymous_1)
FNDA:0,(anonymous_2)
FNDA:0,(anonymous_3)
FNDA:0,(anonymous_4)
DA:13,5
DA:21,5
DA:22,0
DA:46,0
DA:47,0
DA:48,0
DA:50,0
DA:54,5
DA:55,0
DA:56,0
DA:57,0
DA:67,0
DA:68,0
DA:69,0
DA:70,0
DA:71,0
DA:74,5
DA:81,5
DA:82,0
DA:83,0
DA:84,0
DA:85,0
DA:89,0
DA:93,0
DA:94,0
DA:101,0
DA:102,0
DA:103,0
DA:104,0
DA:107,0
DA:108,0
DA:109,0
DA:110,0
DA:112,0
DA:113,0
DA:114,0
DA:116,0
DA:119,0
DA:123,5
DA:124,0
DA:125,0
DA:126,0
DA:127,0
DA:131,0
DA:133,0
DA:134,0
DA:140,0
DA:142,0
DA:143,0
DA:147,5
DA:148,0
DA:149,0
DA:150,0
DA:151,0
DA:155,0
DA:159,0
DA:163,0
DA:166,0
LF:58
LH:7
BRDA:14,0,0,5
BRDA:14,0,1,0
BRDA:47,1,0,0
BRDA:47,1,1,0
BRDA:68,2,0,0
BRDA:68,2,1,0
BRDA:69,3,0,0
BRDA:69,3,1,0
BRDA:70,4,0,0
BRDA:70,4,1,0
BRDA:84,5,0,0
BRDA:84,5,1,0
BRDA:93,6,0,0
BRDA:93,6,1,0
BRDA:107,7,0,0
BRDA:107,7,1,0
BRDA:126,8,0,0
BRDA:126,8,1,0
BRDA:136,9,0,0
BRDA:136,9,1,0
BRDA:147,10,0,0
BRDA:150,11,0,0
BRDA:150,11,1,0
BRDA:160,12,0,0
BRDA:160,12,1,0
BRF:25
BRH:1
end_of_record
